Perltidy version is 20250711

pure_perl.pl: Begin Error Output Stream

1: ```perl
   --^
found String where operator expected (previous token underlined)

464: ```perl
      ^
found String where operator expected

464: ```perl
      --^
found bareword where operator expected (previous token underlined)

750: croak "mkdir: cannot create directory "test_dir": $ERRNO\n";
           ---------------------------------^
found bareword where operator expected (previous token underlined)

753: croak "mkdir: cannot create directory "test_dir": File exists\n";
           ---------------------------------^
found bareword where operator expected (previous token underlined)

927: ```perl
     --^
found String where operator expected (previous token underlined)
1389: hit EOF seeking end of quote/pattern starting at line 927 ending in `
