Starting test run at Sat, Sep 20, 2025  4:59:10 PM
Logging to: logs/fail_run_20250920_165910.log
Test arguments: 
----------------------------------------
Compiling debashc...
   Compiling debashl v0.1.0 (D:\GitHub\sh2perl)
warning: unused import: `regex::Regex`
 --> src\generator\commands\pipeline_commands.rs:4:5
  |
4 | use regex::Regex;
  |     ^^^^^^^^^^^^
  |
  = note: `#[warn(unused_imports)]` on by default

warning: unused import: `std::collections::HashMap`
 --> src\generator\redirects.rs:4:5
  |
4 | use std::collections::HashMap;
  |     ^^^^^^^^^^^^^^^^^^^^^^^^^

warning: unused variable: `cmd`
  --> src\generator\commands\system_commands.rs:36:35
   |
36 |         Word::CommandSubstitution(cmd, _) => {
   |                                   ^^^ help: if this is intentional, prefix it with an underscore: `_cmd`
   |
   = note: `#[warn(unused_variables)]` on by default

warning: unused variable: `output`
  --> src\generator\commands\find.rs:42:13
   |
42 |     let mut output = String::new();
   |             ^^^^^^ help: if this is intentional, prefix it with an underscore: `_output`

warning: variable does not need to be mutable
  --> src\generator\commands\find.rs:42:9
   |
42 |     let mut output = String::new();
   |         ----^^^^^^
   |         |
   |         help: remove this `mut`
   |
   = note: `#[warn(unused_mut)]` on by default

warning: unused variable: `command_str`
   --> src\generator\words.rs:504:37
    |
504 | ...                   let command_str = generator.word_to_perl(command);
    |                           ^^^^^^^^^^^ help: if this is intentional, prefix it with an underscore: `_command_str`

warning: methods `parse_variable_expansion` and `parse_arithmetic_expression` are never used
    --> src\parser\commands.rs:1186:8
     |
20   | impl Parser {
     | ----------- methods in this implementation
...
1186 |     fn parse_variable_expansion(&mut self) -> Result<Word, ParserError> {
     |        ^^^^^^^^^^^^^^^^^^^^^^^^
...
1255 |     fn parse_arithmetic_expression(&mut self) -> Result<Word, ParserError> {
     |        ^^^^^^^^^^^^^^^^^^^^^^^^^^^
     |
     = note: `#[warn(dead_code)]` on by default

warning: function `parse_command` is never used
    --> src\parser\control_flow.rs:1075:4
     |
1075 | fn parse_command(parser: &mut Parser) -> Result<Command, ParserError> {
     |    ^^^^^^^^^^^^^

warning: function `parse_assignment` is never used
    --> src\parser\control_flow.rs:1285:4
     |
1285 | fn parse_assignment(parser: &mut Parser) -> Result<Command, ParserError> {
     |    ^^^^^^^^^^^^^^^^

warning: function `parse_parameter_expansion` is never used
    --> src\parser\words.rs:1862:4
     |
1862 | fn parse_parameter_expansion(_lexer: &mut Lexer) -> Result<Word, ParserError> {
     |    ^^^^^^^^^^^^^^^^^^^^^^^^^

warning: function `escape_glob_pattern` is never used
 --> src\generator\commands\find.rs:4:4
  |
4 | fn escape_glob_pattern(pattern: &str) -> String {
  |    ^^^^^^^^^^^^^^^^^^^

warning: function `parse_size_to_bytes` is never used
   --> src\generator\commands\find.rs:190:4
    |
190 | fn parse_size_to_bytes(size_str: &str) -> u64 {
    |    ^^^^^^^^^^^^^^^^^^^

warning: function `generate_tr_linebyline_impl` is never used
  --> src\generator\commands\tr.rs:16:4
   |
16 | fn generate_tr_linebyline_impl(generator: &mut Generator, cmd: &SimpleCommand, input_var: &str, _command_index: &str) -> String {
   |    ^^^^^^^^^^^^^^^^^^^^^^^^^^^

warning: function `generate_tr_buffered_impl` is never used
  --> src\generator\commands\tr.rs:65:4
   |
65 | fn generate_tr_buffered_impl(generator: &mut Generator, cmd: &SimpleCommand, input_var: &str, command_index: &str) -> String {
   |    ^^^^^^^^^^^^^^^^^^^^^^^^^

warning: function `is_variable_used_after_for_loop` is never used
   --> src\generator\control_flow.rs:228:4
    |
228 | fn is_variable_used_after_for_loop(commands: &[Command], for_loop_var: &str, for_loop_index: usize) -> bool {
    |    ^^^^^^^^^^^^^^^^^^^^^^^^^^^^^^^

warning: fields `variable_usage` and `scope_depth` are never read
  --> src\variable_analysis.rs:8:5
   |
6  | pub struct VariableUsageAnalyzer {
   |            --------------------- fields in this struct
7  |     /// Maps variable names to their usage information
8  |     variable_usage: HashMap<String, VariableUsageInfo>,
   |     ^^^^^^^^^^^^^^
9  |     /// Current scope depth for tracking nested scopes
10 |     scope_depth: usize,
   |     ^^^^^^^^^^^
   |
   = note: `VariableUsageAnalyzer` has derived impls for the traits `Clone` and `Debug`, but these are intentionally ignored during dead code analysis

warning: `debashl` (lib) generated 16 warnings (run `cargo fix --lib -p debashl` to apply 3 suggestions)
warning: unused variable: `status`
  --> src\execution.rs:58:21
   |
58 |             Ok(Some(status)) => {
   |                     ^^^^^^ help: if this is intentional, prefix it with an underscore: `_status`
   |
   = note: `#[warn(unused_variables)]` on by default

warning: function `extract_line_col` is never used
 --> src\utils.rs:4:8
  |
4 | pub fn extract_line_col(e: &dyn std::error::Error) -> Option<(usize, usize)> {
  |        ^^^^^^^^^^^^^^^^
  |
  = note: `#[warn(dead_code)]` on by default

warning: function `parse_line_col` is never used
  --> src\utils.rs:17:8
   |
17 | pub fn parse_line_col(s: &str) -> Option<(usize, usize)> {
   |        ^^^^^^^^^^^^^^

warning: function `caret_snippet` is never used
  --> src\utils.rs:25:8
   |
25 | pub fn caret_snippet(input: &str, line: usize, col: usize) -> Option<String> {
   |        ^^^^^^^^^^^^^

warning: fields `shell_duration` and `translated_duration` are never read
  --> src\testing.rs:29:9
   |
16 | pub struct TestResult {
   |            ---------- fields in this struct
...
29 |     pub shell_duration: std::time::Duration, // Shell execution time
   |         ^^^^^^^^^^^^^^
30 |     pub translated_duration: std::time::Duration, // Translated program execution time
   |         ^^^^^^^^^^^^^^^^^^^
   |
   = note: `TestResult` has a derived impl for the trait `Debug`, but this is intentionally ignored during dead code analysis

warning: function `test_file_equivalence_detailed` is never used
   --> src\testing.rs:529:8
    |
529 | pub fn test_file_equivalence_detailed(lang: &str, filename: &str, ast_options: Option<AstFormatOptions>) -> Result<TestResult, String> {
    |        ^^^^^^^^^^^^^^^^^^^^^^^^^^^^^^

warning: function `test_all_examples_next_fail` is never used
    --> src\testing.rs:1324:8
     |
1324 | pub fn test_all_examples_next_fail(generators: &[String], test_prefix: Option<String>, enable_perl_critic: bool) {
     |        ^^^^^^^^^^^^^^^^^^^^^^^^^^^

warning: function `extract_core_perl_logic` is never used
   --> src\cli_commands.rs:198:4
    |
198 | fn extract_core_perl_logic(perl_code: &str) -> String {
    |    ^^^^^^^^^^^^^^^^^^^^^^^

warning: function `export_mir_to_json` is never used
   --> src\cli_commands.rs:445:8
    |
445 | pub fn export_mir_to_json(input: &str, _optimize: bool) {
    |        ^^^^^^^^^^^^^^^^^^

warning: `debashl` (bin "debashc") generated 9 warnings
    Finished `dev` profile [unoptimized + debuginfo] target(s) in 7.59s
Running debashc with 300 second timeout...
Running: debashc test generation and execution
Command: ./target/debug/debashc.exe fail
Timeout: 300s
----------------------------------------
Running: debashc test generation and execution
Command: ./target/debug/debashc.exe fail
Timeout: 300s
----------------------------------------
True
----------------------------------------
Command completed with exit code: 0
----------------------------------------
Running test_purify.pl validation...
Running test_purify.pl with verbose output
Running test_purify.pl with next option
Testing system() call...
total 5308
drwxr-xr-x 1 s_pam 197612       0 Sep 20 16:50 .
drwxr-xr-x 1 s_pam 197612       0 Sep 19 19:15 ..
drwxr-xr-x 1 s_pam 197612       0 Sep 20 16:00 .git
drwxr-xr-x 1 s_pam 197612       0 Sep  7 01:14 003
-rw-r--r-- 1 s_pam 197612    7074 Sep 12 18:59 BENCHMARK_README.md
-rw-r--r-- 1 s_pam 197612   14251 Sep 12 18:59 Cargo.lock
-rw-r--r-- 1 s_pam 197612    1102 Sep 12 18:59 Cargo.toml
-rw-r--r-- 1 s_pam 197612    2445 Sep 12 18:59 INSTALL.md
-rw-r--r-- 1 s_pam 197612   35147 Sep 12 18:59 LICENSE
-rw-r--r-- 1 s_pam 197612    3158 Sep 12 18:59 README-WASM.md
-rw-r--r-- 1 s_pam 197612   14431 Sep 17 20:24 README.md
-rw-r--r-- 1 s_pam 197612    1281 Sep 17 15:33 TODO.txt
-rwxr-xr-x 1 s_pam 197612     438 Sep 20 15:01 __tmp_direct_exec.pl
-rw-r--r-- 1 s_pam 197612    8598 Sep 18 12:08 after_test.txt
drwxr-xr-x 1 s_pam 197612       0 Sep 12 18:59 bash_tests
-rw-r--r-- 1 s_pam 197612    3451 Sep 12 18:59 benchmark.bat
-rw-r--r-- 1 s_pam 197612    8271 Sep 12 18:59 benchmark.ps1
-rwxr-xr-x 1 s_pam 197612   12355 Sep 12 18:59 benchmark_system.pl
-rwxr-xr-x 1 s_pam 197612    2014 Sep 12 18:59 build-wasm.sh
drwxr-xr-x 1 s_pam 197612       0 Sep 14 23:41 cache
-rwxr-xr-x 1 s_pam 197612   14438 Sep 12 18:59 clean_dead_code.sh
-rwxr-xr-x 1 s_pam 197612   13167 Sep 12 18:59 clean_dead_code_safe.sh
-rw-r--r-- 1 s_pam 197612     629 Sep 15 23:18 clean_perl.pl.ERR
-rw-r--r-- 1 s_pam 197612   45405 Sep 20 16:59 command_cache.json
-rwxr-xr-x 1 s_pam 197612    3009 Sep 12 18:59 comment_debug.sh
-rwxr-xr-x 1 s_pam 197612    4859 Sep 12 18:59 compare_perl_bash.pl
-rwxr-xr-x 1 s_pam 197612   13110 Sep 15 23:32 complete_perl.pl
-rw-r--r-- 1 s_pam 197612      41 Sep 12 18:59 complex_script.sh
-rwxr-xr-x 1 s_pam 197612     277 Sep 12 18:59 complex_test.sh
-rwxr-xr-x 1 s_pam 197612    3275 Sep 12 18:59 create_test_data.pl
-rwxr-xr-x 1 s_pam 197612    8743 Sep 15 23:18 current_perl.pl
-rw-r--r-- 1 s_pam 197612     672 Sep 15 23:18 current_perl.pl.ERR
-rwxr-xr-x 1 s_pam 197612     637 Sep 14 23:23 debug_file_check.pl
-rwxr-xr-x 1 s_pam 197612     845 Sep 14 23:23 debug_find_comprehensive.pl
-rwxr-xr-x 1 s_pam 197612     782 Sep 14 23:23 debug_find_simple.pl
-rwxr-xr-x 1 s_pam 197612     122 Sep 18 10:46 debug_function.sh
-rw-r--r-- 1 s_pam 197612      21 Sep 14 14:50 debug_lines.txt
-rw-r--r-- 1 s_pam 197612   93500 Sep 18 13:37 debug_output.txt
-rwxr-xr-x 1 s_pam 197612    1314 Sep 14 23:23 debug_path_issue.pl
-rwxr-xr-x 1 s_pam 197612    3861 Sep 15 23:42 debug_perl.pl
-rwxr-xr-x 1 s_pam 197612      64 Sep 18 10:46 debug_wc_redirect.sh
drwxr-xr-x 1 s_pam 197612       0 Sep 18 10:47 docs
-rw-r--r-- 1 s_pam 197612      69 Sep 14 14:49 echo_if_test.sh
drwxr-xr-x 1 s_pam 197612       0 Sep 20 16:59 examples
drwxr-xr-x 1 s_pam 197612       0 Sep 14 14:42 examples.impurl
drwxr-xr-x 1 s_pam 197612       0 Sep 20 15:11 examples.out
drwxr-xr-x 1 s_pam 197612       0 Sep 12 18:59 examples.pl
-rwxr-xr-x 1 s_pam 197612     520 Sep 14 20:47 extracted_perl.pl
-rwxr-xr-x 1 s_pam 197612    5948 Sep 20 16:34 fail
-rwxr-xr-x 1 s_pam 197612     295 Sep 12 18:59 fail-fast
-rw-r--r-- 1 s_pam 197612     939 Sep 12 18:59 fail.bat
-rw-r--r-- 1 s_pam 197612      23 Sep 20 15:02 file1.txt
-rw-r--r-- 1 s_pam 197612      22 Sep 20 15:02 file2.txt
-rwxr-xr-x 1 s_pam 197612   12882 Sep 12 18:59 find_perl_chunks.py
-rwxr-xr-x 1 s_pam 197612    9979 Sep 12 18:59 find_perl_specific_code.py
-rw-r--r-- 1 s_pam 197612      21 Sep 20 15:58 first_n_tests_passed.MAX.txt
-rw-r--r-- 1 s_pam 197612      41 Sep 20 16:49 first_n_tests_passed.txt
-rwxr-xr-x 1 s_pam 197612     499 Sep 14 20:47 fixed_perl.pl
-rw-r--r-- 1 s_pam 197612   71929 Sep 15 23:19 full_output.txt
-rwxr-xr-x 1 s_pam 197612   14959 Sep 15 23:31 generated_code.pl
-rw-r--r-- 1 s_pam 197612   13090 Sep 15 23:32 generated_perl.pl
-rw-r--r-- 1 s_pam 197612   39317 Sep 14 17:51 generated_perl_fixed.pl
-rwxr-xr-x 1 s_pam 197612    1015 Sep 12 18:59 git_commit_sizes.pl
-rwxr-xr-x 1 s_pam 197612    3437 Sep 14 15:43 git_filter_repo_generator.pl
-rw-r--r-- 1 s_pam 197612      18 Sep 17 23:06 highest_tests_and_lines.txt
-rw-r--r-- 1 s_pam 197612     585 Sep 12 18:59 install-deps.bat
-rw-r--r-- 1 s_pam 197612    6752 Sep 12 18:59 install-deps.ps1
drwxr-xr-x 1 s_pam 197612       0 Sep 20 16:59 logs
-rwxr-xr-x 1 s_pam 197612     401 Sep 12 18:59 ls_clean.pl
-rw-r--r-- 1 s_pam 197612     518 Sep 12 18:59 ls_test.pl
-rw-r--r-- 1 s_pam 197612      74 Sep 14 14:46 minimal_test.sh
-rw-r--r-- 1 s_pam 197612  119188 Sep 12 18:59 perl_functions.txt
-rw-r--r-- 1 s_pam 197612 3754492 Sep 12 18:59 perl_specific_results.txt
-rwxr-xr-x 1 s_pam 197612   13167 Sep 15 00:13 perlcritic_wrapper.pl
-rw-r--r-- 1 s_pam 197612    2118 Sep 20 16:50 ps_timeout.ps1
-rw-r--r-- 1 s_pam 197612   38814 Sep 15 23:19 pure_perl.pl
-rw-r--r-- 1 s_pam 197612     833 Sep 15 23:19 pure_perl.pl.ERR
-rwxr-xr-x 1 s_pam 197612   17368 Sep 20 09:06 purify.pl
-rwxr-xr-x 1 s_pam 197612   73125 Sep 12 18:59 purify_bloated.pl
-rwxr-xr-x 1 s_pam 197612    5298 Sep 12 18:59 rename_files.sh
-rwxr-xr-x 1 s_pam 197612    2720 Sep 12 18:59 restore_debug.sh
-rw-r--r-- 1 s_pam 197612     656 Sep 12 18:59 run-next-test.bat
-rw-r--r-- 1 s_pam 197612    4446 Sep 12 18:59 run_benchmarks.bat
-rwxr-xr-x 1 s_pam 197612    6452 Sep 12 18:59 run_benchmarks.sh
-rwxr-xr-x 1 s_pam 197612   10453 Sep 12 18:59 simple_benchmark.pl
-rwxr-xr-x 1 s_pam 197612    8731 Sep 12 18:59 simple_benchmark_no_color.pl
-rw-r--r-- 1 s_pam 197612      48 Sep 14 14:49 simple_if_test.sh
drwxr-xr-x 1 s_pam 197612       0 Sep 14 14:42 src
-rw-r--r-- 1 s_pam 197612       0 Sep 12 18:59 stderr.txt
-rwxr-xr-x 1 s_pam 197612    2850 Sep 12 18:59 strip_debug.sh
drwxr-xr-x 1 s_pam 197612       0 Sep 14 14:42 target
-rw-r--r-- 1 s_pam 197612     131 Sep 17 23:33 temp_debashc_output_17296.txt
-rw-r--r-- 1 s_pam 197612       4 Sep 15 23:44 test2.txt
-rwxr-xr-x 1 s_pam 197612    4140 Sep 20 00:59 test_002_debug.pl
-rwxr-xr-x 1 s_pam 197612    4205 Sep 20 00:39 test_002_final.pl
-rwxr-xr-x 1 s_pam 197612    4140 Sep 20 00:59 test_002_fixed.pl
-rwxr-xr-x 1 s_pam 197612    4193 Sep 20 00:21 test_002_output.pl
-rwxr-xr-x 1 s_pam 197612    4193 Sep 20 00:22 test_002_output2.pl
-rw-r--r-- 1 s_pam 197612   39237 Sep 19 23:41 test_004_clean.pl
-rw-r--r-- 1 s_pam 197612   40572 Sep 20 08:57 test_004_debug.pl
-rw-r--r-- 1 s_pam 197612   63304 Sep 19 23:38 test_004_output.pl
-rw-r--r-- 1 s_pam 197612   63290 Sep 19 23:40 test_004_output2.pl
-rw-r--r-- 1 s_pam 197612     578 Sep 19 22:24 test_025.pl
-rwxr-xr-x 1 s_pam 197612     498 Sep 19 22:26 test_025_clean.pl
-rw-r--r-- 1 s_pam 197612      47 Sep 15 03:12 test_binary.txt
-rw-r--r-- 1 s_pam 197612      13 Sep 20 13:05 test_checksum.txt
-rwxr-xr-x 1 s_pam 197612    1013 Sep 15 23:42 test_cp.pl
-rwxr-xr-x 1 s_pam 197612    2234 Sep 15 23:42 test_cp_isolated.pl
-rwxr-xr-x 1 s_pam 197612    1733 Sep 15 16:53 test_debug.pl
drwxr-xr-x 1 s_pam 197612       0 Sep 17 23:24 test_dir
-rwxr-xr-x 1 s_pam 197612     409 Sep 17 20:24 test_direct_system_check.pl
-rw-r--r-- 1 s_pam 197612      18 Sep 19 23:45 test_echo.sh
-rwxr-xr-x 1 s_pam 197612    1526 Sep 15 23:42 test_eval_copy.pl
-rwxr-xr-x 1 s_pam 197612    1897 Sep 15 23:42 test_eval_debug.pl
-rw-r--r-- 1 s_pam 197612       0 Sep 20 13:05 test_file.txt
-rwxr-xr-x 1 s_pam 197612    1081 Sep 14 23:23 test_file_spec.pl
-rwxr-xr-x 1 s_pam 197612    1441 Sep 15 23:42 test_format.pl
-rwxr-xr-x 1 s_pam 197612   15118 Sep 15 23:51 test_generated.pl
-rw-r--r-- 1 s_pam 197612     232 Sep 15 22:33 test_generated.pl.ERR
-rwxr-xr-x 1 s_pam 197612   15126 Sep 15 23:51 test_generated_fixed.pl
-rwxr-xr-x 1 s_pam 197612     341 Sep 15 00:11 test_minimal.pl
-rwxr-xr-x 1 s_pam 197612    3731 Sep 16 00:12 test_mv_debug.pl
-rwxr-xr-x 1 s_pam 197612     987 Sep 14 23:23 test_original_path.pl
-rwxr-xr-x 1 s_pam 197612    1396 Sep 19 20:12 test_output.pl
-rw-r--r-- 1 s_pam 197612     638 Sep 17 21:04 test_output.pl.ERR
-rw-r--r-- 1 s_pam 197612    1387 Sep 20 13:11 test_output.txt
-rw-r--r-- 1 s_pam 197612    1387 Sep 20 13:12 test_output2.txt
-rw-r--r-- 1 s_pam 197612    1400 Sep 20 13:13 test_output3.txt
-rw-r--r-- 1 s_pam 197612      63 Sep 19 23:42 test_paste.sh
-rwxr-xr-x 1 s_pam 197612    1663 Sep 19 23:55 test_paste_final.pl
-rwxr-xr-x 1 s_pam 197612    1553 Sep 19 23:45 test_paste_fixed.pl
-rwxr-xr-x 1 s_pam 197612    1614 Sep 19 23:55 test_paste_output.pl
-rw-r--r-- 1 s_pam 197612      63 Sep 19 23:55 test_paste_simple.sh
-rw-r--r-- 1 s_pam 197612      93 Sep 19 23:55 test_paste_with_print.sh
-rw-r--r-- 1 s_pam 197612   39354 Sep 15 23:21 test_perl.pl
-rw-r--r-- 1 s_pam 197612     836 Sep 15 23:21 test_perl.pl.ERR
-rw-r--r-- 1 s_pam 197612      87 Sep 15 04:23 test_perl.sh
-rw-r--r-- 1 s_pam 197612   13249 Sep 15 23:52 test_perl_code.pl
-rwxr-xr-x 1 s_pam 197612     527 Sep 20 16:31 test_perl_debug.pl
-rwxr-xr-x 1 s_pam 197612     522 Sep 20 16:32 test_perl_debug2.pl
-rwxr-xr-x 1 s_pam 197612     522 Sep 20 16:32 test_perl_debug3.pl
-rwxr-xr-x 1 s_pam 197612     522 Sep 20 16:34 test_perl_debug4.pl
-rwxr-xr-x 1 s_pam 197612     522 Sep 20 16:38 test_perl_debug5.pl
-rwxr-xr-x 1 s_pam 197612     522 Sep 20 16:44 test_perl_debug6.pl
-rwxr-xr-x 1 s_pam 197612     522 Sep 20 16:50 test_perl_debug7.pl
-rwxr-xr-x 1 s_pam 197612     765 Sep 15 19:30 test_perl_direct.pl
-rwxr-xr-x 1 s_pam 197612   13269 Sep 15 23:52 test_perl_final.pl
-rw-r--r-- 1 s_pam 197612     578 Sep 20 13:43 test_perl_output.txt
-rwxr-xr-x 1 s_pam 197612     827 Sep 15 22:12 test_perltidy.pl
-rwxr-xr-x 1 s_pam 197612     544 Sep 15 19:28 test_perltidy_formatted.pl
-rw-r--r-- 1 s_pam 197612       0 Sep 15 19:28 test_perltidy_formatted2.pl
-rwxr-xr-x 1 s_pam 197612     828 Sep 20 09:06 test_ppi_replace.pl
-rwxr-xr-x 1 s_pam 197612     685 Sep 20 09:06 test_purify.pl
-rwxr-xr-x 1 s_pam 197612    2911 Sep 15 23:42 test_sequence.pl
-rw-r--r-- 1 s_pam 197612    2584 Sep 17 20:24 test_system_builtin_check.rs
-rwxr-xr-x 1 s_pam 197612     384 Sep 17 20:24 test_system_builtin_detection.pl
-rwxr-xr-x 1 s_pam 197612     357 Sep 17 20:24 test_system_builtins.pl
-rw-r--r-- 1 s_pam 197612    1997 Sep 17 20:24 test_system_check.rs
-rw-r--r-- 1 s_pam 197612      12 Sep 20 13:05 test_tee.txt
-rwxr-xr-x 1 s_pam 197612     538 Sep 15 23:42 test_workdir.pl
-rwxr-xr-x 1 s_pam 197612    1721 Sep 15 00:25 test_wrapper_minimal.pl
-rw-r--r-- 1 s_pam 197612    5313 Sep 20 09:06 tooltip_monitor.ps1
-rw-r--r-- 1 s_pam 197612    9759 Sep 12 18:59 wasm.ps1
drwxr-xr-x 1 s_pam 197612       0 Sep 12 20:28 www
Testing backtick command...
Files: __tmp_direct_exec.pl
benchmark_system.pl
compare_perl_bash.pl
complete_perl.pl
create_test_data.pl
current_perl.pl
debug_file_check.pl
debug_find_comprehensive.pl
debug_find_simple.pl
debug_path_issue.pl
debug_perl.pl
extracted_perl.pl
fixed_perl.pl
generated_code.pl
generated_perl.pl
generated_perl_fixed.pl
git_commit_sizes.pl
git_filter_repo_generator.pl
ls_clean.pl
ls_test.pl
perlcritic_wrapper.pl
pure_perl.pl
purify.pl
purify_bloated.pl
simple_benchmark.pl
simple_benchmark_no_color.pl
test_002_debug.pl
test_002_final.pl
test_002_fixed.pl
test_002_output.pl
test_002_output2.pl
test_004_clean.pl
test_004_debug.pl
test_004_output.pl
test_004_output2.pl
test_025.pl
test_025_clean.pl
test_cp.pl
test_cp_isolated.pl
test_debug.pl
test_direct_system_check.pl
test_eval_copy.pl
test_eval_debug.pl
test_file_spec.pl
test_format.pl
test_generated.pl
test_generated_fixed.pl
test_minimal.pl
test_mv_debug.pl
test_original_path.pl
test_output.pl
test_paste_final.pl
test_paste_fixed.pl
test_paste_output.pl
test_perl.pl
test_perl_code.pl
test_perl_debug.pl
test_perl_debug2.pl
test_perl_debug3.pl
test_perl_debug4.pl
test_perl_debug5.pl
test_perl_debug6.pl
test_perl_debug7.pl
test_perl_direct.pl
test_perl_final.pl
test_perltidy.pl
test_perltidy_formatted.pl
test_perltidy_formatted2.pl
test_ppi_replace.pl
test_purify.pl
test_sequence.pl
test_system_builtin_detection.pl
test_system_builtins.pl
test_workdir.pl
test_wrapper_minimal.pl

examples.pl:
000_if2echo.pl
001_simple.pl
002_control_flow.pl
003_pipeline.pl
004_test_quoted.pl
005_args.pl
006_misc.pl
007_cat_EOF.pl
008_simple_backup.pl
009_arrays.pl
010_pattern_matching.pl
011_brace_expansion.pl
012_process_substitution.pl
013_parameter_expansion.pl
014_ansi_quoting.pl
015_grep_advanced.pl
016_grep_basic.pl
017_grep_context.pl
018_grep_params.pl
019_grep_regex.pl
020_ansi_quoting_basic.pl
021_ansi_quoting_escape.pl
022_ansi_quoting_unicode.pl
023_ansi_quoting_practical.pl
024_parameter_expansion_case.pl
025_parameter_expansion_advanced.pl
026_parameter_expansion_more.pl
027_parameter_expansion_defaults.pl
028_arrays_indexed.pl
029_arrays_associative.pl
030_control_flow_if.pl
031_control_flow_loops.pl
032_control_flow_function.pl
033_brace_expansion_basic.pl
034_brace_expansion_advanced.pl
035_brace_expansion_practical.pl
036_pattern_matching_basic.pl
037_pattern_matching_extglob.pl
038_pattern_matching_nocase.pl
039_process_substitution_here.pl
040_process_substitution_comm.pl
041_process_substitution_mapfile.pl
042_process_substitution_advanced.pl
043_home.pl
044_find_example.pl
045_shell_calling_perl.pl
046_cd..pl
047_for_arithematic.pl
048_subprocess.pl
049_local.pl
050_test_ls_star_dot_sh.pl
051_primes.pl
052_numeric_computations.pl
053_gcd.pl
054_fibonacci.pl
055_factorize.pl
056_send_args.pl
057_case.pl
058_advanced_bash_idioms.pl

test_purify.pl completed successfully
test_purify.pl passed, continuing with other commands...
Test run completed at Sat, Sep 20, 2025  5:04:21 PM
