Starting test run at Mon, Sep 22, 2025  1:11:01 AM
Logging to: logs/fail_run_20250922_011101.log
Test arguments: 
----------------------------------------
Compiling debashc...
   Compiling debashl v0.1.0 (D:\GitHub\sh2perl)
warning: unused import: `regex::Regex`
 --> src\generator\commands\pipeline_commands.rs:4:5
  |
4 | use regex::Regex;
  |     ^^^^^^^^^^^^
  |
  = note: `#[warn(unused_imports)]` on by default

warning: unused import: `std::collections::HashMap`
 --> src\generator\redirects.rs:4:5
  |
4 | use std::collections::HashMap;
  |     ^^^^^^^^^^^^^^^^^^^^^^^^^

warning: unused doc comment
   --> src\timeout_manager.rs:282:1
    |
282 | /// Global timeout manager instance
    | ^^^^^^^^^^^^^^^^^^^^^^^^^^^^^^^^^^^ rustdoc does not generate documentation for macro invocations
    |
    = help: to document an item produced by a macro, the macro must produce the documentation as part of its expansion
    = note: `#[warn(unused_doc_comments)]` on by default

warning: unused variable: `glob_exprs`
  --> src\generator\commands\simple_commands.rs:38:45
   |
38 | ...                   let glob_exprs: Vec<String> = patterns.iter()
   |                           ^^^^^^^^^^ help: if this is intentional, prefix it with an underscore: `_glob_exprs`
   |
   = note: `#[warn(unused_variables)]` on by default

warning: unused variable: `i`
   --> src\generator\commands\pipeline_commands.rs:836:22
    |
836 |                 for (i, command) in pipeline.commands[start_index..].iter().enumerate() {
    |                      ^ help: if this is intentional, prefix it with an underscore: `_i`

warning: unused variable: `j`
   --> src\generator\commands\pipeline_commands.rs:850:34
    |
850 | ...                   for (j, nested_command) in nested_pipeline.commands.iter().enumerate() {
    |                            ^ help: if this is intentional, prefix it with an underscore: `_j`

warning: unused variable: `cmd`
  --> src\generator\commands\system_commands.rs:36:35
   |
36 |         Word::CommandSubstitution(cmd, _) => {
   |                                   ^^^ help: if this is intentional, prefix it with an underscore: `_cmd`

warning: unused variable: `output`
  --> src\generator\commands\find.rs:42:13
   |
42 |     let mut output = String::new();
   |             ^^^^^^ help: if this is intentional, prefix it with an underscore: `_output`

warning: variable does not need to be mutable
  --> src\generator\commands\find.rs:42:9
   |
42 |     let mut output = String::new();
   |         ----^^^^^^
   |         |
   |         help: remove this `mut`
   |
   = note: `#[warn(unused_mut)]` on by default

warning: unused variable: `input_var`
 --> src\generator\commands\comm.rs:7:5
  |
7 |     input_var: &str,
  |     ^^^^^^^^^ help: if this is intentional, prefix it with an underscore: `_input_var`

warning: unused variable: `command_str`
   --> src\generator\words.rs:564:37
    |
564 | ...                   let command_str = generator.word_to_perl(command);
    |                           ^^^^^^^^^^^ help: if this is intentional, prefix it with an underscore: `_command_str`

warning: unused variable: `s`
   --> src\generator\words.rs:859:23
    |
859 |         Word::Literal(s, _) => generator.perl_string_literal(word),
    |                       ^ help: if this is intentional, prefix it with an underscore: `_s`

warning: unused variable: `operation_handle`
   --> src\timeout_manager.rs:151:13
    |
151 |         let operation_handle = thread::spawn(move || {
    |             ^^^^^^^^^^^^^^^^ help: if this is intentional, prefix it with an underscore: `_operation_handle`

warning: unused variable: `operation_handle`
   --> src\timeout_manager.rs:194:13
    |
194 |         let operation_handle = thread::spawn(move || {
    |             ^^^^^^^^^^^^^^^^ help: if this is intentional, prefix it with an underscore: `_operation_handle`

warning: methods `parse_variable_expansion` and `parse_arithmetic_expression` are never used
    --> src\parser\commands.rs:1186:8
     |
  20 | impl Parser {
     | ----------- methods in this implementation
...
1186 |     fn parse_variable_expansion(&mut self) -> Result<Word, ParserError> {
     |        ^^^^^^^^^^^^^^^^^^^^^^^^
...
1255 |     fn parse_arithmetic_expression(&mut self) -> Result<Word, ParserError> {
     |        ^^^^^^^^^^^^^^^^^^^^^^^^^^^
     |
     = note: `#[warn(dead_code)]` on by default

warning: function `parse_command` is never used
    --> src\parser\control_flow.rs:1075:4
     |
1075 | fn parse_command(parser: &mut Parser) -> Result<Command, ParserError> {
     |    ^^^^^^^^^^^^^

warning: function `parse_assignment` is never used
    --> src\parser\control_flow.rs:1285:4
     |
1285 | fn parse_assignment(parser: &mut Parser) -> Result<Command, ParserError> {
     |    ^^^^^^^^^^^^^^^^

warning: function `parse_parameter_expansion` is never used
    --> src\parser\words.rs:1885:4
     |
1885 | fn parse_parameter_expansion(_lexer: &mut Lexer) -> Result<Word, ParserError> {
     |    ^^^^^^^^^^^^^^^^^^^^^^^^^

warning: function `escape_glob_pattern` is never used
 --> src\generator\commands\find.rs:4:4
  |
4 | fn escape_glob_pattern(pattern: &str) -> String {
  |    ^^^^^^^^^^^^^^^^^^^

warning: function `parse_size_to_bytes` is never used
   --> src\generator\commands\find.rs:188:4
    |
188 | fn parse_size_to_bytes(size_str: &str) -> u64 {
    |    ^^^^^^^^^^^^^^^^^^^

warning: function `generate_tr_linebyline_impl` is never used
  --> src\generator\commands\tr.rs:24:4
   |
24 | fn generate_tr_linebyline_impl(generator: &mut Generator, cmd: &SimpleCommand, input_var: &str, _command_index: &str) -> String {
   |    ^^^^^^^^^^^^^^^^^^^^^^^^^^^

warning: function `generate_tr_buffered_impl` is never used
  --> src\generator\commands\tr.rs:73:4
   |
73 | fn generate_tr_buffered_impl(generator: &mut Generator, cmd: &SimpleCommand, input_var: &str, command_index: &str) -> String {
   |    ^^^^^^^^^^^^^^^^^^^^^^^^^

warning: function `is_variable_used_after_for_loop` is never used
   --> src\generator\control_flow.rs:228:4
    |
228 | fn is_variable_used_after_for_loop(commands: &[Command], for_loop_var: &str, for_loop_index: usize) -> bool {
    |    ^^^^^^^^^^^^^^^^^^^^^^^^^^^^^^^

warning: fields `variable_usage` and `scope_depth` are never read
  --> src\variable_analysis.rs:8:5
   |
 6 | pub struct VariableUsageAnalyzer {
   |            --------------------- fields in this struct
 7 |     /// Maps variable names to their usage information
 8 |     variable_usage: HashMap<String, VariableUsageInfo>,
   |     ^^^^^^^^^^^^^^
 9 |     /// Current scope depth for tracking nested scopes
10 |     scope_depth: usize,
   |     ^^^^^^^^^^^
   |
   = note: `VariableUsageAnalyzer` has derived impls for the traits `Clone` and `Debug`, but these are intentionally ignored during dead code analysis

warning: `debashl` (lib) generated 24 warnings (run `cargo fix --lib -p debashl` to apply 3 suggestions)
warning: unused import: `execute_with_progress`
 --> src\testing.rs:9:67
  |
9 | use crate::timeout_manager::{OperationType, execute_with_timeout, execute_with_progress, 
  |                                                                   ^^^^^^^^^^^^^^^^^^^^^
  |
  = note: `#[warn(unused_imports)]` on by default

warning: unused import: `debashl::parser::errors::ParserError`
  --> src\testing.rs:16:5
   |
16 | use debashl::parser::errors::ParserError;
   |     ^^^^^^^^^^^^^^^^^^^^^^^^^^^^^^^^^^^^

warning: unused variable: `operation_handle`
  --> src\testing.rs:25:9
   |
25 |     let operation_handle = std::thread::spawn(move || {
   |         ^^^^^^^^^^^^^^^^ help: if this is intentional, prefix it with an underscore: `_operation_handle`
   |
   = note: `#[warn(unused_variables)]` on by default

warning: variable does not need to be mutable
    --> src\testing.rs:1163:9
     |
1163 |     let mut should_break = false;
     |         ----^^^^^^^^^^^^
     |         |
     |         help: remove this `mut`
     |
     = note: `#[warn(unused_mut)]` on by default

warning: unused variable: `overall_start`
    --> src\testing.rs:1372:9
     |
1372 |     let overall_start = std::time::Instant::now();
     |         ^^^^^^^^^^^^^ help: if this is intentional, prefix it with an underscore: `_overall_start`

warning: unused variable: `test_loop_start`
    --> src\testing.rs:1420:9
     |
1420 |     let test_loop_start = std::time::Instant::now();
     |         ^^^^^^^^^^^^^^^ help: if this is intentional, prefix it with an underscore: `_test_loop_start`

warning: unused variable: `should_break`
    --> src\testing.rs:1969:13
     |
1969 |     let mut should_break = false;
     |             ^^^^^^^^^^^^ help: if this is intentional, prefix it with an underscore: `_should_break`

warning: variable does not need to be mutable
    --> src\testing.rs:1969:9
     |
1969 |     let mut should_break = false;
     |         ----^^^^^^^^^^^^
     |         |
     |         help: remove this `mut`

warning: function `run_perl_script` is never used
  --> src\execution.rs:62:8
   |
62 | pub fn run_perl_script(script_path: &str) -> Result<std::process::Output, String> {
   |        ^^^^^^^^^^^^^^^
   |
   = note: `#[warn(dead_code)]` on by default

warning: function `extract_line_col` is never used
 --> src\utils.rs:4:8
  |
4 | pub fn extract_line_col(e: &dyn std::error::Error) -> Option<(usize, usize)> {
  |        ^^^^^^^^^^^^^^^^

warning: function `parse_line_col` is never used
  --> src\utils.rs:17:8
   |
17 | pub fn parse_line_col(s: &str) -> Option<(usize, usize)> {
   |        ^^^^^^^^^^^^^^

warning: function `caret_snippet` is never used
  --> src\utils.rs:25:8
   |
25 | pub fn caret_snippet(input: &str, line: usize, col: usize) -> Option<String> {
   |        ^^^^^^^^^^^^^

warning: function `with_timeout` is never used
  --> src\testing.rs:19:4
   |
19 | fn with_timeout<F, T>(timeout_secs: u64, operation: F) -> Result<T, String> 
   |    ^^^^^^^^^^^^

warning: fields `shell_duration` and `translated_duration` are never read
  --> src\testing.rs:52:9
   |
39 | pub struct TestResult {
   |            ---------- fields in this struct
...
52 |     pub shell_duration: std::time::Duration, // Shell execution time
   |         ^^^^^^^^^^^^^^
53 |     pub translated_duration: std::time::Duration, // Translated program execution time
   |         ^^^^^^^^^^^^^^^^^^^
   |
   = note: `TestResult` has a derived impl for the trait `Debug`, but this is intentionally ignored during dead code analysis

warning: function `test_file_equivalence_detailed` is never used
   --> src\testing.rs:552:8
    |
552 | pub fn test_file_equivalence_detailed(lang: &str, filename: &str, ast_options: Option<AstFormatOptions>) -> Result<TestResult, String> {
    |        ^^^^^^^^^^^^^^^^^^^^^^^^^^^^^^

warning: function `test_all_examples_next_fail` is never used
    --> src\testing.rs:1368:8
     |
1368 | pub fn test_all_examples_next_fail(generators: &[String], test_prefix: Option<String>, enable_perl_critic: bool) {
     |        ^^^^^^^^^^^^^^^^^^^^^^^^^^^

warning: function `extract_core_perl_logic` is never used
   --> src\cli_commands.rs:198:4
    |
198 | fn extract_core_perl_logic(perl_code: &str) -> String {
    |    ^^^^^^^^^^^^^^^^^^^^^^^

warning: function `export_mir_to_json` is never used
   --> src\cli_commands.rs:445:8
    |
445 | pub fn export_mir_to_json(input: &str, _optimize: bool) {
    |        ^^^^^^^^^^^^^^^^^^

warning: variants `Parsing`, `CodeGeneration`, `FileOperations`, `TestExecution`, and `DebugFreeze` are never constructed
  --> src\timeout_manager.rs:11:5
   |
 8 | pub enum OperationType {
   |          ------------- variants in this enum
...
11 |     Parsing,            // Parsing shell scripts
   |     ^^^^^^^
12 |     CodeGeneration,     // Generating Perl code
   |     ^^^^^^^^^^^^^^
13 |     FileOperations,     // File I/O operations
   |     ^^^^^^^^^^^^^^
14 |     TestExecution,      // Overall test execution
   |     ^^^^^^^^^^^^^
15 |     DebugFreeze,        // Debug freeze pause
   |     ^^^^^^^^^^^
   |
   = note: `OperationType` has derived impls for the traits `Clone` and `Debug`, but these are intentionally ignored during dead code analysis

warning: methods `set_freeze_duration` and `get_freeze_duration` are never used
  --> src\timeout_manager.rs:74:12
   |
51 | impl DebugFreezeManager {
   | ----------------------- methods in this implementation
...
74 |     pub fn set_freeze_duration(&mut self, duration: Duration) {
   |            ^^^^^^^^^^^^^^^^^^^
...
78 |     pub fn get_freeze_duration(&self) -> Duration {
   |            ^^^^^^^^^^^^^^^^^^^

warning: methods `set_timeout` and `execute_with_progress` are never used
   --> src\timeout_manager.rs:117:12
    |
 90 | impl TimeoutManager {
    | ------------------- methods in this implementation
...
117 |     pub fn set_timeout(&mut self, operation: OperationType, duration: Duration) {
    |            ^^^^^^^^^^^
...
178 |     pub fn execute_with_progress<F, T>(&self, operation: OperationType, operation_fn: F) -> Result<T, String>
    |            ^^^^^^^^^^^^^^^^^^^^^

warning: function `execute_with_progress` is never used
   --> src\timeout_manager.rs:302:8
    |
302 | pub fn execute_with_progress<F, T>(operation: OperationType, operation_fn: F) -> Result<T, String>
    |        ^^^^^^^^^^^^^^^^^^^^^

warning: `debashl` (bin "debashc") generated 25 warnings (3 duplicates) (run `cargo fix --bin "debashc"` to apply 4 suggestions)
    Finished `dev` profile [unoptimized + debuginfo] target(s) in 4.04s
Running debashc with fine-grained per-test timeouts...
Running: debashc test generation and execution
Command: ./target/debug/debashc.exe fail
Timeout: Per-test timeouts (30s shell, 10s parse, 5s generate)
----------------------------------------
Running ALL 146 examples (limited to 50 tests to prevent timeout)

Running 146 tests across 146 examples with perl generator
==================================================
Test 1/146: 000__01_file_directory_operations.sh with perl     DEBUG: Starting test execution for examples\000__01_file_directory_operations.sh with generator perl
DEBUG: Shell script execution completed, now starting Perl generation
DEBUG: Setting original script name to: 000__01_file_directory_operations.sh
DEBUG: CommandSubstitution called with command: Simple(SimpleCommand { name: Literal("ls", None), args: [Literal("-a", None)], redirects: [], env_vars: {}, stdout_used: true, stderr_used: true })
DEBUG: CommandSubstitution called with command: Simple(SimpleCommand { name: Literal("find", None), args: [Literal(".", None), Literal("-maxdepth", None), Literal("1", None), Literal("-name", None), Literal("*.sh", None), Literal("-type", None), Literal("f", None)], redirects: [], env_vars: {}, stdout_used: true, stderr_used: true })
DEBUG: generate_find_command called with generate_output: true, input_var: 'found_files'
DEBUG: Using generate_find_for_substitution with input_var: 'found_files'
DEBUG: Perl code generated, length: 1391 characters
DEBUG: About to start translated program execution
DEBUG: About to execute Perl command: ["perl", "C:\\Users\\s_pam\\AppData\\Local\\Temp\\__tmp_test_output.pl"]
DEBUG: Perl code length: 1391 characters
DEBUG: First 200 characters of Perl code:
#!/usr/bin/env perl
use strict;
use warnings;
use Carp;
use English qw( -no_match_vars );
use locale;
use IPC::Open3;

my $main_exit_code = 0;
my $ls_success = 0;
our $CHILD_ERROR;

print "=== File an
DEBUG: Starting Perl execution with timeout manager
DEBUG: Timeout manager starting PerlExecution with timeout of 30.0 seconds
DEBUG: Successfully spawned Perl process
DEBUG: Starting execution loop for Perl process
DEBUG: Execution loop iteration, elapsed: 4.1µs
DEBUG: Perl process completed with status: ExitStatus(ExitStatus(0))
DEBUG: Perl execution completed, duration: 187.6709ms, timed_out: false
DEBUG: Ending Perl execution with timeout manager
DEBUG: Timeout manager completed PerlExecution successfully
DEBUG: Test completed, comparing outputs
DEBUG: Shell stdout length: 9058, Translated stdout length: 9058
DEBUG: Shell stderr length: 0, Translated stderr length: 0
DEBUG: Shell exit: 0, Translated exit: 0
DEBUG: Test success: true
DEBUG: Test execution completed in 208ms
✓Test 2/146: 000__02_output_formatting_commands.sh with perl     DEBUG: Starting test execution for examples\000__02_output_formatting_commands.sh with generator perl
DEBUG: Shell script execution completed, now starting Perl generation
DEBUG: Setting original script name to: 000__02_output_formatting_commands.sh
DEBUG: CommandSubstitution called with command: Simple(SimpleCommand { name: Literal("echo", None), args: [Literal("Hello from backticks", None)], redirects: [], env_vars: {}, stdout_used: true, stderr_used: true })
DEBUG: CommandSubstitution called with command: Simple(SimpleCommand { name: Literal("printf", None), args: [Literal("Number: %d, String: %s\\n", None), Literal("42", None), Literal("test", None)], redirects: [], env_vars: {}, stdout_used: true, stderr_used: true })
DEBUG: CommandSubstitution called with command: Simple(SimpleCommand { name: Literal("sha256sum", None), args: [Literal("test_checksum.txt", None)], redirects: [], env_vars: {}, stdout_used: true, stderr_used: true })
DEBUG: words.rs - Using native sha256sum implementation for command substitution
DEBUG: CommandSubstitution called with command: Simple(SimpleCommand { name: Literal("sha512sum", None), args: [Literal("test_checksum.txt", None)], redirects: [], env_vars: {}, stdout_used: true, stderr_used: true })
DEBUG: words.rs - Using native sha512sum implementation for command substitution
DEBUG: CommandSubstitution called with command: Pipeline(Pipeline { commands: [Simple(SimpleCommand { name: Literal("strings", None), args: [Literal("test_binary.txt", None)], redirects: [], env_vars: {}, stdout_used: true, stderr_used: true }), Simple(SimpleCommand { name: Literal("head", None), args: [Literal("-3", None)], redirects: [], env_vars: {}, stdout_used: true, stderr_used: true })], source_text: None, stdout_used: true, stderr_used: true })
DEBUG: generate_pipeline_for_substitution called
DEBUG: CommandSubstitution called with command: Pipeline(Pipeline { commands: [Simple(SimpleCommand { name: Literal("echo", None), args: [StringInterpolation(StringInterpolation { parts: [Literal("test output")] }, None)], redirects: [], env_vars: {}, stdout_used: true, stderr_used: true }), Simple(SimpleCommand { name: Literal("tee", None), args: [Literal("test_tee.txt", None)], redirects: [], env_vars: {}, stdout_used: true, stderr_used: true })], source_text: None, stdout_used: true, stderr_used: true })
DEBUG: generate_pipeline_for_substitution called
DEBUG: CommandSubstitution called with command: Simple(SimpleCommand { name: Literal("perl", None), args: [Literal("-e", None), Literal("print \"Hello from Perl\\n\"", None)], redirects: [], env_vars: {}, stdout_used: true, stderr_used: true })
DEBUG: Processing perl command in command substitution with args: [Literal("-e", None), Literal("print \"Hello from Perl\\n\"", None)]
DEBUG: Perl code generated, length: 5553 characters
DEBUG: About to start translated program execution
DEBUG: About to execute Perl command: ["perl", "C:\\Users\\s_pam\\AppData\\Local\\Temp\\__tmp_test_output.pl"]
DEBUG: Perl code length: 5553 characters
DEBUG: First 200 characters of Perl code:
#!/usr/bin/env perl
use strict;
use warnings;
use Carp;
use English qw( -no_match_vars );
use locale;
use IPC::Open3;
use Digest::SHA qw(sha256_hex sha512_hex);
use File::Path qw(make_path remove_tree
DEBUG: Starting Perl execution with timeout manager
DEBUG: Timeout manager starting PerlExecution with timeout of 30.0 seconds
DEBUG: Successfully spawned Perl process
DEBUG: Starting execution loop for Perl process
DEBUG: Execution loop iteration, elapsed: 4.2µs
DEBUG: Perl process completed with status: ExitStatus(ExitStatus(0))
DEBUG: Perl execution completed, duration: 250.3314ms, timed_out: false
DEBUG: Ending Perl execution with timeout manager
DEBUG: Timeout manager completed PerlExecution successfully
DEBUG: Test completed, comparing outputs
DEBUG: Shell stdout length: 660, Translated stdout length: 660
DEBUG: Shell stderr length: 0, Translated stderr length: 0
DEBUG: Shell exit: 0, Translated exit: 0
DEBUG: Test success: true
DEBUG: Test execution completed in 273ms
✓Test 3/146: 000__03_file_manipulation_commands.sh with perl     DEBUG: Starting test execution for examples\000__03_file_manipulation_commands.sh with generator perl
DEBUG: Shell script execution completed, now starting Perl generation
DEBUG: Setting original script name to: 000__03_file_manipulation_commands.sh
DEBUG: CommandSubstitution called with command: And(Simple(SimpleCommand { name: Literal("cp", None), args: [Literal("test_file.txt", None), Literal("test_file_copy.txt", None)], redirects: [], env_vars: {}, stdout_used: true, stderr_used: true }), Simple(SimpleCommand { name: Literal("echo", None), args: [StringInterpolation(StringInterpolation { parts: [Literal("Copy successful")] }, None)], redirects: [], env_vars: {}, stdout_used: true, stderr_used: true }))
DEBUG: CommandSubstitution called with command: Simple(SimpleCommand { name: Literal("cp", None), args: [Literal("test_file.txt", None), Literal("test_file_copy.txt", None)], redirects: [], env_vars: {}, stdout_used: true, stderr_used: true })
DEBUG: words.rs - Using native cp implementation for command substitution
DEBUG: CommandSubstitution called with command: Simple(SimpleCommand { name: Literal("echo", None), args: [StringInterpolation(StringInterpolation { parts: [Literal("Copy successful")] }, None)], redirects: [], env_vars: {}, stdout_used: true, stderr_used: true })
DEBUG: ls command file/directory argument: 'test_file.txt'
DEBUG: ls command file/directory argument: 'test_file_copy.txt'
DEBUG: ls command file/directory argument: 'test_file_moved.txt'
DEBUG: CommandSubstitution called with command: And(Simple(SimpleCommand { name: Literal("mv", None), args: [Literal("test_file_copy.txt", None), Literal("test_file_moved.txt", None)], redirects: [], env_vars: {}, stdout_used: true, stderr_used: true }), Simple(SimpleCommand { name: Literal("echo", None), args: [StringInterpolation(StringInterpolation { parts: [Literal("Move successful")] }, None)], redirects: [], env_vars: {}, stdout_used: true, stderr_used: true }))
DEBUG: CommandSubstitution called with command: Simple(SimpleCommand { name: Literal("mv", None), args: [Literal("test_file_copy.txt", None), Literal("test_file_moved.txt", None)], redirects: [], env_vars: {}, stdout_used: true, stderr_used: true })
DEBUG: words.rs - Using native mv implementation for command substitution
DEBUG: CommandSubstitution called with command: Simple(SimpleCommand { name: Literal("echo", None), args: [StringInterpolation(StringInterpolation { parts: [Literal("Move successful")] }, None)], redirects: [], env_vars: {}, stdout_used: true, stderr_used: true })
DEBUG: ls command file/directory argument: 'test_file.txt'
DEBUG: ls command file/directory argument: 'test_file_copy.txt'
DEBUG: ls command file/directory argument: 'test_file_moved.txt'
DEBUG: CommandSubstitution called with command: And(Simple(SimpleCommand { name: Literal("rm", None), args: [Literal("test_file.txt", None), Literal("test_file_moved.txt", None)], redirects: [], env_vars: {}, stdout_used: true, stderr_used: true }), Simple(SimpleCommand { name: Literal("echo", None), args: [StringInterpolation(StringInterpolation { parts: [Literal("Remove successful")] }, None)], redirects: [], env_vars: {}, stdout_used: true, stderr_used: true }))
DEBUG: CommandSubstitution called with command: Simple(SimpleCommand { name: Literal("rm", None), args: [Literal("test_file.txt", None), Literal("test_file_moved.txt", None)], redirects: [], env_vars: {}, stdout_used: true, stderr_used: true })
DEBUG: words.rs - Using native rm implementation for command substitution
DEBUG: CommandSubstitution called with command: Simple(SimpleCommand { name: Literal("echo", None), args: [StringInterpolation(StringInterpolation { parts: [Literal("Remove successful")] }, None)], redirects: [], env_vars: {}, stdout_used: true, stderr_used: true })
DEBUG: ls command file/directory argument: 'test_file.txt'
DEBUG: ls command file/directory argument: 'test_file_copy.txt'
DEBUG: ls command file/directory argument: 'test_file_moved.txt'
DEBUG: CommandSubstitution called with command: And(Simple(SimpleCommand { name: Literal("mkdir", None), args: [Literal("test_dir", None)], redirects: [], env_vars: {}, stdout_used: true, stderr_used: true }), Simple(SimpleCommand { name: Literal("echo", None), args: [StringInterpolation(StringInterpolation { parts: [Literal("Directory created")] }, None)], redirects: [], env_vars: {}, stdout_used: true, stderr_used: true }))
DEBUG: CommandSubstitution called with command: Simple(SimpleCommand { name: Literal("mkdir", None), args: [Literal("test_dir", None)], redirects: [], env_vars: {}, stdout_used: true, stderr_used: true })
DEBUG: words.rs - Using native mkdir implementation for command substitution
DEBUG: CommandSubstitution called with command: Simple(SimpleCommand { name: Literal("echo", None), args: [StringInterpolation(StringInterpolation { parts: [Literal("Directory created")] }, None)], redirects: [], env_vars: {}, stdout_used: true, stderr_used: true })
DEBUG: ls command file/directory argument: 'test_dir'
DEBUG: CommandSubstitution called with command: And(Simple(SimpleCommand { name: Literal("touch", None), args: [Literal("test_file.txt", None)], redirects: [], env_vars: {}, stdout_used: true, stderr_used: true }), Simple(SimpleCommand { name: Literal("echo", None), args: [StringInterpolation(StringInterpolation { parts: [Literal("File touched")] }, None)], redirects: [], env_vars: {}, stdout_used: true, stderr_used: true }))
DEBUG: CommandSubstitution called with command: Simple(SimpleCommand { name: Literal("touch", None), args: [Literal("test_file.txt", None)], redirects: [], env_vars: {}, stdout_used: true, stderr_used: true })
DEBUG: words.rs - Using native touch implementation for command substitution
DEBUG: CommandSubstitution called with command: Simple(SimpleCommand { name: Literal("echo", None), args: [StringInterpolation(StringInterpolation { parts: [Literal("File touched")] }, None)], redirects: [], env_vars: {}, stdout_used: true, stderr_used: true })
DEBUG: Perl code generated, length: 15418 characters
DEBUG: About to start translated program execution
DEBUG: About to execute Perl command: ["perl", "C:\\Users\\s_pam\\AppData\\Local\\Temp\\__tmp_test_output.pl"]
DEBUG: Perl code length: 15418 characters
DEBUG: First 200 characters of Perl code:
#!/usr/bin/env perl
use strict;
use warnings;
use Carp;
use English qw( -no_match_vars );
use locale;
use IPC::Open3;
use File::Path qw(make_path remove_tree);
use File::Copy qw(copy move);
use POSIX 
DEBUG: Starting Perl execution with timeout manager
DEBUG: Timeout manager starting PerlExecution with timeout of 30.0 seconds
DEBUG: Successfully spawned Perl process
DEBUG: Starting execution loop for Perl process
DEBUG: Execution loop iteration, elapsed: 3.5µs
DEBUG: Perl process completed with status: ExitStatus(ExitStatus(0))
DEBUG: Perl execution completed, duration: 218.7676ms, timed_out: false
DEBUG: Ending Perl execution with timeout manager
DEBUG: Timeout manager completed PerlExecution successfully
DEBUG: Test completed, comparing outputs
DEBUG: Shell stdout length: 422, Translated stdout length: 422
DEBUG: Shell stderr length: 0, Translated stderr length: 0
DEBUG: Shell exit: 0, Translated exit: 0
DEBUG: Test success: true
DEBUG: Test execution completed in 251ms
✓Test 4/146: 000__04a_basic_command_substitution.sh with perl     DEBUG: Starting test execution for examples\000__04a_basic_command_substitution.sh with generator perl
DEBUG: Shell script execution completed, now starting Perl generation
DEBUG: String interpolation parsed command 'date +%Y' as 1 commands
DEBUG: String interpolation parsed command 'basename $(pwd)' as 1 commands
DEBUG: Setting original script name to: 000__04a_basic_command_substitution.sh
DEBUG: CommandSubstitution called with command: Simple(SimpleCommand { name: Literal("date", None), args: [Literal("+%Y", None)], redirects: [], env_vars: {}, stdout_used: true, stderr_used: true })
DEBUG: CommandSubstitution called with command: Simple(SimpleCommand { name: Literal("basename", None), args: [CommandSubstitution(Simple(SimpleCommand { name: Literal("pwd", None), args: [], redirects: [], env_vars: {}, stdout_used: true, stderr_used: true }), None)], redirects: [], env_vars: {}, stdout_used: true, stderr_used: true })
DEBUG: CommandSubstitution called with command: Simple(SimpleCommand { name: Literal("pwd", None), args: [], redirects: [], env_vars: {}, stdout_used: true, stderr_used: true })
DEBUG: CommandSubstitution called with command: Simple(SimpleCommand { name: Literal("basename", None), args: [CommandSubstitution(Simple(SimpleCommand { name: Literal("pwd", None), args: [], redirects: [], env_vars: {}, stdout_used: true, stderr_used: true }), None)], redirects: [], env_vars: {}, stdout_used: true, stderr_used: true })
DEBUG: CommandSubstitution called with command: Simple(SimpleCommand { name: Literal("pwd", None), args: [], redirects: [], env_vars: {}, stdout_used: true, stderr_used: true })
DEBUG: CommandSubstitution called with command: Simple(SimpleCommand { name: Literal("date", None), args: [Literal("+%Y%m", None)], redirects: [], env_vars: {}, stdout_used: true, stderr_used: true })
DEBUG: Perl code generated, length: 1143 characters
DEBUG: About to start translated program execution
DEBUG: About to execute Perl command: ["perl", "C:\\Users\\s_pam\\AppData\\Local\\Temp\\__tmp_test_output.pl"]
DEBUG: Perl code length: 1143 characters
DEBUG: First 200 characters of Perl code:
#!/usr/bin/env perl
use strict;
use warnings;
use Carp;
use English qw( -no_match_vars );
use locale;
use IPC::Open3;

my $main_exit_code = 0;
my $ls_success = 0;
our $CHILD_ERROR;

print "=== Basic C
DEBUG: Starting Perl execution with timeout manager
DEBUG: Timeout manager starting PerlExecution with timeout of 30.0 seconds
DEBUG: Successfully spawned Perl process
DEBUG: Starting execution loop for Perl process
DEBUG: Execution loop iteration, elapsed: 3.1µs
DEBUG: Perl process completed with status: ExitStatus(ExitStatus(0))
DEBUG: Perl execution completed, duration: 166.8725ms, timed_out: false
DEBUG: Ending Perl execution with timeout manager
DEBUG: Timeout manager completed PerlExecution successfully
DEBUG: Test completed, comparing outputs
DEBUG: Shell stdout length: 172, Translated stdout length: 172
DEBUG: Shell stderr length: 0, Translated stderr length: 0
DEBUG: Shell exit: 0, Translated exit: 0
DEBUG: Test success: true
DEBUG: Test execution completed in 189ms
✓DEBUG: Progress: 5/146 tests completed (3.4%)
Test 5/146: 000__04b_file_directory_operations.sh with perl     DEBUG: Starting test execution for examples\000__04b_file_directory_operations.sh with generator perl
DEBUG: Shell script execution completed, now starting Perl generation
DEBUG: Setting original script name to: 000__04b_file_directory_operations.sh
DEBUG: CommandSubstitution called with command: Simple(SimpleCommand { name: Literal("ls", None), args: [Literal("-a", None)], redirects: [], env_vars: {}, stdout_used: true, stderr_used: true })
DEBUG: CommandSubstitution called with command: Simple(SimpleCommand { name: Literal("find", None), args: [Literal(".", None), Literal("-name", None), Literal("*.sh", None), Literal("-type", None), Literal("f", None)], redirects: [], env_vars: {}, stdout_used: true, stderr_used: true })
DEBUG: generate_find_command called with generate_output: true, input_var: 'found_files'
DEBUG: Using generate_find_for_substitution with input_var: 'found_files'
DEBUG: Perl code generated, length: 1472 characters
DEBUG: About to start translated program execution
DEBUG: About to execute Perl command: ["perl", "C:\\Users\\s_pam\\AppData\\Local\\Temp\\__tmp_test_output.pl"]
DEBUG: Perl code length: 1472 characters
DEBUG: First 200 characters of Perl code:
#!/usr/bin/env perl
use strict;
use warnings;
use Carp;
use English qw( -no_match_vars );
use locale;
use IPC::Open3;

my $main_exit_code = 0;
my $ls_success = 0;
our $CHILD_ERROR;

print "=== File an
DEBUG: Starting Perl execution with timeout manager
DEBUG: Timeout manager starting PerlExecution with timeout of 30.0 seconds
DEBUG: Successfully spawned Perl process
DEBUG: Starting execution loop for Perl process
DEBUG: Execution loop iteration, elapsed: 3.1µs
DEBUG: Perl process completed with status: ExitStatus(ExitStatus(0))
DEBUG: Perl execution completed, duration: 175.1886ms, timed_out: false
DEBUG: Ending Perl execution with timeout manager
DEBUG: Timeout manager completed PerlExecution successfully
DEBUG: Test completed, comparing outputs
DEBUG: Shell stdout length: 9105, Translated stdout length: 9105
DEBUG: Shell stderr length: 0, Translated stderr length: 0
DEBUG: Shell exit: 0, Translated exit: 0
DEBUG: Test success: true
DEBUG: Test execution completed in 292ms
✓Test 6/146: 000__04c_text_processing_commands.sh with perl     DEBUG: Starting test execution for examples\000__04c_text_processing_commands.sh with generator perl
DEBUG: Shell script execution completed, now starting Perl generation
DEBUG: Setting original script name to: 000__04c_text_processing_commands.sh
DEBUG: CommandSubstitution called with command: Pipeline(Pipeline { commands: [Simple(SimpleCommand { name: Literal("cat", None), args: [Literal("000__04c_text_processing_commands.sh", None)], redirects: [], env_vars: {}, stdout_used: true, stderr_used: true }), Simple(SimpleCommand { name: Literal("head", None), args: [Literal("-5", None)], redirects: [], env_vars: {}, stdout_used: true, stderr_used: true })], source_text: None, stdout_used: true, stderr_used: true })
DEBUG: generate_pipeline_for_substitution called
DEBUG: CommandSubstitution called with command: Simple(SimpleCommand { name: Literal("grep", None), args: [Literal("-n", None), Literal("echo", None), Literal("000__04c_text_processing_commands.sh", None)], redirects: [], env_vars: {}, stdout_used: true, stderr_used: true })
DEBUG: words.rs - Using native grep implementation for command substitution
DEBUG: CommandSubstitution called with command: Pipeline(Pipeline { commands: [Simple(SimpleCommand { name: Literal("echo", None), args: [StringInterpolation(StringInterpolation { parts: [Literal("Hello World")] }, None)], redirects: [], env_vars: {}, stdout_used: true, stderr_used: true }), Simple(SimpleCommand { name: Literal("sed", None), args: [Literal("s/World/Universe/", None)], redirects: [], env_vars: {}, stdout_used: true, stderr_used: true })], source_text: None, stdout_used: true, stderr_used: true })
DEBUG: generate_pipeline_for_substitution called
DEBUG: CommandSubstitution called with command: Pipeline(Pipeline { commands: [Simple(SimpleCommand { name: Literal("echo", None), args: [StringInterpolation(StringInterpolation { parts: [Literal("1 2 3 4 5")] }, None)], redirects: [], env_vars: {}, stdout_used: true, stderr_used: true }), Simple(SimpleCommand { name: Literal("awk", None), args: [Literal("{print $1 + $2}", None)], redirects: [], env_vars: {}, stdout_used: true, stderr_used: true })], source_text: None, stdout_used: true, stderr_used: true })
DEBUG: generate_pipeline_for_substitution called
DEBUG: CommandSubstitution called with command: Pipeline(Pipeline { commands: [Simple(SimpleCommand { name: Literal("echo", None), args: [Literal("-e", None), StringInterpolation(StringInterpolation { parts: [Literal("zebra\\napple\\nbanana")] }, None)], redirects: [], env_vars: {}, stdout_used: true, stderr_used: true }), Simple(SimpleCommand { name: Literal("sort", None), args: [], redirects: [], env_vars: {}, stdout_used: true, stderr_used: true })], source_text: None, stdout_used: true, stderr_used: true })
DEBUG: generate_pipeline_for_substitution called
DEBUG: CommandSubstitution called with command: Pipeline(Pipeline { commands: [Simple(SimpleCommand { name: Literal("echo", None), args: [Literal("-e", None), StringInterpolation(StringInterpolation { parts: [Literal("apple\\napple\\nbanana\\nbanana\\ncherry")] }, None)], redirects: [], env_vars: {}, stdout_used: true, stderr_used: true }), Simple(SimpleCommand { name: Literal("uniq", None), args: [], redirects: [], env_vars: {}, stdout_used: true, stderr_used: true })], source_text: None, stdout_used: true, stderr_used: true })
DEBUG: generate_pipeline_for_substitution called
DEBUG: CommandSubstitution called with command: Pipeline(Pipeline { commands: [Simple(SimpleCommand { name: Literal("echo", None), args: [Literal("-e", None), StringInterpolation(StringInterpolation { parts: [Literal("line1\\nline2\\nline3")] }, None)], redirects: [], env_vars: {}, stdout_used: true, stderr_used: true }), Simple(SimpleCommand { name: Literal("wc", None), args: [Literal("-l", None)], redirects: [], env_vars: {}, stdout_used: true, stderr_used: true })], source_text: None, stdout_used: true, stderr_used: true })
DEBUG: generate_pipeline_for_substitution called
DEBUG: CommandSubstitution called with command: Pipeline(Pipeline { commands: [Simple(SimpleCommand { name: Literal("echo", None), args: [StringInterpolation(StringInterpolation { parts: [Literal("Hello World")] }, None)], redirects: [], env_vars: {}, stdout_used: true, stderr_used: true }), Simple(SimpleCommand { name: Literal("wc", None), args: [Literal("-w", None)], redirects: [], env_vars: {}, stdout_used: true, stderr_used: true })], source_text: None, stdout_used: true, stderr_used: true })
DEBUG: generate_pipeline_for_substitution called
DEBUG: CommandSubstitution called with command: Pipeline(Pipeline { commands: [Simple(SimpleCommand { name: Literal("seq", None), args: [Literal("1", None), Literal("10", None)], redirects: [], env_vars: {}, stdout_used: true, stderr_used: true }), Simple(SimpleCommand { name: Literal("head", None), args: [Literal("-3", None)], redirects: [], env_vars: {}, stdout_used: true, stderr_used: true })], source_text: None, stdout_used: true, stderr_used: true })
DEBUG: generate_pipeline_for_substitution called
DEBUG: CommandSubstitution called with command: Pipeline(Pipeline { commands: [Simple(SimpleCommand { name: Literal("seq", None), args: [Literal("1", None), Literal("10", None)], redirects: [], env_vars: {}, stdout_used: true, stderr_used: true }), Simple(SimpleCommand { name: Literal("tail", None), args: [Literal("-3", None)], redirects: [], env_vars: {}, stdout_used: true, stderr_used: true })], source_text: None, stdout_used: true, stderr_used: true })
DEBUG: generate_pipeline_for_substitution called
DEBUG: CommandSubstitution called with command: Pipeline(Pipeline { commands: [Simple(SimpleCommand { name: Literal("echo", None), args: [StringInterpolation(StringInterpolation { parts: [Literal("apple:banana:cherry")] }, None)], redirects: [], env_vars: {}, stdout_used: true, stderr_used: true }), Simple(SimpleCommand { name: Literal("cut", None), args: [Literal("-d", None), Literal(":", None), Literal("-f", None), Literal("2", None)], redirects: [], env_vars: {}, stdout_used: true, stderr_used: true })], source_text: None, stdout_used: true, stderr_used: true })
DEBUG: generate_pipeline_for_substitution called
DEBUG: CommandSubstitution called with command: Simple(SimpleCommand { name: Literal("paste", None), args: [Literal("temp1.txt", None), Literal("temp2.txt", None)], redirects: [], env_vars: {}, stdout_used: true, stderr_used: true })
DEBUG: CommandSubstitution called with command: Simple(SimpleCommand { name: Literal("comm", None), args: [Literal("-12", None), Literal("file1.txt", None), Literal("file2.txt", None)], redirects: [], env_vars: {}, stdout_used: true, stderr_used: true })
DEBUG: comm command detected, checking for process substitution
DEBUG: comm command has no process substitution, using dedicated implementation
DEBUG: CommandSubstitution called with command: Simple(SimpleCommand { name: Literal("diff", None), args: [Literal("file1.txt", None), Literal("file2.txt", None)], redirects: [], env_vars: {}, stdout_used: true, stderr_used: true })
DEBUG: Processing diff command in command substitution with args: [Literal("file1.txt", None), Literal("file2.txt", None)]
DEBUG: CommandSubstitution called with command: Pipeline(Pipeline { commands: [Simple(SimpleCommand { name: Literal("echo", None), args: [StringInterpolation(StringInterpolation { parts: [Literal("HELLO WORLD")] }, None)], redirects: [], env_vars: {}, stdout_used: true, stderr_used: true }), Simple(SimpleCommand { name: Literal("tr", None), args: [Literal("A-Z", None), Literal("a-z", None)], redirects: [], env_vars: {}, stdout_used: true, stderr_used: true })], source_text: None, stdout_used: true, stderr_used: true })
DEBUG: generate_pipeline_for_substitution called
DEBUG: CommandSubstitution called with command: Pipeline(Pipeline { commands: [Simple(SimpleCommand { name: Literal("echo", None), args: [StringInterpolation(StringInterpolation { parts: [Literal("1 2 3")] }, None)], redirects: [], env_vars: {}, stdout_used: true, stderr_used: true }), Simple(SimpleCommand { name: Literal("xargs", None), args: [Literal("-n", None), Literal("1", None), Literal("echo", None), StringInterpolation(StringInterpolation { parts: [Literal("Number:")] }, None)], redirects: [], env_vars: {}, stdout_used: true, stderr_used: true })], source_text: None, stdout_used: true, stderr_used: true })
DEBUG: generate_pipeline_for_substitution called
DEBUG: Perl code generated, length: 15082 characters
DEBUG: About to start translated program execution
DEBUG: About to execute Perl command: ["perl", "C:\\Users\\s_pam\\AppData\\Local\\Temp\\__tmp_test_output.pl"]
DEBUG: Perl code length: 15082 characters
DEBUG: First 200 characters of Perl code:
#!/usr/bin/env perl
use strict;
use warnings;
use Carp;
use English qw( -no_match_vars );
use locale;
use IPC::Open3;
use File::Path qw(make_path remove_tree);

my $main_exit_code = 0;
my $ls_success 
DEBUG: Starting Perl execution with timeout manager
DEBUG: Timeout manager starting PerlExecution with timeout of 30.0 seconds
DEBUG: Successfully spawned Perl process
DEBUG: Starting execution loop for Perl process
DEBUG: Execution loop iteration, elapsed: 2.6µs
DEBUG: Perl process completed with status: ExitStatus(ExitStatus(0))
DEBUG: Perl execution completed, duration: 205.255ms, timed_out: false
DEBUG: Ending Perl execution with timeout manager
DEBUG: Timeout manager completed PerlExecution successfully
DEBUG: Test completed, comparing outputs
DEBUG: Shell stdout length: 2154, Translated stdout length: 2154
DEBUG: Shell stderr length: 0, Translated stderr length: 0
DEBUG: Shell exit: 0, Translated exit: 0
DEBUG: Test success: true
DEBUG: Test execution completed in 231ms
✓Test 7/146: 000__04d_system_utilities.sh with perl     DEBUG: Starting test execution for examples\000__04d_system_utilities.sh with generator perl
DEBUG: Running shell script: examples\000__04d_system_utilities.sh
DEBUG: Timeout manager starting ShellExecution with timeout of 120.0 seconds
DEBUG: Timeout manager completed ShellExecution successfully
DEBUG: Shell script completed in 3.12s
DEBUG: Shell script execution completed, now starting Perl generation
DEBUG: Setting original script name to: 000__04d_system_utilities.sh
DEBUG: CommandSubstitution called with command: Simple(SimpleCommand { name: Literal("date", None), args: [Literal("+%Y-%m-%d %H", None)], redirects: [], env_vars: {}, stdout_used: true, stderr_used: true })
DEBUG: CommandSubstitution called with command: Simple(SimpleCommand { name: Literal("date", None), args: [Literal("+%rms", None)], redirects: [], env_vars: {}, stdout_used: true, stderr_used: true })
DEBUG: CommandSubstitution called with command: Simple(SimpleCommand { name: Literal("time", None), args: [Literal("sleep", None), Literal("1", None), Literal("|", None), Literal("sed", None), Literal("s/...$//", None)], redirects: [Redirect { fd: Some(2), operator: StderrOutput, target: Literal("1", None), heredoc_body: None }], env_vars: {}, stdout_used: true, stderr_used: true })
DEBUG: CommandSubstitution called with command: Simple(SimpleCommand { name: Literal("echo", None), args: [Literal("2", None)], redirects: [], env_vars: {}, stdout_used: true, stderr_used: true })
DEBUG: CommandSubstitution called with command: Pipeline(Pipeline { commands: [Simple(SimpleCommand { name: Literal("yes", None), args: [StringInterpolation(StringInterpolation { parts: [Literal("Hello")] }, None)], redirects: [], env_vars: {}, stdout_used: true, stderr_used: true }), Simple(SimpleCommand { name: Literal("head", None), args: [Literal("-3", None)], redirects: [], env_vars: {}, stdout_used: true, stderr_used: true })], source_text: None, stdout_used: true, stderr_used: true })
DEBUG: generate_pipeline_for_substitution called
DEBUG: Perl code generated, length: 1544 characters
DEBUG: About to start translated program execution
DEBUG: About to execute Perl command: ["perl", "C:\\Users\\s_pam\\AppData\\Local\\Temp\\__tmp_test_output.pl"]
DEBUG: Perl code length: 1544 characters
DEBUG: First 200 characters of Perl code:
#!/usr/bin/env perl
use strict;
use warnings;
use Carp;
use English qw( -no_match_vars );
use locale;
use IPC::Open3;

my $main_exit_code = 0;
my $ls_success = 0;
our $CHILD_ERROR;

print "=== System 
DEBUG: Starting Perl execution with timeout manager
DEBUG: Timeout manager starting PerlExecution with timeout of 30.0 seconds
DEBUG: Successfully spawned Perl process
DEBUG: Starting execution loop for Perl process
DEBUG: Execution loop iteration, elapsed: 3µs
DEBUG: Execution loop iteration, elapsed: 300.0797ms
DEBUG: Execution loop iteration, elapsed: 2.400956s
DEBUG: Execution loop iteration, elapsed: 2.7004381s
DEBUG: Execution loop iteration, elapsed: 3.0007674s
DEBUG: Perl process completed with status: ExitStatus(ExitStatus(0))
DEBUG: Perl execution completed, duration: 3.263111s, timed_out: false
DEBUG: Ending Perl execution with timeout manager
DEBUG: Timeout manager completed PerlExecution successfully
DEBUG: Test completed, comparing outputs
DEBUG: Shell stdout length: 191, Translated stdout length: 190
DEBUG: Shell stderr length: 40, Translated stderr length: 96
DEBUG: Shell exit: 0, Translated exit: 0
DEBUG: Test success: false
DEBUG: Test execution completed in 6407ms
[2J[1;1H================================================================================
                                    TEST FAILED
================================================================================
File: examples\000__04d_system_utilities.sh
Generator: perl
Test: 7/146
Tests passed before failure: 6
Failure Reason: Failed due to: stdout mismatch, stderr mismatch
================================================================================

Exit Code Comparison (IGNORED):
Shell script exit code: 0
Translated code exit code: 0

================================================================================
ORIGINAL SHELL SCRIPT:
================================================================================
#!/bin/bash

# System utilities using backticks
# This file demonstrates system utility commands with backticks

echo "=== System Utilities ==="

# date command with backticks
#PERL_MUST_NOT_CONTAIN `date
timestamp=`date +%rms`
formatted_date=`date '+%Y-%m-%d %H'`
echo "Timestamp: $timestamp"
echo "Formatted date: $formatted_date"

# time command with backticks
#PERL_MUST_NOT_CONTAIN `time
time_result=`time sleep 1 2>&1 | sed s/...$//`
echo "Time result: $time_result"

# sleep command with backticks (though it doesn't produce output)
#PERL_MUST_NOT_CONTAIN `sleep
sleep_duration=`echo "2"`
echo "Sleeping for $sleep_duration seconds..."
sleep $sleep_duration

# which command with backticks
#PERL_MUST_NOT_CONTAIN `which
#bash_path=`which bash`
#echo "Bash path: $bash_path"

# yes command with backticks
#PERL_MUST_NOT_CONTAIN `yes
yes_result=`yes "Hello" | head -3`
echo "Yes command result:"
echo "$yes_result"

echo "=== System Utilities Complete ==="



================================================================================
TRANSLATED PERL CODE:
================================================================================
#!/usr/bin/env perl
use strict;
use warnings;
use Carp;
use English qw( -no_match_vars );
use locale;
use IPC::Open3;

my $main_exit_code = 0;
my $ls_success = 0;
our $CHILD_ERROR;

print "=== System Utilities ===\n";
my $formatted_date = do { use POSIX qw(strftime); strftime('%Y-%m-%d %H', localtime); };
my $timestamp = do { use POSIX qw(strftime); strftime('%rms', localtime); };
print "Timestamp: $timestamp\n";
print "Formatted date: $formatted_date\n";
my $time_result = do {
    my $cmd_result_68 = do { use Time::HiRes qw(gettimeofday tv_interval);
my $start_time = [gettimeofday];
system "sleep 1 | sed s/...$//";
my $end_time = [gettimeofday];
my $elapsed = tv_interval($start_time, $end_time);
my $time_output = sprintf "real\t0m%.3fs\nuser\t0m0.000s\nsys\t0m0.000s\n", $elapsed;
print STDERR $time_output;
q{};
 };
    chomp $cmd_result_68;
    $cmd_result_68;
};
print "Time result: $time_result\n";
my $sleep_duration = (q{2});
print "Sleeping for $sleep_duration seconds...\n";
use Time::HiRes qw(sleep);
sleep $sleep_duration;
my $yes_result = do {
my $head_line_count = 0;
my $output_0 = q{};
for (my $i = 0; $i < 3; $i++) {
    my $line = "Hello";
    # yes doesn't support line-by-line processing
    if ($head_line_count < 3) {
        $output_0 .= $line . "\n";
        ++$head_line_count;
    } else {
        $line = q{}; # Clear line to prevent printing
    }
}
$output_0

};
print "Yes command result:\n";
print $yes_result;
if (!($yes_result =~ /\n$/msx)) { print "\n"; }
print "=== System Utilities Complete ===\n";


================================================================================
ABSTRACT SYNTAX TREE:
================================================================================
[Simple(SimpleCommand { name: Literal("echo", None), args: [StringInterpolation(StringInterpolation { parts: [Literal("=== System Utilities ===")] }, None)], redirects: [], env_vars: {}, stdout_used: true, stderr_used: true }), Simple(SimpleCommand { name: Literal("echo", None), args: [StringInterpolation(StringInterpolation { parts: [Literal("Timestamp: "), Variable("timestamp")] }, None)], redirects: [], env_vars: {"formatted_date": CommandSubstitution(Simple(SimpleCommand { name: Literal("date", None), args: [Literal("+%Y-%m-%d %H", None)], redirects: [], env_vars: {}, stdout_used: true, stderr_used: true }), None), "timestamp": CommandSubstitution(Simple(SimpleCommand { name: Literal("date", None), args: [Literal("+%rms", None)], redirects: [], env_vars: {}, stdout_used: true, stderr_used: true }), None)}, stdout_used: true, stderr_used: true }), Simple(SimpleCommand { name: Literal("echo", None), args: [StringInterpolation(StringInterpolation { parts: [Literal("Formatted date: "), Variable("formatted_date")] }, None)], redirects: [], env_vars: {}, stdout_used: true, stderr_used: true }), Simple(SimpleCommand { name: Literal("echo", None), args: [StringInterpolation(StringInterpolation { parts: [Literal("Time result: "), Variable("time_result")] }, None)], redirects: [], env_vars: {"time_result": CommandSubstitution(Simple(SimpleCommand { name: Literal("time", None), args: [Literal("sleep", None), Literal("1", None), Literal("|", None), Literal("sed", None), Literal("s/...$//", None)], redirects: [Redirect { fd: Some(2), operator: StderrOutput, target: Literal("1", None), heredoc_body: None }], env_vars: {}, stdout_used: true, stderr_used: true }), None)}, stdout_used: true, stderr_used: true }), Simple(SimpleCommand { name: Literal("echo", None), args: [StringInterpolation(StringInterpolation { parts: [Literal("Sleeping for "), Variable("sleep_duration"), Literal(" seconds...")] }, None)], redirects: [], env_vars: {"sleep_duration": CommandSubstitution(Simple(SimpleCommand { name: Literal("echo", None), args: [Literal("2", None)], redirects: [], env_vars: {}, stdout_used: true, stderr_used: true }), None)}, stdout_used: true, stderr_used: true }), Simple(SimpleCommand { name: Literal("sleep", None), args: [Variable("sleep_duration", false, None)], redirects: [], env_vars: {}, stdout_used: true, stderr_used: true }), Simple(SimpleCommand { name: Literal("echo", None), args: [StringInterpolation(StringInterpolation { parts: [Literal("Yes command result:")] }, None)], redirects: [], env_vars: {"yes_result": CommandSubstitution(Pipeline(Pipeline { commands: [Simple(SimpleCommand { name: Literal("yes", None), args: [StringInterpolation(StringInterpolation { parts: [Literal("Hello")] }, None)], redirects: [], env_vars: {}, stdout_used: true, stderr_used: true }), Simple(SimpleCommand { name: Literal("head", None), args: [Literal("-3", None)], redirects: [], env_vars: {}, stdout_used: true, stderr_used: true })], source_text: None, stdout_used: true, stderr_used: true }), None)}, stdout_used: true, stderr_used: true }), Simple(SimpleCommand { name: Literal("echo", None), args: [StringInterpolation(StringInterpolation { parts: [Variable("yes_result")] }, None)], redirects: [], env_vars: {}, stdout_used: true, stderr_used: true }), Simple(SimpleCommand { name: Literal("echo", None), args: [StringInterpolation(StringInterpolation { parts: [Literal("=== System Utilities Complete ===")] }, None)], redirects: [], env_vars: {}, stdout_used: true, stderr_used: true })]

================================================================================
STDOUT COMPARISON (DIFF):
================================================================================
--- shell_stdout
+++ perl_stdout
 === System Utilities ===
-Timestamp: 01:11:07 AMms
+Timestamp: 1:11:11 AMms
 Formatted date: 2025-09-22 01
 Time result: 
 Sleeping for 2 seconds...
 Yes command result:
 Hello
 Hello
 Hello
 === System Utilities Complete ===


================================================================================
STDERR COMPARISON:
================================================================================
STDERR DIFFERENCES FOUND:
--- shell_stderr
+++ perl_stderr
-real\x090m1.002s
+sed: -e expression #1, char 5: unterminated `s' command
-user\x090m0.005s
+real\x090m1.089s
+user\x090m0.000s
 sys\x090m0.000s


================================================================================
SUMMARY: 6 out of 146 tests passed before first failure
================================================================================

BRIEF FAILURE SUMMARY:
Failed due to: stdout mismatch, stderr mismatch
Writing test count 6 to first_n_tests_passed.txt
Current working directory: "D:\\GitHub\\sh2perl"
Successfully wrote test count 6 and matching stdout lines 1 to first_n_tests_passed.txt

To run test again: ./fail 000__04d
Running test_purify.pl validation...
Running test_purify.pl with verbose output
Running test_purify.pl with next option
Testing purify.pl exists...
Testing debashc exists...
Testing examples.impurl directory exists...
Found 54 .pl files in examples.impurl directory
Testing purify.pl on examples.impurl/000benchmark.pl...
  ✓ examples.impurl/000benchmark.pl processed successfully
Testing purify.pl on examples.impurl/001_echo_basic.pl...
  ✓ examples.impurl/001_echo_basic.pl processed successfully
Testing purify.pl on examples.impurl/002_printf_basic.pl...
  ✓ examples.impurl/002_printf_basic.pl processed successfully
Testing purify.pl on examples.impurl/003__ls_basic.pl...
  ✓ examples.impurl/003__ls_basic.pl processed successfully
Testing purify.pl on examples.impurl/003_ls_basic.pl...
  ✓ examples.impurl/003_ls_basic.pl processed successfully
Testing purify.pl on examples.impurl/004_cat_basic.pl...
  ✓ examples.impurl/004_cat_basic.pl processed successfully
Testing purify.pl on examples.impurl/005_wc_basic.pl...
  ✓ examples.impurl/005_wc_basic.pl processed successfully
Testing purify.pl on examples.impurl/006_head_basic.pl...
  ✓ examples.impurl/006_head_basic.pl processed successfully
Testing purify.pl on examples.impurl/007_tail_basic.pl...
  ✓ examples.impurl/007_tail_basic.pl processed successfully
Testing purify.pl on examples.impurl/008_date_basic.pl...
  ✓ examples.impurl/008_date_basic.pl processed successfully
Testing purify.pl on examples.impurl/009_sleep_basic.pl...
  ✓ examples.impurl/009_sleep_basic.pl processed successfully
Testing purify.pl on examples.impurl/010_which_basic.pl...
  ✓ examples.impurl/010_which_basic.pl processed successfully
Testing purify.pl on examples.impurl/011_grep_basic.pl...
  ✓ examples.impurl/011_grep_basic.pl processed successfully
Testing purify.pl on examples.impurl/012_sed_basic.pl...
  ✓ examples.impurl/012_sed_basic.pl processed successfully
Testing purify.pl on examples.impurl/013_awk_basic.pl...
  ✓ examples.impurl/013_awk_basic.pl processed successfully
Testing purify.pl on examples.impurl/014_tr_basic.pl...
  ✓ examples.impurl/014_tr_basic.pl processed successfully
Testing purify.pl on examples.impurl/015_cut_basic.pl...
  ✓ examples.impurl/015_cut_basic.pl processed successfully
Testing purify.pl on examples.impurl/016_sort_basic.pl...
  ✓ examples.impurl/016_sort_basic.pl processed successfully
Testing purify.pl on examples.impurl/017_uniq_basic.pl...
  ✓ examples.impurl/017_uniq_basic.pl processed successfully
Testing purify.pl on examples.impurl/018_paste_basic.pl...
  ✓ examples.impurl/018_paste_basic.pl processed successfully
Testing purify.pl on examples.impurl/019_comm_basic.pl...
  ✓ examples.impurl/019_comm_basic.pl processed successfully
Testing purify.pl on examples.impurl/020_diff_basic.pl...
  ✓ examples.impurl/020_diff_basic.pl processed successfully
Testing purify.pl on examples.impurl/021_find_basic.pl...
  ✓ examples.impurl/021_find_basic.pl processed successfully
Testing purify.pl on examples.impurl/022_cp_basic.pl...
  ✓ examples.impurl/022_cp_basic.pl processed successfully
Testing purify.pl on examples.impurl/023_mv_basic.pl...
  ✓ examples.impurl/023_mv_basic.pl processed successfully
Testing purify.pl on examples.impurl/024_rm_basic.pl...
  ✓ examples.impurl/024_rm_basic.pl processed successfully
Testing purify.pl on examples.impurl/025_mkdir_basic.pl...
  ✓ examples.impurl/025_mkdir_basic.pl processed successfully
Testing purify.pl on examples.impurl/026_touch_basic.pl...
  ✓ examples.impurl/026_touch_basic.pl processed successfully
Testing purify.pl on examples.impurl/027_basename_basic.pl...
  ✓ examples.impurl/027_basename_basic.pl processed successfully
Testing purify.pl on examples.impurl/028_dirname_basic.pl...
  ✓ examples.impurl/028_dirname_basic.pl processed successfully
Testing purify.pl on examples.impurl/029_xargs_basic.pl...
  ✓ examples.impurl/029_xargs_basic.pl processed successfully
Testing purify.pl on examples.impurl/030_tee_basic.pl...
  ✓ examples.impurl/030_tee_basic.pl processed successfully
Testing purify.pl on examples.impurl/031_time_basic.pl...
  ✓ examples.impurl/031_time_basic.pl processed successfully
Testing purify.pl on examples.impurl/032_kill_basic.pl...
  ✓ examples.impurl/032_kill_basic.pl processed successfully
Testing purify.pl on examples.impurl/033_nice_basic.pl...
  ✓ examples.impurl/033_nice_basic.pl processed successfully
Testing purify.pl on examples.impurl/034_nohup_basic.pl...
  ✓ examples.impurl/034_nohup_basic.pl processed successfully
Testing purify.pl on examples.impurl/035_pipeline_basic.pl...
  ✓ examples.impurl/035_pipeline_basic.pl processed successfully
Testing purify.pl on examples.impurl/036_control_flow_basic.pl...
  ✓ examples.impurl/036_control_flow_basic.pl processed successfully
Testing purify.pl on examples.impurl/037_complex_pipeline.pl...
  ✗ examples.impurl/037_complex_pipeline.pl: purify.pl failed (exit code: 36608) - skipping
Testing purify.pl on examples.impurl/038_advanced_control_flow.pl...
test_purify.pl passed, continuing with other commands...
Test run completed at Mon, Sep 22, 2025  1:11:47 AM
