Starting test run at Tue Nov  4 14:21:48 AWST 2025
Logging to: logs/fail_run_20251104_142148.log
Test arguments: 000__03
----------------------------------------
Compiling debashc...
./fail: line 85: cargo: command not found
Running test_purify.pl validation...
./fail: line 92: C:\Strawberry\perl\bin\perl.exe: command not found
test_purify.pl passed, continuing with other commands...
Running debashc with fine-grained per-test timeouts...
Running: debashc test generation and execution
Command: ./target/debug/debashc.exe fail --perl-critic "000__03"
Timeout: Per-test timeouts (30s shell, 10s parse, 5s generate)
----------------------------------------
Running ALL 146 examples (limited to 50 tests to prevent timeout)

DEBUG: Looking for prefix '
Found example matching prefix '000__03': 000__03_file_manipulation_commands.sh

Running only the specified example
000__03'
==================================================
DEBUG: Starting test execution for Test 3/146: 000__03_file_manipulation_commands.sh with perl     examples\000__03_file_manipulation_commands.sh with generator perl
DEBUG: Shell script execution completed, now starting Perl generation
DEBUG: Setting original script name to: 000__03_file_manipulation_commands.sh
DEBUG: CommandSubstitution called with command: And(Simple(SimpleCommand { name: Literal("cp", None), args: [Literal("test_file.txt", None), Literal("test_file_copy.txt", None)], redirects: [], env_vars: {}, stdout_used: true, stderr_used: true }), Simple(SimpleCommand { name: Literal("echo", None), args: [StringInterpolation(StringInterpolation { parts: [Literal("Copy successful")] }, None)], redirects: [], env_vars: {}, stdout_used: true, stderr_used: true }))
DEBUG: CommandSubstitution called with command: Simple(SimpleCommand { name: Literal("cp", None), args: [Literal("test_file.txt", None), Literal("test_file_copy.txt", None)], redirects: [], env_vars: {}, stdout_used: true, stderr_used: true })
DEBUG: words.rs - Using native cp implementation for command substitution
DEBUG: CommandSubstitution called with command: Simple(SimpleCommand { name: Literal("echo", None), args: [StringInterpolation(StringInterpolation { parts: [Literal("Copy successful")] }, None)], redirects: [], env_vars: {}, stdout_used: true, stderr_used: true })
DEBUG: ls command file/directory argument: 'test_file.txt'
DEBUG: ls command file/directory argument: 'test_file_copy.txt'
DEBUG: ls command file/directory argument: 'test_file_moved.txt'
DEBUG: CommandSubstitution called with command: And(Simple(SimpleCommand { name: Literal("mv", None), args: [Literal("test_file_copy.txt", None), Literal("test_file_moved.txt", None)], redirects: [], env_vars: {}, stdout_used: true, stderr_used: true }), Simple(SimpleCommand { name: Literal("echo", None), args: [StringInterpolation(StringInterpolation { parts: [Literal("Move successful")] }, None)], redirects: [], env_vars: {}, stdout_used: true, stderr_used: true }))
DEBUG: CommandSubstitution called with command: Simple(SimpleCommand { name: Literal("mv", None), args: [Literal("test_file_copy.txt", None), Literal("test_file_moved.txt", None)], redirects: [], env_vars: {}, stdout_used: true, stderr_used: true })
DEBUG: words.rs - Using native mv implementation for command substitution
DEBUG: CommandSubstitution called with command: Simple(SimpleCommand { name: Literal("echo", None), args: [StringInterpolation(StringInterpolation { parts: [Literal("Move successful")] }, None)], redirects: [], env_vars: {}, stdout_used: true, stderr_used: true })
DEBUG: ls command file/directory argument: 'test_file.txt'
DEBUG: ls command file/directory argument: 'test_file_copy.txt'
DEBUG: ls command file/directory argument: 'test_file_moved.txt'
DEBUG: CommandSubstitution called with command: And(Simple(SimpleCommand { name: Literal("rm", None), args: [Literal("test_file.txt", None), Literal("test_file_moved.txt", None)], redirects: [], env_vars: {}, stdout_used: true, stderr_used: true }), Simple(SimpleCommand { name: Literal("echo", None), args: [StringInterpolation(StringInterpolation { parts: [Literal("Remove successful")] }, None)], redirects: [], env_vars: {}, stdout_used: true, stderr_used: true }))
DEBUG: CommandSubstitution called with command: Simple(SimpleCommand { name: Literal("rm", None), args: [Literal("test_file.txt", None), Literal("test_file_moved.txt", None)], redirects: [], env_vars: {}, stdout_used: true, stderr_used: true })
DEBUG: words.rs - Using native rm implementation for command substitution
DEBUG: CommandSubstitution called with command: Simple(SimpleCommand { name: Literal("echo", None), args: [StringInterpolation(StringInterpolation { parts: [Literal("Remove successful")] }, None)], redirects: [], env_vars: {}, stdout_used: true, stderr_used: true })
DEBUG: ls command file/directory argument: 'test_file.txt'
DEBUG: ls command file/directory argument: 'test_file_copy.txt'
DEBUG: ls command file/directory argument: 'test_file_moved.txt'
DEBUG: CommandSubstitution called with command: And(Simple(SimpleCommand { name: Literal("mkdir", None), args: [Literal("test_dir", None)], redirects: [], env_vars: {}, stdout_used: true, stderr_used: true }), Simple(SimpleCommand { name: Literal("echo", None), args: [StringInterpolation(StringInterpolation { parts: [Literal("Directory created")] }, None)], redirects: [], env_vars: {}, stdout_used: true, stderr_used: true }))
DEBUG: CommandSubstitution called with command: Simple(SimpleCommand { name: Literal("mkdir", None), args: [Literal("test_dir", None)], redirects: [], env_vars: {}, stdout_used: true, stderr_used: true })
DEBUG: words.rs - Using native mkdir implementation for command substitution
DEBUG: CommandSubstitution called with command: Simple(SimpleCommand { name: Literal("echo", None), args: [StringInterpolation(StringInterpolation { parts: [Literal("Directory created")] }, None)], redirects: [], env_vars: {}, stdout_used: true, stderr_used: true })
DEBUG: ls command file/directory argument: 'test_dir'
DEBUG: CommandSubstitution called with command: And(Simple(SimpleCommand { name: Literal("touch", None), args: [Literal("test_file.txt", None)], redirects: [], env_vars: {}, stdout_used: true, stderr_used: true }), Simple(SimpleCommand { name: Literal("echo", None), args: [StringInterpolation(StringInterpolation { parts: [Literal("File touched")] }, None)], redirects: [], env_vars: {}, stdout_used: true, stderr_used: true }))
DEBUG: CommandSubstitution called with command: Simple(SimpleCommand { name: Literal("touch", None), args: [Literal("test_file.txt", None)], redirects: [], env_vars: {}, stdout_used: true, stderr_used: true })
DEBUG: words.rs - Using native touch implementation for command substitution
DEBUG: CommandSubstitution called with command: Simple(SimpleCommand { name: Literal("echo", None), args: [StringInterpolation(StringInterpolation { parts: [Literal("File touched")] }, None)], redirects: [], env_vars: {}, stdout_used: true, stderr_used: true })
DEBUG: Perl code generated, length: 16641 characters
