Starting test run at Mon, Sep 29, 2025 10:03:59 PM
Logging to: logs/fail_run_20250929_220358.log
Test arguments: 000__06
----------------------------------------
Compiling debashc...
warning: unused import: `Token`
    --> src\parser\commands.rs:1351:31
     |
1351 |     use crate::lexer::{Lexer, Token};
     |                               ^^^^^
     |
     = note: `#[warn(unused_imports)]` on by default

warning: unused import: `regex::Regex`
 --> src\generator\commands\pipeline_commands.rs:4:5
  |
4 | use regex::Regex;
  |     ^^^^^^^^^^^^

warning: unused import: `std::collections::HashMap`
 --> src\generator\redirects.rs:4:5
  |
4 | use std::collections::HashMap;
  |     ^^^^^^^^^^^^^^^^^^^^^^^^^

warning: unused doc comment
   --> src\timeout_manager.rs:282:1
    |
282 | /// Global timeout manager instance
    | ^^^^^^^^^^^^^^^^^^^^^^^^^^^^^^^^^^^ rustdoc does not generate documentation for macro invocations
    |
    = help: to document an item produced by a macro, the macro must produce the documentation as part of its expansion
    = note: `#[warn(unused_doc_comments)]` on by default

warning: variable does not need to be mutable
    --> src\parser\commands.rs:1354:9
     |
1354 |     let mut lexer = Lexer::new(text);
     |         ----^^^^^
     |         |
     |         help: remove this `mut`
     |
     = note: `#[warn(unused_mut)]` on by default

warning: unused variable: `cmd2`
   --> src\generator\commands\pipeline_commands.rs:469:66
    |
469 |         if let (Command::Redirect(redirect_cmd), Command::Simple(cmd2)) = (&pipeline.commands[0], &pipeline.commands[1]) {
    |                                                                  ^^^^ help: if this is intentional, prefix it with an underscore: `_cmd2`
    |
    = note: `#[warn(unused_variables)]` on by default

warning: variable `head_max` is assigned to, but never used
   --> src\generator\commands\pipeline_commands.rs:836:25
    |
836 |                 let mut head_max = 10; // Default value
    |                         ^^^^^^^^
    |
    = note: consider using `_head_max` instead

warning: value assigned to `head_max` is never read
   --> src\generator\commands\pipeline_commands.rs:847:53
    |
847 | ...                   head_max = num;
    |                       ^^^^^^^^
    |
    = help: maybe it is overwritten before being read?
    = note: `#[warn(unused_assignments)]` on by default

warning: value assigned to `head_max` is never read
   --> src\generator\commands\pipeline_commands.rs:854:53
    |
854 | ...                   head_max = num;
    |                       ^^^^^^^^
    |
    = help: maybe it is overwritten before being read?

warning: value assigned to `head_max` is never read
   --> src\generator\commands\pipeline_commands.rs:859:49
    |
859 | ...                   head_max = num;
    |                       ^^^^^^^^
    |
    = help: maybe it is overwritten before being read?

warning: unused variable: `i`
   --> src\generator\commands\pipeline_commands.rs:883:22
    |
883 |                 for (i, command) in pipeline.commands[start_index..].iter().enumerate() {
    |                      ^ help: if this is intentional, prefix it with an underscore: `_i`

warning: unused variable: `j`
   --> src\generator\commands\pipeline_commands.rs:897:34
    |
897 | ...                   for (j, nested_command) in nested_pipeline.commands.iter().enumerate() {
    |                            ^ help: if this is intentional, prefix it with an underscore: `_j`

warning: unused variable: `cmd`
  --> src\generator\commands\system_commands.rs:36:35
   |
36 |         Word::CommandSubstitution(cmd, _) => {
   |                                   ^^^ help: if this is intentional, prefix it with an underscore: `_cmd`

warning: unused variable: `output`
  --> src\generator\commands\find.rs:42:13
   |
42 |     let mut output = String::new();
   |             ^^^^^^ help: if this is intentional, prefix it with an underscore: `_output`

warning: variable does not need to be mutable
  --> src\generator\commands\find.rs:42:9
   |
42 |     let mut output = String::new();
   |         ----^^^^^^
   |         |
   |         help: remove this `mut`

warning: unused variable: `input_var`
 --> src\generator\commands\comm.rs:7:5
  |
7 |     input_var: &str,
  |     ^^^^^^^^^ help: if this is intentional, prefix it with an underscore: `_input_var`

warning: unused variable: `command_str`
   --> src\generator\words.rs:554:37
    |
554 | ...                   let command_str = generator.word_to_perl(command);
    |                           ^^^^^^^^^^^ help: if this is intentional, prefix it with an underscore: `_command_str`

warning: unused variable: `literal`
   --> src\generator\words.rs:385:59
    |
385 | ...                   Word::Literal(literal, _) => {
    |                                     ^^^^^^^ help: if this is intentional, prefix it with an underscore: `_literal`

warning: unused variable: `s`
   --> src\generator\words.rs:842:23
    |
842 |         Word::Literal(s, _) => generator.perl_string_literal(word),
    |                       ^ help: if this is intentional, prefix it with an underscore: `_s`

warning: unused variable: `literal`
   --> src\generator\utils.rs:151:59
    |
151 | ...                   Word::Literal(literal, _) => {
    |                                     ^^^^^^^ help: if this is intentional, prefix it with an underscore: `_literal`

warning: unused variable: `operation_handle`
   --> src\timeout_manager.rs:151:13
    |
151 |         let operation_handle = thread::spawn(move || {
    |             ^^^^^^^^^^^^^^^^ help: if this is intentional, prefix it with an underscore: `_operation_handle`

warning: unused variable: `operation_handle`
   --> src\timeout_manager.rs:194:13
    |
194 |         let operation_handle = thread::spawn(move || {
    |             ^^^^^^^^^^^^^^^^ help: if this is intentional, prefix it with an underscore: `_operation_handle`

warning: methods `parse_variable_expansion` and `parse_arithmetic_expression` are never used
    --> src\parser\commands.rs:1186:8
     |
  20 | impl Parser {
     | ----------- methods in this implementation
...
1186 |     fn parse_variable_expansion(&mut self) -> Result<Word, ParserError> {
     |        ^^^^^^^^^^^^^^^^^^^^^^^^
...
1255 |     fn parse_arithmetic_expression(&mut self) -> Result<Word, ParserError> {
     |        ^^^^^^^^^^^^^^^^^^^^^^^^^^^
     |
     = note: `#[warn(dead_code)]` on by default

warning: function `parse_command` is never used
    --> src\parser\control_flow.rs:1075:4
     |
1075 | fn parse_command(parser: &mut Parser) -> Result<Command, ParserError> {
     |    ^^^^^^^^^^^^^

warning: function `parse_assignment` is never used
    --> src\parser\control_flow.rs:1285:4
     |
1285 | fn parse_assignment(parser: &mut Parser) -> Result<Command, ParserError> {
     |    ^^^^^^^^^^^^^^^^

warning: function `parse_parameter_expansion` is never used
    --> src\parser\words.rs:1885:4
     |
1885 | fn parse_parameter_expansion(_lexer: &mut Lexer) -> Result<Word, ParserError> {
     |    ^^^^^^^^^^^^^^^^^^^^^^^^^

warning: function `escape_glob_pattern` is never used
 --> src\generator\commands\find.rs:4:4
  |
4 | fn escape_glob_pattern(pattern: &str) -> String {
  |    ^^^^^^^^^^^^^^^^^^^

warning: function `parse_size_to_bytes` is never used
   --> src\generator\commands\find.rs:195:4
    |
195 | fn parse_size_to_bytes(size_str: &str) -> u64 {
    |    ^^^^^^^^^^^^^^^^^^^

warning: function `generate_tr_linebyline_impl` is never used
  --> src\generator\commands\tr.rs:24:4
   |
24 | fn generate_tr_linebyline_impl(generator: &mut Generator, cmd: &SimpleCommand, input_var: &str, _command_index: &str) -> String {
   |    ^^^^^^^^^^^^^^^^^^^^^^^^^^^

warning: function `generate_tr_buffered_impl` is never used
  --> src\generator\commands\tr.rs:73:4
   |
73 | fn generate_tr_buffered_impl(generator: &mut Generator, cmd: &SimpleCommand, input_var: &str, command_index: &str) -> String {
   |    ^^^^^^^^^^^^^^^^^^^^^^^^^

warning: function `is_variable_used_after_for_loop` is never used
   --> src\generator\control_flow.rs:230:4
    |
230 | fn is_variable_used_after_for_loop(commands: &[Command], for_loop_var: &str, for_loop_index: usize) -> bool {
    |    ^^^^^^^^^^^^^^^^^^^^^^^^^^^^^^^

warning: fields `variable_usage` and `scope_depth` are never read
  --> src\variable_analysis.rs:8:5
   |
 6 | pub struct VariableUsageAnalyzer {
   |            --------------------- fields in this struct
 7 |     /// Maps variable names to their usage information
 8 |     variable_usage: HashMap<String, VariableUsageInfo>,
   |     ^^^^^^^^^^^^^^
 9 |     /// Current scope depth for tracking nested scopes
10 |     scope_depth: usize,
   |     ^^^^^^^^^^^
   |
   = note: `VariableUsageAnalyzer` has derived impls for the traits `Clone` and `Debug`, but these are intentionally ignored during dead code analysis

warning: `debashl` (lib) generated 32 warnings (run `cargo fix --lib -p debashl` to apply 5 suggestions)
warning: unused import: `execute_with_progress`
 --> src\testing.rs:9:67
  |
9 | use crate::timeout_manager::{OperationType, execute_with_timeout, execute_with_progress, 
  |                                                                   ^^^^^^^^^^^^^^^^^^^^^
  |
  = note: `#[warn(unused_imports)]` on by default

warning: unused import: `debashl::parser::errors::ParserError`
  --> src\testing.rs:16:5
   |
16 | use debashl::parser::errors::ParserError;
   |     ^^^^^^^^^^^^^^^^^^^^^^^^^^^^^^^^^^^^

warning: unused variable: `operation_handle`
  --> src\testing.rs:25:9
   |
25 |     let operation_handle = std::thread::spawn(move || {
   |         ^^^^^^^^^^^^^^^^ help: if this is intentional, prefix it with an underscore: `_operation_handle`
   |
   = note: `#[warn(unused_variables)]` on by default

warning: variable does not need to be mutable
    --> src\testing.rs:1188:9
     |
1188 |     let mut should_break = false;
     |         ----^^^^^^^^^^^^
     |         |
     |         help: remove this `mut`
     |
     = note: `#[warn(unused_mut)]` on by default

warning: unused variable: `overall_start`
    --> src\testing.rs:1397:9
     |
1397 |     let overall_start = std::time::Instant::now();
     |         ^^^^^^^^^^^^^ help: if this is intentional, prefix it with an underscore: `_overall_start`

warning: unused variable: `test_loop_start`
    --> src\testing.rs:1445:9
     |
1445 |     let test_loop_start = std::time::Instant::now();
     |         ^^^^^^^^^^^^^^^ help: if this is intentional, prefix it with an underscore: `_test_loop_start`

warning: unused variable: `should_break`
    --> src\testing.rs:1994:13
     |
1994 |     let mut should_break = false;
     |             ^^^^^^^^^^^^ help: if this is intentional, prefix it with an underscore: `_should_break`

warning: variable does not need to be mutable
    --> src\testing.rs:1994:9
     |
1994 |     let mut should_break = false;
     |         ----^^^^^^^^^^^^
     |         |
     |         help: remove this `mut`

warning: function `run_perl_script` is never used
  --> src\execution.rs:62:8
   |
62 | pub fn run_perl_script(script_path: &str) -> Result<std::process::Output, String> {
   |        ^^^^^^^^^^^^^^^
   |
   = note: `#[warn(dead_code)]` on by default

warning: function `extract_line_col` is never used
 --> src\utils.rs:4:8
  |
4 | pub fn extract_line_col(e: &dyn std::error::Error) -> Option<(usize, usize)> {
  |        ^^^^^^^^^^^^^^^^

warning: function `parse_line_col` is never used
  --> src\utils.rs:17:8
   |
17 | pub fn parse_line_col(s: &str) -> Option<(usize, usize)> {
   |        ^^^^^^^^^^^^^^

warning: function `caret_snippet` is never used
  --> src\utils.rs:25:8
   |
25 | pub fn caret_snippet(input: &str, line: usize, col: usize) -> Option<String> {
   |        ^^^^^^^^^^^^^

warning: function `with_timeout` is never used
  --> src\testing.rs:19:4
   |
19 | fn with_timeout<F, T>(timeout_secs: u64, operation: F) -> Result<T, String> 
   |    ^^^^^^^^^^^^

warning: fields `shell_duration` and `translated_duration` are never read
  --> src\testing.rs:52:9
   |
39 | pub struct TestResult {
   |            ---------- fields in this struct
...
52 |     pub shell_duration: std::time::Duration, // Shell execution time
   |         ^^^^^^^^^^^^^^
53 |     pub translated_duration: std::time::Duration, // Translated program execution time
   |         ^^^^^^^^^^^^^^^^^^^
   |
   = note: `TestResult` has a derived impl for the trait `Debug`, but this is intentionally ignored during dead code analysis

warning: function `test_file_equivalence_detailed` is never used
   --> src\testing.rs:552:8
    |
552 | pub fn test_file_equivalence_detailed(lang: &str, filename: &str, ast_options: Option<AstFormatOptions>) -> Result<TestResult, String> {
    |        ^^^^^^^^^^^^^^^^^^^^^^^^^^^^^^

warning: function `test_all_examples_next_fail` is never used
    --> src\testing.rs:1393:8
     |
1393 | pub fn test_all_examples_next_fail(generators: &[String], test_prefix: Option<String>, enable_perl_critic: bool) {
     |        ^^^^^^^^^^^^^^^^^^^^^^^^^^^

warning: function `extract_core_perl_logic` is never used
   --> src\cli_commands.rs:198:4
    |
198 | fn extract_core_perl_logic(perl_code: &str) -> String {
    |    ^^^^^^^^^^^^^^^^^^^^^^^

warning: function `export_mir_to_json` is never used
   --> src\cli_commands.rs:445:8
    |
445 | pub fn export_mir_to_json(input: &str, _optimize: bool) {
    |        ^^^^^^^^^^^^^^^^^^

warning: variants `Parsing`, `CodeGeneration`, `FileOperations`, `TestExecution`, and `DebugFreeze` are never constructed
  --> src\timeout_manager.rs:11:5
   |
 8 | pub enum OperationType {
   |          ------------- variants in this enum
...
11 |     Parsing,            // Parsing shell scripts
   |     ^^^^^^^
12 |     CodeGeneration,     // Generating Perl code
   |     ^^^^^^^^^^^^^^
13 |     FileOperations,     // File I/O operations
   |     ^^^^^^^^^^^^^^
14 |     TestExecution,      // Overall test execution
   |     ^^^^^^^^^^^^^
15 |     DebugFreeze,        // Debug freeze pause
   |     ^^^^^^^^^^^
   |
   = note: `OperationType` has derived impls for the traits `Clone` and `Debug`, but these are intentionally ignored during dead code analysis

warning: methods `set_freeze_duration` and `get_freeze_duration` are never used
  --> src\timeout_manager.rs:74:12
   |
51 | impl DebugFreezeManager {
   | ----------------------- methods in this implementation
...
74 |     pub fn set_freeze_duration(&mut self, duration: Duration) {
   |            ^^^^^^^^^^^^^^^^^^^
...
78 |     pub fn get_freeze_duration(&self) -> Duration {
   |            ^^^^^^^^^^^^^^^^^^^

warning: methods `set_timeout` and `execute_with_progress` are never used
   --> src\timeout_manager.rs:117:12
    |
 90 | impl TimeoutManager {
    | ------------------- methods in this implementation
...
117 |     pub fn set_timeout(&mut self, operation: OperationType, duration: Duration) {
    |            ^^^^^^^^^^^
...
178 |     pub fn execute_with_progress<F, T>(&self, operation: OperationType, operation_fn: F) -> Result<T, String>
    |            ^^^^^^^^^^^^^^^^^^^^^

warning: function `execute_with_progress` is never used
   --> src\timeout_manager.rs:302:8
    |
302 | pub fn execute_with_progress<F, T>(operation: OperationType, operation_fn: F) -> Result<T, String>
    |        ^^^^^^^^^^^^^^^^^^^^^

warning: `debashl` (bin "debashc") generated 25 warnings (3 duplicates) (run `cargo fix --bin "debashc"` to apply 4 suggestions)
    Finished `dev` profile [unoptimized + debuginfo] target(s) in 0.41s
Running test_purify.pl validation...
Running test_purify.pl with verbose output
Running test_purify.pl with next option
DEBUG[1759154641.710]: Found 54 .pl files in examples.impurl directory
DEBUG[1759154641.710]: Files to process: examples.impurl/000benchmark.pl, examples.impurl/001_echo_basic.pl, examples.impurl/002_printf_basic.pl, examples.impurl/003__ls_basic.pl, examples.impurl/003_ls_basic.pl, examples.impurl/004_cat_basic.pl, examples.impurl/005_wc_basic.pl, examples.impurl/006_head_basic.pl, examples.impurl/007_tail_basic.pl, examples.impurl/008_date_basic.pl, examples.impurl/009_sleep_basic.pl, examples.impurl/010_which_basic.pl, examples.impurl/011_grep_basic.pl, examples.impurl/012_sed_basic.pl, examples.impurl/013_awk_basic.pl, examples.impurl/014_tr_basic.pl, examples.impurl/015_cut_basic.pl, examples.impurl/016_sort_basic.pl, examples.impurl/017_uniq_basic.pl, examples.impurl/018_paste_basic.pl, examples.impurl/019_comm_basic.pl, examples.impurl/020_diff_basic.pl, examples.impurl/021_find_basic.pl, examples.impurl/022_cp_basic.pl, examples.impurl/023_mv_basic.pl, examples.impurl/024_rm_basic.pl, examples.impurl/025_mkdir_basic.pl, examples.impurl/026_touch_basic.pl, examples.impurl/027_basename_basic.pl, examples.impurl/028_dirname_basic.pl, examples.impurl/029_xargs_basic.pl, examples.impurl/030_tee_basic.pl, examples.impurl/031_time_basic.pl, examples.impurl/032_kill_basic.pl, examples.impurl/033_nice_basic.pl, examples.impurl/034_nohup_basic.pl, examples.impurl/035_pipeline_basic.pl, examples.impurl/036_control_flow_basic.pl, examples.impurl/037_complex_pipeline.pl, examples.impurl/038_advanced_control_flow.pl, examples.impurl/039_subshell_operations.pl, examples.impurl/040_most_complex_example.pl, examples.impurl/041_compression_network.pl, examples.impurl/042_checksum_verification.pl, examples.impurl/043_string_processing.pl, examples.impurl/044_yes_command.pl, examples.impurl/045_read_command.pl, examples.impurl/046_perl_command.pl, examples.impurl/047_advanced_pipelines.pl, examples.impurl/048_nested_control_flow.pl, examples.impurl/049_ultimate_complex_example.pl, examples.impurl/050_final_example.pl, examples.impurl/051_remaining_examples.pl, examples.impurl/052_complex_usage_examples.pl
DEBUG[1759154641.710]: Testing purify.pl --help...
DEBUG[1759154641.710]: Starting purify.pl help test (timeout: 5s, type: purify_help)
DEBUG[1759154642.748]: purify.pl help test completed in 1.03811502456665s (exit code: 0)
DEBUG[1759154642.748]: purify.pl --help test passed
DEBUG[1759154642.748]: Progress: [                    ] 1% (1/54) - Processing files
DEBUG[1759154642.748]: Testing purify.pl on examples.impurl/000benchmark.pl -> pure/000benchmark.pl
DEBUG[1759154642.748]: File 1 of 54
DEBUG[1759154642.748]: Running purify.pl on examples.impurl/000benchmark.pl
DEBUG[1759154642.748]: Starting purify.pl execution (timeout: 60s, type: purify_execution)
DEBUG[1759154643.731]: purify.pl execution completed in 0.9827880859375s (exit code: 0)
DEBUG[1759154643.731]: purify.pl result: 0
DEBUG[1759154643.731]: ✓ examples.impurl/000benchmark.pl: purify.pl processed successfully
DEBUG[1759154643.731]: Checking if pure/000benchmark.pl still contains system calls or backticks
DEBUG[1759154643.731]: Starting grep check (timeout: 5s, type: grep_check)
DEBUG[1759154643.783]: grep check completed in 0.0515029430389404s (exit code: 1)
DEBUG[1759154643.783]: ✓ Purification check passed - no system calls or backticks found
DEBUG[1759154643.783]: Running original file: examples.impurl/000benchmark.pl
DEBUG[1759154643.783]: Starting original file execution (timeout: 30s, type: perl_execution)
DEBUG[1759154643.980]: original file execution completed in 0.196753978729248s (exit code: 0)
DEBUG[1759154643.980]: Original file execution result: 0
DEBUG[1759154643.980]: Running purified file: pure/000benchmark.pl
DEBUG[1759154643.980]: Starting purified file execution (timeout: 30s, type: perl_execution)
DEBUG[1759154644.260]: purified file execution completed in 0.279684066772461s (exit code: 0)
DEBUG[1759154644.260]: Purified file execution result: 0
DEBUG[1759154644.260]: ✓ Output comparison passed - files produce identical output
DEBUG[1759154644.260]: Progress: [                    ] 3% (2/54) - Processing files
DEBUG[1759154644.260]: Testing purify.pl on examples.impurl/001_echo_basic.pl -> pure/001_echo_basic.pl
DEBUG[1759154644.260]: File 2 of 54
DEBUG[1759154644.260]: Running purify.pl on examples.impurl/001_echo_basic.pl
DEBUG[1759154644.260]: Starting purify.pl execution (timeout: 60s, type: purify_execution)
DEBUG[1759154645.490]: purify.pl execution completed in 1.22946190834045s (exit code: 0)
DEBUG[1759154645.490]: purify.pl result: 0
DEBUG[1759154645.490]: ✓ examples.impurl/001_echo_basic.pl: purify.pl processed successfully
DEBUG[1759154645.490]: Checking if pure/001_echo_basic.pl still contains system calls or backticks
DEBUG[1759154645.490]: Starting grep check (timeout: 5s, type: grep_check)
DEBUG[1759154645.549]: grep check completed in 0.0590460300445557s (exit code: 1)
DEBUG[1759154645.549]: ✓ Purification check passed - no system calls or backticks found
DEBUG[1759154645.549]: Running original file: examples.impurl/001_echo_basic.pl
DEBUG[1759154645.549]: Starting original file execution (timeout: 30s, type: perl_execution)
DEBUG[1759154646.226]: original file execution completed in 0.677160978317261s (exit code: 0)
DEBUG[1759154646.226]: Original file execution result: 0
DEBUG[1759154646.226]: Running purified file: pure/001_echo_basic.pl
DEBUG[1759154646.226]: Starting purified file execution (timeout: 30s, type: perl_execution)
DEBUG[1759154646.774]: purified file execution completed in 0.547652006149292s (exit code: 0)
DEBUG[1759154646.774]: Purified file execution result: 0
DEBUG[1759154646.774]: ✓ Output comparison passed - files produce identical output
DEBUG[1759154646.774]: Progress: [=                   ] 5% (3/54) - Processing files
DEBUG[1759154646.774]: Testing purify.pl on examples.impurl/002_printf_basic.pl -> pure/002_printf_basic.pl
DEBUG[1759154646.774]: File 3 of 54
DEBUG[1759154646.774]: Running purify.pl on examples.impurl/002_printf_basic.pl
DEBUG[1759154646.774]: Starting purify.pl execution (timeout: 60s, type: purify_execution)
DEBUG[1759154648.191]: purify.pl execution completed in 1.41676592826843s (exit code: 0)
DEBUG[1759154648.191]: purify.pl result: 0
DEBUG[1759154648.191]: ✓ examples.impurl/002_printf_basic.pl: purify.pl processed successfully
DEBUG[1759154648.191]: Checking if pure/002_printf_basic.pl still contains system calls or backticks
DEBUG[1759154648.191]: Starting grep check (timeout: 5s, type: grep_check)
DEBUG[1759154648.252]: grep check completed in 0.0605111122131348s (exit code: 1)
DEBUG[1759154648.252]: ✓ Purification check passed - no system calls or backticks found
DEBUG[1759154648.252]: Running original file: examples.impurl/002_printf_basic.pl
DEBUG[1759154648.252]: Starting original file execution (timeout: 30s, type: perl_execution)
DEBUG[1759154650.262]: original file execution completed in 2.01045513153076s (exit code: 0)
DEBUG[1759154650.262]: Original file execution result: 0
DEBUG[1759154650.262]: Running purified file: pure/002_printf_basic.pl
DEBUG[1759154650.263]: Starting purified file execution (timeout: 30s, type: perl_execution)
DEBUG[1759154651.835]: purified file execution completed in 1.57232594490051s (exit code: 0)
DEBUG[1759154651.835]: Purified file execution result: 0
DEBUG[1759154651.835]: ✓ Output comparison passed - files produce identical output
DEBUG[1759154651.835]: Progress: [=                   ] 7% (4/54) - Processing files
DEBUG[1759154651.835]: Testing purify.pl on examples.impurl/003__ls_basic.pl -> pure/003__ls_basic.pl
DEBUG[1759154651.835]: File 4 of 54
DEBUG[1759154651.835]: Running purify.pl on examples.impurl/003__ls_basic.pl
DEBUG[1759154651.835]: Starting purify.pl execution (timeout: 60s, type: purify_execution)
DEBUG[1759154654.189]: purify.pl execution completed in 2.35406398773193s (exit code: 0)
DEBUG[1759154654.189]: purify.pl result: 0
DEBUG[1759154654.189]: ✓ examples.impurl/003__ls_basic.pl: purify.pl processed successfully
DEBUG[1759154654.189]: Checking if pure/003__ls_basic.pl still contains system calls or backticks
DEBUG[1759154654.189]: Starting grep check (timeout: 5s, type: grep_check)
DEBUG[1759154654.285]: grep check completed in 0.0950350761413574s (exit code: 1)
DEBUG[1759154654.285]: ✓ Purification check passed - no system calls or backticks found
DEBUG[1759154654.285]: Running original file: examples.impurl/003__ls_basic.pl
DEBUG[1759154654.285]: Starting original file execution (timeout: 30s, type: perl_execution)
DEBUG[1759154655.252]: original file execution completed in 0.967704057693481s (exit code: 0)
DEBUG[1759154655.252]: Original file execution result: 0
DEBUG[1759154655.252]: Running purified file: pure/003__ls_basic.pl
DEBUG[1759154655.252]: Starting purified file execution (timeout: 30s, type: perl_execution)
DEBUG[1759154655.742]: purified file execution completed in 0.489842891693115s (exit code: 0)
DEBUG[1759154655.742]: Purified file execution result: 0
DEBUG[1759154655.742]: ✓ Output comparison passed - files produce identical output
DEBUG[1759154655.743]: Progress: [=                   ] 9% (5/54) - Processing files
DEBUG[1759154655.743]: Testing purify.pl on examples.impurl/003_ls_basic.pl -> pure/003_ls_basic.pl
DEBUG[1759154655.743]: File 5 of 54
DEBUG[1759154655.743]: Running purify.pl on examples.impurl/003_ls_basic.pl
DEBUG[1759154655.743]: Starting purify.pl execution (timeout: 60s, type: purify_execution)
DEBUG[1759154657.518]: purify.pl execution completed in 1.77521896362305s (exit code: 0)
DEBUG[1759154657.518]: purify.pl result: 0
DEBUG[1759154657.518]: ✓ examples.impurl/003_ls_basic.pl: purify.pl processed successfully
DEBUG[1759154657.518]: Checking if pure/003_ls_basic.pl still contains system calls or backticks
DEBUG[1759154657.518]: Starting grep check (timeout: 5s, type: grep_check)
DEBUG[1759154657.595]: grep check completed in 0.0768351554870605s (exit code: 1)
DEBUG[1759154657.595]: ✓ Purification check passed - no system calls or backticks found
DEBUG[1759154657.595]: Running original file: examples.impurl/003_ls_basic.pl
DEBUG[1759154657.595]: Starting original file execution (timeout: 30s, type: perl_execution)
DEBUG[1759154658.744]: original file execution completed in 1.14871382713318s (exit code: 0)
DEBUG[1759154658.744]: Original file execution result: 0
DEBUG[1759154658.744]: Running purified file: pure/003_ls_basic.pl
DEBUG[1759154658.744]: Starting purified file execution (timeout: 30s, type: perl_execution)
DEBUG[1759154659.508]: purified file execution completed in 0.763674020767212s (exit code: 0)
DEBUG[1759154659.508]: Purified file execution result: 0
DEBUG[1759154659.508]: ✓ Output comparison passed - files produce identical output
DEBUG[1759154659.508]: Progress: [==                  ] 11% (6/54) - Processing files
DEBUG[1759154659.508]: Testing purify.pl on examples.impurl/004_cat_basic.pl -> pure/004_cat_basic.pl
DEBUG[1759154659.508]: File 6 of 54
DEBUG[1759154659.508]: Running purify.pl on examples.impurl/004_cat_basic.pl
DEBUG[1759154659.508]: Starting purify.pl execution (timeout: 60s, type: purify_execution)
DEBUG[1759154662.570]: purify.pl execution completed in 3.06140494346619s (exit code: 0)
DEBUG[1759154662.570]: purify.pl result: 0
DEBUG[1759154662.570]: ✓ examples.impurl/004_cat_basic.pl: purify.pl processed successfully
DEBUG[1759154662.570]: Checking if pure/004_cat_basic.pl still contains system calls or backticks
DEBUG[1759154662.570]: Starting grep check (timeout: 5s, type: grep_check)
DEBUG[1759154662.646]: grep check completed in 0.076016902923584s (exit code: 1)
DEBUG[1759154662.646]: ✓ Purification check passed - no system calls or backticks found
DEBUG[1759154662.646]: Running original file: examples.impurl/004_cat_basic.pl
DEBUG[1759154662.646]: Starting original file execution (timeout: 30s, type: perl_execution)
DEBUG[1759154664.305]: original file execution completed in 1.65880799293518s (exit code: 0)
DEBUG[1759154664.305]: Original file execution result: 0
DEBUG[1759154664.305]: Running purified file: pure/004_cat_basic.pl
DEBUG[1759154664.305]: Starting purified file execution (timeout: 30s, type: perl_execution)
DEBUG[1759154665.538]: purified file execution completed in 1.23299598693848s (exit code: 0)
DEBUG[1759154665.538]: Purified file execution result: 0
DEBUG[1759154665.538]: ✓ Output comparison passed - files produce identical output
DEBUG[1759154665.538]: Progress: [==                  ] 12% (7/54) - Processing files
DEBUG[1759154665.538]: Testing purify.pl on examples.impurl/005_wc_basic.pl -> pure/005_wc_basic.pl
DEBUG[1759154665.538]: File 7 of 54
DEBUG[1759154665.538]: Running purify.pl on examples.impurl/005_wc_basic.pl
DEBUG[1759154665.538]: Starting purify.pl execution (timeout: 60s, type: purify_execution)
DEBUG[1759154667.360]: purify.pl execution completed in 1.8214099407196s (exit code: 0)
DEBUG[1759154667.360]: purify.pl result: 0
DEBUG[1759154667.360]: ✓ examples.impurl/005_wc_basic.pl: purify.pl processed successfully
DEBUG[1759154667.360]: Checking if pure/005_wc_basic.pl still contains system calls or backticks
DEBUG[1759154667.360]: Starting grep check (timeout: 5s, type: grep_check)
DEBUG[1759154667.405]: grep check completed in 0.0454170703887939s (exit code: 1)
DEBUG[1759154667.405]: ✓ Purification check passed - no system calls or backticks found
DEBUG[1759154667.405]: Running original file: examples.impurl/005_wc_basic.pl
DEBUG[1759154667.405]: Starting original file execution (timeout: 30s, type: perl_execution)
DEBUG[1759154668.425]: original file execution completed in 1.01928997039795s (exit code: 0)
DEBUG[1759154668.425]: Original file execution result: 0
DEBUG[1759154668.425]: Running purified file: pure/005_wc_basic.pl
DEBUG[1759154668.425]: Starting purified file execution (timeout: 30s, type: perl_execution)
DEBUG[1759154669.325]: purified file execution completed in 0.899574041366577s (exit code: 0)
DEBUG[1759154669.325]: Purified file execution result: 0
DEBUG[1759154669.325]: ✓ Output comparison passed - files produce identical output
DEBUG[1759154669.326]: Progress: [==                  ] 14% (8/54) - Processing files
DEBUG[1759154669.326]: Testing purify.pl on examples.impurl/006_head_basic.pl -> pure/006_head_basic.pl
DEBUG[1759154669.326]: File 8 of 54
DEBUG[1759154669.326]: Running purify.pl on examples.impurl/006_head_basic.pl
DEBUG[1759154669.326]: Starting purify.pl execution (timeout: 60s, type: purify_execution)
DEBUG[1759154671.162]: purify.pl execution completed in 1.83635687828064s (exit code: 0)
DEBUG[1759154671.162]: purify.pl result: 0
DEBUG[1759154671.162]: ✓ examples.impurl/006_head_basic.pl: purify.pl processed successfully
DEBUG[1759154671.162]: Checking if pure/006_head_basic.pl still contains system calls or backticks
DEBUG[1759154671.162]: Starting grep check (timeout: 5s, type: grep_check)
DEBUG[1759154671.223]: grep check completed in 0.0609369277954102s (exit code: 1)
DEBUG[1759154671.223]: ✓ Purification check passed - no system calls or backticks found
DEBUG[1759154671.223]: Running original file: examples.impurl/006_head_basic.pl
DEBUG[1759154671.223]: Starting original file execution (timeout: 30s, type: perl_execution)
DEBUG[1759154671.596]: original file execution completed in 0.372737169265747s (exit code: 143)
DEBUG[1759154671.596]: Original file execution result: 143
DEBUG[1759154671.596]: Running purified file: pure/006_head_basic.pl
DEBUG[1759154671.596]: Starting purified file execution (timeout: 30s, type: perl_execution)
test_purify.pl passed, continuing with other commands...
Running debashc with fine-grained per-test timeouts...
Running: debashc test generation and execution
Command: ./target/debug/debashc.exe fail --perl-critic "000__06"
Timeout: Per-test timeouts (30s shell, 10s parse, 5s generate)
----------------------------------------
Running ALL 146 examples (limited to 50 tests to prevent timeout)

DEBUG: Looking for prefix '000__06'

Found example matching prefix '000__06': 000__06_text_processing_commands.sh

Running only the specified example
==================================================
DEBUG: Progress: 5/146 tests completed (3.4%)
DEBUG: Progress: 10/146 tests completed (6.8%)
Test 13/146: 000__06_text_processing_commands.sh with perl     DEBUG: Starting test execution for examples\000__06_text_processing_commands.sh with generator perl
DEBUG: Running shell script: examples\000__06_text_processing_commands.sh
DEBUG: Timeout manager starting ShellExecution with timeout of 120.0 seconds
DEBUG: Timeout manager completed ShellExecution successfully
DEBUG: Shell script completed in 1.50s
DEBUG: Shell script execution completed, now starting Perl generation
DEBUG: Setting original script name to: 000__06_text_processing_commands.sh
DEBUG: CommandSubstitution called with command: Pipeline(Pipeline { commands: [Simple(SimpleCommand { name: Literal("cat", None), args: [Literal("src/main.rs", None)], redirects: [], env_vars: {}, stdout_used: true, stderr_used: true }), Simple(SimpleCommand { name: Literal("head", None), args: [Literal("-5", None)], redirects: [], env_vars: {}, stdout_used: true, stderr_used: true })], source_text: None, stdout_used: true, stderr_used: true })
DEBUG: generate_pipeline_for_substitution called
DEBUG: Pipeline has 2 commands
DEBUG: Processing 2-command pipeline
DEBUG: CommandSubstitution called with command: Simple(SimpleCommand { name: Literal("grep", None), args: [Literal("-n", None), Literal("fn", None), Literal("src/main.rs", None)], redirects: [], env_vars: {}, stdout_used: true, stderr_used: true })
DEBUG: CommandSubstitution called with command: Pipeline(Pipeline { commands: [Simple(SimpleCommand { name: Literal("echo", None), args: [StringInterpolation(StringInterpolation { parts: [Literal("Hello World")] }, None)], redirects: [], env_vars: {}, stdout_used: true, stderr_used: true }), Simple(SimpleCommand { name: Literal("sed", None), args: [Literal("s/World/Universe/", None)], redirects: [], env_vars: {}, stdout_used: true, stderr_used: true })], source_text: None, stdout_used: true, stderr_used: true })
DEBUG: generate_pipeline_for_substitution called
DEBUG: Pipeline has 2 commands
DEBUG: Processing 2-command pipeline
DEBUG: CommandSubstitution called with command: Pipeline(Pipeline { commands: [Simple(SimpleCommand { name: Literal("echo", None), args: [StringInterpolation(StringInterpolation { parts: [Literal("1 2 3 4 5")] }, None)], redirects: [], env_vars: {}, stdout_used: true, stderr_used: true }), Simple(SimpleCommand { name: Literal("awk", None), args: [Literal("{print $1 + $2}", None)], redirects: [], env_vars: {}, stdout_used: true, stderr_used: true })], source_text: None, stdout_used: true, stderr_used: true })
DEBUG: generate_pipeline_for_substitution called
DEBUG: Pipeline has 2 commands
DEBUG: Processing 2-command pipeline
DEBUG: CommandSubstitution called with command: Pipeline(Pipeline { commands: [Simple(SimpleCommand { name: Literal("echo", None), args: [Literal("-e", None), StringInterpolation(StringInterpolation { parts: [Literal("zebra\\napple\\nbanana")] }, None)], redirects: [], env_vars: {}, stdout_used: true, stderr_used: true }), Simple(SimpleCommand { name: Literal("sort", None), args: [], redirects: [], env_vars: {}, stdout_used: true, stderr_used: true })], source_text: None, stdout_used: true, stderr_used: true })
DEBUG: generate_pipeline_for_substitution called
DEBUG: Pipeline has 2 commands
DEBUG: Processing 2-command pipeline
DEBUG: CommandSubstitution called with command: Pipeline(Pipeline { commands: [Simple(SimpleCommand { name: Literal("echo", None), args: [Literal("-e", None), StringInterpolation(StringInterpolation { parts: [Literal("apple\\napple\\nbanana\\nbanana\\ncherry")] }, None)], redirects: [], env_vars: {}, stdout_used: true, stderr_used: true }), Simple(SimpleCommand { name: Literal("uniq", None), args: [], redirects: [], env_vars: {}, stdout_used: true, stderr_used: true })], source_text: None, stdout_used: true, stderr_used: true })
DEBUG: generate_pipeline_for_substitution called
DEBUG: Pipeline has 2 commands
DEBUG: Processing 2-command pipeline
DEBUG: CommandSubstitution called with command: Pipeline(Pipeline { commands: [Simple(SimpleCommand { name: Literal("echo", None), args: [Literal("-e", None), StringInterpolation(StringInterpolation { parts: [Literal("line1\\nline2\\nline3")] }, None)], redirects: [], env_vars: {}, stdout_used: true, stderr_used: true }), Simple(SimpleCommand { name: Literal("wc", None), args: [Literal("-l", None)], redirects: [], env_vars: {}, stdout_used: true, stderr_used: true })], source_text: None, stdout_used: true, stderr_used: true })
DEBUG: generate_pipeline_for_substitution called
DEBUG: Pipeline has 2 commands
DEBUG: Processing 2-command pipeline
DEBUG: CommandSubstitution called with command: Pipeline(Pipeline { commands: [Simple(SimpleCommand { name: Literal("echo", None), args: [StringInterpolation(StringInterpolation { parts: [Literal("Hello World")] }, None)], redirects: [], env_vars: {}, stdout_used: true, stderr_used: true }), Simple(SimpleCommand { name: Literal("wc", None), args: [Literal("-w", None)], redirects: [], env_vars: {}, stdout_used: true, stderr_used: true })], source_text: None, stdout_used: true, stderr_used: true })
DEBUG: generate_pipeline_for_substitution called
DEBUG: Pipeline has 2 commands
DEBUG: Processing 2-command pipeline
DEBUG: CommandSubstitution called with command: Pipeline(Pipeline { commands: [Simple(SimpleCommand { name: Literal("seq", None), args: [Literal("1", None), Literal("10", None)], redirects: [], env_vars: {}, stdout_used: true, stderr_used: true }), Simple(SimpleCommand { name: Literal("head", None), args: [Literal("-3", None)], redirects: [], env_vars: {}, stdout_used: true, stderr_used: true })], source_text: None, stdout_used: true, stderr_used: true })
DEBUG: generate_pipeline_for_substitution called
DEBUG: Pipeline has 2 commands
DEBUG: Processing 2-command pipeline
DEBUG: CommandSubstitution called with command: Pipeline(Pipeline { commands: [Simple(SimpleCommand { name: Literal("seq", None), args: [Literal("1", None), Literal("10", None)], redirects: [], env_vars: {}, stdout_used: true, stderr_used: true }), Simple(SimpleCommand { name: Literal("tail", None), args: [Literal("-3", None)], redirects: [], env_vars: {}, stdout_used: true, stderr_used: true })], source_text: None, stdout_used: true, stderr_used: true })
DEBUG: generate_pipeline_for_substitution called
DEBUG: Pipeline has 2 commands
DEBUG: Processing 2-command pipeline
DEBUG: CommandSubstitution called with command: Pipeline(Pipeline { commands: [Simple(SimpleCommand { name: Literal("echo", None), args: [StringInterpolation(StringInterpolation { parts: [Literal("apple:banana:cherry")] }, None)], redirects: [], env_vars: {}, stdout_used: true, stderr_used: true }), Simple(SimpleCommand { name: Literal("cut", None), args: [Literal("-d", None), Literal(":", None), Literal("-f", None), Literal("2", None)], redirects: [], env_vars: {}, stdout_used: true, stderr_used: true })], source_text: None, stdout_used: true, stderr_used: true })
DEBUG: generate_pipeline_for_substitution called
DEBUG: Pipeline has 2 commands
DEBUG: Processing 2-command pipeline
DEBUG: CommandSubstitution called with command: Pipeline(Pipeline { commands: [Simple(SimpleCommand { name: Literal("paste", None), args: [Literal("temp1.txt", None), Literal("temp2.txt", None)], redirects: [], env_vars: {}, stdout_used: true, stderr_used: true }), Simple(SimpleCommand { name: Literal("sed", None), args: [Literal("s/\\t/ /g", None)], redirects: [], env_vars: {}, stdout_used: true, stderr_used: true })], source_text: None, stdout_used: true, stderr_used: true })
DEBUG: generate_pipeline_for_substitution called
DEBUG: Pipeline has 2 commands
DEBUG: Processing 2-command pipeline
DEBUG: CommandSubstitution called with command: Simple(SimpleCommand { name: Literal("comm", None), args: [Literal("-12", None), Literal("file1.txt", None), Literal("file2.txt", None)], redirects: [], env_vars: {}, stdout_used: true, stderr_used: true })
DEBUG: comm command detected, checking for process substitution
DEBUG: comm command has no process substitution, using dedicated implementation
DEBUG: CommandSubstitution called with command: Simple(SimpleCommand { name: Literal("diff", None), args: [Literal("file1.txt", None), Literal("file2.txt", None)], redirects: [], env_vars: {}, stdout_used: true, stderr_used: true })
DEBUG: Processing diff command in command substitution with args: [Literal("file1.txt", None), Literal("file2.txt", None)]
DEBUG: CommandSubstitution called with command: Pipeline(Pipeline { commands: [Simple(SimpleCommand { name: Literal("echo", None), args: [StringInterpolation(StringInterpolation { parts: [Literal("HELLO WORLD")] }, None)], redirects: [], env_vars: {}, stdout_used: true, stderr_used: true }), Simple(SimpleCommand { name: Literal("tr", None), args: [Literal("A-Z", None), Literal("a-z", None)], redirects: [], env_vars: {}, stdout_used: true, stderr_used: true })], source_text: None, stdout_used: true, stderr_used: true })
DEBUG: generate_pipeline_for_substitution called
DEBUG: Pipeline has 2 commands
DEBUG: Processing 2-command pipeline
DEBUG: CommandSubstitution called with command: Pipeline(Pipeline { commands: [Simple(SimpleCommand { name: Literal("echo", None), args: [StringInterpolation(StringInterpolation { parts: [Literal("1 2 3")] }, None)], redirects: [], env_vars: {}, stdout_used: true, stderr_used: true }), Simple(SimpleCommand { name: Literal("xargs", None), args: [Literal("-n", None), Literal("1", None), Literal("echo", None), StringInterpolation(StringInterpolation { parts: [Literal("Number:")] }, None)], redirects: [], env_vars: {}, stdout_used: true, stderr_used: true })], source_text: None, stdout_used: true, stderr_used: true })
DEBUG: generate_pipeline_for_substitution called
DEBUG: Pipeline has 2 commands
DEBUG: Processing 2-command pipeline
DEBUG: Perl code generated, length: 16609 characters
DEBUG: check_perl_no_open3_builtins called with 16609 characters
DEBUG: check_perl_no_system_builtins called with 16609 characters
DEBUG: About to start translated program execution
DEBUG: About to execute Perl command: ["perl", "C:\\Users\\s_pam\\AppData\\Local\\Temp\\__tmp_test_output.pl"]
DEBUG: Perl code length: 16609 characters
DEBUG: First 200 characters of Perl code:
#!/usr/bin/env perl
use strict;
use warnings;
use Carp;
use English qw( -no_match_vars );
use locale;
use IPC::Open3;
use File::Path qw(make_path remove_tree);

my $main_exit_code = 0;
my $ls_success 
DEBUG: Saved Perl code to debug_perl_code.pl
DEBUG: Starting Perl execution with timeout manager
DEBUG: Timeout manager starting PerlExecution with timeout of 30.0 seconds
DEBUG: Successfully spawned Perl process
DEBUG: Starting execution loop for Perl process
DEBUG: Execution loop iteration, elapsed: 7.7µs
DEBUG: Perl process completed with status: ExitStatus(ExitStatus(25))
DEBUG: Perl execution completed, duration: 881.0087ms, timed_out: false
DEBUG: Ending Perl execution with timeout manager
DEBUG: Timeout manager completed PerlExecution successfully
DEBUG: Test completed, comparing outputs
DEBUG: Shell stdout length: 454, Translated stdout length: 0
DEBUG: Shell stderr length: 88, Translated stderr length: 194
DEBUG: Shell exit: 0, Translated exit: 25
DEBUG: stdout_match: false, stderr_match: false, exit_code_match: false
DEBUG: timed_out: false
DEBUG: Test success: false
DEBUG: failure_reason: 'Failed due to: exit code mismatch, stdout mismatch, stderr mismatch'
DEBUG: Test execution completed in 33892ms
[2J[1;1H================================================================================
                                    TEST FAILED
================================================================================
File: examples\000__06_text_processing_commands.sh
Generator: perl
Test: 13/146
Tests passed before failure: 0
Failure Reason: Failed due to: exit code mismatch, stdout mismatch, stderr mismatch
================================================================================

Exit Code Comparison (IGNORED):
Shell script exit code: 0
Translated code exit code: 25

================================================================================
ORIGINAL SHELL SCRIPT:
================================================================================
#!/bin/bash

# Text processing commands with backticks
# This file demonstrates using backticks with text manipulation commands

echo "=== Text Processing Commands ==="

# cat command with backticks
#PERL_MUST_NOT_CONTAIN `cat
file_content=`cat src/main.rs | head -5`
echo "First 5 lines of main.rs:"
echo "$file_content"

# grep command with backticks
#PERL_MUST_NOT_CONTAIN `grep
grep_result=`grep -n "fn" src/main.rs`
echo "Lines containing 'fn':"
echo "$grep_result"

# sed command with backticks
#PERL_MUST_NOT_CONTAIN `sed
sed_result=`echo "Hello World" | sed 's/World/Universe/'`
echo "Sed result: $sed_result"

# awk command with backticks
#PERL_MUST_NOT_CONTAIN `awk
awk_result=`echo "1 2 3 4 5" | awk '{print $1 + $2}'`
echo "Awk sum result: $awk_result"

# sort command with backticks
#PERL_MUST_NOT_CONTAIN `sort
sort_result=`echo -e "zebra\napple\nbanana" | sort`
echo "Sorted words:"
echo "$sort_result"

# uniq command with backticks
#PERL_MUST_NOT_CONTAIN `uniq
uniq_result=`echo -e "apple\napple\nbanana\nbanana\ncherry" | uniq`
echo "Unique words:"
echo "$uniq_result"

# wc command with backticks
#PERL_MUST_NOT_CONTAIN `wc
word_count=`echo "Hello World" | wc -w`
line_count=`echo -e "line1\nline2\nline3" | wc -l`
echo "Word count: $word_count"
echo "Line count: $line_count"

# head command with backticks
#PERL_MUST_NOT_CONTAIN `head
head_result=`seq 1 10 | head -3`
echo "First 3 numbers: $head_result"

# tail command with backticks
#PERL_MUST_NOT_CONTAIN `tail
tail_result=`seq 1 10 | tail -3`
echo "Last 3 numbers: $tail_result"

# cut command with backticks
#PERL_MUST_NOT_CONTAIN `cut
cut_result=`echo "apple:banana:cherry" | cut -d: -f2`
echo "Second field: $cut_result"

# paste command with backticks
#PERL_MUST_NOT_CONTAIN `paste
echo -e "1\n2\n3" > temp1.txt
echo -e "a\nb\nc" > temp2.txt
paste_result=`paste temp1.txt temp2.txt | sed 's/\t/ /g'`
echo "Pasted columns:"
echo "$paste_result"
rm -f temp1.txt temp2.txt

# comm command with backticks
#PERL_MUST_NOT_CONTAIN `comm
echo -e "apple\nbanana\ncherry" > file1.txt
echo -e "banana\ncherry\ndate" > file2.txt
comm_result=`comm -12 file1.txt file2.txt`
echo "Common lines:"
echo "$comm_result"

# diff command with backticks
#PERL_MUST_NOT_CONTAIN `diff
diff_result=`diff file1.txt file2.txt`
echo "File differences:"
echo "$diff_result"

# tr command with backticks
#PERL_MUST_NOT_CONTAIN `tr
tr_result=`echo "HELLO WORLD" | tr 'A-Z' 'a-z'`
echo "Lowercase: $tr_result"

# xargs command with backticks
#PERL_MUST_NOT_CONTAIN `xargs
xargs_result=`echo "1 2 3" | xargs -n1 echo "Number:"`
echo "Xargs result:"
echo "$xargs_result"

# Cleanupcd
rm -f file1.txt file2.txt



================================================================================
TRANSLATED PERL CODE:
================================================================================
#!/usr/bin/env perl
use strict;
use warnings;
use Carp;
use English qw( -no_match_vars );
use locale;
use IPC::Open3;
use File::Path qw(make_path remove_tree);

my $main_exit_code = 0;
my $ls_success = 0;
our $CHILD_ERROR;

my $MAGIC_5 = 5;
my $MAGIC_3 = 3;

print "=== Text Processing Commands ===\n";
my $file_content = do {
    my $cmd_result_1 = do { do {
    my $output_0;
    my $pipeline_success_0 = 1;
        $output_0 = q{};
    if (open my $fh, '<', "src/main.rs") {
    while (my $line = <$fh>) {
    $output_0 .= $line;
    }
    close $fh or croak "Close failed: $OS_ERROR";
    # Ensure content ends with newline to prevent line concatenation
        if (!($output_0 =~ /\n$/msx)) {
            $output_0 .= "\n";
        }
    } else {
    carp "cat: ", "src/main.rs", ": No such file or directory";
    $output_0 = q{};
    }
    my $num_lines = 5;
    my $head_line_count = 0;
    my $result = q{};
    my $input = $output_0;
    my $pos = 0;
    while ($pos < length $input && $head_line_count < $num_lines) {
        my $line_end = index $input, "\n", $pos;
        if ($line_end == -1) {
            $line_end = length $input;
        }
        my $head_line = substr $input, $pos, $line_end - $pos;
        $result .= $head_line . "\n";
        $pos = $line_end + 1;
        ++$head_line_count;
    }
    $output_0 = $result;
    if (!$pipeline_success_0) { $main_exit_code = 1; }
        $output_0;
}
 };
    chomp $cmd_result_1;
    $cmd_result_1;
};
print "First 5 lines of main.rs:\n";
print $file_content;
if (!($file_content =~ /\n$/msx)) { print "\n"; }
my $grep_result = do { my $grep_result_2;
my @grep_lines_2 = ();
my @grep_filenames_2 = ();
if (-f "src/main.rs") {
    open my $fh, '<', "src/main.rs" or croak "Cannot open file: $ERRNO";
    while (my $line = <$fh>) {
        chomp $line;
        push @grep_lines_2, $line;
        push @grep_filenames_2, "src/main.rs";
    }
    close $fh or croak "Close failed: $OS_ERROR";
}
my @grep_filtered_2 = grep { /fn/msx } @grep_lines_2;
my @grep_numbered_2;
for my $i (0..@grep_lines_2-1) {
    if (scalar grep { $_ eq $grep_lines_2[$i] } @grep_filtered_2) {
        push @grep_numbered_2, sprintf "%d:%s", $i + 1, $grep_lines_2[$i];
    }
}
$grep_result_2 = join "\n", @grep_numbered_2;
$CHILD_ERROR = scalar @grep_filtered_2 > 0 ? 0 : 1;
 $grep_result_2; };
print "Lines containing 'fn':\n";
print $grep_result;
if (!($grep_result =~ /\n$/msx)) { print "\n"; }
my $sed_result = do {
    my $cmd_result_4 = do { do {
    my $output_3;
    my $pipeline_success_3 = 1;
        $output_3 .= "Hello World\n";
    my @sed_lines_3 = split /\n/msx, $output_3;
    my @sed_result_3;
    foreach my $line (@sed_lines_3) {
    chomp $line;
    $line =~ s/World/Universe/gmsx;
    push @sed_result_3, $line;
    }
    $output_3 = join "\n", @sed_result_3;
    if (!$pipeline_success_3) { $main_exit_code = 1; }
        $output_3;
}
 };
    chomp $cmd_result_4;
    $cmd_result_4;
};
print "Sed result: $sed_result\n";
my $awk_result = do {
    my $cmd_result_6 = do { do {
    my $output_5;
    my $pipeline_success_5 = 1;
        $output_5 .= "1 2 3 4 5\n";
    my @lines = split /\n/msx, $output_5;
    my @result;
    foreach my $line (@lines) {
    chomp $line;
    if ($line =~ /^\\s*$/msx) { next; }
    my @fields = split /\s+/msx, $line;
    if (@fields > 0) {
    my $sum = $fields[0] + $fields[1];
    push @result, $sum;
    }
    }
    $output_5 = join "\n", @result;
    if (!$pipeline_success_5) { $main_exit_code = 1; }
        $output_5;
}
 };
    chomp $cmd_result_6;
    $cmd_result_6;
};
print "Awk sum result: $awk_result\n";
my $sort_result = do {
    my $cmd_result_8 = do { do {
    my $output_7;
    my $pipeline_success_7 = 1;
        $output_7 .= "zebra\napple\nbanana";
    my @sort_lines_7_1 = split /\n/msx, $output_7;
    my @sort_sorted_7_1 = sort @sort_lines_7_1;
    $output_7 = join "\n", @sort_sorted_7_1;
        if (!($output_7 =~ /\n$/msx)) {
            $output_7 .= "\n";
        }
    if (!$pipeline_success_7) { $main_exit_code = 1; }
        $output_7;
}
 };
    chomp $cmd_result_8;
    $cmd_result_8;
};
print "Sorted words:\n";
print $sort_result;
if (!($sort_result =~ /\n$/msx)) { print "\n"; }
my $uniq_result = do {
    my $cmd_result_10 = do { do {
    my $output_9;
    my $pipeline_success_9 = 1;
        $output_9 .= "apple\napple\nbanana\nbanana\ncherry";
    my @uniq_lines_9_1 = split /\n/msx, $output_9;
    @uniq_lines_9_1 = grep { $_ ne q{} } @uniq_lines_9_1; # Filter out empty lines
    my %uniq_seen_9_1;
    my @uniq_result_9_1;
    foreach my $line (@uniq_lines_9_1) {
    if (!$uniq_seen_9_1{$line}++) { push @uniq_result_9_1, $line; }
    }
    $output_9 = join "\n", @uniq_result_9_1;
        if (!($output_9 =~ /\n$/msx)) {
            $output_9 .= "\n";
        }
    if (!$pipeline_success_9) { $main_exit_code = 1; }
        $output_9;
}
 };
    chomp $cmd_result_10;
    $cmd_result_10;
};
print "Unique words:\n";
print $uniq_result;
if (!($uniq_result =~ /\n$/msx)) { print "\n"; }
my $line_count = do {
    my $cmd_result_12 = do { do {
    my $output_11;
    my $pipeline_success_11 = 1;
        $output_11 .= "line1\nline2\nline3";
    my @wc_lines_11_1 = split /\n/msx, $output_11;
    my $wc_line_count_11_1 = scalar @wc_lines_11_1;
    $output_11 = q{};
    $output_11 .= "$wc_line_count_11_1 ";
    $output_11 =~ s/\s+$//msx;
    if (!$pipeline_success_11) { $main_exit_code = 1; }
        $output_11;
}
 };
    chomp $cmd_result_12;
    $cmd_result_12;
};
my $word_count = do {
    my $cmd_result_14 = do { do {
    my $output_13;
    my $pipeline_success_13 = 1;
        $output_13 .= "Hello World\n";
    my @wc_lines_13_1 = split /\n/msx, $output_13;
    my $wc_word_count_13_1 = 0;
    foreach my $line (@wc_lines_13_1) {
        my @wc_words_13_1 = split /\s+/msx, $line;
        $wc_word_count_13_1 += scalar @wc_words_13_1;
    }
    $output_13 = q{};
    $output_13 .= "$wc_word_count_13_1 ";
    $output_13 =~ s/\s+$//msx;
    if (!$pipeline_success_13) { $main_exit_code = 1; }
        $output_13;
}
 };
    chomp $cmd_result_14;
    $cmd_result_14;
};
print "Word count: $word_count\n";
print "Line count: $line_count\n";
my $head_result = do {
    my $cmd_result_17 = do { do {
    my $seq_output_16 = do {
    my $result = q{};
    for my $i (1..10) {
        $result .= "$i\n";
    }
    $result;
};
    my @seq_lines_16 = split /\n/msx, $seq_output_16;
    my $output_16 = q{};
    my $head_line_count = 0;
    foreach my $line (@seq_lines_16) {
        chomp $line;
        if ($head_line_count < 3) {
    if ($head_line_count > 0) { $output_16 .= "\n"; }
    $output_16 .= $line;
    ++$head_line_count;
} else {
    $line = q{}; # Clear line to prevent printing
    last; # Break out of the yes loop when head limit is reached
}
    }
    $output_16;
}
 };
    chomp $cmd_result_17;
    $cmd_result_17;
};
print "First 3 numbers: $head_result\n";
my $tail_result = do {
    my $cmd_result_20 = do { do {
    my $seq_output_19 = do {
    my $result = q{};
    for my $i (1..10) {
        $result .= "$i\n";
    }
    $result;
};
    my @seq_lines_19 = split /\n/msx, $seq_output_19;
    my $output_19 = q{};
    my @tail_lines = ();
    foreach my $line (@seq_lines_19) {
        chomp $line;
        # tail -3: collecting all lines first (pipeline limitation)
        push @tail_lines, $line;
        $line = q{}; # Clear line to prevent printing
    }
    if (@tail_lines > 0) {
        my @last_lines = @tail_lines[-3..-1];
        $output_19 = join "\n", @last_lines;
        if ($output_19 ne q{}) {
            $output_19 .= "\n";
        }
    }
    $output_19;
}
 };
    chomp $cmd_result_20;
    $cmd_result_20;
};
print "Last 3 numbers: $tail_result\n";
my $cut_result = do {
    my $cmd_result_23 = do { do {
    my $output_21;
    my $pipeline_success_21 = 1;
        $output_21 .= "apple:banana:cherry\n";
    my @lines_22 = split /\n/msx, $output_21;
    my @result_22;
    foreach my $line (@lines_22) {
    chomp $line;
    my @fields = split /\:/msx, $line;
    if (@fields > 1) {
    push @result_22, $fields[1];
    }
    }
    $output_21 = join "\n", @result_22;
    if (!$pipeline_success_21) { $main_exit_code = 1; }
        $output_21;
}
 };
    chomp $cmd_result_23;
    $cmd_result_23;
};
print "Second field: $cut_result\n";
{
    open my $original_stdout, '>&', STDOUT
    or croak "Cannot save STDOUT: $ERRNO";
    open STDOUT, '>', 'temp1.txt'
    or croak "Cannot open file: $ERRNO";
    print "1\n2\n3\n";
    open STDOUT, '>&', $original_stdout
    or croak "Cannot restore STDOUT: $ERRNO";
    close $original_stdout or croak "Close failed: $ERRNO";
}
{
    open my $original_stdout, '>&', STDOUT
    or croak "Cannot save STDOUT: $ERRNO";
    open STDOUT, '>', 'temp2.txt'
    or croak "Cannot open file: $ERRNO";
    print "a\nb\nc\n";
    open STDOUT, '>&', $original_stdout
    or croak "Cannot restore STDOUT: $ERRNO";
    close $original_stdout or croak "Close failed: $ERRNO";
}
my $paste_result = do {
    my $cmd_result_25 = do { do {
    my $output_24;
    my $pipeline_success_24 = 1;
        do {
        my @paste_file1_lines_fh_1;
        my @paste_file2_lines_fh_1;
        if (open my $fh1, '<', 'temp1.txt') {
            while (my $line = <$fh1>) {
                chomp $line;
                push @paste_file1_lines_fh_1, $line;
            }
            close $fh1 or croak "Close failed: $OS_ERROR";
        }
        if (open my $fh2, '<', 'temp2.txt') {
            while (my $line = <$fh2>) {
                chomp $line;
                push @paste_file2_lines_fh_1, $line;
            }
            close $fh2 or croak "Close failed: $OS_ERROR";
        }
        my $max_lines = scalar @paste_file1_lines_fh_1 > scalar @paste_file2_lines_fh_1 ? scalar @paste_file1_lines_fh_1 : scalar @paste_file2_lines_fh_1;
        my $paste_output = q{};
        for my $i (0..$max_lines-1) {
            my $line1 = $i < scalar @paste_file1_lines_fh_1 ? $paste_file1_lines_fh_1[$i] : q{};
            my $line2 = $i < scalar @paste_file2_lines_fh_1 ? $paste_file2_lines_fh_1[$i] : q{};
            $paste_output .= "$line1\t$line2\n";
        }
        $paste_output
        }
    my @sed_lines_24 = split /\n/msx, $output_24;
    my @sed_result_24;
    foreach my $line (@sed_lines_24) {
    chomp $line;
    $line =~ s/\t/ /gmsx;
    push @sed_result_24, $line;
    }
    $output_24 = join "\n", @sed_result_24;
    if (!$pipeline_success_24) { $main_exit_code = 1; }
        $output_24;
}
 };
    chomp $cmd_result_25;
    $cmd_result_25;
};
print "Pasted columns:\n";
print $paste_result;
if (!($paste_result =~ /\n$/msx)) { print "\n"; }
if (-e "temp1.txt") {
if (-d "temp1.txt") {
carp "rm: carping: ", "temp1.txt",
    " is a directory (use -r to remove recursively)\n";
} else {
if (unlink "temp1.txt") {
$main_exit_code = 0;
} else {
carp "rm: carping: could not remove ", "temp1.txt",
    ": $OS_ERROR\n";
}
}
} else {
local $CHILD_ERROR = 0;
carp "rm: carping: ", "temp1.txt",
    ": No such file or directory\n";
}
if (-e "temp2.txt") {
if (-d "temp2.txt") {
carp "rm: carping: ", "temp2.txt",
    " is a directory (use -r to remove recursively)\n";
} else {
if (unlink "temp2.txt") {
$main_exit_code = 0;
} else {
carp "rm: carping: could not remove ", "temp2.txt",
    ": $OS_ERROR\n";
}
}
} else {
local $CHILD_ERROR = 0;
carp "rm: carping: ", "temp2.txt",
    ": No such file or directory\n";
}
{
    open my $original_stdout, '>&', STDOUT
    or croak "Cannot save STDOUT: $ERRNO";
    open STDOUT, '>', 'file1.txt'
    or croak "Cannot open file: $ERRNO";
    print "apple\nbanana\ncherry\n";
    open STDOUT, '>&', $original_stdout
    or croak "Cannot restore STDOUT: $ERRNO";
    close $original_stdout or croak "Close failed: $ERRNO";
}
{
    open my $original_stdout, '>&', STDOUT
    or croak "Cannot save STDOUT: $ERRNO";
    open STDOUT, '>', 'file2.txt'
    or croak "Cannot open file: $ERRNO";
    print "banana\ncherry\ndate\n";
    open STDOUT, '>&', $original_stdout
    or croak "Cannot restore STDOUT: $ERRNO";
    close $original_stdout or croak "Close failed: $ERRNO";
}
my $comm_result = do {
    my $cmd_result_26 = do { do { my @file1_lines;
my @file2_lines;
if (open my $fh1, '<', 'file1.txt') {
    while (my $line = <$fh1>) {
        chomp $line;
        push @file1_lines, $line;
    }
    close $fh1 or croak "Close failed: $OS_ERROR";
}
if (open my $fh2, '<', 'file2.txt') {
    while (my $line = <$fh2>) {
        chomp $line;
        push @file2_lines, $line;
    }
    close $fh2 or croak "Close failed: $OS_ERROR";
}
my %file1_set = map { $_ => 1 } @file1_lines;
my %file2_set = map { $_ => 1 } @file2_lines;
my @common_lines;
foreach my $line (@file1_lines) {
    if (exists $file2_set{$line}) {
        push @common_lines, $line;
    }
}
my $comm_output = q{};
foreach my $line (@common_lines) {
    $comm_output .= $line . "\n";
}
$comm_output =~ s/\n$//msx;
$comm_output } };
    chomp $cmd_result_26;
    $cmd_result_26;
};
print "Common lines:\n";
print $comm_result;
if (!($comm_result =~ /\n$/msx)) { print "\n"; }
my $diff_result = do { my $diff_exit_code = 0;
my $diff_output = q{};
{
    my $diff_cmd = 'diff.exe';
    my @diff_args = ('file1.txt', 'file2.txt');
    my $diff_pid = open my $diff_fh, q{-|}, $diff_cmd, @diff_args;
    if ($diff_pid) {
        local $INPUT_RECORD_SEPARATOR = undef;
        $diff_output = <$diff_fh>;
        my $close_result = close $diff_fh; # Capture but ignore close result for diff
        $diff_exit_code = $CHILD_ERROR >> 8;
    } else {
        carp "Cannot execute diff command: $OS_ERROR";
        $diff_output = q{};
        $diff_exit_code = 1;
    }
}
$diff_output };
print "File differences:\n";
print $diff_result;
if (!($diff_result =~ /\n$/msx)) { print "\n"; }
my $tr_result = do { my $input_data = ("HELLO WORLD"); my $set1_28 = 'A-Z';
my $set2_28 = 'a-z';
my $input_28 = $input_data;
# Expand character ranges for tr command
my $expanded_set1_28 = $set1_28;
my $expanded_set2_28 = $set2_28;
# Handle a-z range in set1
if ($expanded_set1_28 =~ /a-z/msx) {
    $expanded_set1_28 =~ s/a-z/abcdefghijklmnopqrstuvwxyz/msx;
}
# Handle A-Z range in set1
if ($expanded_set1_28 =~ /A-Z/msx) {
    $expanded_set1_28 =~ s/A-Z/ABCDEFGHIJKLMNOPQRSTUVWXYZ/msx;
}
# Handle a-z range in set2
if ($expanded_set2_28 =~ /a-z/msx) {
    $expanded_set2_28 =~ s/a-z/abcdefghijklmnopqrstuvwxyz/msx;
}
# Handle A-Z range in set2
if ($expanded_set2_28 =~ /A-Z/msx) {
    $expanded_set2_28 =~ s/A-Z/ABCDEFGHIJKLMNOPQRSTUVWXYZ/msx;
}
my $tr_result_27 = q{};
for my $char ( split //msx, $input_28 ) {
    my $pos_28 = index $expanded_set1_28, $char;
    if ( $pos_28 >= 0 && $pos_28 < length $expanded_set2_28 ) {
        $tr_result_27 .= substr $expanded_set2_28, $pos_28, 1;
    } else {
        $tr_result_27 .= $char;
    }
}
$tr_result_27 };
print "Lowercase: $tr_result\n";
my $xargs_result = do {
    my $cmd_result_30 = do { do {
    my $output_29;
    my $pipeline_success_29 = 1;
        $output_29 .= "1 2 3\n";
    my @xargs_input_29_1 = split /\s+/msx, $output_29;
    my @xargs_output_29_1;
    for my $i (0..scalar @xargs_input_29_1-1) {
        my @xargs_args_29_1;
        for my $j (0..1-1) {
            push @xargs_args_29_1, $xargs_input_29_1[$i + $j];
        }
        my $xargs_line_29_1 = q{};
        $xargs_line_29_1 .= "Number:";
        foreach my $arg (@xargs_args_29_1) {
            $xargs_line_29_1 .= q{ } . $arg;
        }
        push @xargs_output_29_1, $xargs_line_29_1;
    }
    my $xargs_result_29_1 = join "\n", @xargs_output_29_1;
    $output_29 = $xargs_result_29_1;
    if (!$pipeline_success_29) { $main_exit_code = 1; }
        $output_29;
}
 };
    chomp $cmd_result_30;
    $cmd_result_30;
};
print "Xargs result:\n";
print $xargs_result;
if (!($xargs_result =~ /\n$/msx)) { print "\n"; }
if (-e "file1.txt") {
if (-d "file1.txt") {
carp "rm: carping: ", "file1.txt",
    " is a directory (use -r to remove recursively)\n";
} else {
if (unlink "file1.txt") {
$main_exit_code = 0;
} else {
carp "rm: carping: could not remove ", "file1.txt",
    ": $OS_ERROR\n";
}
}
} else {
local $CHILD_ERROR = 0;
carp "rm: carping: ", "file1.txt",
    ": No such file or directory\n";
}
if (-e "file2.txt") {
if (-d "file2.txt") {
carp "rm: carping: ", "file2.txt",
    " is a directory (use -r to remove recursively)\n";
} else {
if (unlink "file2.txt") {
$main_exit_code = 0;
} else {
carp "rm: carping: could not remove ", "file2.txt",
    ": $OS_ERROR\n";
}
}
} else {
local $CHILD_ERROR = 0;
carp "rm: carping: ", "file2.txt",
    ": No such file or directory\n";
}


================================================================================
PERL::CRITIC RESULTS:
================================================================================
Perl::Critic: No violations found

================================================================================
ABSTRACT SYNTAX TREE:
================================================================================
[Simple(SimpleCommand { name: Literal("echo", None), args: [StringInterpolation(StringInterpolation { parts: [Literal("=== Text Processing Commands ===")] }, None)], redirects: [], env_vars: {}, stdout_used: true, stderr_used: true }), Simple(SimpleCommand { name: Literal("echo", None), args: [StringInterpolation(StringInterpolation { parts: [Literal("First 5 lines of main.rs:")] }, None)], redirects: [], env_vars: {"file_content": CommandSubstitution(Pipeline(Pipeline { commands: [Simple(SimpleCommand { name: Literal("cat", None), args: [Literal("src/main.rs", None)], redirects: [], env_vars: {}, stdout_used: true, stderr_used: true }), Simple(SimpleCommand { name: Literal("head", None), args: [Literal("-5", None)], redirects: [], env_vars: {}, stdout_used: true, stderr_used: true })], source_text: None, stdout_used: true, stderr_used: true }), None)}, stdout_used: true, stderr_used: true }), Simple(SimpleCommand { name: Literal("echo", None), args: [StringInterpolation(StringInterpolation { parts: [Variable("file_content")] }, None)], redirects: [], env_vars: {}, stdout_used: true, stderr_used: true }), Simple(SimpleCommand { name: Literal("echo", None), args: [StringInterpolation(StringInterpolation { parts: [Literal("Lines containing 'fn':")] }, None)], redirects: [], env_vars: {"grep_result": CommandSubstitution(Simple(SimpleCommand { name: Literal("grep", None), args: [Literal("-n", None), Literal("fn", None), Literal("src/main.rs", None)], redirects: [], env_vars: {}, stdout_used: true, stderr_used: true }), None)}, stdout_used: true, stderr_used: true }), Simple(SimpleCommand { name: Literal("echo", None), args: [StringInterpolation(StringInterpolation { parts: [Variable("grep_result")] }, None)], redirects: [], env_vars: {}, stdout_used: true, stderr_used: true }), Simple(SimpleCommand { name: Literal("echo", None), args: [StringInterpolation(StringInterpolation { parts: [Literal("Sed result: "), Variable("sed_result")] }, None)], redirects: [], env_vars: {"sed_result": CommandSubstitution(Pipeline(Pipeline { commands: [Simple(SimpleCommand { name: Literal("echo", None), args: [StringInterpolation(StringInterpolation { parts: [Literal("Hello World")] }, None)], redirects: [], env_vars: {}, stdout_used: true, stderr_used: true }), Simple(SimpleCommand { name: Literal("sed", None), args: [Literal("s/World/Universe/", None)], redirects: [], env_vars: {}, stdout_used: true, stderr_used: true })], source_text: None, stdout_used: true, stderr_used: true }), None)}, stdout_used: true, stderr_used: true }), Simple(SimpleCommand { name: Literal("echo", None), args: [StringInterpolation(StringInterpolation { parts: [Literal("Awk sum result: "), Variable("awk_result")] }, None)], redirects: [], env_vars: {"awk_result": CommandSubstitution(Pipeline(Pipeline { commands: [Simple(SimpleCommand { name: Literal("echo", None), args: [StringInterpolation(StringInterpolation { parts: [Literal("1 2 3 4 5")] }, None)], redirects: [], env_vars: {}, stdout_used: true, stderr_used: true }), Simple(SimpleCommand { name: Literal("awk", None), args: [Literal("{print $1 + $2}", None)], redirects: [], env_vars: {}, stdout_used: true, stderr_used: true })], source_text: None, stdout_used: true, stderr_used: true }), None)}, stdout_used: true, stderr_used: true }), Simple(SimpleCommand { name: Literal("echo", None), args: [StringInterpolation(StringInterpolation { parts: [Literal("Sorted words:")] }, None)], redirects: [], env_vars: {"sort_result": CommandSubstitution(Pipeline(Pipeline { commands: [Simple(SimpleCommand { name: Literal("echo", None), args: [Literal("-e", None), StringInterpolation(StringInterpolation { parts: [Literal("zebra\\napple\\nbanana")] }, None)], redirects: [], env_vars: {}, stdout_used: true, stderr_used: true }), Simple(SimpleCommand { name: Literal("sort", None), args: [], redirects: [], env_vars: {}, stdout_used: true, stderr_used: true })], source_text: None, stdout_used: true, stderr_used: true }), None)}, stdout_used: true, stderr_used: true }), Simple(SimpleCommand { name: Literal("echo", None), args: [StringInterpolation(StringInterpolation { parts: [Variable("sort_result")] }, None)], redirects: [], env_vars: {}, stdout_used: true, stderr_used: true }), Simple(SimpleCommand { name: Literal("echo", None), args: [StringInterpolation(StringInterpolation { parts: [Literal("Unique words:")] }, None)], redirects: [], env_vars: {"uniq_result": CommandSubstitution(Pipeline(Pipeline { commands: [Simple(SimpleCommand { name: Literal("echo", None), args: [Literal("-e", None), StringInterpolation(StringInterpolation { parts: [Literal("apple\\napple\\nbanana\\nbanana\\ncherry")] }, None)], redirects: [], env_vars: {}, stdout_used: true, stderr_used: true }), Simple(SimpleCommand { name: Literal("uniq", None), args: [], redirects: [], env_vars: {}, stdout_used: true, stderr_used: true })], source_text: None, stdout_used: true, stderr_used: true }), None)}, stdout_used: true, stderr_used: true }), Simple(SimpleCommand { name: Literal("echo", None), args: [StringInterpolation(StringInterpolation { parts: [Variable("uniq_result")] }, None)], redirects: [], env_vars: {}, stdout_used: true, stderr_used: true }), Simple(SimpleCommand { name: Literal("echo", None), args: [StringInterpolation(StringInterpolation { parts: [Literal("Word count: "), Variable("word_count")] }, None)], redirects: [], env_vars: {"line_count": CommandSubstitution(Pipeline(Pipeline { commands: [Simple(SimpleCommand { name: Literal("echo", None), args: [Literal("-e", None), StringInterpolation(StringInterpolation { parts: [Literal("line1\\nline2\\nline3")] }, None)], redirects: [], env_vars: {}, stdout_used: true, stderr_used: true }), Simple(SimpleCommand { name: Literal("wc", None), args: [Literal("-l", None)], redirects: [], env_vars: {}, stdout_used: true, stderr_used: true })], source_text: None, stdout_used: true, stderr_used: true }), None), "word_count": CommandSubstitution(Pipeline(Pipeline { commands: [Simple(SimpleCommand { name: Literal("echo", None), args: [StringInterpolation(StringInterpolation { parts: [Literal("Hello World")] }, None)], redirects: [], env_vars: {}, stdout_used: true, stderr_used: true }), Simple(SimpleCommand { name: Literal("wc", None), args: [Literal("-w", None)], redirects: [], env_vars: {}, stdout_used: true, stderr_used: true })], source_text: None, stdout_used: true, stderr_used: true }), None)}, stdout_used: true, stderr_used: true }), Simple(SimpleCommand { name: Literal("echo", None), args: [StringInterpolation(StringInterpolation { parts: [Literal("Line count: "), Variable("line_count")] }, None)], redirects: [], env_vars: {}, stdout_used: true, stderr_used: true }), Simple(SimpleCommand { name: Literal("echo", None), args: [StringInterpolation(StringInterpolation { parts: [Literal("First 3 numbers: "), Variable("head_result")] }, None)], redirects: [], env_vars: {"head_result": CommandSubstitution(Pipeline(Pipeline { commands: [Simple(SimpleCommand { name: Literal("seq", None), args: [Literal("1", None), Literal("10", None)], redirects: [], env_vars: {}, stdout_used: true, stderr_used: true }), Simple(SimpleCommand { name: Literal("head", None), args: [Literal("-3", None)], redirects: [], env_vars: {}, stdout_used: true, stderr_used: true })], source_text: None, stdout_used: true, stderr_used: true }), None)}, stdout_used: true, stderr_used: true }), Simple(SimpleCommand { name: Literal("echo", None), args: [StringInterpolation(StringInterpolation { parts: [Literal("Last 3 numbers: "), Variable("tail_result")] }, None)], redirects: [], env_vars: {"tail_result": CommandSubstitution(Pipeline(Pipeline { commands: [Simple(SimpleCommand { name: Literal("seq", None), args: [Literal("1", None), Literal("10", None)], redirects: [], env_vars: {}, stdout_used: true, stderr_used: true }), Simple(SimpleCommand { name: Literal("tail", None), args: [Literal("-3", None)], redirects: [], env_vars: {}, stdout_used: true, stderr_used: true })], source_text: None, stdout_used: true, stderr_used: true }), None)}, stdout_used: true, stderr_used: true }), Simple(SimpleCommand { name: Literal("echo", None), args: [StringInterpolation(StringInterpolation { parts: [Literal("Second field: "), Variable("cut_result")] }, None)], redirects: [], env_vars: {"cut_result": CommandSubstitution(Pipeline(Pipeline { commands: [Simple(SimpleCommand { name: Literal("echo", None), args: [StringInterpolation(StringInterpolation { parts: [Literal("apple:banana:cherry")] }, None)], redirects: [], env_vars: {}, stdout_used: true, stderr_used: true }), Simple(SimpleCommand { name: Literal("cut", None), args: [Literal("-d", None), Literal(":", None), Literal("-f", None), Literal("2", None)], redirects: [], env_vars: {}, stdout_used: true, stderr_used: true })], source_text: None, stdout_used: true, stderr_used: true }), None)}, stdout_used: true, stderr_used: true }), Redirect(RedirectCommand { command: Simple(SimpleCommand { name: Literal("echo", None), args: [Literal("-e", None), StringInterpolation(StringInterpolation { parts: [Literal("1\\n2\\n3")] }, None)], redirects: [], env_vars: {}, stdout_used: true, stderr_used: true }), redirects: [Redirect { fd: None, operator: Output, target: Literal("temp1.txt", None), heredoc_body: None }] }), Redirect(RedirectCommand { command: Simple(SimpleCommand { name: Literal("echo", None), args: [Literal("-e", None), StringInterpolation(StringInterpolation { parts: [Literal("a\\nb\\nc")] }, None)], redirects: [], env_vars: {}, stdout_used: true, stderr_used: true }), redirects: [Redirect { fd: None, operator: Output, target: Literal("temp2.txt", None), heredoc_body: None }] }), Simple(SimpleCommand { name: Literal("echo", None), args: [StringInterpolation(StringInterpolation { parts: [Literal("Pasted columns:")] }, None)], redirects: [], env_vars: {"paste_result": CommandSubstitution(Pipeline(Pipeline { commands: [Simple(SimpleCommand { name: Literal("paste", None), args: [Literal("temp1.txt", None), Literal("temp2.txt", None)], redirects: [], env_vars: {}, stdout_used: true, stderr_used: true }), Simple(SimpleCommand { name: Literal("sed", None), args: [Literal("s/\\t/ /g", None)], redirects: [], env_vars: {}, stdout_used: true, stderr_used: true })], source_text: None, stdout_used: true, stderr_used: true }), None)}, stdout_used: true, stderr_used: true }), Simple(SimpleCommand { name: Literal("echo", None), args: [StringInterpolation(StringInterpolation { parts: [Variable("paste_result")] }, None)], redirects: [], env_vars: {}, stdout_used: true, stderr_used: true }), Simple(SimpleCommand { name: Literal("rm", None), args: [Literal("-f", None), Literal("temp1.txt", None), Literal("temp2.txt", None)], redirects: [], env_vars: {}, stdout_used: true, stderr_used: true }), Redirect(RedirectCommand { command: Simple(SimpleCommand { name: Literal("echo", None), args: [Literal("-e", None), StringInterpolation(StringInterpolation { parts: [Literal("apple\\nbanana\\ncherry")] }, None)], redirects: [], env_vars: {}, stdout_used: true, stderr_used: true }), redirects: [Redirect { fd: None, operator: Output, target: Literal("file1.txt", None), heredoc_body: None }] }), Redirect(RedirectCommand { command: Simple(SimpleCommand { name: Literal("echo", None), args: [Literal("-e", None), StringInterpolation(StringInterpolation { parts: [Literal("banana\\ncherry\\ndate")] }, None)], redirects: [], env_vars: {}, stdout_used: true, stderr_used: true }), redirects: [Redirect { fd: None, operator: Output, target: Literal("file2.txt", None), heredoc_body: None }] }), Simple(SimpleCommand { name: Literal("echo", None), args: [StringInterpolation(StringInterpolation { parts: [Literal("Common lines:")] }, None)], redirects: [], env_vars: {"comm_result": CommandSubstitution(Simple(SimpleCommand { name: Literal("comm", None), args: [Literal("-12", None), Literal("file1.txt", None), Literal("file2.txt", None)], redirects: [], env_vars: {}, stdout_used: true, stderr_used: true }), None)}, stdout_used: true, stderr_used: true }), Simple(SimpleCommand { name: Literal("echo", None), args: [StringInterpolation(StringInterpolation { parts: [Variable("comm_result")] }, None)], redirects: [], env_vars: {}, stdout_used: true, stderr_used: true }), Simple(SimpleCommand { name: Literal("echo", None), args: [StringInterpolation(StringInterpolation { parts: [Literal("File differences:")] }, None)], redirects: [], env_vars: {"diff_result": CommandSubstitution(Simple(SimpleCommand { name: Literal("diff", None), args: [Literal("file1.txt", None), Literal("file2.txt", None)], redirects: [], env_vars: {}, stdout_used: true, stderr_used: true }), None)}, stdout_used: true, stderr_used: true }), Simple(SimpleCommand { name: Literal("echo", None), args: [StringInterpolation(StringInterpolation { parts: [Variable("diff_result")] }, None)], redirects: [], env_vars: {}, stdout_used: true, stderr_used: true }), Simple(SimpleCommand { name: Literal("echo", None), args: [StringInterpolation(StringInterpolation { parts: [Literal("Lowercase: "), Variable("tr_result")] }, None)], redirects: [], env_vars: {"tr_result": CommandSubstitution(Pipeline(Pipeline { commands: [Simple(SimpleCommand { name: Literal("echo", None), args: [StringInterpolation(StringInterpolation { parts: [Literal("HELLO WORLD")] }, None)], redirects: [], env_vars: {}, stdout_used: true, stderr_used: true }), Simple(SimpleCommand { name: Literal("tr", None), args: [Literal("A-Z", None), Literal("a-z", None)], redirects: [], env_vars: {}, stdout_used: true, stderr_used: true })], source_text: None, stdout_used: true, stderr_used: true }), None)}, stdout_used: true, stderr_used: true }), Simple(SimpleCommand { name: Literal("echo", None), args: [StringInterpolation(StringInterpolation { parts: [Literal("Xargs result:")] }, None)], redirects: [], env_vars: {"xargs_result": CommandSubstitution(Pipeline(Pipeline { commands: [Simple(SimpleCommand { name: Literal("echo", None), args: [StringInterpolation(StringInterpolation { parts: [Literal("1 2 3")] }, None)], redirects: [], env_vars: {}, stdout_used: true, stderr_used: true }), Simple(SimpleCommand { name: Literal("xargs", None), args: [Literal("-n", None), Literal("1", None), Literal("echo", None), StringInterpolation(StringInterpolation { parts: [Literal("Number:")] }, None)], redirects: [], env_vars: {}, stdout_used: true, stderr_used: true })], source_text: None, stdout_used: true, stderr_used: true }), None)}, stdout_used: true, stderr_used: true }), Simple(SimpleCommand { name: Literal("echo", None), args: [StringInterpolation(StringInterpolation { parts: [Variable("xargs_result")] }, None)], redirects: [], env_vars: {}, stdout_used: true, stderr_used: true }), Simple(SimpleCommand { name: Literal("rm", None), args: [Literal("-f", None), Literal("file1.txt", None), Literal("file2.txt", None)], redirects: [], env_vars: {}, stdout_used: true, stderr_used: true })]

================================================================================
STDOUT COMPARISON (DIFF):
================================================================================
--- shell_stdout
+++ perl_stdout
-=== Text Processing Commands ===
-First 5 lines of main.rs:
-
-Lines containing 'fn':
-
-Sed result: Hello Universe
-Awk sum result: 3
-Sorted words:
-apple
-banana
-zebra
-Unique words:
-apple
-banana
-cherry
-Word count: 2
-Line count: 3
-First 3 numbers: 1
-2
-3
-Last 3 numbers: 8
-9
-10
-Second field: banana
-Pasted columns:
-1 a
-2 b
-3 c
-Common lines:
-banana
-cherry
-File differences:
-1d0
-< apple
-3a3
-> date
-Lowercase: hello world
-Xargs result:
-Number: 1
-Number: 2
-Number: 3


================================================================================
STDERR COMPARISON:
================================================================================
STDERR DIFFERENCES FOUND:
--- shell_stderr
+++ perl_stderr
-cat: src/main.rs: No such file or directory
+syntax error at C:\Users\s_pam\AppData\Local\Temp\__tmp_test_output.pl line 355, near "my "
-grep: src/main.rs: No such file or directory
+Execution of C:\Users\s_pam\AppData\Local\Temp\__tmp_test_output.pl aborted due to compilation errors.


================================================================================
SUMMARY: 0 out of 146 tests passed before first failure
================================================================================

BRIEF FAILURE SUMMARY:
Failed due to: exit code mismatch, stdout mismatch, stderr mismatch
Writing test count 0 to first_n_tests_passed.txt
Current working directory: "D:\\GitHub\\sh2perl"
Successfully wrote test count 0 and matching stdout lines 0 to first_n_tests_passed.txt

To run test again: ./fail 000__06
Test run completed at Mon, Sep 29, 2025 10:05:27 PM
