Starting test run at Mon, Sep 22, 2025  7:04:03 PM
Logging to: logs/fail_run_20250922_190403.log
Test arguments: 000__05
----------------------------------------
Compiling debashc...
warning: unused import: `regex::Regex`
 --> src\generator\commands\pipeline_commands.rs:4:5
  |
4 | use regex::Regex;
  |     ^^^^^^^^^^^^
  |
  = note: `#[warn(unused_imports)]` on by default

warning: unused import: `std::collections::HashMap`
 --> src\generator\redirects.rs:4:5
  |
4 | use std::collections::HashMap;
  |     ^^^^^^^^^^^^^^^^^^^^^^^^^

warning: unused doc comment
   --> src\timeout_manager.rs:282:1
    |
282 | /// Global timeout manager instance
    | ^^^^^^^^^^^^^^^^^^^^^^^^^^^^^^^^^^^ rustdoc does not generate documentation for macro invocations
    |
    = help: to document an item produced by a macro, the macro must produce the documentation as part of its expansion
    = note: `#[warn(unused_doc_comments)]` on by default

warning: unused variable: `glob_exprs`
  --> src\generator\commands\simple_commands.rs:38:45
   |
38 | ...                   let glob_exprs: Vec<String> = patterns.iter()
   |                           ^^^^^^^^^^ help: if this is intentional, prefix it with an underscore: `_glob_exprs`
   |
   = note: `#[warn(unused_variables)]` on by default

warning: unused variable: `cmd2`
   --> src\generator\commands\pipeline_commands.rs:469:66
    |
469 |         if let (Command::Redirect(redirect_cmd), Command::Simple(cmd2)) = (&pipeline.commands[0], &pipeline.commands[1]) {
    |                                                                  ^^^^ help: if this is intentional, prefix it with an underscore: `_cmd2`

warning: unused variable: `i`
   --> src\generator\commands\pipeline_commands.rs:883:22
    |
883 |                 for (i, command) in pipeline.commands[start_index..].iter().enumerate() {
    |                      ^ help: if this is intentional, prefix it with an underscore: `_i`

warning: unused variable: `j`
   --> src\generator\commands\pipeline_commands.rs:897:34
    |
897 | ...                   for (j, nested_command) in nested_pipeline.commands.iter().enumerate() {
    |                            ^ help: if this is intentional, prefix it with an underscore: `_j`

warning: unused variable: `cmd`
  --> src\generator\commands\system_commands.rs:36:35
   |
36 |         Word::CommandSubstitution(cmd, _) => {
   |                                   ^^^ help: if this is intentional, prefix it with an underscore: `_cmd`

warning: unused variable: `output`
  --> src\generator\commands\find.rs:42:13
   |
42 |     let mut output = String::new();
   |             ^^^^^^ help: if this is intentional, prefix it with an underscore: `_output`

warning: variable does not need to be mutable
  --> src\generator\commands\find.rs:42:9
   |
42 |     let mut output = String::new();
   |         ----^^^^^^
   |         |
   |         help: remove this `mut`
   |
   = note: `#[warn(unused_mut)]` on by default

warning: unused variable: `input_var`
 --> src\generator\commands\comm.rs:7:5
  |
7 |     input_var: &str,
  |     ^^^^^^^^^ help: if this is intentional, prefix it with an underscore: `_input_var`

warning: unused variable: `command_str`
   --> src\generator\words.rs:573:37
    |
573 | ...                   let command_str = generator.word_to_perl(command);
    |                           ^^^^^^^^^^^ help: if this is intentional, prefix it with an underscore: `_command_str`

warning: unused variable: `s`
   --> src\generator\words.rs:870:23
    |
870 |         Word::Literal(s, _) => generator.perl_string_literal(word),
    |                       ^ help: if this is intentional, prefix it with an underscore: `_s`

warning: unused variable: `operation_handle`
   --> src\timeout_manager.rs:151:13
    |
151 |         let operation_handle = thread::spawn(move || {
    |             ^^^^^^^^^^^^^^^^ help: if this is intentional, prefix it with an underscore: `_operation_handle`

warning: unused variable: `operation_handle`
   --> src\timeout_manager.rs:194:13
    |
194 |         let operation_handle = thread::spawn(move || {
    |             ^^^^^^^^^^^^^^^^ help: if this is intentional, prefix it with an underscore: `_operation_handle`

warning: methods `parse_variable_expansion` and `parse_arithmetic_expression` are never used
    --> src\parser\commands.rs:1186:8
     |
  20 | impl Parser {
     | ----------- methods in this implementation
...
1186 |     fn parse_variable_expansion(&mut self) -> Result<Word, ParserError> {
     |        ^^^^^^^^^^^^^^^^^^^^^^^^
...
1255 |     fn parse_arithmetic_expression(&mut self) -> Result<Word, ParserError> {
     |        ^^^^^^^^^^^^^^^^^^^^^^^^^^^
     |
     = note: `#[warn(dead_code)]` on by default

warning: function `parse_command` is never used
    --> src\parser\control_flow.rs:1075:4
     |
1075 | fn parse_command(parser: &mut Parser) -> Result<Command, ParserError> {
     |    ^^^^^^^^^^^^^

warning: function `parse_assignment` is never used
    --> src\parser\control_flow.rs:1285:4
     |
1285 | fn parse_assignment(parser: &mut Parser) -> Result<Command, ParserError> {
     |    ^^^^^^^^^^^^^^^^

warning: function `parse_parameter_expansion` is never used
    --> src\parser\words.rs:1885:4
     |
1885 | fn parse_parameter_expansion(_lexer: &mut Lexer) -> Result<Word, ParserError> {
     |    ^^^^^^^^^^^^^^^^^^^^^^^^^

warning: function `escape_glob_pattern` is never used
 --> src\generator\commands\find.rs:4:4
  |
4 | fn escape_glob_pattern(pattern: &str) -> String {
  |    ^^^^^^^^^^^^^^^^^^^

warning: function `parse_size_to_bytes` is never used
   --> src\generator\commands\find.rs:188:4
    |
188 | fn parse_size_to_bytes(size_str: &str) -> u64 {
    |    ^^^^^^^^^^^^^^^^^^^

warning: function `generate_tr_linebyline_impl` is never used
  --> src\generator\commands\tr.rs:24:4
   |
24 | fn generate_tr_linebyline_impl(generator: &mut Generator, cmd: &SimpleCommand, input_var: &str, _command_index: &str) -> String {
   |    ^^^^^^^^^^^^^^^^^^^^^^^^^^^

warning: function `generate_tr_buffered_impl` is never used
  --> src\generator\commands\tr.rs:73:4
   |
73 | fn generate_tr_buffered_impl(generator: &mut Generator, cmd: &SimpleCommand, input_var: &str, command_index: &str) -> String {
   |    ^^^^^^^^^^^^^^^^^^^^^^^^^

warning: function `is_variable_used_after_for_loop` is never used
   --> src\generator\control_flow.rs:228:4
    |
228 | fn is_variable_used_after_for_loop(commands: &[Command], for_loop_var: &str, for_loop_index: usize) -> bool {
    |    ^^^^^^^^^^^^^^^^^^^^^^^^^^^^^^^

warning: fields `variable_usage` and `scope_depth` are never read
  --> src\variable_analysis.rs:8:5
   |
 6 | pub struct VariableUsageAnalyzer {
   |            --------------------- fields in this struct
 7 |     /// Maps variable names to their usage information
 8 |     variable_usage: HashMap<String, VariableUsageInfo>,
   |     ^^^^^^^^^^^^^^
 9 |     /// Current scope depth for tracking nested scopes
10 |     scope_depth: usize,
   |     ^^^^^^^^^^^
   |
   = note: `VariableUsageAnalyzer` has derived impls for the traits `Clone` and `Debug`, but these are intentionally ignored during dead code analysis

warning: `debashl` (lib) generated 25 warnings (run `cargo fix --lib -p debashl` to apply 3 suggestions)
warning: unused import: `execute_with_progress`
 --> src\testing.rs:9:67
  |
9 | use crate::timeout_manager::{OperationType, execute_with_timeout, execute_with_progress, 
  |                                                                   ^^^^^^^^^^^^^^^^^^^^^
  |
  = note: `#[warn(unused_imports)]` on by default

warning: unused import: `debashl::parser::errors::ParserError`
  --> src\testing.rs:16:5
   |
16 | use debashl::parser::errors::ParserError;
   |     ^^^^^^^^^^^^^^^^^^^^^^^^^^^^^^^^^^^^

warning: unused variable: `operation_handle`
  --> src\testing.rs:25:9
   |
25 |     let operation_handle = std::thread::spawn(move || {
   |         ^^^^^^^^^^^^^^^^ help: if this is intentional, prefix it with an underscore: `_operation_handle`
   |
   = note: `#[warn(unused_variables)]` on by default

warning: variable does not need to be mutable
    --> src\testing.rs:1163:9
     |
1163 |     let mut should_break = false;
     |         ----^^^^^^^^^^^^
     |         |
     |         help: remove this `mut`
     |
     = note: `#[warn(unused_mut)]` on by default

warning: unused variable: `overall_start`
    --> src\testing.rs:1372:9
     |
1372 |     let overall_start = std::time::Instant::now();
     |         ^^^^^^^^^^^^^ help: if this is intentional, prefix it with an underscore: `_overall_start`

warning: unused variable: `test_loop_start`
    --> src\testing.rs:1420:9
     |
1420 |     let test_loop_start = std::time::Instant::now();
     |         ^^^^^^^^^^^^^^^ help: if this is intentional, prefix it with an underscore: `_test_loop_start`

warning: unused variable: `should_break`
    --> src\testing.rs:1969:13
     |
1969 |     let mut should_break = false;
     |             ^^^^^^^^^^^^ help: if this is intentional, prefix it with an underscore: `_should_break`

warning: variable does not need to be mutable
    --> src\testing.rs:1969:9
     |
1969 |     let mut should_break = false;
     |         ----^^^^^^^^^^^^
     |         |
     |         help: remove this `mut`

warning: function `run_perl_script` is never used
  --> src\execution.rs:62:8
   |
62 | pub fn run_perl_script(script_path: &str) -> Result<std::process::Output, String> {
   |        ^^^^^^^^^^^^^^^
   |
   = note: `#[warn(dead_code)]` on by default

warning: function `extract_line_col` is never used
 --> src\utils.rs:4:8
  |
4 | pub fn extract_line_col(e: &dyn std::error::Error) -> Option<(usize, usize)> {
  |        ^^^^^^^^^^^^^^^^

warning: function `parse_line_col` is never used
  --> src\utils.rs:17:8
   |
17 | pub fn parse_line_col(s: &str) -> Option<(usize, usize)> {
   |        ^^^^^^^^^^^^^^

warning: function `caret_snippet` is never used
  --> src\utils.rs:25:8
   |
25 | pub fn caret_snippet(input: &str, line: usize, col: usize) -> Option<String> {
   |        ^^^^^^^^^^^^^

warning: function `with_timeout` is never used
  --> src\testing.rs:19:4
   |
19 | fn with_timeout<F, T>(timeout_secs: u64, operation: F) -> Result<T, String> 
   |    ^^^^^^^^^^^^

warning: fields `shell_duration` and `translated_duration` are never read
  --> src\testing.rs:52:9
   |
39 | pub struct TestResult {
   |            ---------- fields in this struct
...
52 |     pub shell_duration: std::time::Duration, // Shell execution time
   |         ^^^^^^^^^^^^^^
53 |     pub translated_duration: std::time::Duration, // Translated program execution time
   |         ^^^^^^^^^^^^^^^^^^^
   |
   = note: `TestResult` has a derived impl for the trait `Debug`, but this is intentionally ignored during dead code analysis

warning: function `test_file_equivalence_detailed` is never used
   --> src\testing.rs:552:8
    |
552 | pub fn test_file_equivalence_detailed(lang: &str, filename: &str, ast_options: Option<AstFormatOptions>) -> Result<TestResult, String> {
    |        ^^^^^^^^^^^^^^^^^^^^^^^^^^^^^^

warning: function `test_all_examples_next_fail` is never used
    --> src\testing.rs:1368:8
     |
1368 | pub fn test_all_examples_next_fail(generators: &[String], test_prefix: Option<String>, enable_perl_critic: bool) {
     |        ^^^^^^^^^^^^^^^^^^^^^^^^^^^

warning: function `extract_core_perl_logic` is never used
   --> src\cli_commands.rs:198:4
    |
198 | fn extract_core_perl_logic(perl_code: &str) -> String {
    |    ^^^^^^^^^^^^^^^^^^^^^^^

warning: function `export_mir_to_json` is never used
   --> src\cli_commands.rs:445:8
    |
445 | pub fn export_mir_to_json(input: &str, _optimize: bool) {
    |        ^^^^^^^^^^^^^^^^^^

warning: variants `Parsing`, `CodeGeneration`, `FileOperations`, `TestExecution`, and `DebugFreeze` are never constructed
  --> src\timeout_manager.rs:11:5
   |
 8 | pub enum OperationType {
   |          ------------- variants in this enum
...
11 |     Parsing,            // Parsing shell scripts
   |     ^^^^^^^
12 |     CodeGeneration,     // Generating Perl code
   |     ^^^^^^^^^^^^^^
13 |     FileOperations,     // File I/O operations
   |     ^^^^^^^^^^^^^^
14 |     TestExecution,      // Overall test execution
   |     ^^^^^^^^^^^^^
15 |     DebugFreeze,        // Debug freeze pause
   |     ^^^^^^^^^^^
   |
   = note: `OperationType` has derived impls for the traits `Clone` and `Debug`, but these are intentionally ignored during dead code analysis

warning: methods `set_freeze_duration` and `get_freeze_duration` are never used
  --> src\timeout_manager.rs:74:12
   |
51 | impl DebugFreezeManager {
   | ----------------------- methods in this implementation
...
74 |     pub fn set_freeze_duration(&mut self, duration: Duration) {
   |            ^^^^^^^^^^^^^^^^^^^
...
78 |     pub fn get_freeze_duration(&self) -> Duration {
   |            ^^^^^^^^^^^^^^^^^^^

warning: methods `set_timeout` and `execute_with_progress` are never used
   --> src\timeout_manager.rs:117:12
    |
 90 | impl TimeoutManager {
    | ------------------- methods in this implementation
...
117 |     pub fn set_timeout(&mut self, operation: OperationType, duration: Duration) {
    |            ^^^^^^^^^^^
...
178 |     pub fn execute_with_progress<F, T>(&self, operation: OperationType, operation_fn: F) -> Result<T, String>
    |            ^^^^^^^^^^^^^^^^^^^^^

warning: function `execute_with_progress` is never used
   --> src\timeout_manager.rs:302:8
    |
302 | pub fn execute_with_progress<F, T>(operation: OperationType, operation_fn: F) -> Result<T, String>
    |        ^^^^^^^^^^^^^^^^^^^^^

warning: `debashl` (bin "debashc") generated 25 warnings (3 duplicates) (run `cargo fix --bin "debashc"` to apply 4 suggestions)
    Finished `dev` profile [unoptimized + debuginfo] target(s) in 0.19s
Running test_purify.pl validation...
Unknown option: verbose
Error in command line arguments
test_purify.pl passed, continuing with other commands...
Running debashc with fine-grained per-test timeouts...
Running: debashc test generation and execution
Command: ./target/debug/debashc.exe fail "000__05"
Timeout: Per-test timeouts (30s shell, 10s parse, 5s generate)
----------------------------------------
Running ALL 146 examples (limited to 50 tests to prevent timeout)

DEBUG: Looking for prefix '000__05'

Found example matching prefix '000__05': 000__05_system_utilities.sh

Running only the specified example
==================================================
DEBUG: Progress: 5/146 tests completed (3.4%)
DEBUG: Progress: 10/146 tests completed (6.8%)
Test 12/146: 000__05_system_utilities.sh with perl     DEBUG: Starting test execution for examples\000__05_system_utilities.sh with generator perl
DEBUG: Running shell script: examples\000__05_system_utilities.sh
DEBUG: Timeout manager starting ShellExecution with timeout of 120.0 seconds
DEBUG: Timeout manager completed ShellExecution successfully
DEBUG: Shell script completed in 1.14s
DEBUG: Shell script execution completed, now starting Perl generation
DEBUG: Setting original script name to: 000__05_system_utilities.sh
DEBUG: CommandSubstitution called with command: Simple(SimpleCommand { name: Literal("date", None), args: [Literal("+%rms", None)], redirects: [], env_vars: {}, stdout_used: true, stderr_used: true })
DEBUG: CommandSubstitution called with command: Simple(SimpleCommand { name: Literal("date", None), args: [Literal("+%Y-%m-%d %H", None)], redirects: [], env_vars: {}, stdout_used: true, stderr_used: true })
DEBUG: CommandSubstitution called with command: Simple(SimpleCommand { name: Literal("(time", None), args: [Literal("sleep", None), Literal("1)", None), Literal("|", None), Literal("sed", None), Literal("s/...$//", None)], redirects: [Redirect { fd: Some(2), operator: StderrOutput, target: Literal("1", None), heredoc_body: None }], env_vars: {}, stdout_used: true, stderr_used: true })
DEBUG: CommandSubstitution called with command: Pipeline(Pipeline { commands: [Simple(SimpleCommand { name: Literal("yes", None), args: [StringInterpolation(StringInterpolation { parts: [Literal("Hello")] }, None)], redirects: [], env_vars: {}, stdout_used: true, stderr_used: true }), Simple(SimpleCommand { name: Literal("head", None), args: [Literal("-3", None)], redirects: [], env_vars: {}, stdout_used: true, stderr_used: true })], source_text: None, stdout_used: true, stderr_used: true })
DEBUG: generate_pipeline_for_substitution called
DEBUG: Pipeline has 2 commands
DEBUG: Processing 2-command pipeline
DEBUG: Perl code generated, length: 1540 characters
DEBUG: About to start translated program execution
DEBUG: About to execute Perl command: ["perl", "C:\\Users\\s_pam\\AppData\\Local\\Temp\\__tmp_test_output.pl"]
DEBUG: Perl code length: 1540 characters
DEBUG: First 200 characters of Perl code:
#!/usr/bin/env perl
use strict;
use warnings;
use Carp;
use English qw( -no_match_vars );
use locale;
use IPC::Open3;

my $main_exit_code = 0;
my $ls_success = 0;
our $CHILD_ERROR;

print "=== System 
DEBUG: Starting Perl execution with timeout manager
DEBUG: Timeout manager starting PerlExecution with timeout of 30.0 seconds
DEBUG: Successfully spawned Perl process
DEBUG: Starting execution loop for Perl process
DEBUG: Execution loop iteration, elapsed: 3.1µs
DEBUG: Execution loop iteration, elapsed: 500.5794ms
DEBUG: Execution loop iteration, elapsed: 1.8001922s
DEBUG: Execution loop iteration, elapsed: 4.1005752s
DEBUG: Execution loop iteration, elapsed: 4.6009944s
DEBUG: Execution loop iteration, elapsed: 5.4009981s
DEBUG: Execution loop iteration, elapsed: 5.9005311s
DEBUG: Execution loop iteration, elapsed: 6.7006353s
DEBUG: Execution loop iteration, elapsed: 8.000011s
DEBUG: Execution loop iteration, elapsed: 8.3004226s
DEBUG: Execution loop iteration, elapsed: 10.1007977s
DEBUG: Execution loop iteration, elapsed: 10.9008646s
DEBUG: Execution loop iteration, elapsed: 13.7005707s
DEBUG: Execution loop iteration, elapsed: 17.3009858s
DEBUG: Execution loop iteration, elapsed: 17.8003366s
DEBUG: Execution loop iteration, elapsed: 18.3007622s
DEBUG: Execution loop iteration, elapsed: 19.9004545s
DEBUG: Execution loop iteration, elapsed: 22.0005749s
DEBUG: Execution loop iteration, elapsed: 22.3006143s
DEBUG: Execution loop iteration, elapsed: 23.7001886s
DEBUG: Execution loop iteration, elapsed: 24.3008506s
DEBUG: Execution loop iteration, elapsed: 25.9003381s
DEBUG: Execution loop iteration, elapsed: 27.9006316s
DEBUG: Execution loop iteration, elapsed: 28.7003358s
DEBUG: Execution loop iteration, elapsed: 29.000109s
DEBUG: Execution loop iteration, elapsed: 29.3009511s
DEBUG: Perl process timed out after 30 seconds, killing process
DEBUG: Timeout manager timed out PerlExecution after 30.0 seconds
DEBUG: Test execution completed in 31153ms



TEST ERROR: examples\000__05_system_utilities.sh with perl generator
Test: 12/146 (0 passed before error)
Error: PerlExecution timed out after 30.0 seconds

ORIGINAL SHELL SCRIPT:
#!/bin/bash

# System utilities with backticks
# This file demonstrates using backticks with system utility commands

echo "=== System Utilities ==="

# date command with backticks
#PERL_MUST_NOT_CONTAIN `date
timestamp=`date +%rms`
formatted_date=`date '+%Y-%m-%d %H'`
echo "Timestamp: $timestamp"
echo "Formatted date: $formatted_date"

# time command with backticks
#PERL_MUST_NOT_CONTAIN `time
time_result=`(time sleep 1) 2>&1 | sed s/...$//`
echo "Time result: $time_result"

# sleep command with backticks (though it doesn't produce output)
#PERL_MUST_NOT_CONTAIN `sleep
#sleep_duration=`echo "2"`
#echo "Sleeping for $sleep_duration seconds..."
#sleep $sleep_duration

# which command with backticks
#PERL_MUST_NOT_CONTAIN `which
#bash_path=`which bash`
#echo "Bash path: $bash_path"

# yes command with backticks
#PERL_MUST_NOT_CONTAIN `yes
yes_result=`yes "Hello" | head -3`
echo "Yes command result:"
echo "$yes_result"



Writing test count 0 to first_n_tests_passed.txt (parsing error)
Current working directory: "D:\\GitHub\\sh2perl"
Successfully wrote test count 0 and error code 6 (parser error) to first_n_tests_passed.txt
To run test again: ./fail 000__05
