Starting test run at Sun Nov  2 19:05:17 AWST 2025
Logging to: logs/fail_run_20251102_190517.log
Test arguments: 000__01
----------------------------------------
Compiling debashc...
./fail: line 85: cargo: command not found
Running test_purify.pl validation...
./fail: line 92: C:\Strawberry\perl\bin\perl.exe: command not found
test_purify.pl passed, continuing with other commands...
Running debashc with fine-grained per-test timeouts...
Running: debashc test generation and execution
Command: ./target/debug/debashc.exe fail --perl-critic "000__01"
Timeout: Per-test timeouts (30s shell, 10s parse, 5s generate)
----------------------------------------
Running ALL 146 examples (limited to 50 tests to prevent timeout)

DEBUG: Looking for prefix '000__01'

Found example matching prefix '000__01': 000__01_file_directory_operations.sh

Running only the specified example
==================================================
Test 1/146: 000__01_file_directory_operations.sh with perl     DEBUG: Starting test execution for examples\000__01_file_directory_operations.sh with generator perl
DEBUG: Shell script execution completed, now starting Perl generation
DEBUG: Setting original script name to: 000__01_file_directory_operations.sh
DEBUG: CommandSubstitution called with command: Simple(SimpleCommand { name: Literal("ls", None), args: [Literal("-a", None)], redirects: [], env_vars: {}, stdout_used: true, stderr_used: true })
DEBUG: CommandSubstitution called with command: Simple(SimpleCommand { name: Literal("find", None), args: [Literal(".", None), Literal("-maxdepth", None), Literal("1", None), Literal("-name", None), Literal("*.sh", None), Literal("-type", None), Literal("f", None)], redirects: [], env_vars: {}, stdout_used: true, stderr_used: true })
DEBUG: generate_find_command called with generate_output: true, input_var: 'found_files'
DEBUG: Using generate_find_for_substitution with input_var: 'found_files'
DEBUG: Perl code generated, length: 1418 characters
DEBUG: check_perl_no_open3_builtins called with 1418 characters
DEBUG: check_perl_no_system_builtins called with 1418 characters
DEBUG: About to start translated program execution
DEBUG: About to execute Perl command: ["C:\\Strawberry\\perl\\bin\\perl.exe", "C:\\Users\\s_pam\\AppData\\Local\\Temp\\__tmp_test_output.pl"]
DEBUG: Perl code length: 1418 characters
DEBUG: First 200 characters of Perl code:
#!/usr/bin/env perl
use strict;
use warnings;
use Carp;
use English qw(-no_match_vars);
use locale;
use IPC::Open3;

my $main_exit_code = 0;
my $ls_success     = 0;
our $CHILD_ERROR;

print "=== File 
DEBUG: Saved Perl code to debug_perl_code.pl
DEBUG: Starting Perl execution with timeout manager
DEBUG: Timeout manager starting PerlExecution with timeout of 30.0 seconds
DEBUG: Successfully spawned Perl process
DEBUG: Starting execution loop for Perl process
DEBUG: Execution loop iteration, elapsed: 5.4µs
DEBUG: Perl process completed with status: ExitStatus(ExitStatus(0))
DEBUG: Perl execution completed, duration: 275.2564ms, timed_out: false
DEBUG: Ending Perl execution with timeout manager
DEBUG: Timeout manager completed PerlExecution successfully
DEBUG: Test completed, comparing outputs
DEBUG: Shell stdout length: 9035, Translated stdout length: 9035
DEBUG: Shell stderr length: 0, Translated stderr length: 0
DEBUG: Shell exit: 0, Translated exit: 0
DEBUG: stdout_match: true, stderr_match: true, exit_code_match: true
DEBUG: timed_out: false
DEBUG: Test success: true
DEBUG: failure_reason: ''
DEBUG: Test execution completed in 9574ms
✓


================================================================================
                                    TEST PASSED
================================================================================
File: examples\000__01_file_directory_operations.sh
Generator: perl
Test: 1/146
================================================================================

ORIGINAL SHELL SCRIPT:
#!/bin/bash

# File and directory operations with backticks
# This file demonstrates using backticks with file system commands

echo "=== File and Directory Operations ==="

# ls command with backticks
#PERL_MUST_NOT_CONTAIN `ls
file_list=`ls -a`
echo "File listing:"
echo "$file_list"

# find command with backticks
#PERL_MUST_NOT_CONTAIN `find
found_files=`find . -maxdepth 1 -name "*.sh" -type f`
echo "Found shell scripts:"
echo "$found_files"

# basename and dirname with backticks
#PERL_MUST_NOT_CONTAIN `basename
#PERL_MUST_NOT_CONTAIN `dirname
#script_name=`basename $0`
#script_dir=`dirname $0`
#echo "Script name: $script_name"
#echo "Script directory: $script_dir"


TRANSLATED PERL CODE:
#!/usr/bin/env perl
use strict;
use warnings;
use Carp;
use English qw(-no_match_vars);
use locale;
use IPC::Open3;

my $main_exit_code = 0;
my $ls_success     = 0;
our $CHILD_ERROR;

print "=== File and Directory Operations ===\n";
my $file_list = do {
    my @ls_files_0 = ();
    if ( -f q{.} ) {
        push @ls_files_0, q{.};
    }
    elsif ( -d q{.} ) {
        if ( opendir my $dh, q{.} ) {
            while ( my $file = readdir $dh ) {
                next if $file =~ /^__tmp_.*[.]pl$/msx;
                next if $file =~ /^(debug_|temp_|test_|file\d*[.]txt)$/msx;
                push @ls_files_0, $file;
            }
            closedir $dh;
            @ls_files_0 = sort { lc $a cmp lc $b } @ls_files_0;
        }
    }
    join "\n", @ls_files_0;
};
print "File listing:\n";
print $file_list;
if ( !( $file_list =~ m{\n$}msx ) ) { print "\n"; }
my $found_files = do {
    use File::Find;
    use File::Basename;
    my @files_1 = ();
    my $start_1 = q{.};

    sub find_files_1 {
        my $file_1 = $File::Find::name;
        if ( !( -f $file_1 ) ) {
            return;
        }
        if ( !( basename($file_1) =~ m/^.*.sh$/xms ) ) {
            return;
        }
        push @files_1, $file_1;
        return;
    }
    find( \&find_files_1, $start_1 );
    join "\n", @files_1;
};
print "Found shell scripts:\n";
print $found_files;
if ( !( $found_files =~ m{\n$}msx ) ) { print "\n"; }


ABSTRACT SYNTAX TREE:
[Simple(SimpleCommand { name: Literal("echo", None), args: [StringInterpolation(StringInterpolation { parts: [Literal("=== File and Directory Operations ===")] }, None)], redirects: [], env_vars: {}, stdout_used: true, stderr_used: true }), Simple(SimpleCommand { name: Literal("echo", None), args: [StringInterpolation(StringInterpolation { parts: [Literal("File listing:")] }, None)], redirects: [], env_vars: {"file_list": CommandSubstitution(Simple(SimpleCommand { name: Literal("ls", None), args: [Literal("-a", None)], redirects: [], env_vars: {}, stdout_used: true, stderr_used: true }), None)}, stdout_used: true, stderr_used: true }), Simple(SimpleCommand { name: Literal("echo", None), args: [StringInterpolation(StringInterpolation { parts: [Variable("file_list")] }, None)], redirects: [], env_vars: {}, stdout_used: true, stderr_used: true }), Simple(SimpleCommand { name: Literal("echo", None), args: [StringInterpolation(StringInterpolation { parts: [Literal("Found shell scripts:")] }, None)], redirects: [], env_vars: {"found_files": CommandSubstitution(Simple(SimpleCommand { name: Literal("find", None), args: [Literal(".", None), Literal("-maxdepth", None), Literal("1", None), Literal("-name", None), Literal("*.sh", None), Literal("-type", None), Literal("f", None)], redirects: [], env_vars: {}, stdout_used: true, stderr_used: true }), None)}, stdout_used: true, stderr_used: true }), Simple(SimpleCommand { name: Literal("echo", None), args: [StringInterpolation(StringInterpolation { parts: [Variable("found_files")] }, None)], redirects: [], env_vars: {}, stdout_used: true, stderr_used: true })]
Test run completed at Sun Nov  2 19:05:28 AWST 2025
