Starting test run at Thu, Sep 18, 2025  6:53:21 PM
Logging to: logs/fail_run_20250918_185321.log
Test arguments: 
----------------------------------------
Starting cargo run with 10 minute timeout...
Running: debashc compilation and test generation
Command: cargo run --bin debashc -- fail "" --perl-critic
Timeout: 600s
----------------------------------------
warning: unused import: `std::collections::HashMap`
 --> src\generator\redirects.rs:4:5
  |
4 | use std::collections::HashMap;
  |     ^^^^^^^^^^^^^^^^^^^^^^^^^
  |
  = note: `#[warn(unused_imports)]` on by default

warning: unused variable: `cmd`
  --> src\generator\commands\system_commands.rs:36:35
   |
36 |         Word::CommandSubstitution(cmd, _) => {
   |                                   ^^^ help: if this is intentional, prefix it with an underscore: `_cmd`
   |
   = note: `#[warn(unused_variables)]` on by default

warning: unused variable: `command_str`
   --> src\generator\words.rs:334:37
    |
334 | ...         let command_str = generator.word_...
    |                 ^^^^^^^^^^^ help: if this is intentional, prefix it with an underscore: `_command_str`

warning: methods `parse_variable_expansion` and `parse_arithmetic_expression` are never used
    --> src\parser\commands.rs:1186:8
     |
20   | impl Parser {
     | ----------- methods in this implementation
...
1186 |     fn parse_variable_expansion(&mut self) -...
     |        ^^^^^^^^^^^^^^^^^^^^^^^^
...
1255 |     fn parse_arithmetic_expression(&mut self...
     |        ^^^^^^^^^^^^^^^^^^^^^^^^^^^
     |
     = note: `#[warn(dead_code)]` on by default

warning: function `parse_command` is never used
    --> src\parser\control_flow.rs:1075:4
     |
1075 | fn parse_command(parser: &mut Parser) -> Res...
     |    ^^^^^^^^^^^^^

warning: function `parse_assignment` is never used
    --> src\parser\control_flow.rs:1285:4
     |
1285 | fn parse_assignment(parser: &mut Parser) -> ...
     |    ^^^^^^^^^^^^^^^^

warning: function `parse_parameter_expansion` is never used
    --> src\parser\words.rs:1862:4
     |
1862 | fn parse_parameter_expansion(_lexer: &mut Le...
     |    ^^^^^^^^^^^^^^^^^^^^^^^^^

warning: function `generate_tr_linebyline_impl` is never used
  --> src\generator\commands\tr.rs:16:4
   |
16 | fn generate_tr_linebyline_impl(generator: &mut...
   |    ^^^^^^^^^^^^^^^^^^^^^^^^^^^

warning: function `generate_tr_buffered_impl` is never used
  --> src\generator\commands\tr.rs:65:4
   |
65 | fn generate_tr_buffered_impl(generator: &mut G...
   |    ^^^^^^^^^^^^^^^^^^^^^^^^^

warning: function `is_variable_used_after_for_loop` is never used
   --> src\generator\control_flow.rs:228:4
    |
228 | fn is_variable_used_after_for_loop(commands: ...
    |    ^^^^^^^^^^^^^^^^^^^^^^^^^^^^^^^

warning: fields `variable_usage` and `scope_depth` are never read
  --> src\variable_analysis.rs:8:5
   |
6  | pub struct VariableUsageAnalyzer {
   |            --------------------- fields in this struct
7  |     /// Maps variable names to their usage inf...
8  |     variable_usage: HashMap<String, VariableUs...
   |     ^^^^^^^^^^^^^^
9  |     /// Current scope depth for tracking neste...
10 |     scope_depth: usize,
   |     ^^^^^^^^^^^
   |
   = note: `VariableUsageAnalyzer` has derived impls for the traits `Clone` and `Debug`, but these are intentionally ignored during dead code analysis

warning: `debashl` (lib) generated 11 warnings (run `cargo fix --lib -p debashl` to apply 1 suggestion)
warning: function `extract_line_col` is never used
 --> src\utils.rs:4:8
  |
4 | pub fn extract_line_col(e: &dyn std::error::Err...
  |        ^^^^^^^^^^^^^^^^
  |
  = note: `#[warn(dead_code)]` on by default

warning: function `parse_line_col` is never used
  --> src\utils.rs:17:8
   |
17 | pub fn parse_line_col(s: &str) -> Option<(usiz...
   |        ^^^^^^^^^^^^^^

warning: function `caret_snippet` is never used
  --> src\utils.rs:25:8
   |
25 | pub fn caret_snippet(input: &str, line: usize,...
   |        ^^^^^^^^^^^^^

warning: fields `shell_duration` and `translated_duration` are never read
  --> src\testing.rs:29:9
   |
16 | pub struct TestResult {
   |            ---------- fields in this struct
...
29 |     pub shell_duration: std::time::Duration, /...
   |         ^^^^^^^^^^^^^^
30 |     pub translated_duration: std::time::Durati...
   |         ^^^^^^^^^^^^^^^^^^^
   |
   = note: `TestResult` has a derived impl for the trait `Debug`, but this is intentionally ignored during dead code analysis

warning: function `test_file_equivalence_detailed` is never used
   --> src\testing.rs:529:8
    |
529 | pub fn test_file_equivalence_detailed(lang: &...
    |        ^^^^^^^^^^^^^^^^^^^^^^^^^^^^^^

warning: function `extract_core_perl_logic` is never used
   --> src\cli_commands.rs:193:4
    |
193 | fn extract_core_perl_logic(perl_code: &str) -...
    |    ^^^^^^^^^^^^^^^^^^^^^^^

warning: function `export_mir_to_json` is never used
   --> src\cli_commands.rs:440:8
    |
440 | pub fn export_mir_to_json(input: &str, _optim...
    |        ^^^^^^^^^^^^^^^^^^

warning: `debashl` (bin "debashc") generated 7 warnings
    Finished `dev` profile [unoptimized + debuginfo] target(s) in 0.12s
     Running `target\debug\debashc.exe fail '' --perl-critic`

DEBUG: Looking for prefix ''

Found example matching prefix '': 000__01_file_directory_operations.sh

Running only the specified example
==================================================
Test 1/138: 000__01_file_directory_operations.sh with perl     DEBUG: Setting original script name to: 000__01_file_directory_operations.sh
DEBUG: CommandSubstitution called with command: Simple(SimpleCommand { name: Literal("ls", None), args: [Literal("-a", None)], redirects: [], env_vars: {}, stdout_used: true, stderr_used: true })
DEBUG: CommandSubstitution called with command: Simple(SimpleCommand { name: Literal("find", None), args: [Literal(".", None), Literal("-name", None), Literal("*.sh", None), Literal("-type", None), Literal("f", None)], redirects: [], env_vars: {}, stdout_used: true, stderr_used: true })
DEBUG: generate_find_command called with generate_output: true, input_var: 'found_files'
DEBUG: Using generate_find_for_substitution with input_var: 'found_files'
DEBUG: check_perl_no_open3_builtins called with 1640 characters
Warning: Failed to create regex for builtin '[': regex parse error:
    open3\s*\(\s*[^,]+,\s*[^,]+,\s*[^,]+,\s*['"][['"]
                                                ^
error: unclosed character class
Warning: Failed to create regex for builtin '[[': regex parse error:
    open3\s*\(\s*[^,]+,\s*[^,]+,\s*[^,]+,\s*['"][[['"]
                                                 ^
error: unclosed character class
DEBUG: check_perl_no_system_builtins called with 1640 characters
✓


================================================================================
                                    TEST PASSED
================================================================================
File: examples\000__01_file_directory_operations.sh
Generator: perl
Test: 1/138
================================================================================

ORIGINAL SHELL SCRIPT:
#!/bin/bash

# File and directory operations with backticks
# This file demonstrates using backticks with file system commands

echo "=== File and Directory Operations ==="

# ls command with backticks
#PERL_MUST_NOT_CONTAIN `ls
file_list=`ls -a`
echo "File listing:"
echo "$file_list"

# find command with backticks
#PERL_MUST_NOT_CONTAIN `find
found_files=`find . -name "*.sh" -type f`
echo "Found shell scripts:"
echo "$found_files"

# basename and dirname with backticks
#PERL_MUST_NOT_CONTAIN `basename
#PERL_MUST_NOT_CONTAIN `dirname
#script_name=`basename $0`
#script_dir=`dirname $0`
#echo "Script name: $script_name"
#echo "Script directory: $script_dir"


TRANSLATED PERL CODE:
#!/usr/bin/env perl
use strict;
use warnings;
use Carp;
use English qw( -no_match_vars );
use locale;
use IPC::Open3;

my $main_exit_code = 0;
my $ls_success = 0;
our $CHILD_ERROR;

print "=== File and Directory Operations ===\n";
my $file_list = do {
    my $cmd_result_1 = do {
    my @ls_files_0 = ();
    if (-f q{.}) {
        push @ls_files_0, q{.};
    } elsif (-d q{.}) {
        if (opendir my $dh, q{.}) {
            while (my $file = readdir $dh) {
                next if $file =~ /^__tmp_.*[.]pl$/msx;
                push @ls_files_0, $file;
            }
            closedir $dh;
            @ls_files_0 = sort @ls_files_0;
        }
    }
    join "\n", @ls_files_0;
};
    chomp $cmd_result_1;
    $cmd_result_1;
};
print "File listing:\n";
print $file_list, "\n";
my $found_files = do {
    my $cmd_result_2 = do {
    my @results;
    my $start_path = q{.};
    sub find_files {
        my ($dir) = @_;
        if (opendir my $dh, $dir) {
            while (my $file = readdir $dh) {
                next if $file eq q{.} or $file eq q{..};
                my $full_path = "$dir/$file";
                if (-d $full_path) {
                    find_files($full_path);
                } else {
                    if (-f $full_path) {
                        if ($file =~ /.*[.]sh$/msx) {
                            push @results, $full_path;
                        }
                    }
                }
            }
        closedir $dh;
    }
    return;
}
find_files($start_path);
join "\n", @results;
};
    chomp $cmd_result_2;
    $cmd_result_2;
};
print "Found shell scripts:\n";
print $found_files, "\n";


ABSTRACT SYNTAX TREE:
[Simple(SimpleCommand { name: Literal("echo", None), args: [StringInterpolation(StringInterpolation { parts: [Literal("=== File and Directory Operations ===")] }, None)], redirects: [], env_vars: {}, stdout_used: true, stderr_used: true }), Simple(SimpleCommand { name: Literal("echo", None), args: [StringInterpolation(StringInterpolation { parts: [Literal("File listing:")] }, None)], redirects: [], env_vars: {"file_list": CommandSubstitution(Simple(SimpleCommand { name: Literal("ls", None), args: [Literal("-a", None)], redirects: [], env_vars: {}, stdout_used: true, stderr_used: true }), None)}, stdout_used: true, stderr_used: true }), Simple(SimpleCommand { name: Literal("echo", None), args: [StringInterpolation(StringInterpolation { parts: [Variable("file_list")] }, None)], redirects: [], env_vars: {}, stdout_used: true, stderr_used: true }), Simple(SimpleCommand { name: Literal("echo", None), args: [StringInterpolation(StringInterpolation { parts: [Literal("Found shell scripts:")] }, None)], redirects: [], env_vars: {"found_files": CommandSubstitution(Simple(SimpleCommand { name: Literal("find", None), args: [Literal(".", None), Literal("-name", None), Literal("*.sh", None), Literal("-type", None), Literal("f", None)], redirects: [], env_vars: {}, stdout_used: true, stderr_used: true }), None)}, stdout_used: true, stderr_used: true }), Simple(SimpleCommand { name: Literal("echo", None), args: [StringInterpolation(StringInterpolation { parts: [Variable("found_files")] }, None)], redirects: [], env_vars: {}, stdout_used: true, stderr_used: true })]
----------------------------------------
Command completed with exit code: 0
----------------------------------------
Running: test_purify.pl validation
Command: perl test_purify.pl --next --verbose
Timeout: 300s
----------------------------------------
total 5022
drwxr-xr-x 1 s_pam 197612       0 Sep 18 18:49 .
drwxr-xr-x 1 s_pam 197612       0 Sep 16 00:12 ..
drwxr-xr-x 1 s_pam 197612       0 Sep 18 14:07 .git
drwxr-xr-x 1 s_pam 197612       0 Sep  7 01:14 003
-rw-r--r-- 1 s_pam 197612    7074 Sep 12 18:59 BENCHMARK_README.md
-rw-r--r-- 1 s_pam 197612   14251 Sep 12 18:59 Cargo.lock
-rw-r--r-- 1 s_pam 197612    1102 Sep 12 18:59 Cargo.toml
-rw-r--r-- 1 s_pam 197612    2445 Sep 12 18:59 INSTALL.md
-rw-r--r-- 1 s_pam 197612   35147 Sep 12 18:59 LICENSE
-rw-r--r-- 1 s_pam 197612    3158 Sep 12 18:59 README-WASM.md
-rw-r--r-- 1 s_pam 197612   14431 Sep 17 20:24 README.md
-rw-r--r-- 1 s_pam 197612    1281 Sep 17 15:33 TODO.txt
-rw-r--r-- 1 s_pam 197612    8598 Sep 18 12:08 after_test.txt
drwxr-xr-x 1 s_pam 197612       0 Sep 12 18:59 bash_tests
-rw-r--r-- 1 s_pam 197612    3451 Sep 12 18:59 benchmark.bat
-rw-r--r-- 1 s_pam 197612    8271 Sep 12 18:59 benchmark.ps1
-rwxr-xr-x 1 s_pam 197612   12355 Sep 12 18:59 benchmark_system.pl
-rwxr-xr-x 1 s_pam 197612    2014 Sep 12 18:59 build-wasm.sh
drwxr-xr-x 1 s_pam 197612       0 Sep 14 23:41 cache
-rwxr-xr-x 1 s_pam 197612   14438 Sep 12 18:59 clean_dead_code.sh
-rwxr-xr-x 1 s_pam 197612   13167 Sep 12 18:59 clean_dead_code_safe.sh
-rw-r--r-- 1 s_pam 197612   38864 Sep 15 23:18 clean_perl.pl
-rw-r--r-- 1 s_pam 197612     629 Sep 15 23:18 clean_perl.pl.ERR
-rw-r--r-- 1 s_pam 197612   30466 Sep 18 18:53 command_cache.json
-rwxr-xr-x 1 s_pam 197612    3009 Sep 12 18:59 comment_debug.sh
-rwxr-xr-x 1 s_pam 197612    4859 Sep 12 18:59 compare_perl_bash.pl
-rwxr-xr-x 1 s_pam 197612   13110 Sep 15 23:32 complete_perl.pl
-rw-r--r-- 1 s_pam 197612      41 Sep 12 18:59 complex_script.sh
-rwxr-xr-x 1 s_pam 197612     277 Sep 12 18:59 complex_test.sh
-rwxr-xr-x 1 s_pam 197612    3275 Sep 12 18:59 create_test_data.pl
-rwxr-xr-x 1 s_pam 197612    8743 Sep 15 23:18 current_perl.pl
-rw-r--r-- 1 s_pam 197612     672 Sep 15 23:18 current_perl.pl.ERR
-rwxr-xr-x 1 s_pam 197612     637 Sep 14 23:23 debug_file_check.pl
-rwxr-xr-x 1 s_pam 197612     845 Sep 14 23:23 debug_find_comprehensive.pl
-rwxr-xr-x 1 s_pam 197612     782 Sep 14 23:23 debug_find_simple.pl
-rwxr-xr-x 1 s_pam 197612     122 Sep 18 10:46 debug_function.sh
-rw-r--r-- 1 s_pam 197612      21 Sep 14 14:50 debug_lines.txt
-rw-r--r-- 1 s_pam 197612   93500 Sep 18 13:37 debug_output.txt
-rwxr-xr-x 1 s_pam 197612    1314 Sep 14 23:23 debug_path_issue.pl
-rwxr-xr-x 1 s_pam 197612    3861 Sep 15 23:42 debug_perl.pl
-rwxr-xr-x 1 s_pam 197612      64 Sep 18 10:46 debug_wc_redirect.sh
drwxr-xr-x 1 s_pam 197612       0 Sep 18 10:47 docs
-rw-r--r-- 1 s_pam 197612      69 Sep 14 14:49 echo_if_test.sh
drwxr-xr-x 1 s_pam 197612       0 Sep 18 16:05 examples
drwxr-xr-x 1 s_pam 197612       0 Sep 14 14:42 examples.impurl
drwxr-xr-x 1 s_pam 197612       0 Sep 17 21:14 examples.out
drwxr-xr-x 1 s_pam 197612       0 Sep 12 18:59 examples.pl
-rwxr-xr-x 1 s_pam 197612     520 Sep 14 20:47 extracted_perl.pl
-rwxr-xr-x 1 s_pam 197612    4653 Sep 18 16:10 fail
-rwxr-xr-x 1 s_pam 197612     295 Sep 12 18:59 fail-fast
-rw-r--r-- 1 s_pam 197612     939 Sep 12 18:59 fail.bat
-rw-r--r-- 1 s_pam 197612      20 Sep 18 13:40 file1.txt
-rw-r--r-- 1 s_pam 197612      19 Sep 18 13:40 file2.txt
-rwxr-xr-x 1 s_pam 197612   12882 Sep 12 18:59 find_perl_chunks.py
-rwxr-xr-x 1 s_pam 197612    9979 Sep 12 18:59 find_perl_specific_code.py
-rw-r--r-- 1 s_pam 197612      40 Sep 18 13:30 first_n_tests_passed.MAX.txt
-rw-r--r-- 1 s_pam 197612      35 Sep 18 13:39 first_n_tests_passed.txt
-rwxr-xr-x 1 s_pam 197612     499 Sep 14 20:47 fixed_perl.pl
-rw-r--r-- 1 s_pam 197612   71929 Sep 15 23:19 full_output.txt
-rwxr-xr-x 1 s_pam 197612   14959 Sep 15 23:31 generated_code.pl
-rw-r--r-- 1 s_pam 197612   13090 Sep 15 23:32 generated_perl.pl
-rw-r--r-- 1 s_pam 197612   39317 Sep 14 17:51 generated_perl_fixed.pl
-rwxr-xr-x 1 s_pam 197612    1015 Sep 12 18:59 git_commit_sizes.pl
-rwxr-xr-x 1 s_pam 197612    3437 Sep 14 15:43 git_filter_repo_generator.pl
-rw-r--r-- 1 s_pam 197612      18 Sep 17 23:06 highest_tests_and_lines.txt
-rw-r--r-- 1 s_pam 197612     585 Sep 12 18:59 install-deps.bat
-rw-r--r-- 1 s_pam 197612    6752 Sep 12 18:59 install-deps.ps1
drwxr-xr-x 1 s_pam 197612       0 Sep 18 18:53 logs
-rwxr-xr-x 1 s_pam 197612     401 Sep 12 18:59 ls_clean.pl
-rw-r--r-- 1 s_pam 197612     518 Sep 12 18:59 ls_test.pl
-rw-r--r-- 1 s_pam 197612      74 Sep 14 14:46 minimal_test.sh
-rw-r--r-- 1 s_pam 197612  119188 Sep 12 18:59 perl_functions.txt
-rw-r--r-- 1 s_pam 197612 3754492 Sep 12 18:59 perl_specific_results.txt
-rwxr-xr-x 1 s_pam 197612   13167 Sep 15 00:13 perlcritic_wrapper.pl
-rw-r--r-- 1 s_pam 197612   38814 Sep 15 23:19 pure_perl.pl
-rw-r--r-- 1 s_pam 197612     833 Sep 15 23:19 pure_perl.pl.ERR
-rwxr-xr-x 1 s_pam 197612   17368 Sep 18 10:46 purify.pl
-rwxr-xr-x 1 s_pam 197612   73125 Sep 12 18:59 purify_bloated.pl
-rwxr-xr-x 1 s_pam 197612    5298 Sep 12 18:59 rename_files.sh
-rwxr-xr-x 1 s_pam 197612    2720 Sep 12 18:59 restore_debug.sh
-rw-r--r-- 1 s_pam 197612     656 Sep 12 18:59 run-next-test.bat
-rw-r--r-- 1 s_pam 197612    4446 Sep 12 18:59 run_benchmarks.bat
-rwxr-xr-x 1 s_pam 197612    6452 Sep 12 18:59 run_benchmarks.sh
-rwxr-xr-x 1 s_pam 197612   10453 Sep 12 18:59 simple_benchmark.pl
-rwxr-xr-x 1 s_pam 197612    8731 Sep 12 18:59 simple_benchmark_no_color.pl
-rw-r--r-- 1 s_pam 197612      48 Sep 14 14:49 simple_if_test.sh
drwxr-xr-x 1 s_pam 197612       0 Sep 14 14:42 src
-rw-r--r-- 1 s_pam 197612       0 Sep 12 18:59 stderr.txt
-rwxr-xr-x 1 s_pam 197612    2850 Sep 12 18:59 strip_debug.sh
drwxr-xr-x 1 s_pam 197612       0 Sep 14 14:42 target
-rw-r--r-- 1 s_pam 197612     131 Sep 17 23:33 temp_debashc_output_17296.txt
-rw-r--r-- 1 s_pam 197612       4 Sep 15 23:44 test2.txt
-rw-r--r-- 1 s_pam 197612      47 Sep 15 03:12 test_binary.txt
-rw-r--r-- 1 s_pam 197612      13 Sep 18 13:40 test_checksum.txt
-rwxr-xr-x 1 s_pam 197612    1013 Sep 15 23:42 test_cp.pl
-rwxr-xr-x 1 s_pam 197612    2234 Sep 15 23:42 test_cp_isolated.pl
-rwxr-xr-x 1 s_pam 197612    1733 Sep 15 16:53 test_debug.pl
drwxr-xr-x 1 s_pam 197612       0 Sep 17 23:24 test_dir
-rwxr-xr-x 1 s_pam 197612     409 Sep 17 20:24 test_direct_system_check.pl
-rwxr-xr-x 1 s_pam 197612    1526 Sep 15 23:42 test_eval_copy.pl
-rwxr-xr-x 1 s_pam 197612    1897 Sep 15 23:42 test_eval_debug.pl
-rw-r--r-- 1 s_pam 197612       0 Sep 18 13:40 test_file.txt
-rwxr-xr-x 1 s_pam 197612    1081 Sep 14 23:23 test_file_spec.pl
-rwxr-xr-x 1 s_pam 197612    1441 Sep 15 23:42 test_format.pl
-rwxr-xr-x 1 s_pam 197612   15118 Sep 15 23:51 test_generated.pl
-rw-r--r-- 1 s_pam 197612     232 Sep 15 22:33 test_generated.pl.ERR
-rwxr-xr-x 1 s_pam 197612   15126 Sep 15 23:51 test_generated_fixed.pl
-rwxr-xr-x 1 s_pam 197612     341 Sep 15 00:11 test_minimal.pl
-rwxr-xr-x 1 s_pam 197612    3731 Sep 16 00:12 test_mv_debug.pl
-rwxr-xr-x 1 s_pam 197612     987 Sep 14 23:23 test_original_path.pl
-rw-r--r-- 1 s_pam 197612   16356 Sep 17 21:03 test_output.pl
-rw-r--r-- 1 s_pam 197612     638 Sep 17 21:04 test_output.pl.ERR
-rw-r--r-- 1 s_pam 197612   39354 Sep 15 23:21 test_perl.pl
-rw-r--r-- 1 s_pam 197612     836 Sep 15 23:21 test_perl.pl.ERR
-rw-r--r-- 1 s_pam 197612      87 Sep 15 04:23 test_perl.sh
-rw-r--r-- 1 s_pam 197612   13249 Sep 15 23:52 test_perl_code.pl
-rwxr-xr-x 1 s_pam 197612     765 Sep 15 19:30 test_perl_direct.pl
-rwxr-xr-x 1 s_pam 197612   13269 Sep 15 23:52 test_perl_final.pl
-rwxr-xr-x 1 s_pam 197612     827 Sep 15 22:12 test_perltidy.pl
-rwxr-xr-x 1 s_pam 197612     544 Sep 15 19:28 test_perltidy_formatted.pl
-rw-r--r-- 1 s_pam 197612       0 Sep 15 19:28 test_perltidy_formatted2.pl
-rwxr-xr-x 1 s_pam 197612     824 Sep 18 10:46 test_ppi_replace.pl
-rwxr-xr-x 1 s_pam 197612     173 Sep 18 10:46 test_purify.pl
-rwxr-xr-x 1 s_pam 197612    2911 Sep 15 23:42 test_sequence.pl
-rw-r--r-- 1 s_pam 197612    2584 Sep 17 20:24 test_system_builtin_check.rs
-rwxr-xr-x 1 s_pam 197612     384 Sep 17 20:24 test_system_builtin_detection.pl
-rwxr-xr-x 1 s_pam 197612     357 Sep 17 20:24 test_system_builtins.pl
-rw-r--r-- 1 s_pam 197612    1997 Sep 17 20:24 test_system_check.rs
-rw-r--r-- 1 s_pam 197612      12 Sep 18 13:40 test_tee.txt
-rwxr-xr-x 1 s_pam 197612     538 Sep 15 23:42 test_workdir.pl
-rwxr-xr-x 1 s_pam 197612    1721 Sep 15 00:25 test_wrapper_minimal.pl
-rw-r--r-- 1 s_pam 197612    5469 Sep 18 11:40 tooltip_monitor.ps1
-rw-r--r-- 1 s_pam 197612    9759 Sep 12 18:59 wasm.ps1
drwxr-xr-x 1 s_pam 197612       0 Sep 12 20:28 www
Files: benchmark_system.pl
clean_perl.pl
compare_perl_bash.pl
complete_perl.pl
create_test_data.pl
current_perl.pl
debug_file_check.pl
debug_find_comprehensive.pl
debug_find_simple.pl
debug_path_issue.pl
debug_perl.pl
extracted_perl.pl
fixed_perl.pl
generated_code.pl
generated_perl.pl
generated_perl_fixed.pl
git_commit_sizes.pl
git_filter_repo_generator.pl
ls_clean.pl
ls_test.pl
perlcritic_wrapper.pl
pure_perl.pl
purify.pl
purify_bloated.pl
simple_benchmark.pl
simple_benchmark_no_color.pl
test_cp.pl
test_cp_isolated.pl
test_debug.pl
test_direct_system_check.pl
test_eval_copy.pl
test_eval_debug.pl
test_file_spec.pl
test_format.pl
test_generated.pl
test_generated_fixed.pl
test_minimal.pl
test_mv_debug.pl
test_original_path.pl
test_output.pl
test_perl.pl
test_perl_code.pl
test_perl_direct.pl
test_perl_final.pl
test_perltidy.pl
test_perltidy_formatted.pl
test_perltidy_formatted2.pl
test_ppi_replace.pl
test_purify.pl
test_sequence.pl
test_system_builtin_detection.pl
test_system_builtins.pl
test_workdir.pl
test_wrapper_minimal.pl

examples.pl:
000_if2echo.pl
001_simple.pl
002_control_flow.pl
003_pipeline.pl
004_test_quoted.pl
005_args.pl
006_misc.pl
007_cat_EOF.pl
008_simple_backup.pl
009_arrays.pl
010_pattern_matching.pl
011_brace_expansion.pl
012_process_substitution.pl
013_parameter_expansion.pl
014_ansi_quoting.pl
015_grep_advanced.pl
016_grep_basic.pl
017_grep_context.pl
018_grep_params.pl
019_grep_regex.pl
020_ansi_quoting_basic.pl
021_ansi_quoting_escape.pl
022_ansi_quoting_unicode.pl
023_ansi_quoting_practical.pl
024_parameter_expansion_case.pl
025_parameter_expansion_advanced.pl
026_parameter_expansion_more.pl
027_parameter_expansion_defaults.pl
028_arrays_indexed.pl
029_arrays_associative.pl
030_control_flow_if.pl
031_control_flow_loops.pl
032_control_flow_function.pl
033_brace_expansion_basic.pl
034_brace_expansion_advanced.pl
035_brace_expansion_practical.pl
036_pattern_matching_basic.pl
037_pattern_matching_extglob.pl
038_pattern_matching_nocase.pl
039_process_substitution_here.pl
040_process_substitution_comm.pl
041_process_substitution_mapfile.pl
042_process_substitution_advanced.pl
043_home.pl
044_find_example.pl
045_shell_calling_perl.pl
046_cd..pl
047_for_arithematic.pl
048_subprocess.pl
049_local.pl
050_test_ls_star_dot_sh.pl
051_primes.pl
052_numeric_computations.pl
053_gcd.pl
054_fibonacci.pl
055_factorize.pl
056_send_args.pl
057_case.pl
058_advanced_bash_idioms.pl

----------------------------------------
Command completed with exit code: 0
----------------------------------------
Test run completed at Thu, Sep 18, 2025  6:53:29 PM
