Starting test run at Mon, Sep 22, 2025 12:16:42 AM
Logging to: logs/fail_run_20250922_001642.log
Test arguments: 000__04d
----------------------------------------
Compiling debashc...
   Compiling debashl v0.1.0 (D:\GitHub\sh2perl)
warning: unused import: `regex::Regex`
 --> src\generator\commands\pipeline_commands.rs:4:5
  |
4 | use regex::Regex;
  |     ^^^^^^^^^^^^
  |
  = note: `#[warn(unused_imports)]` on by default

warning: unused import: `std::collections::HashMap`
 --> src\generator\redirects.rs:4:5
  |
4 | use std::collections::HashMap;
  |     ^^^^^^^^^^^^^^^^^^^^^^^^^

warning: unused doc comment
   --> src\timeout_manager.rs:282:1
    |
282 | /// Global timeout manager instance
    | ^^^^^^^^^^^^^^^^^^^^^^^^^^^^^^^^^^^ rustdoc does not generate documentation for macro invocations
    |
    = help: to document an item produced by a macro, the macro must produce the documentation as part of its expansion
    = note: `#[warn(unused_doc_comments)]` on by default

warning: unused variable: `glob_exprs`
  --> src\generator\commands\simple_commands.rs:38:45
   |
38 | ...                   let glob_exprs: Vec<String> = patterns.iter()
   |                           ^^^^^^^^^^ help: if this is intentional, prefix it with an underscore: `_glob_exprs`
   |
   = note: `#[warn(unused_variables)]` on by default

warning: unused variable: `i`
   --> src\generator\commands\pipeline_commands.rs:834:22
    |
834 |                 for (i, command) in pipeline.commands[start_index..].iter().enumerate() {
    |                      ^ help: if this is intentional, prefix it with an underscore: `_i`

warning: unused variable: `j`
   --> src\generator\commands\pipeline_commands.rs:848:34
    |
848 | ...                   for (j, nested_command) in nested_pipeline.commands.iter().enumerate() {
    |                            ^ help: if this is intentional, prefix it with an underscore: `_j`

warning: unused variable: `cmd`
  --> src\generator\commands\system_commands.rs:36:35
   |
36 |         Word::CommandSubstitution(cmd, _) => {
   |                                   ^^^ help: if this is intentional, prefix it with an underscore: `_cmd`

warning: unused variable: `output`
  --> src\generator\commands\find.rs:42:13
   |
42 |     let mut output = String::new();
   |             ^^^^^^ help: if this is intentional, prefix it with an underscore: `_output`

warning: variable does not need to be mutable
  --> src\generator\commands\find.rs:42:9
   |
42 |     let mut output = String::new();
   |         ----^^^^^^
   |         |
   |         help: remove this `mut`
   |
   = note: `#[warn(unused_mut)]` on by default

warning: unused variable: `input_var`
 --> src\generator\commands\comm.rs:7:5
  |
7 |     input_var: &str,
  |     ^^^^^^^^^ help: if this is intentional, prefix it with an underscore: `_input_var`

warning: unused variable: `command_str`
   --> src\generator\words.rs:564:37
    |
564 | ...                   let command_str = generator.word_to_perl(command);
    |                           ^^^^^^^^^^^ help: if this is intentional, prefix it with an underscore: `_command_str`

warning: unused variable: `s`
   --> src\generator\words.rs:859:23
    |
859 |         Word::Literal(s, _) => generator.perl_string_literal(word),
    |                       ^ help: if this is intentional, prefix it with an underscore: `_s`

warning: unused variable: `operation_handle`
   --> src\timeout_manager.rs:151:13
    |
151 |         let operation_handle = thread::spawn(move || {
    |             ^^^^^^^^^^^^^^^^ help: if this is intentional, prefix it with an underscore: `_operation_handle`

warning: unused variable: `operation_handle`
   --> src\timeout_manager.rs:194:13
    |
194 |         let operation_handle = thread::spawn(move || {
    |             ^^^^^^^^^^^^^^^^ help: if this is intentional, prefix it with an underscore: `_operation_handle`

warning: methods `parse_variable_expansion` and `parse_arithmetic_expression` are never used
    --> src\parser\commands.rs:1186:8
     |
  20 | impl Parser {
     | ----------- methods in this implementation
...
1186 |     fn parse_variable_expansion(&mut self) -> Result<Word, ParserError> {
     |        ^^^^^^^^^^^^^^^^^^^^^^^^
...
1255 |     fn parse_arithmetic_expression(&mut self) -> Result<Word, ParserError> {
     |        ^^^^^^^^^^^^^^^^^^^^^^^^^^^
     |
     = note: `#[warn(dead_code)]` on by default

warning: function `parse_command` is never used
    --> src\parser\control_flow.rs:1075:4
     |
1075 | fn parse_command(parser: &mut Parser) -> Result<Command, ParserError> {
     |    ^^^^^^^^^^^^^

warning: function `parse_assignment` is never used
    --> src\parser\control_flow.rs:1285:4
     |
1285 | fn parse_assignment(parser: &mut Parser) -> Result<Command, ParserError> {
     |    ^^^^^^^^^^^^^^^^

warning: function `parse_parameter_expansion` is never used
    --> src\parser\words.rs:1885:4
     |
1885 | fn parse_parameter_expansion(_lexer: &mut Lexer) -> Result<Word, ParserError> {
     |    ^^^^^^^^^^^^^^^^^^^^^^^^^

warning: function `escape_glob_pattern` is never used
 --> src\generator\commands\find.rs:4:4
  |
4 | fn escape_glob_pattern(pattern: &str) -> String {
  |    ^^^^^^^^^^^^^^^^^^^

warning: function `parse_size_to_bytes` is never used
   --> src\generator\commands\find.rs:188:4
    |
188 | fn parse_size_to_bytes(size_str: &str) -> u64 {
    |    ^^^^^^^^^^^^^^^^^^^

warning: function `generate_tr_linebyline_impl` is never used
  --> src\generator\commands\tr.rs:24:4
   |
24 | fn generate_tr_linebyline_impl(generator: &mut Generator, cmd: &SimpleCommand, input_var: &str, _command_index: &str) -> String {
   |    ^^^^^^^^^^^^^^^^^^^^^^^^^^^

warning: function `generate_tr_buffered_impl` is never used
  --> src\generator\commands\tr.rs:73:4
   |
73 | fn generate_tr_buffered_impl(generator: &mut Generator, cmd: &SimpleCommand, input_var: &str, command_index: &str) -> String {
   |    ^^^^^^^^^^^^^^^^^^^^^^^^^

warning: function `is_variable_used_after_for_loop` is never used
   --> src\generator\control_flow.rs:228:4
    |
228 | fn is_variable_used_after_for_loop(commands: &[Command], for_loop_var: &str, for_loop_index: usize) -> bool {
    |    ^^^^^^^^^^^^^^^^^^^^^^^^^^^^^^^

warning: fields `variable_usage` and `scope_depth` are never read
  --> src\variable_analysis.rs:8:5
   |
 6 | pub struct VariableUsageAnalyzer {
   |            --------------------- fields in this struct
 7 |     /// Maps variable names to their usage information
 8 |     variable_usage: HashMap<String, VariableUsageInfo>,
   |     ^^^^^^^^^^^^^^
 9 |     /// Current scope depth for tracking nested scopes
10 |     scope_depth: usize,
   |     ^^^^^^^^^^^
   |
   = note: `VariableUsageAnalyzer` has derived impls for the traits `Clone` and `Debug`, but these are intentionally ignored during dead code analysis

warning: `debashl` (lib) generated 24 warnings (run `cargo fix --lib -p debashl` to apply 3 suggestions)
warning: unused import: `execute_with_progress`
 --> src\testing.rs:9:67
  |
9 | use crate::timeout_manager::{OperationType, execute_with_timeout, execute_with_progress, 
  |                                                                   ^^^^^^^^^^^^^^^^^^^^^
  |
  = note: `#[warn(unused_imports)]` on by default

warning: unused import: `debashl::parser::errors::ParserError`
  --> src\testing.rs:16:5
   |
16 | use debashl::parser::errors::ParserError;
   |     ^^^^^^^^^^^^^^^^^^^^^^^^^^^^^^^^^^^^

warning: unused variable: `operation_handle`
  --> src\testing.rs:25:9
   |
25 |     let operation_handle = std::thread::spawn(move || {
   |         ^^^^^^^^^^^^^^^^ help: if this is intentional, prefix it with an underscore: `_operation_handle`
   |
   = note: `#[warn(unused_variables)]` on by default

warning: variable does not need to be mutable
    --> src\testing.rs:1160:9
     |
1160 |     let mut should_break = false;
     |         ----^^^^^^^^^^^^
     |         |
     |         help: remove this `mut`
     |
     = note: `#[warn(unused_mut)]` on by default

warning: unused variable: `overall_start`
    --> src\testing.rs:1369:9
     |
1369 |     let overall_start = std::time::Instant::now();
     |         ^^^^^^^^^^^^^ help: if this is intentional, prefix it with an underscore: `_overall_start`

warning: unused variable: `test_loop_start`
    --> src\testing.rs:1417:9
     |
1417 |     let test_loop_start = std::time::Instant::now();
     |         ^^^^^^^^^^^^^^^ help: if this is intentional, prefix it with an underscore: `_test_loop_start`

warning: unused variable: `should_break`
    --> src\testing.rs:1966:13
     |
1966 |     let mut should_break = false;
     |             ^^^^^^^^^^^^ help: if this is intentional, prefix it with an underscore: `_should_break`

warning: variable does not need to be mutable
    --> src\testing.rs:1966:9
     |
1966 |     let mut should_break = false;
     |         ----^^^^^^^^^^^^
     |         |
     |         help: remove this `mut`

warning: function `run_perl_script` is never used
  --> src\execution.rs:62:8
   |
62 | pub fn run_perl_script(script_path: &str) -> Result<std::process::Output, String> {
   |        ^^^^^^^^^^^^^^^
   |
   = note: `#[warn(dead_code)]` on by default

warning: function `extract_line_col` is never used
 --> src\utils.rs:4:8
  |
4 | pub fn extract_line_col(e: &dyn std::error::Error) -> Option<(usize, usize)> {
  |        ^^^^^^^^^^^^^^^^

warning: function `parse_line_col` is never used
  --> src\utils.rs:17:8
   |
17 | pub fn parse_line_col(s: &str) -> Option<(usize, usize)> {
   |        ^^^^^^^^^^^^^^

warning: function `caret_snippet` is never used
  --> src\utils.rs:25:8
   |
25 | pub fn caret_snippet(input: &str, line: usize, col: usize) -> Option<String> {
   |        ^^^^^^^^^^^^^

warning: function `with_timeout` is never used
  --> src\testing.rs:19:4
   |
19 | fn with_timeout<F, T>(timeout_secs: u64, operation: F) -> Result<T, String> 
   |    ^^^^^^^^^^^^

warning: fields `shell_duration` and `translated_duration` are never read
  --> src\testing.rs:52:9
   |
39 | pub struct TestResult {
   |            ---------- fields in this struct
...
52 |     pub shell_duration: std::time::Duration, // Shell execution time
   |         ^^^^^^^^^^^^^^
53 |     pub translated_duration: std::time::Duration, // Translated program execution time
   |         ^^^^^^^^^^^^^^^^^^^
   |
   = note: `TestResult` has a derived impl for the trait `Debug`, but this is intentionally ignored during dead code analysis

warning: function `test_file_equivalence_detailed` is never used
   --> src\testing.rs:552:8
    |
552 | pub fn test_file_equivalence_detailed(lang: &str, filename: &str, ast_options: Option<AstFormatOptions>) -> Result<TestResult, String> {
    |        ^^^^^^^^^^^^^^^^^^^^^^^^^^^^^^

warning: function `test_all_examples_next_fail` is never used
    --> src\testing.rs:1365:8
     |
1365 | pub fn test_all_examples_next_fail(generators: &[String], test_prefix: Option<String>, enable_perl_critic: bool) {
     |        ^^^^^^^^^^^^^^^^^^^^^^^^^^^

warning: function `extract_core_perl_logic` is never used
   --> src\cli_commands.rs:198:4
    |
198 | fn extract_core_perl_logic(perl_code: &str) -> String {
    |    ^^^^^^^^^^^^^^^^^^^^^^^

warning: function `export_mir_to_json` is never used
   --> src\cli_commands.rs:445:8
    |
445 | pub fn export_mir_to_json(input: &str, _optimize: bool) {
    |        ^^^^^^^^^^^^^^^^^^

warning: variants `Parsing`, `CodeGeneration`, `FileOperations`, `TestExecution`, and `DebugFreeze` are never constructed
  --> src\timeout_manager.rs:11:5
   |
 8 | pub enum OperationType {
   |          ------------- variants in this enum
...
11 |     Parsing,            // Parsing shell scripts
   |     ^^^^^^^
12 |     CodeGeneration,     // Generating Perl code
   |     ^^^^^^^^^^^^^^
13 |     FileOperations,     // File I/O operations
   |     ^^^^^^^^^^^^^^
14 |     TestExecution,      // Overall test execution
   |     ^^^^^^^^^^^^^
15 |     DebugFreeze,        // Debug freeze pause
   |     ^^^^^^^^^^^
   |
   = note: `OperationType` has derived impls for the traits `Clone` and `Debug`, but these are intentionally ignored during dead code analysis

warning: methods `set_freeze_duration` and `get_freeze_duration` are never used
  --> src\timeout_manager.rs:74:12
   |
51 | impl DebugFreezeManager {
   | ----------------------- methods in this implementation
...
74 |     pub fn set_freeze_duration(&mut self, duration: Duration) {
   |            ^^^^^^^^^^^^^^^^^^^
...
78 |     pub fn get_freeze_duration(&self) -> Duration {
   |            ^^^^^^^^^^^^^^^^^^^

warning: methods `set_timeout` and `execute_with_progress` are never used
   --> src\timeout_manager.rs:117:12
    |
 90 | impl TimeoutManager {
    | ------------------- methods in this implementation
...
117 |     pub fn set_timeout(&mut self, operation: OperationType, duration: Duration) {
    |            ^^^^^^^^^^^
...
178 |     pub fn execute_with_progress<F, T>(&self, operation: OperationType, operation_fn: F) -> Result<T, String>
    |            ^^^^^^^^^^^^^^^^^^^^^

warning: function `execute_with_progress` is never used
   --> src\timeout_manager.rs:302:8
    |
302 | pub fn execute_with_progress<F, T>(operation: OperationType, operation_fn: F) -> Result<T, String>
    |        ^^^^^^^^^^^^^^^^^^^^^

warning: `debashl` (bin "debashc") generated 25 warnings (3 duplicates) (run `cargo fix --bin "debashc"` to apply 4 suggestions)
    Finished `dev` profile [unoptimized + debuginfo] target(s) in 17.63s
Running debashc with fine-grained per-test timeouts...
Running: debashc test generation and execution
Command: ./target/debug/debashc.exe fail "000__04d"
Timeout: Per-test timeouts (30s shell, 10s parse, 5s generate)
----------------------------------------
Running ALL 146 examples (limited to 50 tests to prevent timeout)

DEBUG: Looking for prefix '000__04d'

Found example matching prefix '000__04d': 000__04d_system_utilities.sh

Running only the specified example
==================================================
DEBUG: Progress: 5/146 tests completed (3.4%)
Test 7/146: 000__04d_system_utilities.sh with perl     DEBUG: Starting test execution for examples\000__04d_system_utilities.sh with generator perl
DEBUG: Running shell script: examples\000__04d_system_utilities.sh
DEBUG: Timeout manager starting ShellExecution with timeout of 120.0 seconds
DEBUG: Timeout manager completed ShellExecution successfully
DEBUG: Shell script completed in 4.70s
DEBUG: Shell script execution completed, now starting Perl generation
DEBUG: Setting original script name to: 000__04d_system_utilities.sh
DEBUG: CommandSubstitution called with command: Simple(SimpleCommand { name: Literal("date", None), args: [Literal("+%Y-%m-%d %H", None)], redirects: [], env_vars: {}, stdout_used: true, stderr_used: true })
DEBUG: CommandSubstitution called with command: Simple(SimpleCommand { name: Literal("date", None), args: [Literal("+%rms", None)], redirects: [], env_vars: {}, stdout_used: true, stderr_used: true })
DEBUG: CommandSubstitution called with command: Simple(SimpleCommand { name: Literal("time", None), args: [Literal("sleep", None), Literal("1", None)], redirects: [Redirect { fd: Some(2), operator: StderrOutput, target: Literal("1", None), heredoc_body: None }], env_vars: {}, stdout_used: true, stderr_used: true })
DEBUG: CommandSubstitution called with command: Simple(SimpleCommand { name: Literal("echo", None), args: [Literal("2", None)], redirects: [], env_vars: {}, stdout_used: true, stderr_used: true })
DEBUG: CommandSubstitution called with command: Pipeline(Pipeline { commands: [Simple(SimpleCommand { name: Literal("yes", None), args: [StringInterpolation(StringInterpolation { parts: [Literal("Hello")] }, None)], redirects: [], env_vars: {}, stdout_used: true, stderr_used: true }), Simple(SimpleCommand { name: Literal("head", None), args: [Literal("-3", None)], redirects: [], env_vars: {}, stdout_used: true, stderr_used: true })], source_text: None, stdout_used: true, stderr_used: true })
DEBUG: generate_pipeline_for_substitution called
DEBUG: Perl code generated, length: 1526 characters
DEBUG: About to start translated program execution
DEBUG: About to execute Perl command: ["perl", "C:\\Users\\s_pam\\AppData\\Local\\Temp\\__tmp_test_output.pl"]
DEBUG: Perl code length: 1526 characters
DEBUG: First 200 characters of Perl code:
#!/usr/bin/env perl
use strict;
use warnings;
use Carp;
use English qw( -no_match_vars );
use locale;
use IPC::Open3;

my $main_exit_code = 0;
my $ls_success = 0;
our $CHILD_ERROR;

print "=== System 
DEBUG: Starting Perl execution with timeout manager
DEBUG: Timeout manager starting PerlExecution with timeout of 30.0 seconds
DEBUG: Successfully spawned Perl process
DEBUG: Starting execution loop for Perl process
DEBUG: Execution loop iteration, elapsed: 4.8µs
DEBUG: Execution loop iteration, elapsed: 10.5049ms
DEBUG: Execution loop iteration, elapsed: 20.8874ms
DEBUG: Execution loop iteration, elapsed: 31.4418ms
DEBUG: Execution loop iteration, elapsed: 41.9735ms
DEBUG: Execution loop iteration, elapsed: 52.526ms
DEBUG: Execution loop iteration, elapsed: 63.0871ms
DEBUG: Execution loop iteration, elapsed: 73.6161ms
DEBUG: Execution loop iteration, elapsed: 84.1845ms
DEBUG: Execution loop iteration, elapsed: 94.7318ms
DEBUG: Execution loop iteration, elapsed: 105.2998ms
DEBUG: Execution loop iteration, elapsed: 115.8357ms
DEBUG: Execution loop iteration, elapsed: 129.3867ms
DEBUG: Execution loop iteration, elapsed: 139.9784ms
DEBUG: Execution loop iteration, elapsed: 150.7746ms
DEBUG: Execution loop iteration, elapsed: 162.0617ms
DEBUG: Execution loop iteration, elapsed: 172.6105ms
DEBUG: Execution loop iteration, elapsed: 183.1674ms
DEBUG: Execution loop iteration, elapsed: 193.7194ms
DEBUG: Execution loop iteration, elapsed: 204.2868ms
DEBUG: Execution loop iteration, elapsed: 214.8303ms
DEBUG: Execution loop iteration, elapsed: 225.3905ms
DEBUG: Execution loop iteration, elapsed: 238.2488ms
DEBUG: Execution loop iteration, elapsed: 248.4956ms
DEBUG: Execution loop iteration, elapsed: 259.1964ms
DEBUG: Execution loop iteration, elapsed: 269.741ms
DEBUG: Execution loop iteration, elapsed: 280.3077ms
DEBUG: Execution loop iteration, elapsed: 290.8423ms
DEBUG: Execution loop iteration, elapsed: 301.4038ms
DEBUG: Execution loop iteration, elapsed: 311.9626ms
DEBUG: Execution loop iteration, elapsed: 322.4926ms
DEBUG: Execution loop iteration, elapsed: 333.0505ms
DEBUG: Execution loop iteration, elapsed: 343.5952ms
DEBUG: Execution loop iteration, elapsed: 354.1547ms
DEBUG: Execution loop iteration, elapsed: 364.7144ms
DEBUG: Execution loop iteration, elapsed: 375.2586ms
DEBUG: Execution loop iteration, elapsed: 385.8134ms
DEBUG: Execution loop iteration, elapsed: 396.3597ms
DEBUG: Execution loop iteration, elapsed: 406.9045ms
DEBUG: Execution loop iteration, elapsed: 417.4591ms
DEBUG: Execution loop iteration, elapsed: 428.0038ms
DEBUG: Execution loop iteration, elapsed: 438.5683ms
DEBUG: Execution loop iteration, elapsed: 449.1233ms
DEBUG: Execution loop iteration, elapsed: 459.7098ms
DEBUG: Execution loop iteration, elapsed: 470.2245ms
DEBUG: Execution loop iteration, elapsed: 480.7706ms
DEBUG: Execution loop iteration, elapsed: 491.3362ms
DEBUG: Execution loop iteration, elapsed: 501.8653ms
DEBUG: Execution loop iteration, elapsed: 512.4244ms
DEBUG: Execution loop iteration, elapsed: 522.9577ms
DEBUG: Execution loop iteration, elapsed: 533.523ms
DEBUG: Execution loop iteration, elapsed: 544.0691ms
DEBUG: Execution loop iteration, elapsed: 554.6165ms
DEBUG: Execution loop iteration, elapsed: 565.1864ms
DEBUG: Execution loop iteration, elapsed: 575.7169ms
DEBUG: Execution loop iteration, elapsed: 586.3544ms
DEBUG: Execution loop iteration, elapsed: 596.8263ms
DEBUG: Execution loop iteration, elapsed: 607.3666ms
DEBUG: Execution loop iteration, elapsed: 617.9831ms
DEBUG: Execution loop iteration, elapsed: 628.543ms
DEBUG: Execution loop iteration, elapsed: 639.1041ms
DEBUG: Execution loop iteration, elapsed: 649.6489ms
DEBUG: Execution loop iteration, elapsed: 660.1957ms
DEBUG: Execution loop iteration, elapsed: 670.7317ms
DEBUG: Execution loop iteration, elapsed: 681.2799ms
DEBUG: Execution loop iteration, elapsed: 691.8163ms
DEBUG: Execution loop iteration, elapsed: 702.3678ms
DEBUG: Execution loop iteration, elapsed: 712.9037ms
DEBUG: Execution loop iteration, elapsed: 723.452ms
DEBUG: Execution loop iteration, elapsed: 733.9943ms
DEBUG: Execution loop iteration, elapsed: 744.5505ms
DEBUG: Execution loop iteration, elapsed: 755.0994ms
DEBUG: Execution loop iteration, elapsed: 765.6462ms
DEBUG: Execution loop iteration, elapsed: 776.1961ms
DEBUG: Execution loop iteration, elapsed: 786.7377ms
DEBUG: Execution loop iteration, elapsed: 797.2758ms
DEBUG: Execution loop iteration, elapsed: 807.8293ms
DEBUG: Execution loop iteration, elapsed: 818.3602ms
DEBUG: Execution loop iteration, elapsed: 828.9256ms
DEBUG: Execution loop iteration, elapsed: 839.4687ms
DEBUG: Execution loop iteration, elapsed: 850.0239ms
DEBUG: Execution loop iteration, elapsed: 860.5758ms
DEBUG: Execution loop iteration, elapsed: 871.1166ms
DEBUG: Execution loop iteration, elapsed: 881.6783ms
DEBUG: Execution loop iteration, elapsed: 892.2144ms
DEBUG: Execution loop iteration, elapsed: 902.7721ms
DEBUG: Execution loop iteration, elapsed: 913.3091ms
DEBUG: Execution loop iteration, elapsed: 923.8833ms
DEBUG: Execution loop iteration, elapsed: 934.4271ms
DEBUG: Execution loop iteration, elapsed: 944.9899ms
DEBUG: Execution loop iteration, elapsed: 955.552ms
DEBUG: Execution loop iteration, elapsed: 966.0859ms
DEBUG: Execution loop iteration, elapsed: 976.645ms
DEBUG: Execution loop iteration, elapsed: 987.1896ms
DEBUG: Execution loop iteration, elapsed: 997.7243ms
DEBUG: Execution loop iteration, elapsed: 1.0094135s
DEBUG: Execution loop iteration, elapsed: 1.0198694s
DEBUG: Execution loop iteration, elapsed: 1.0304096s
DEBUG: Execution loop iteration, elapsed: 1.041066s
DEBUG: Execution loop iteration, elapsed: 1.0515157s
DEBUG: Execution loop iteration, elapsed: 1.0620449s
DEBUG: Execution loop iteration, elapsed: 1.0726981s
DEBUG: Execution loop iteration, elapsed: 1.0831301s
DEBUG: Execution loop iteration, elapsed: 1.0936736s
DEBUG: Execution loop iteration, elapsed: 1.1043331s
DEBUG: Execution loop iteration, elapsed: 1.1147789s
DEBUG: Execution loop iteration, elapsed: 1.1253199s
DEBUG: Execution loop iteration, elapsed: 1.1359783s
DEBUG: Execution loop iteration, elapsed: 1.1464529s
DEBUG: Execution loop iteration, elapsed: 1.1570074s
DEBUG: Execution loop iteration, elapsed: 1.1688708s
DEBUG: Execution loop iteration, elapsed: 1.1790816s
DEBUG: Execution loop iteration, elapsed: 1.1896342s
DEBUG: Execution loop iteration, elapsed: 1.2002628s
DEBUG: Execution loop iteration, elapsed: 1.2107934s
DEBUG: Execution loop iteration, elapsed: 1.2213501s
DEBUG: Execution loop iteration, elapsed: 1.2318777s
DEBUG: Execution loop iteration, elapsed: 1.2424281s
DEBUG: Execution loop iteration, elapsed: 1.2529796s
DEBUG: Execution loop iteration, elapsed: 1.2667645s
DEBUG: Execution loop iteration, elapsed: 1.2813893s
DEBUG: Execution loop iteration, elapsed: 1.2917411s
DEBUG: Execution loop iteration, elapsed: 1.3022711s
DEBUG: Execution loop iteration, elapsed: 1.3128204s
DEBUG: Execution loop iteration, elapsed: 1.3234388s
DEBUG: Execution loop iteration, elapsed: 1.3339174s
DEBUG: Execution loop iteration, elapsed: 1.3444672s
DEBUG: Execution loop iteration, elapsed: 1.3550342s
DEBUG: Execution loop iteration, elapsed: 1.3656058s
DEBUG: Execution loop iteration, elapsed: 1.3761587s
DEBUG: Execution loop iteration, elapsed: 1.3867927s
DEBUG: Execution loop iteration, elapsed: 1.397295s
DEBUG: Execution loop iteration, elapsed: 1.407868s
DEBUG: Execution loop iteration, elapsed: 1.4183891s
DEBUG: Execution loop iteration, elapsed: 1.4289746s
DEBUG: Execution loop iteration, elapsed: 1.4395223s
DEBUG: Execution loop iteration, elapsed: 1.4501757s
DEBUG: Execution loop iteration, elapsed: 1.4607372s
DEBUG: Execution loop iteration, elapsed: 1.4712738s
DEBUG: Execution loop iteration, elapsed: 1.4818257s
DEBUG: Execution loop iteration, elapsed: 1.4923638s
DEBUG: Execution loop iteration, elapsed: 1.5029272s
DEBUG: Execution loop iteration, elapsed: 1.5134845s
DEBUG: Execution loop iteration, elapsed: 1.5240415s
DEBUG: Execution loop iteration, elapsed: 1.5345774s
DEBUG: Execution loop iteration, elapsed: 1.5451439s
DEBUG: Execution loop iteration, elapsed: 1.5557151s
DEBUG: Execution loop iteration, elapsed: 1.5662547s
DEBUG: Execution loop iteration, elapsed: 1.5768138s
DEBUG: Execution loop iteration, elapsed: 1.5873635s
DEBUG: Execution loop iteration, elapsed: 1.5979129s
DEBUG: Execution loop iteration, elapsed: 1.6084613s
DEBUG: Execution loop iteration, elapsed: 1.6194914s
DEBUG: Execution loop iteration, elapsed: 1.6300816s
DEBUG: Execution loop iteration, elapsed: 1.640617s
DEBUG: Execution loop iteration, elapsed: 1.6513129s
DEBUG: Execution loop iteration, elapsed: 1.6642541s
DEBUG: Execution loop iteration, elapsed: 1.6743965s
DEBUG: Execution loop iteration, elapsed: 1.6859646s
DEBUG: Execution loop iteration, elapsed: 1.6964821s
DEBUG: Execution loop iteration, elapsed: 1.7070165s
DEBUG: Execution loop iteration, elapsed: 1.7175537s
DEBUG: Execution loop iteration, elapsed: 1.7280926s
DEBUG: Execution loop iteration, elapsed: 1.7386407s
DEBUG: Execution loop iteration, elapsed: 1.7492181s
DEBUG: Execution loop iteration, elapsed: 1.7599326s
DEBUG: Execution loop iteration, elapsed: 1.7702948s
DEBUG: Execution loop iteration, elapsed: 1.7808222s
DEBUG: Execution loop iteration, elapsed: 1.7914997s
DEBUG: Execution loop iteration, elapsed: 1.8018968s
DEBUG: Execution loop iteration, elapsed: 1.8124401s
DEBUG: Execution loop iteration, elapsed: 1.8230718s
DEBUG: Execution loop iteration, elapsed: 1.8335194s
DEBUG: Execution loop iteration, elapsed: 1.8440662s
DEBUG: Execution loop iteration, elapsed: 1.8566726s
DEBUG: Execution loop iteration, elapsed: 1.8671741s
DEBUG: Execution loop iteration, elapsed: 1.877729s
DEBUG: Execution loop iteration, elapsed: 1.8882679s
DEBUG: Execution loop iteration, elapsed: 1.8988505s
DEBUG: Execution loop iteration, elapsed: 1.9094794s
DEBUG: Execution loop iteration, elapsed: 1.9199488s
DEBUG: Execution loop iteration, elapsed: 1.9304822s
DEBUG: Execution loop iteration, elapsed: 1.9410342s
DEBUG: Execution loop iteration, elapsed: 1.9515695s
DEBUG: Execution loop iteration, elapsed: 1.9621061s
DEBUG: Execution loop iteration, elapsed: 1.9726382s
DEBUG: Execution loop iteration, elapsed: 1.9831667s
DEBUG: Execution loop iteration, elapsed: 1.9937197s
DEBUG: Execution loop iteration, elapsed: 2.0042591s
DEBUG: Execution loop iteration, elapsed: 2.0148175s
DEBUG: Execution loop iteration, elapsed: 2.0253711s
DEBUG: Execution loop iteration, elapsed: 2.0359454s
DEBUG: Execution loop iteration, elapsed: 2.0464933s
DEBUG: Execution loop iteration, elapsed: 2.0570466s
DEBUG: Execution loop iteration, elapsed: 2.0675796s
DEBUG: Execution loop iteration, elapsed: 2.0781249s
DEBUG: Execution loop iteration, elapsed: 2.0886708s
DEBUG: Execution loop iteration, elapsed: 2.0992413s
DEBUG: Execution loop iteration, elapsed: 2.1097889s
DEBUG: Execution loop iteration, elapsed: 2.1204537s
DEBUG: Execution loop iteration, elapsed: 2.1308952s
DEBUG: Execution loop iteration, elapsed: 2.1414448s
DEBUG: Execution loop iteration, elapsed: 2.1521477s
DEBUG: Execution loop iteration, elapsed: 2.1625526s
DEBUG: Execution loop iteration, elapsed: 2.173105s
DEBUG: Execution loop iteration, elapsed: 2.1836475s
DEBUG: Execution loop iteration, elapsed: 2.196641s
DEBUG: Execution loop iteration, elapsed: 2.2072092s
DEBUG: Execution loop iteration, elapsed: 2.2177701s
DEBUG: Execution loop iteration, elapsed: 2.2283344s
DEBUG: Execution loop iteration, elapsed: 2.238865s
DEBUG: Execution loop iteration, elapsed: 2.2494123s
DEBUG: Execution loop iteration, elapsed: 2.2599587s
DEBUG: Execution loop iteration, elapsed: 2.2704954s
DEBUG: Execution loop iteration, elapsed: 2.2810565s
DEBUG: Execution loop iteration, elapsed: 2.291703s
DEBUG: Execution loop iteration, elapsed: 2.3021721s
DEBUG: Execution loop iteration, elapsed: 2.312711s
DEBUG: Execution loop iteration, elapsed: 2.3233612s
DEBUG: Execution loop iteration, elapsed: 2.3339624s
DEBUG: Execution loop iteration, elapsed: 2.3445063s
DEBUG: Execution loop iteration, elapsed: 2.355073s
DEBUG: Execution loop iteration, elapsed: 2.3656284s
DEBUG: Execution loop iteration, elapsed: 2.3761754s
DEBUG: Execution loop iteration, elapsed: 2.3868336s
DEBUG: Execution loop iteration, elapsed: 2.3972849s
DEBUG: Execution loop iteration, elapsed: 2.4078151s
DEBUG: Execution loop iteration, elapsed: 2.4183501s
DEBUG: Execution loop iteration, elapsed: 2.428911s
DEBUG: Execution loop iteration, elapsed: 2.4394563s
DEBUG: Execution loop iteration, elapsed: 2.4501532s
DEBUG: Execution loop iteration, elapsed: 2.4607096s
DEBUG: Execution loop iteration, elapsed: 2.4712448s
DEBUG: Execution loop iteration, elapsed: 2.4817966s
DEBUG: Execution loop iteration, elapsed: 2.492324s
DEBUG: Execution loop iteration, elapsed: 2.5095478s
DEBUG: Execution loop iteration, elapsed: 2.5199391s
DEBUG: Execution loop iteration, elapsed: 2.5304728s
DEBUG: Execution loop iteration, elapsed: 2.5411251s
DEBUG: Execution loop iteration, elapsed: 2.5515756s
DEBUG: Execution loop iteration, elapsed: 2.5621322s
DEBUG: Execution loop iteration, elapsed: 2.5727222s
DEBUG: Execution loop iteration, elapsed: 2.5831935s
DEBUG: Execution loop iteration, elapsed: 2.5937486s
DEBUG: Execution loop iteration, elapsed: 2.6048488s
DEBUG: Execution loop iteration, elapsed: 2.6153433s
DEBUG: Execution loop iteration, elapsed: 2.6259098s
DEBUG: Execution loop iteration, elapsed: 2.6364592s
DEBUG: Execution loop iteration, elapsed: 2.6470129s
DEBUG: Execution loop iteration, elapsed: 2.6575881s
DEBUG: Execution loop iteration, elapsed: 2.6681299s
DEBUG: Execution loop iteration, elapsed: 2.6786642s
DEBUG: Execution loop iteration, elapsed: 2.6892441s
DEBUG: Execution loop iteration, elapsed: 2.6997923s
DEBUG: Execution loop iteration, elapsed: 2.7103671s
DEBUG: Execution loop iteration, elapsed: 2.7213475s
DEBUG: Execution loop iteration, elapsed: 2.731448s
DEBUG: Execution loop iteration, elapsed: 2.7419793s
DEBUG: Execution loop iteration, elapsed: 2.752528s
DEBUG: Execution loop iteration, elapsed: 2.7631129s
DEBUG: Execution loop iteration, elapsed: 2.7736291s
DEBUG: Execution loop iteration, elapsed: 2.7841772s
DEBUG: Execution loop iteration, elapsed: 2.7947315s
DEBUG: Execution loop iteration, elapsed: 2.8052821s
DEBUG: Execution loop iteration, elapsed: 2.8154731s
DEBUG: Execution loop iteration, elapsed: 2.8260537s
DEBUG: Execution loop iteration, elapsed: 2.8365922s
DEBUG: Execution loop iteration, elapsed: 2.8471312s
DEBUG: Execution loop iteration, elapsed: 2.8577018s
DEBUG: Execution loop iteration, elapsed: 2.8682488s
DEBUG: Execution loop iteration, elapsed: 2.8787786s
DEBUG: Execution loop iteration, elapsed: 2.8893431s
DEBUG: Execution loop iteration, elapsed: 2.8998827s
DEBUG: Execution loop iteration, elapsed: 2.9104223s
DEBUG: Execution loop iteration, elapsed: 2.9209674s
DEBUG: Execution loop iteration, elapsed: 2.9316116s
DEBUG: Execution loop iteration, elapsed: 2.9421952s
DEBUG: Execution loop iteration, elapsed: 2.9527376s
DEBUG: Execution loop iteration, elapsed: 2.9634029s
DEBUG: Execution loop iteration, elapsed: 2.9738387s
DEBUG: Execution loop iteration, elapsed: 2.9843798s
DEBUG: Execution loop iteration, elapsed: 2.9950493s
DEBUG: Execution loop iteration, elapsed: 3.0054846s
DEBUG: Execution loop iteration, elapsed: 3.0160533s
DEBUG: Execution loop iteration, elapsed: 3.0267058s
DEBUG: Execution loop iteration, elapsed: 3.037148s
DEBUG: Execution loop iteration, elapsed: 3.047705s
DEBUG: Execution loop iteration, elapsed: 3.058253s
DEBUG: Execution loop iteration, elapsed: 3.0687907s
DEBUG: Execution loop iteration, elapsed: 3.0793529s
DEBUG: Execution loop iteration, elapsed: 3.0896817s
DEBUG: Execution loop iteration, elapsed: 3.1002501s
DEBUG: Execution loop iteration, elapsed: 3.110788s
DEBUG: Execution loop iteration, elapsed: 3.121333s
DEBUG: Execution loop iteration, elapsed: 3.1318705s
DEBUG: Execution loop iteration, elapsed: 3.1424374s
DEBUG: Execution loop iteration, elapsed: 3.152979s
DEBUG: Execution loop iteration, elapsed: 3.1635145s
DEBUG: Execution loop iteration, elapsed: 3.1740837s
DEBUG: Execution loop iteration, elapsed: 3.1846232s
DEBUG: Execution loop iteration, elapsed: 3.1968742s
DEBUG: Execution loop iteration, elapsed: 3.2072418s
DEBUG: Execution loop iteration, elapsed: 3.217792s
DEBUG: Execution loop iteration, elapsed: 3.2284208s
DEBUG: Execution loop iteration, elapsed: 3.2388705s
DEBUG: Execution loop iteration, elapsed: 3.2494181s
DEBUG: Execution loop iteration, elapsed: 3.2601053s
DEBUG: Execution loop iteration, elapsed: 3.2705247s
DEBUG: Execution loop iteration, elapsed: 3.281082s
DEBUG: Execution loop iteration, elapsed: 3.291722s
DEBUG: Execution loop iteration, elapsed: 3.3021703s
DEBUG: Execution loop iteration, elapsed: 3.3127008s
DEBUG: Execution loop iteration, elapsed: 3.3233569s
DEBUG: Execution loop iteration, elapsed: 3.3338029s
DEBUG: Execution loop iteration, elapsed: 3.3443666s
DEBUG: Execution loop iteration, elapsed: 3.3550618s
DEBUG: Execution loop iteration, elapsed: 3.3654678s
DEBUG: Execution loop iteration, elapsed: 3.3760367s
DEBUG: Execution loop iteration, elapsed: 3.3865858s
DEBUG: Execution loop iteration, elapsed: 3.397142s
DEBUG: Execution loop iteration, elapsed: 3.4076932s
DEBUG: Execution loop iteration, elapsed: 3.4183555s
DEBUG: Execution loop iteration, elapsed: 3.4289425s
DEBUG: Execution loop iteration, elapsed: 3.4394903s
DEBUG: Execution loop iteration, elapsed: 3.4501268s
DEBUG: Execution loop iteration, elapsed: 3.4606098s
DEBUG: Execution loop iteration, elapsed: 3.4711478s
DEBUG: Execution loop iteration, elapsed: 3.4819979s
DEBUG: Execution loop iteration, elapsed: 3.4922347s
DEBUG: Execution loop iteration, elapsed: 3.502779s
DEBUG: Execution loop iteration, elapsed: 3.5134109s
DEBUG: Execution loop iteration, elapsed: 3.5238789s
DEBUG: Execution loop iteration, elapsed: 3.5344269s
DEBUG: Execution loop iteration, elapsed: 3.5450606s
DEBUG: Execution loop iteration, elapsed: 3.5551883s
DEBUG: Execution loop iteration, elapsed: 3.5657125s
DEBUG: Execution loop iteration, elapsed: 3.576346s
DEBUG: Execution loop iteration, elapsed: 3.5868234s
DEBUG: Execution loop iteration, elapsed: 3.5973553s
DEBUG: Execution loop iteration, elapsed: 3.6079958s
DEBUG: Execution loop iteration, elapsed: 3.6185572s
DEBUG: Execution loop iteration, elapsed: 3.6291153s
DEBUG: Execution loop iteration, elapsed: 3.6396621s
DEBUG: Execution loop iteration, elapsed: 3.650229s
DEBUG: Execution loop iteration, elapsed: 3.6607732s
DEBUG: Execution loop iteration, elapsed: 3.6712012s
DEBUG: Execution loop iteration, elapsed: 3.6815791s
DEBUG: Execution loop iteration, elapsed: 3.6921339s
DEBUG: Execution loop iteration, elapsed: 3.7026648s
DEBUG: Execution loop iteration, elapsed: 3.7132161s
DEBUG: Execution loop iteration, elapsed: 3.7237616s
DEBUG: Execution loop iteration, elapsed: 3.7343191s
DEBUG: Execution loop iteration, elapsed: 3.7448808s
DEBUG: Execution loop iteration, elapsed: 3.7554407s
DEBUG: Execution loop iteration, elapsed: 3.7659966s
DEBUG: Execution loop iteration, elapsed: 3.7765458s
DEBUG: Execution loop iteration, elapsed: 3.7871159s
DEBUG: Execution loop iteration, elapsed: 3.7976669s
DEBUG: Execution loop iteration, elapsed: 3.8082148s
DEBUG: Execution loop iteration, elapsed: 3.818776s
DEBUG: Execution loop iteration, elapsed: 3.8293172s
DEBUG: Execution loop iteration, elapsed: 3.8398563s
DEBUG: Execution loop iteration, elapsed: 3.8504054s
DEBUG: Execution loop iteration, elapsed: 3.8609584s
DEBUG: Execution loop iteration, elapsed: 3.8716015s
DEBUG: Execution loop iteration, elapsed: 3.8820571s
DEBUG: Execution loop iteration, elapsed: 3.8925914s
DEBUG: Execution loop iteration, elapsed: 3.9032316s
DEBUG: Execution loop iteration, elapsed: 3.9136962s
DEBUG: Execution loop iteration, elapsed: 3.924247s
DEBUG: Execution loop iteration, elapsed: 3.9349014s
DEBUG: Execution loop iteration, elapsed: 3.945376s
DEBUG: Execution loop iteration, elapsed: 3.9559355s
DEBUG: Execution loop iteration, elapsed: 3.9664822s
DEBUG: Execution loop iteration, elapsed: 3.9770535s
DEBUG: Execution loop iteration, elapsed: 3.9876048s
DEBUG: Execution loop iteration, elapsed: 3.9982712s
DEBUG: Execution loop iteration, elapsed: 4.008872s
DEBUG: Execution loop iteration, elapsed: 4.0194313s
DEBUG: Execution loop iteration, elapsed: 4.0301079s
DEBUG: Execution loop iteration, elapsed: 4.0406422s
DEBUG: Execution loop iteration, elapsed: 4.0511935s
DEBUG: Perl process completed with status: ExitStatus(ExitStatus(0))
DEBUG: Perl execution completed, duration: 4.0513579s, timed_out: false
DEBUG: Ending Perl execution with timeout manager
DEBUG: Timeout manager completed PerlExecution successfully
DEBUG: Test completed, comparing outputs
DEBUG: Shell stdout length: 191, Translated stdout length: 225
DEBUG: Shell stderr length: 40, Translated stderr length: 34
DEBUG: Shell exit: 0, Translated exit: 0
DEBUG: Test success: false
DEBUG: Test execution completed in 8785ms
[2J[1;1H================================================================================
                                    TEST FAILED
================================================================================
File: examples\000__04d_system_utilities.sh
Generator: perl
Test: 7/146
Tests passed before failure: 0
Failure Reason: Failed due to: stdout mismatch, stderr mismatch
================================================================================

Exit Code Comparison (IGNORED):
Shell script exit code: 0
Translated code exit code: 0

================================================================================
ORIGINAL SHELL SCRIPT:
================================================================================
#!/bin/bash

# System utilities using backticks
# This file demonstrates system utility commands with backticks

echo "=== System Utilities ==="

# date command with backticks
#PERL_MUST_NOT_CONTAIN `date
timestamp=`date +%rms`
formatted_date=`date '+%Y-%m-%d %H'`
echo "Timestamp: $timestamp"
echo "Formatted date: $formatted_date"

# time command with backticks
#PERL_MUST_NOT_CONTAIN `time
time_result=`time sleep 1 2>&1`
echo "Time result: $time_result"

# sleep command with backticks (though it doesn't produce output)
#PERL_MUST_NOT_CONTAIN `sleep
sleep_duration=`echo "2"`
echo "Sleeping for $sleep_duration seconds..."
sleep $sleep_duration

# which command with backticks
#PERL_MUST_NOT_CONTAIN `which
#bash_path=`which bash`
#echo "Bash path: $bash_path"

# yes command with backticks
#PERL_MUST_NOT_CONTAIN `yes
yes_result=`yes "Hello" | head -3`
echo "Yes command result:"
echo "$yes_result"

echo "=== System Utilities Complete ==="



================================================================================
TRANSLATED PERL CODE:
================================================================================
#!/usr/bin/env perl
use strict;
use warnings;
use Carp;
use English qw( -no_match_vars );
use locale;
use IPC::Open3;

my $main_exit_code = 0;
my $ls_success = 0;
our $CHILD_ERROR;

print "=== System Utilities ===\n";
my $formatted_date = do { use POSIX qw(strftime); strftime('%Y-%m-%d %H', localtime); };
my $timestamp = do { use POSIX qw(strftime); strftime('%rms', localtime); };
print "Timestamp: $timestamp\n";
print "Formatted date: $formatted_date\n";
my $time_result = do {
    my $cmd_result_0 = do { use Time::HiRes qw(gettimeofday tv_interval);
my $start_time = [gettimeofday];
system "sleep 1";
my $end_time = [gettimeofday];
my $elapsed = tv_interval($start_time, $end_time);
my $time_output = sprintf "real %.3fs\nuser 0.000s\nsys 0.000s\n", $elapsed;
print STDERR $time_output;
$time_output;
 };
    chomp $cmd_result_0;
    $cmd_result_0;
};
print "Time result: $time_result\n";
my $sleep_duration = (q{2});
print "Sleeping for $sleep_duration seconds...\n";
use Time::HiRes qw(sleep);
sleep $sleep_duration;
my $yes_result = do {
my $head_line_count = 0;
my $output_0 = q{};
for (my $i = 0; $i < 3; $i++) {
    my $line = "Hello";
    # yes doesn't support line-by-line processing
    if ($head_line_count < 3) {
        $output_0 .= $line . "\n";
        ++$head_line_count;
    } else {
        $line = q{}; # Clear line to prevent printing
    }
}
$output_0

};
print "Yes command result:\n";
print $yes_result;
if (!($yes_result =~ /\n$/msx)) { print "\n"; }
print "=== System Utilities Complete ===\n";


================================================================================
ABSTRACT SYNTAX TREE:
================================================================================
[Simple(SimpleCommand { name: Literal("echo", None), args: [StringInterpolation(StringInterpolation { parts: [Literal("=== System Utilities ===")] }, None)], redirects: [], env_vars: {}, stdout_used: true, stderr_used: true }), Simple(SimpleCommand { name: Literal("echo", None), args: [StringInterpolation(StringInterpolation { parts: [Literal("Timestamp: "), Variable("timestamp")] }, None)], redirects: [], env_vars: {"formatted_date": CommandSubstitution(Simple(SimpleCommand { name: Literal("date", None), args: [Literal("+%Y-%m-%d %H", None)], redirects: [], env_vars: {}, stdout_used: true, stderr_used: true }), None), "timestamp": CommandSubstitution(Simple(SimpleCommand { name: Literal("date", None), args: [Literal("+%rms", None)], redirects: [], env_vars: {}, stdout_used: true, stderr_used: true }), None)}, stdout_used: true, stderr_used: true }), Simple(SimpleCommand { name: Literal("echo", None), args: [StringInterpolation(StringInterpolation { parts: [Literal("Formatted date: "), Variable("formatted_date")] }, None)], redirects: [], env_vars: {}, stdout_used: true, stderr_used: true }), Simple(SimpleCommand { name: Literal("echo", None), args: [StringInterpolation(StringInterpolation { parts: [Literal("Time result: "), Variable("time_result")] }, None)], redirects: [], env_vars: {"time_result": CommandSubstitution(Simple(SimpleCommand { name: Literal("time", None), args: [Literal("sleep", None), Literal("1", None)], redirects: [Redirect { fd: Some(2), operator: StderrOutput, target: Literal("1", None), heredoc_body: None }], env_vars: {}, stdout_used: true, stderr_used: true }), None)}, stdout_used: true, stderr_used: true }), Simple(SimpleCommand { name: Literal("echo", None), args: [StringInterpolation(StringInterpolation { parts: [Literal("Sleeping for "), Variable("sleep_duration"), Literal(" seconds...")] }, None)], redirects: [], env_vars: {"sleep_duration": CommandSubstitution(Simple(SimpleCommand { name: Literal("echo", None), args: [Literal("2", None)], redirects: [], env_vars: {}, stdout_used: true, stderr_used: true }), None)}, stdout_used: true, stderr_used: true }), Simple(SimpleCommand { name: Literal("sleep", None), args: [Variable("sleep_duration", false, None)], redirects: [], env_vars: {}, stdout_used: true, stderr_used: true }), Simple(SimpleCommand { name: Literal("echo", None), args: [StringInterpolation(StringInterpolation { parts: [Literal("Yes command result:")] }, None)], redirects: [], env_vars: {"yes_result": CommandSubstitution(Pipeline(Pipeline { commands: [Simple(SimpleCommand { name: Literal("yes", None), args: [StringInterpolation(StringInterpolation { parts: [Literal("Hello")] }, None)], redirects: [], env_vars: {}, stdout_used: true, stderr_used: true }), Simple(SimpleCommand { name: Literal("head", None), args: [Literal("-3", None)], redirects: [], env_vars: {}, stdout_used: true, stderr_used: true })], source_text: None, stdout_used: true, stderr_used: true }), None)}, stdout_used: true, stderr_used: true }), Simple(SimpleCommand { name: Literal("echo", None), args: [StringInterpolation(StringInterpolation { parts: [Variable("yes_result")] }, None)], redirects: [], env_vars: {}, stdout_used: true, stderr_used: true }), Simple(SimpleCommand { name: Literal("echo", None), args: [StringInterpolation(StringInterpolation { parts: [Literal("=== System Utilities Complete ===")] }, None)], redirects: [], env_vars: {}, stdout_used: true, stderr_used: true })]

================================================================================
STDOUT COMPARISON (DIFF):
================================================================================
--- shell_stdout
+++ perl_stdout
 === System Utilities ===
-Timestamp: 12:17:07 AMms
+Timestamp: 12:17:11 AMms
 Formatted date: 2025-09-22 00
-Time result: 
+Time result: real 1.782s
+user 0.000s
+sys 0.000s
 Sleeping for 2 seconds...
 Yes command result:
 Hello
 Hello
 Hello
 === System Utilities Complete ===


================================================================================
STDERR COMPARISON:
================================================================================
STDERR DIFFERENCES FOUND:
--- shell_stderr
+++ perl_stderr
-real\x090m1.006s
+real 1.782s
-user\x090m0.002s
+user 0.000s
-sys\x090m0.000s
+sys 0.000s


================================================================================
SUMMARY: 0 out of 146 tests passed before first failure
================================================================================

BRIEF FAILURE SUMMARY:
Failed due to: stdout mismatch, stderr mismatch
Writing test count 0 to first_n_tests_passed.txt
Current working directory: "D:\\GitHub\\sh2perl"
Successfully wrote test count 0 and matching stdout lines 1 to first_n_tests_passed.txt

To run test again: ./fail 000__04d
Running test_purify.pl validation...
Running test_purify.pl with verbose output
Running test_purify.pl with next option
Testing purify.pl exists...
Testing debashc exists...
Testing examples.impurl directory exists...
Found 54 .pl files in examples.impurl directory
Testing purify.pl on examples.impurl/000benchmark.pl...
  ✓ examples.impurl/000benchmark.pl processed successfully
Testing purify.pl on examples.impurl/001_echo_basic.pl...
  ✓ examples.impurl/001_echo_basic.pl processed successfully
Testing purify.pl on examples.impurl/002_printf_basic.pl...
  ✓ examples.impurl/002_printf_basic.pl processed successfully
Testing purify.pl on examples.impurl/003__ls_basic.pl...
  ✓ examples.impurl/003__ls_basic.pl processed successfully
Testing purify.pl on examples.impurl/003_ls_basic.pl...
  ✓ examples.impurl/003_ls_basic.pl processed successfully
Testing purify.pl on examples.impurl/004_cat_basic.pl...
  ✓ examples.impurl/004_cat_basic.pl processed successfully
Testing purify.pl on examples.impurl/005_wc_basic.pl...
  ✓ examples.impurl/005_wc_basic.pl processed successfully
Testing purify.pl on examples.impurl/006_head_basic.pl...
  ✓ examples.impurl/006_head_basic.pl processed successfully
Testing purify.pl on examples.impurl/007_tail_basic.pl...
  ✓ examples.impurl/007_tail_basic.pl processed successfully
Testing purify.pl on examples.impurl/008_date_basic.pl...
  ✓ examples.impurl/008_date_basic.pl processed successfully
Testing purify.pl on examples.impurl/009_sleep_basic.pl...
  ✓ examples.impurl/009_sleep_basic.pl processed successfully
Testing purify.pl on examples.impurl/010_which_basic.pl...
  ✓ examples.impurl/010_which_basic.pl processed successfully
Testing purify.pl on examples.impurl/011_grep_basic.pl...
  ✓ examples.impurl/011_grep_basic.pl processed successfully
Testing purify.pl on examples.impurl/012_sed_basic.pl...
  ✓ examples.impurl/012_sed_basic.pl processed successfully
Testing purify.pl on examples.impurl/013_awk_basic.pl...
  ✓ examples.impurl/013_awk_basic.pl processed successfully
Testing purify.pl on examples.impurl/014_tr_basic.pl...
  ✓ examples.impurl/014_tr_basic.pl processed successfully
Testing purify.pl on examples.impurl/015_cut_basic.pl...
  ✓ examples.impurl/015_cut_basic.pl processed successfully
Testing purify.pl on examples.impurl/016_sort_basic.pl...
  ✓ examples.impurl/016_sort_basic.pl processed successfully
Testing purify.pl on examples.impurl/017_uniq_basic.pl...
  ✓ examples.impurl/017_uniq_basic.pl processed successfully
Testing purify.pl on examples.impurl/018_paste_basic.pl...
  ✓ examples.impurl/018_paste_basic.pl processed successfully
Testing purify.pl on examples.impurl/019_comm_basic.pl...
  ✓ examples.impurl/019_comm_basic.pl processed successfully
Testing purify.pl on examples.impurl/020_diff_basic.pl...
  ✓ examples.impurl/020_diff_basic.pl processed successfully
Testing purify.pl on examples.impurl/021_find_basic.pl...
  ✓ examples.impurl/021_find_basic.pl processed successfully
Testing purify.pl on examples.impurl/022_cp_basic.pl...
  ✓ examples.impurl/022_cp_basic.pl processed successfully
Testing purify.pl on examples.impurl/023_mv_basic.pl...
  ✓ examples.impurl/023_mv_basic.pl processed successfully
Testing purify.pl on examples.impurl/024_rm_basic.pl...
  ✓ examples.impurl/024_rm_basic.pl processed successfully
Testing purify.pl on examples.impurl/025_mkdir_basic.pl...
  ✓ examples.impurl/025_mkdir_basic.pl processed successfully
Testing purify.pl on examples.impurl/026_touch_basic.pl...
  ✓ examples.impurl/026_touch_basic.pl processed successfully
Testing purify.pl on examples.impurl/027_basename_basic.pl...
  ✓ examples.impurl/027_basename_basic.pl processed successfully
Testing purify.pl on examples.impurl/028_dirname_basic.pl...
  ✓ examples.impurl/028_dirname_basic.pl processed successfully
Testing purify.pl on examples.impurl/029_xargs_basic.pl...
  ✓ examples.impurl/029_xargs_basic.pl processed successfully
Testing purify.pl on examples.impurl/030_tee_basic.pl...
  ✓ examples.impurl/030_tee_basic.pl processed successfully
Testing purify.pl on examples.impurl/031_time_basic.pl...
  ✗ examples.impurl/031_time_basic.pl: purify.pl failed (exit code: 36608) - skipping
Testing purify.pl on examples.impurl/032_kill_basic.pl...
test_purify.pl passed, continuing with other commands...
Test run completed at Mon, Sep 22, 2025 12:17:54 AM
