Starting test run at Tue Nov  4 03:13:01 AWST 2025
Logging to: logs/fail_run_20251104_031301.log
Test arguments: 
----------------------------------------
Compiling debashc...
./fail: line 85: cargo: command not found
Running test_purify.pl validation...
./fail: line 92: C:\Strawberry\perl\bin\perl.exe: command not found
test_purify.pl passed, continuing with other commands...
Running debashc with fine-grained per-test timeouts...
Running: debashc test generation and execution
Command: ./target/debug/debashc.exe fail --perl-critic
Timeout: Per-test timeouts (30s shell, 10s parse, 5s generate)
----------------------------------------
Running ALL 146 examples (limited to 50 tests to prevent timeout)
DEBUG: Starting test execution for 
Running 146 tests across 146 examples with perl generator
==================================================
examples\000__01_file_directory_operations.sh with generator perl
Test 1/146: 000__01_file_directory_operations.sh with perl     DEBUG: Shell script execution completed, now starting Perl generation
DEBUG: Setting original script name to: 000__01_file_directory_operations.sh
DEBUG: CommandSubstitution called with command: Simple(SimpleCommand { name: Literal("ls", None), args: [Literal("-a", None)], redirects: [], env_vars: {}, stdout_used: true, stderr_used: true })
DEBUG: CommandSubstitution called with command: Simple(SimpleCommand { name: Literal("find", None), args: [Literal(".", None), Literal("-maxdepth", None), Literal("1", None), Literal("-name", None), Literal("*.sh", None), Literal("-type", None), Literal("f", None)], redirects: [], env_vars: {}, stdout_used: true, stderr_used: true })
DEBUG: generate_find_command called with generate_output: true, input_var: 'found_files'
DEBUG: Using generate_find_for_substitution with input_var: 'found_files'
DEBUG: Perl code generated, length: 1418 characters
DEBUG: check_perl_no_open3_builtins called with 1418 characters
DEBUG: check_perl_no_system_builtins called with 1418 characters
DEBUG: About to start translated program execution
DEBUG: About to execute Perl command: ["C:\\Strawberry\\perl\\bin\\perl.exe", "C:\\Users\\s_pam\\AppData\\Local\\Temp\\__tmp_test_output.pl"]
DEBUG: Perl code length: 1418 characters
DEBUG: First 200 characters of Perl code:
#!/usr/bin/env perl
use strict;
use warnings;
use Carp;
use English qw(-no_match_vars);
use locale;
use IPC::Open3;

my $main_exit_code = 0;
my $ls_success     = 0;
our $CHILD_ERROR;

print "=== File 
DEBUG: Saved Perl code to debug_perl_code.pl
DEBUG: Starting Perl execution with timeout manager
DEBUG: Timeout manager starting PerlExecution with timeout of 30.0 seconds
DEBUG: Successfully spawned Perl process
DEBUG: Starting execution loop for Perl process
DEBUG: Execution loop iteration, elapsed: 9.8µs
DEBUG: Execution loop iteration, elapsed: 500.4747ms
DEBUG: Perl process completed with status: ExitStatus(ExitStatus(0))
DEBUG: Perl execution completed, duration: 564.3606ms, timed_out: false
DEBUG: Ending Perl execution with timeout manager
DEBUG: Timeout manager completed PerlExecution successfully
DEBUG: Test completed, comparing outputs
DEBUG: Shell stdout length: 9035, Translated stdout length: 9035
DEBUG: Shell stderr length: 0, Translated stderr length: 0
DEBUG: Shell exit: 0, Translated exit: 0
DEBUG: stdout_match: true, stderr_match: true, exit_code_match: true
DEBUG: timed_out: false
DEBUG: Test success: true
DEBUG: failure_reason: ''
DEBUG: Test execution completed in 19148ms
✓DEBUG: Starting test execution for examples\000__02_output_formatting_commands.sh with generator perl
Test 2/146: 000__02_output_formatting_commands.sh with perl     DEBUG: Shell script execution completed, now starting Perl generation
DEBUG: Setting original script name to: 000__02_output_formatting_commands.sh
DEBUG: CommandSubstitution called with command: Simple(SimpleCommand { name: Literal("echo", None), args: [Literal("Hello from backticks", None)], redirects: [], env_vars: {}, stdout_used: true, stderr_used: true })
DEBUG: CommandSubstitution called with command: Simple(SimpleCommand { name: Literal("printf", None), args: [Literal("Number: %d, String: %s\\n", None), Literal("42", None), Literal("test", None)], redirects: [], env_vars: {}, stdout_used: true, stderr_used: true })
DEBUG: CommandSubstitution called with command: Simple(SimpleCommand { name: Literal("sha256sum", None), args: [Literal("test_checksum.txt", None)], redirects: [], env_vars: {}, stdout_used: true, stderr_used: true })
DEBUG: words.rs - Using native sha256sum implementation for command substitution
DEBUG: CommandSubstitution called with command: Simple(SimpleCommand { name: Literal("sha512sum", None), args: [Literal("test_checksum.txt", None)], redirects: [], env_vars: {}, stdout_used: true, stderr_used: true })
DEBUG: words.rs - Using native sha512sum implementation for command substitution
DEBUG: CommandSubstitution called with command: Pipeline(Pipeline { commands: [Simple(SimpleCommand { name: Literal("strings", None), args: [Literal("test_binary.txt", None)], redirects: [], env_vars: {}, stdout_used: true, stderr_used: true }), Simple(SimpleCommand { name: Literal("head", None), args: [Literal("-3", None)], redirects: [], env_vars: {}, stdout_used: true, stderr_used: true })], source_text: None, stdout_used: true, stderr_used: true })
DEBUG: generate_pipeline_for_substitution called
DEBUG: Pipeline has 2 commands
DEBUG: Processing 2-command pipeline
DEBUG: CommandSubstitution called with command: Pipeline(Pipeline { commands: [Simple(SimpleCommand { name: Literal("echo", None), args: [StringInterpolation(StringInterpolation { parts: [Literal("test output")] }, None)], redirects: [], env_vars: {}, stdout_used: true, stderr_used: true }), Simple(SimpleCommand { name: Literal("tee", None), args: [Literal("test_tee.txt", None)], redirects: [], env_vars: {}, stdout_used: true, stderr_used: true })], source_text: None, stdout_used: true, stderr_used: true })
DEBUG: generate_pipeline_for_substitution called
DEBUG: Pipeline has 2 commands
DEBUG: Processing 2-command pipeline
DEBUG: CommandSubstitution called with command: Simple(SimpleCommand { name: Literal("perl", None), args: [Literal("-e", None), Literal("print \"Hello from Perl\\n\"", None)], redirects: [], env_vars: {}, stdout_used: true, stderr_used: true })
DEBUG: Processing perl command in command substitution with args: [Literal("-e", None), Literal("print \"Hello from Perl\\n\"", None)]
DEBUG: Perl code generated, length: 6704 characters
DEBUG: check_perl_no_open3_builtins called with 6704 characters
DEBUG: check_perl_no_system_builtins called with 6704 characters
DEBUG: About to start translated program execution
DEBUG: About to execute Perl command: ["C:\\Strawberry\\perl\\bin\\perl.exe", "C:\\Users\\s_pam\\AppData\\Local\\Temp\\__tmp_test_output.pl"]
DEBUG: Perl code length: 6704 characters
DEBUG: First 200 characters of Perl code:
#!/usr/bin/env perl
use strict;
use warnings;
use Carp;
use English qw(-no_match_vars);
use locale;
use IPC::Open3;
use Digest::SHA qw(sha256_hex sha512_hex);
use File::Path  qw(make_path remove_tree)
DEBUG: Saved Perl code to debug_perl_code.pl
DEBUG: Starting Perl execution with timeout manager
DEBUG: Timeout manager starting PerlExecution with timeout of 30.0 seconds
DEBUG: Successfully spawned Perl process
DEBUG: Starting execution loop for Perl process
DEBUG: Execution loop iteration, elapsed: 8.3µs
DEBUG: Perl process completed with status: ExitStatus(ExitStatus(0))
DEBUG: Perl execution completed, duration: 399.774ms, timed_out: false
DEBUG: Ending Perl execution with timeout manager
DEBUG: Timeout manager completed PerlExecution successfully
DEBUG: Test completed, comparing outputs
✓DEBUG: Shell stdout length: 660, Translated stdout length: 660
DEBUG: Shell stderr length: 0, Translated stderr length: 0
DEBUG: Shell exit: 0, Translated exit: 0
DEBUG: stdout_match: true, stderr_match: true, exit_code_match: true
DEBUG: timed_out: false
DEBUG: Test success: true
DEBUG: failure_reason: ''
DEBUG: Test execution completed in 23287ms
DEBUG: Starting test execution for examples\000__03_file_manipulation_commands.sh with generator perl
Test 3/146: 000__03_file_manipulation_commands.sh with perl     DEBUG: Shell script execution completed, now starting Perl generation
DEBUG: Setting original script name to: 000__03_file_manipulation_commands.sh
DEBUG: CommandSubstitution called with command: And(Simple(SimpleCommand { name: Literal("cp", None), args: [Literal("test_file.txt", None), Literal("test_file_copy.txt", None)], redirects: [], env_vars: {}, stdout_used: true, stderr_used: true }), Simple(SimpleCommand { name: Literal("echo", None), args: [StringInterpolation(StringInterpolation { parts: [Literal("Copy successful")] }, None)], redirects: [], env_vars: {}, stdout_used: true, stderr_used: true }))
DEBUG: CommandSubstitution called with command: Simple(SimpleCommand { name: Literal("cp", None), args: [Literal("test_file.txt", None), Literal("test_file_copy.txt", None)], redirects: [], env_vars: {}, stdout_used: true, stderr_used: true })
DEBUG: words.rs - Using native cp implementation for command substitution
DEBUG: CommandSubstitution called with command: Simple(SimpleCommand { name: Literal("echo", None), args: [StringInterpolation(StringInterpolation { parts: [Literal("Copy successful")] }, None)], redirects: [], env_vars: {}, stdout_used: true, stderr_used: true })
DEBUG: ls command file/directory argument: 'test_file.txt'
DEBUG: ls command file/directory argument: 'test_file_copy.txt'
DEBUG: ls command file/directory argument: 'test_file_moved.txt'
DEBUG: CommandSubstitution called with command: And(Simple(SimpleCommand { name: Literal("mv", None), args: [Literal("test_file_copy.txt", None), Literal("test_file_moved.txt", None)], redirects: [], env_vars: {}, stdout_used: true, stderr_used: true }), Simple(SimpleCommand { name: Literal("echo", None), args: [StringInterpolation(StringInterpolation { parts: [Literal("Move successful")] }, None)], redirects: [], env_vars: {}, stdout_used: true, stderr_used: true }))
DEBUG: CommandSubstitution called with command: Simple(SimpleCommand { name: Literal("mv", None), args: [Literal("test_file_copy.txt", None), Literal("test_file_moved.txt", None)], redirects: [], env_vars: {}, stdout_used: true, stderr_used: true })
DEBUG: words.rs - Using native mv implementation for command substitution
DEBUG: CommandSubstitution called with command: Simple(SimpleCommand { name: Literal("echo", None), args: [StringInterpolation(StringInterpolation { parts: [Literal("Move successful")] }, None)], redirects: [], env_vars: {}, stdout_used: true, stderr_used: true })
DEBUG: ls command file/directory argument: 'test_file.txt'
DEBUG: ls command file/directory argument: 'test_file_copy.txt'
DEBUG: ls command file/directory argument: 'test_file_moved.txt'
DEBUG: CommandSubstitution called with command: And(Simple(SimpleCommand { name: Literal("rm", None), args: [Literal("test_file.txt", None), Literal("test_file_moved.txt", None)], redirects: [], env_vars: {}, stdout_used: true, stderr_used: true }), Simple(SimpleCommand { name: Literal("echo", None), args: [StringInterpolation(StringInterpolation { parts: [Literal("Remove successful")] }, None)], redirects: [], env_vars: {}, stdout_used: true, stderr_used: true }))
DEBUG: CommandSubstitution called with command: Simple(SimpleCommand { name: Literal("rm", None), args: [Literal("test_file.txt", None), Literal("test_file_moved.txt", None)], redirects: [], env_vars: {}, stdout_used: true, stderr_used: true })
DEBUG: words.rs - Using native rm implementation for command substitution
DEBUG: CommandSubstitution called with command: Simple(SimpleCommand { name: Literal("echo", None), args: [StringInterpolation(StringInterpolation { parts: [Literal("Remove successful")] }, None)], redirects: [], env_vars: {}, stdout_used: true, stderr_used: true })
DEBUG: ls command file/directory argument: 'test_file.txt'
DEBUG: ls command file/directory argument: 'test_file_copy.txt'
DEBUG: ls command file/directory argument: 'test_file_moved.txt'
DEBUG: CommandSubstitution called with command: And(Simple(SimpleCommand { name: Literal("mkdir", None), args: [Literal("test_dir", None)], redirects: [], env_vars: {}, stdout_used: true, stderr_used: true }), Simple(SimpleCommand { name: Literal("echo", None), args: [StringInterpolation(StringInterpolation { parts: [Literal("Directory created")] }, None)], redirects: [], env_vars: {}, stdout_used: true, stderr_used: true }))
DEBUG: CommandSubstitution called with command: Simple(SimpleCommand { name: Literal("mkdir", None), args: [Literal("test_dir", None)], redirects: [], env_vars: {}, stdout_used: true, stderr_used: true })
DEBUG: words.rs - Using native mkdir implementation for command substitution
DEBUG: CommandSubstitution called with command: Simple(SimpleCommand { name: Literal("echo", None), args: [StringInterpolation(StringInterpolation { parts: [Literal("Directory created")] }, None)], redirects: [], env_vars: {}, stdout_used: true, stderr_used: true })
DEBUG: ls command file/directory argument: 'test_dir'
DEBUG: CommandSubstitution called with command: And(Simple(SimpleCommand { name: Literal("touch", None), args: [Literal("test_file.txt", None)], redirects: [], env_vars: {}, stdout_used: true, stderr_used: true }), Simple(SimpleCommand { name: Literal("echo", None), args: [StringInterpolation(StringInterpolation { parts: [Literal("File touched")] }, None)], redirects: [], env_vars: {}, stdout_used: true, stderr_used: true }))
DEBUG: CommandSubstitution called with command: Simple(SimpleCommand { name: Literal("touch", None), args: [Literal("test_file.txt", None)], redirects: [], env_vars: {}, stdout_used: true, stderr_used: true })
DEBUG: words.rs - Using native touch implementation for command substitution
DEBUG: CommandSubstitution called with command: Simple(SimpleCommand { name: Literal("echo", None), args: [StringInterpolation(StringInterpolation { parts: [Literal("File touched")] }, None)], redirects: [], env_vars: {}, stdout_used: true, stderr_used: true })
DEBUG: Perl code generated, length: 16457 characters
DEBUG: Test execution completed in 16701ms
[2J[1;1H================================================================================
                                    TEST FAILED
================================================================================
File: examples\000__03_file_manipulation_commands.sh
Generator: perl
Test: 3/146
Tests passed before failure: 2
Failure Reason: Perl::Critic violations found:
Generated Perl code:
```perl
#!/usr/bin/env perl
use strict;
use warnings;
use Carp;
use English qw(-no_match_vars);
use locale;
use IPC::Open3;
use File::Path  qw(make_path remove_tree);
use File::Copy qw(copy move);
use POSIX qw(time);

my $main_exit_code = 0;
my $ls_success     = 0;
our $CHILD_ERROR;

print "=== File Manipulation Commands ===\n";
print "=== cp command ===\n";
print "\n";
{
    open my $original_stdout, '>&', STDOUT
      or croak "Cannot save STDOUT: $ERRNO";
    open STDOUT, '>', 'test_file.txt'
      or croak "Cannot open file: $ERRNO";
    print "test content\n";
    open STDOUT, '>&', $original_stdout
      or croak "Cannot restore STDOUT: $ERRNO";
    close $original_stdout
      or croak "Close failed: $ERRNO";
}
my $cp_result = do {
    my $left_result_4 = do {
    local $CHILD_ERROR = 0;
    my $eval_result = eval {
    my $err;
if (-e 'test_file.txt') {
    my $dest = 'test_file_copy.txt';
    if (-d $dest) {
        $dest = "$dest/'test_file.txt'";
    }
    if (copy('test_file.txt', $dest)) {
        # print "cp: copied 'test_file.txt' to $dest\n";
    } else {
        croak "cp: cannot copy 'test_file.txt' to $dest: $ERRNO\n";
    }
} else {
    croak "cp: 'test_file.txt': No such file or directory\n";
};
            local $CHILD_ERROR = 0;
            1;
    };
    if (!$eval_result) {
        local $CHILD_ERROR = 256;
    };
    q{};
};
    if ($CHILD_ERROR == 0) {
        my $right_result_4 = ("Copy successful");
        $left_result_4 . $right_result_4;
    } else {
        q{};
    }
};
do {
    my $output = "Copy result: $cp_result";
    print $output;
    if ( !( $output =~ m{\n$}msx ) ) {
        print "\n";
    }
};
open STDERR, '>', '/dev/null' or croak "Cannot open file: $OS_ERROR\n";
my @ls_files_5 = ();
if ( -f 'test_file.txt' ) {
    push @ls_files_5, 'test_file.txt';
}
elsif ( -d 'test_file.txt' ) {
    if (opendir my $dh, 'test_file.txt') {
        while ( my $file = readdir $dh ) {
            next if $file eq q{.} || $file eq q{..} || $file =~ /^[.]/msx;
            next if $file =~ /^__tmp_.*[.]pl$/msx;
            next if $file =~ /^(debug_|temp_|test_|file\d*[.]txt)$/msx;
            push @ls_files_5, $file;
        }
        closedir $dh;
    }
}
if ( -f 'test_file_copy.txt' ) {
    push @ls_files_5, 'test_file_copy.txt';
}
elsif ( -d 'test_file_copy.txt' ) {
    if (opendir my $dh, 'test_file_copy.txt') {
        while ( my $file = readdir $dh ) {
            next if $file eq q{.} || $file eq q{..} || $file =~ /^[.]/msx;
            next if $file =~ /^__tmp_.*[.]pl$/msx;
            next if $file =~ /^(debug_|temp_|test_|file\d*[.]txt)$/msx;
            push @ls_files_5, $file;
        }
        closedir $dh;
    }
}
if ( -f 'test_file_moved.txt' ) {
    push @ls_files_5, 'test_file_moved.txt';
}
elsif ( -d 'test_file_moved.txt' ) {
    if (opendir my $dh, 'test_file_moved.txt') {
        while ( my $file = readdir $dh ) {
            next if $file eq q{.} || $file eq q{..} || $file =~ /^[.]/msx;
            next if $file =~ /^__tmp_.*[.]pl$/msx;
            next if $file =~ /^(debug_|temp_|test_|file\d*[.]txt)$/msx;
            push @ls_files_5, $file;
        }
        closedir $dh;
    }
}
if (@ls_files_5) {
    print join "\n", @ls_files_5;
    print "\n";
    my $expected_count = 3;
    if (@ls_files_5 == $expected_count) {
        local $CHILD_ERROR = 0;
        $ls_success = 1;
    } else {
        local $CHILD_ERROR = 2;
        $ls_success = 0;
    }
} else {
    local $CHILD_ERROR = 1;
    $ls_success = 0;
}
if (!defined $ls_success || $ls_success == 0) {
        print "No test files found\n";
}
print "\n";
print "=== mv command ===\n";
my $mv_result = do {
    my $left_result_6 = do {
    local $CHILD_ERROR = 0;
    my $eval_result = eval {
    my $force = 0;
if (-e 'test_file_copy.txt') {
    my $dest = 'test_file_moved.txt';
    if (-e $dest && -d $dest) {
        $dest = "$dest/'test_file_copy.txt'";
    }
    if (-e $dest && !$force) {
        croak "mv: $dest: File exists (use -f to force overwrite)\n";
    }
    my $dest_dir = $dest;
    $dest_dir =~ s/\/[^\/]*$//msx;
    if ($dest_dir eq $dest) {
        $dest_dir = q{};
    }
    if ($dest_dir ne q{} && !-d $dest_dir) {
        my $err;
        make_path($dest_dir, {error => \$err});
        if (@{$err}) {
            croak "mv: cannot create directory $dest_dir: $err->[0]\n";
        }
    }
    if (move('test_file_copy.txt', $dest)) {
        # print "mv: moved 'test_file_copy.txt' to $dest\n";
    } else {
        croak "mv: cannot move 'test_file_copy.txt' to $dest: $ERRNO\n";
    }
} else {
    croak "mv: 'test_file_copy.txt': No such file or directory\n";
};
            local $CHILD_ERROR = 0;
            1;
    };
    if (!$eval_result) {
        local $CHILD_ERROR = 256;
    };
    q{};
};
    if ($CHILD_ERROR == 0) {
        my $right_result_6 = ("Move successful");
        $left_result_6 . $right_result_6;
    } else {
        q{};
    }
};
do {
    my $output = "Move result: $mv_result";
    print $output;
    if ( !( $output =~ m{\n$}msx ) ) {
        print "\n";
    }
};
open STDERR, '>', '/dev/null' or croak "Cannot open file: $OS_ERROR\n";
my @ls_files_7 = ();
if ( -f 'test_file.txt' ) {
    push @ls_files_7, 'test_file.txt';
}
elsif ( -d 'test_file.txt' ) {
    if (opendir my $dh, 'test_file.txt') {
        while ( my $file = readdir $dh ) {
            next if $file eq q{.} || $file eq q{..} || $file =~ /^[.]/msx;
            next if $file =~ /^__tmp_.*[.]pl$/msx;
            next if $file =~ /^(debug_|temp_|test_|file\d*[.]txt)$/msx;
            push @ls_files_7, $file;
        }
        closedir $dh;
    }
}
if ( -f 'test_file_copy.txt' ) {
    push @ls_files_7, 'test_file_copy.txt';
}
elsif ( -d 'test_file_copy.txt' ) {
    if (opendir my $dh, 'test_file_copy.txt') {
        while ( my $file = readdir $dh ) {
            next if $file eq q{.} || $file eq q{..} || $file =~ /^[.]/msx;
            next if $file =~ /^__tmp_.*[.]pl$/msx;
            next if $file =~ /^(debug_|temp_|test_|file\d*[.]txt)$/msx;
            push @ls_files_7, $file;
        }
        closedir $dh;
    }
}
if ( -f 'test_file_moved.txt' ) {
    push @ls_files_7, 'test_file_moved.txt';
}
elsif ( -d 'test_file_moved.txt' ) {
    if (opendir my $dh, 'test_file_moved.txt') {
        while ( my $file = readdir $dh ) {
            next if $file eq q{.} || $file eq q{..} || $file =~ /^[.]/msx;
            next if $file =~ /^__tmp_.*[.]pl$/msx;
            next if $file =~ /^(debug_|temp_|test_|file\d*[.]txt)$/msx;
            push @ls_files_7, $file;
        }
        closedir $dh;
    }
}
if (@ls_files_7) {
    print join "\n", @ls_files_7;
    print "\n";
    my $expected_count = 3;
    if (@ls_files_7 == $expected_count) {
        local $CHILD_ERROR = 0;
        $ls_success = 1;
    } else {
        local $CHILD_ERROR = 2;
        $ls_success = 0;
    }
} else {
    local $CHILD_ERROR = 1;
    $ls_success = 0;
}
if (!defined $ls_success || $ls_success == 0) {
        print "No test files found\n";
}
print "\n";
print "=== rm command ===\n";
my $rm_result = do {
    my $left_result_8 = do {
    local $CHILD_ERROR = 0;
    my $eval_result = eval {
    if ( -e "test_file.txt" ) {
    if ( -d "test_file.txt" ) {
        croak "rm: ", "test_file.txt",
          " is a directory (use -r to remove recursively)\n";
    }
    else {
        if ( unlink "test_file.txt" ) {
            $main_exit_code = 0;
        }
        else {
            croak "rm: cannot remove ", "test_file.txt",
              ": $OS_ERROR\n";
        }
    }
}
else {
    local $CHILD_ERROR = 1;
    croak "rm: ", "test_file.txt", ": No such file or directory\n";
}
if ( -e "test_file_moved.txt" ) {
    if ( -d "test_file_moved.txt" ) {
        croak "rm: ", "test_file_moved.txt",
          " is a directory (use -r to remove recursively)\n";
    }
    else {
        if ( unlink "test_file_moved.txt" ) {
            $main_exit_code = 0;
        }
        else {
            croak "rm: cannot remove ", "test_file_moved.txt",
              ": $OS_ERROR\n";
        }
    }
}
else {
    local $CHILD_ERROR = 1;
    croak "rm: ", "test_file_moved.txt", ": No such file or directory\n";
};
            local $CHILD_ERROR = 0;
            1;
    };
    if (!$eval_result) {
        local $CHILD_ERROR = 256;
    };
    q{};
};
    if ($CHILD_ERROR == 0) {
        my $right_result_8 = ("Remove successful");
        $left_result_8 . $right_result_8;
    } else {
        q{};
    }
};
do {
    my $output = "Remove result: $rm_result";
    print $output;
    if ( !( $output =~ m{\n$}msx ) ) {
        print "\n";
    }
};
open STDERR, '>', '/dev/null' or croak "Cannot open file: $OS_ERROR\n";
my @ls_files_9 = ();
if ( -f 'test_file.txt' ) {
    push @ls_files_9, 'test_file.txt';
}
elsif ( -d 'test_file.txt' ) {
    if (opendir my $dh, 'test_file.txt') {
        while ( my $file = readdir $dh ) {
            next if $file eq q{.} || $file eq q{..} || $file =~ /^[.]/msx;
            next if $file =~ /^__tmp_.*[.]pl$/msx;
            next if $file =~ /^(debug_|temp_|test_|file\d*[.]txt)$/msx;
            push @ls_files_9, $file;
        }
        closedir $dh;
    }
}
if ( -f 'test_file_copy.txt' ) {
    push @ls_files_9, 'test_file_copy.txt';
}
elsif ( -d 'test_file_copy.txt' ) {
    if (opendir my $dh, 'test_file_copy.txt') {
        while ( my $file = readdir $dh ) {
            next if $file eq q{.} || $file eq q{..} || $file =~ /^[.]/msx;
            next if $file =~ /^__tmp_.*[.]pl$/msx;
            next if $file =~ /^(debug_|temp_|test_|file\d*[.]txt)$/msx;
            push @ls_files_9, $file;
        }
        closedir $dh;
    }
}
if ( -f 'test_file_moved.txt' ) {
    push @ls_files_9, 'test_file_moved.txt';
}
elsif ( -d 'test_file_moved.txt' ) {
    if (opendir my $dh, 'test_file_moved.txt') {
        while ( my $file = readdir $dh ) {
            next if $file eq q{.} || $file eq q{..} || $file =~ /^[.]/msx;
            next if $file =~ /^__tmp_.*[.]pl$/msx;
            next if $file =~ /^(debug_|temp_|test_|file\d*[.]txt)$/msx;
            push @ls_files_9, $file;
        }
        closedir $dh;
    }
}
if (@ls_files_9) {
    print join "\n", @ls_files_9;
    print "\n";
    my $expected_count = 3;
    if (@ls_files_9 == $expected_count) {
        local $CHILD_ERROR = 0;
        $ls_success = 1;
    } else {
        local $CHILD_ERROR = 2;
        $ls_success = 0;
    }
} else {
    local $CHILD_ERROR = 1;
    $ls_success = 0;
}
if (!defined $ls_success || $ls_success == 0) {
        print "No test files found\n";
}
print "\n";
print "=== mkdir command ===\n";
my $mkdir_result = do {
    my $left_result_10 = do {
    use File::Path  qw(make_path);
    if (!-d 'test_dir') {
    if (mkdir 'test_dir') {
    # print "mkdir: created directory 'test_dir'\n";
    } else {
    croak "mkdir: cannot create directory 'test_dir': $ERRNO\n";
    }
    } else {
    print {\*STDERR} "mkdir: cannot create directory 'test_dir': File exists\n";
    local $CHILD_ERROR = 256;
    };
    q{};
};
    if ($CHILD_ERROR == 0) {
        my $right_result_10 = ("Directory created");
        $left_result_10 . $right_result_10;
    } else {
        q{};
    }
};
do {
    my $output = "Mkdir result: $mkdir_result";
    print $output;
    if ( !( $output =~ m{\n$}msx ) ) {
        print "\n";
    }
};
if (-e "test_dir/file") {
my $current_time = time;
utime $current_time, $current_time, "test_dir/file";
} else {
if (open my $fh, '>', "test_dir/file") {
close $fh or croak "Close failed: $ERRNO";
} else {
croak "touch: cannot create ", "test_dir/file", ": $ERRNO\n";
}
}
open STDERR, '>', '/dev/null' or croak "Cannot open file: $OS_ERROR\n";
my @ls_files_12 = ();
if ( -f 'test_dir' ) {
    push @ls_files_12, 'test_dir';
}
elsif ( -d 'test_dir' ) {
    if (opendir my $dh, 'test_dir') {
        while ( my $file = readdir $dh ) {
            next if $file eq q{.} || $file eq q{..} || $file =~ /^[.]/msx;
            next if $file =~ /^__tmp_.*[.]pl$/msx;
            next if $file =~ /^(debug_|temp_|test_|file\d*[.]txt)$/msx;
            push @ls_files_12, $file;
        }
        closedir $dh;
    }
}
if (@ls_files_12) {
    print join "\n", @ls_files_12;
    print "\n";
    my $expected_count = 1;
    if (@ls_files_12 == $expected_count) {
        local $CHILD_ERROR = 0;
        $ls_success = 1;
    } else {
        local $CHILD_ERROR = 2;
        $ls_success = 0;
    }
} else {
    local $CHILD_ERROR = 1;
    $ls_success = 0;
}
if (!defined $ls_success || $ls_success == 0) {
        print "Directory not found\n";
}
if ( -e "test_dir/file" ) {
    if ( -d "test_dir/file" ) {
        croak "rm: ", "test_dir/file",
          " is a directory (use -r to remove recursively)\n";
    }
    else {
        if ( unlink "test_dir/file" ) {
            $main_exit_code = 0;
        }
        else {
            croak "rm: cannot remove ", "test_dir/file",
              ": $OS_ERROR\n";
        }
    }
}
else {
    local $CHILD_ERROR = 1;
    croak "rm: ", "test_dir/file", ": No such file or directory\n";
}
if (-d 'test_dir') {
if (rmdir 'test_dir') {
} else {
croak "rmdir: cannot remove directory 'test_dir': $ERRNO\n";
}
} else {
croak "rmdir: 'test_dir': No such file or directory\n";
}
print "\n";
print "=== touch command ===\n";
my $touch_result = do {
    my $left_result_13 = do {
    local $CHILD_ERROR = 0;
    my $eval_result = eval {
    if (-e "test_file.txt") {
my $current_time = time;
utime $current_time, $current_time, "test_file.txt";
} else {
if (open my $fh, '>', "test_file.txt") {
close $fh or croak "Close failed: $ERRNO";
} else {
croak "touch: cannot create ", "test_file.txt", ": $ERRNO\n";
}
};
            local $CHILD_ERROR = 0;
            1;
    };
    if (!$eval_result) {
        local $CHILD_ERROR = 256;
    };
    q{};
};
    if ($CHILD_ERROR == 0) {
        my $right_result_13 = ("File touched");
        $left_result_13 . $right_result_13;
    } else {
        q{};
    }
};
do {
    my $output = "Touch result: $touch_result";
    print $output;
    if ( !( $output =~ m{\n$}msx ) ) {
        print "\n";
    }
};
print "\n";
if ( -e "test_file.txt" ) {
    if ( -d "test_file.txt" ) {
        carp "rm: carping: ", "test_file.txt",
          " is a directory (use -r to remove recursively)\n";
    }
    else {
        if ( unlink "test_file.txt" ) {
            $main_exit_code = 0;
        }
        else {
            carp "rm: carping: could not remove ", "test_file.txt",
              ": $OS_ERROR\n";
        }
    }
}
else {
    local $CHILD_ERROR = 0;
    carp "rm: carping: ", "test_file.txt", ": No such file or directory\n";
}
if ( -e "test_file_copy.txt" ) {
    if ( -d "test_file_copy.txt" ) {
        carp "rm: carping: ", "test_file_copy.txt",
          " is a directory (use -r to remove recursively)\n";
    }
    else {
        if ( unlink "test_file_copy.txt" ) {
            $main_exit_code = 0;
        }
        else {
            carp "rm: carping: could not remove ", "test_file_copy.txt",
              ": $OS_ERROR\n";
        }
    }
}
else {
    local $CHILD_ERROR = 0;
    carp "rm: carping: ", "test_file_copy.txt", ": No such file or directory\n";
}
if ( -e "test_file_moved.txt" ) {
    if ( -d "test_file_moved.txt" ) {
        carp "rm: carping: ", "test_file_moved.txt",
          " is a directory (use -r to remove recursively)\n";
    }
    else {
        if ( unlink "test_file_moved.txt" ) {
            $main_exit_code = 0;
        }
        else {
            carp "rm: carping: could not remove ", "test_file_moved.txt",
              ": $OS_ERROR\n";
        }
    }
}
else {
    local $CHILD_ERROR = 0;
    carp "rm: carping: ", "test_file_moved.txt", ": No such file or directory\n";
}
open STDERR, '>', '/dev/null' or croak "Cannot open file: $OS_ERROR\n";
if ( -e "test_dir" ) {
    if ( -d "test_dir" ) {
        my $err;
        remove_tree("test_dir", {error => \$err});
        if (@{$err}) {
            carp "rm: carping: could not remove ", "test_dir", ": $err->[0]\n";
        }
        else {
            $main_exit_code = 0;
        }
    }
    else {
        if ( unlink "test_dir" ) {
            $main_exit_code = 0;
        }
        else {
            carp "rm: carping: could not remove ", "test_dir",
              ": $OS_ERROR\n";
        }
    }
}
else {
    local $CHILD_ERROR = 0;
    carp "rm: carping: ", "test_dir", ": No such file or directory\n";
}
if ($CHILD_ERROR != 0) {
    1;
}

exit $main_exit_code;

```

perlcritic_wrapper: Started, parse args took 2.6e-05s
perlcritic_wrapper: File read took 0.00111s
perlcritic_wrapper: SHA1 hash took 0.000161s
perlcritic_wrapper: Cache hit, read took 0.001176s

FAILED: Code is not tidy

================================================================================

Exit Code Comparison (IGNORED):
Shell script exit code: 0
Translated code exit code: -1

================================================================================
ORIGINAL SHELL SCRIPT:
================================================================================
#!/bin/bash

# File manipulation commands with backticks
# This file demonstrates using backticks with file manipulation commands

echo "=== File Manipulation Commands ==="

echo "=== cp command ==="
# cp command with backticks (though it doesn't produce output)
#PERL_MUST_NOT_CONTAIN `cp
echo
echo "test content" > test_file.txt
cp_result=`cp test_file.txt test_file_copy.txt && echo "Copy successful"`
echo "Copy result: $cp_result"
ls test_file.txt test_file_copy.txt test_file_moved.txt 2>/dev/null || echo "No test files found"

echo
echo "=== mv command ==="
# mv command with backticks (though it doesn't produce output)
#PERL_MUST_NOT_CONTAIN `mv
mv_result=`mv test_file_copy.txt test_file_moved.txt && echo "Move successful"`
echo "Move result: $mv_result"
ls test_file.txt test_file_copy.txt test_file_moved.txt 2>/dev/null || echo "No test files found"

echo
echo "=== rm command ==="
# rm command with backticks (though it doesn't produce output)
#PERL_MUST_NOT_CONTAIN `rm
rm_result=`rm test_file.txt test_file_moved.txt && echo "Remove successful"`
echo "Remove result: $rm_result"
ls test_file.txt test_file_copy.txt test_file_moved.txt 2>/dev/null || echo "No test files found"

echo
echo "=== mkdir command ==="
# mkdir command with backticks (though it doesn't produce output)
#PERL_MUST_NOT_CONTAIN `mkdir
mkdir_result=`mkdir test_dir && echo "Directory created"`
echo "Mkdir result: $mkdir_result"
touch test_dir/file
ls test_dir 2>/dev/null || echo "Directory not found"
rm test_dir/file
rmdir test_dir

echo
echo "=== touch command ==="
# touch command with backticks (though it doesn't produce output)
#PERL_MUST_NOT_CONTAIN `touch
touch_result=`touch test_file.txt && echo "File touched"`
echo "Touch result: $touch_result"

echo
# Cleanup
rm -f test_file.txt test_file_copy.txt test_file_moved.txt
rm -rf test_dir 2>/dev/null || true



================================================================================
TRANSLATED PERL CODE:
================================================================================
#!/usr/bin/env perl
use strict;
use warnings;
use Carp;
use English qw(-no_match_vars);
use locale;
use IPC::Open3;
use File::Path  qw(make_path remove_tree);
use File::Copy qw(copy move);
use POSIX qw(time);

my $main_exit_code = 0;
my $ls_success     = 0;
our $CHILD_ERROR;

print "=== File Manipulation Commands ===\n";
print "=== cp command ===\n";
print "\n";
{
    open my $original_stdout, '>&', STDOUT
      or croak "Cannot save STDOUT: $ERRNO";
    open STDOUT, '>', 'test_file.txt'
      or croak "Cannot open file: $ERRNO";
    print "test content\n";
    open STDOUT, '>&', $original_stdout
      or croak "Cannot restore STDOUT: $ERRNO";
    close $original_stdout
      or croak "Close failed: $ERRNO";
}
my $cp_result = do {
    my $left_result_4 = do {
    local $CHILD_ERROR = 0;
    my $eval_result = eval {
    my $err;
if (-e 'test_file.txt') {
    my $dest = 'test_file_copy.txt';
    if (-d $dest) {
        $dest = "$dest/'test_file.txt'";
    }
    if (copy('test_file.txt', $dest)) {
        # print "cp: copied 'test_file.txt' to $dest\n";
    } else {
        croak "cp: cannot copy 'test_file.txt' to $dest: $ERRNO\n";
    }
} else {
    croak "cp: 'test_file.txt': No such file or directory\n";
};
            local $CHILD_ERROR = 0;
            1;
    };
    if (!$eval_result) {
        local $CHILD_ERROR = 256;
    };
    q{};
};
    if ($CHILD_ERROR == 0) {
        my $right_result_4 = ("Copy successful");
        $left_result_4 . $right_result_4;
    } else {
        q{};
    }
};
do {
    my $output = "Copy result: $cp_result";
    print $output;
    if ( !( $output =~ m{\n$}msx ) ) {
        print "\n";
    }
};
open STDERR, '>', '/dev/null' or croak "Cannot open file: $OS_ERROR\n";
my @ls_files_5 = ();
if ( -f 'test_file.txt' ) {
    push @ls_files_5, 'test_file.txt';
}
elsif ( -d 'test_file.txt' ) {
    if (opendir my $dh, 'test_file.txt') {
        while ( my $file = readdir $dh ) {
            next if $file eq q{.} || $file eq q{..} || $file =~ /^[.]/msx;
            next if $file =~ /^__tmp_.*[.]pl$/msx;
            next if $file =~ /^(debug_|temp_|test_|file\d*[.]txt)$/msx;
            push @ls_files_5, $file;
        }
        closedir $dh;
    }
}
if ( -f 'test_file_copy.txt' ) {
    push @ls_files_5, 'test_file_copy.txt';
}
elsif ( -d 'test_file_copy.txt' ) {
    if (opendir my $dh, 'test_file_copy.txt') {
        while ( my $file = readdir $dh ) {
            next if $file eq q{.} || $file eq q{..} || $file =~ /^[.]/msx;
            next if $file =~ /^__tmp_.*[.]pl$/msx;
            next if $file =~ /^(debug_|temp_|test_|file\d*[.]txt)$/msx;
            push @ls_files_5, $file;
        }
        closedir $dh;
    }
}
if ( -f 'test_file_moved.txt' ) {
    push @ls_files_5, 'test_file_moved.txt';
}
elsif ( -d 'test_file_moved.txt' ) {
    if (opendir my $dh, 'test_file_moved.txt') {
        while ( my $file = readdir $dh ) {
            next if $file eq q{.} || $file eq q{..} || $file =~ /^[.]/msx;
            next if $file =~ /^__tmp_.*[.]pl$/msx;
            next if $file =~ /^(debug_|temp_|test_|file\d*[.]txt)$/msx;
            push @ls_files_5, $file;
        }
        closedir $dh;
    }
}
if (@ls_files_5) {
    print join "\n", @ls_files_5;
    print "\n";
    my $expected_count = 3;
    if (@ls_files_5 == $expected_count) {
        local $CHILD_ERROR = 0;
        $ls_success = 1;
    } else {
        local $CHILD_ERROR = 2;
        $ls_success = 0;
    }
} else {
    local $CHILD_ERROR = 1;
    $ls_success = 0;
}
if (!defined $ls_success || $ls_success == 0) {
        print "No test files found\n";
}
print "\n";
print "=== mv command ===\n";
my $mv_result = do {
    my $left_result_6 = do {
    local $CHILD_ERROR = 0;
    my $eval_result = eval {
    my $force = 0;
if (-e 'test_file_copy.txt') {
    my $dest = 'test_file_moved.txt';
    if (-e $dest && -d $dest) {
        $dest = "$dest/'test_file_copy.txt'";
    }
    if (-e $dest && !$force) {
        croak "mv: $dest: File exists (use -f to force overwrite)\n";
    }
    my $dest_dir = $dest;
    $dest_dir =~ s/\/[^\/]*$//msx;
    if ($dest_dir eq $dest) {
        $dest_dir = q{};
    }
    if ($dest_dir ne q{} && !-d $dest_dir) {
        my $err;
        make_path($dest_dir, {error => \$err});
        if (@{$err}) {
            croak "mv: cannot create directory $dest_dir: $err->[0]\n";
        }
    }
    if (move('test_file_copy.txt', $dest)) {
        # print "mv: moved 'test_file_copy.txt' to $dest\n";
    } else {
        croak "mv: cannot move 'test_file_copy.txt' to $dest: $ERRNO\n";
    }
} else {
    croak "mv: 'test_file_copy.txt': No such file or directory\n";
};
            local $CHILD_ERROR = 0;
            1;
    };
    if (!$eval_result) {
        local $CHILD_ERROR = 256;
    };
    q{};
};
    if ($CHILD_ERROR == 0) {
        my $right_result_6 = ("Move successful");
        $left_result_6 . $right_result_6;
    } else {
        q{};
    }
};
do {
    my $output = "Move result: $mv_result";
    print $output;
    if ( !( $output =~ m{\n$}msx ) ) {
        print "\n";
    }
};
open STDERR, '>', '/dev/null' or croak "Cannot open file: $OS_ERROR\n";
my @ls_files_7 = ();
if ( -f 'test_file.txt' ) {
    push @ls_files_7, 'test_file.txt';
}
elsif ( -d 'test_file.txt' ) {
    if (opendir my $dh, 'test_file.txt') {
        while ( my $file = readdir $dh ) {
            next if $file eq q{.} || $file eq q{..} || $file =~ /^[.]/msx;
            next if $file =~ /^__tmp_.*[.]pl$/msx;
            next if $file =~ /^(debug_|temp_|test_|file\d*[.]txt)$/msx;
            push @ls_files_7, $file;
        }
        closedir $dh;
    }
}
if ( -f 'test_file_copy.txt' ) {
    push @ls_files_7, 'test_file_copy.txt';
}
elsif ( -d 'test_file_copy.txt' ) {
    if (opendir my $dh, 'test_file_copy.txt') {
        while ( my $file = readdir $dh ) {
            next if $file eq q{.} || $file eq q{..} || $file =~ /^[.]/msx;
            next if $file =~ /^__tmp_.*[.]pl$/msx;
            next if $file =~ /^(debug_|temp_|test_|file\d*[.]txt)$/msx;
            push @ls_files_7, $file;
        }
        closedir $dh;
    }
}
if ( -f 'test_file_moved.txt' ) {
    push @ls_files_7, 'test_file_moved.txt';
}
elsif ( -d 'test_file_moved.txt' ) {
    if (opendir my $dh, 'test_file_moved.txt') {
        while ( my $file = readdir $dh ) {
            next if $file eq q{.} || $file eq q{..} || $file =~ /^[.]/msx;
            next if $file =~ /^__tmp_.*[.]pl$/msx;
            next if $file =~ /^(debug_|temp_|test_|file\d*[.]txt)$/msx;
            push @ls_files_7, $file;
        }
        closedir $dh;
    }
}
if (@ls_files_7) {
    print join "\n", @ls_files_7;
    print "\n";
    my $expected_count = 3;
    if (@ls_files_7 == $expected_count) {
        local $CHILD_ERROR = 0;
        $ls_success = 1;
    } else {
        local $CHILD_ERROR = 2;
        $ls_success = 0;
    }
} else {
    local $CHILD_ERROR = 1;
    $ls_success = 0;
}
if (!defined $ls_success || $ls_success == 0) {
        print "No test files found\n";
}
print "\n";
print "=== rm command ===\n";
my $rm_result = do {
    my $left_result_8 = do {
    local $CHILD_ERROR = 0;
    my $eval_result = eval {
    if ( -e "test_file.txt" ) {
    if ( -d "test_file.txt" ) {
        croak "rm: ", "test_file.txt",
          " is a directory (use -r to remove recursively)\n";
    }
    else {
        if ( unlink "test_file.txt" ) {
            $main_exit_code = 0;
        }
        else {
            croak "rm: cannot remove ", "test_file.txt",
              ": $OS_ERROR\n";
        }
    }
}
else {
    local $CHILD_ERROR = 1;
    croak "rm: ", "test_file.txt", ": No such file or directory\n";
}
if ( -e "test_file_moved.txt" ) {
    if ( -d "test_file_moved.txt" ) {
        croak "rm: ", "test_file_moved.txt",
          " is a directory (use -r to remove recursively)\n";
    }
    else {
        if ( unlink "test_file_moved.txt" ) {
            $main_exit_code = 0;
        }
        else {
            croak "rm: cannot remove ", "test_file_moved.txt",
              ": $OS_ERROR\n";
        }
    }
}
else {
    local $CHILD_ERROR = 1;
    croak "rm: ", "test_file_moved.txt", ": No such file or directory\n";
};
            local $CHILD_ERROR = 0;
            1;
    };
    if (!$eval_result) {
        local $CHILD_ERROR = 256;
    };
    q{};
};
    if ($CHILD_ERROR == 0) {
        my $right_result_8 = ("Remove successful");
        $left_result_8 . $right_result_8;
    } else {
        q{};
    }
};
do {
    my $output = "Remove result: $rm_result";
    print $output;
    if ( !( $output =~ m{\n$}msx ) ) {
        print "\n";
    }
};
open STDERR, '>', '/dev/null' or croak "Cannot open file: $OS_ERROR\n";
my @ls_files_9 = ();
if ( -f 'test_file.txt' ) {
    push @ls_files_9, 'test_file.txt';
}
elsif ( -d 'test_file.txt' ) {
    if (opendir my $dh, 'test_file.txt') {
        while ( my $file = readdir $dh ) {
            next if $file eq q{.} || $file eq q{..} || $file =~ /^[.]/msx;
            next if $file =~ /^__tmp_.*[.]pl$/msx;
            next if $file =~ /^(debug_|temp_|test_|file\d*[.]txt)$/msx;
            push @ls_files_9, $file;
        }
        closedir $dh;
    }
}
if ( -f 'test_file_copy.txt' ) {
    push @ls_files_9, 'test_file_copy.txt';
}
elsif ( -d 'test_file_copy.txt' ) {
    if (opendir my $dh, 'test_file_copy.txt') {
        while ( my $file = readdir $dh ) {
            next if $file eq q{.} || $file eq q{..} || $file =~ /^[.]/msx;
            next if $file =~ /^__tmp_.*[.]pl$/msx;
            next if $file =~ /^(debug_|temp_|test_|file\d*[.]txt)$/msx;
            push @ls_files_9, $file;
        }
        closedir $dh;
    }
}
if ( -f 'test_file_moved.txt' ) {
    push @ls_files_9, 'test_file_moved.txt';
}
elsif ( -d 'test_file_moved.txt' ) {
    if (opendir my $dh, 'test_file_moved.txt') {
        while ( my $file = readdir $dh ) {
            next if $file eq q{.} || $file eq q{..} || $file =~ /^[.]/msx;
            next if $file =~ /^__tmp_.*[.]pl$/msx;
            next if $file =~ /^(debug_|temp_|test_|file\d*[.]txt)$/msx;
            push @ls_files_9, $file;
        }
        closedir $dh;
    }
}
if (@ls_files_9) {
    print join "\n", @ls_files_9;
    print "\n";
    my $expected_count = 3;
    if (@ls_files_9 == $expected_count) {
        local $CHILD_ERROR = 0;
        $ls_success = 1;
    } else {
        local $CHILD_ERROR = 2;
        $ls_success = 0;
    }
} else {
    local $CHILD_ERROR = 1;
    $ls_success = 0;
}
if (!defined $ls_success || $ls_success == 0) {
        print "No test files found\n";
}
print "\n";
print "=== mkdir command ===\n";
my $mkdir_result = do {
    my $left_result_10 = do {
    use File::Path  qw(make_path);
    if (!-d 'test_dir') {
    if (mkdir 'test_dir') {
    # print "mkdir: created directory 'test_dir'\n";
    } else {
    croak "mkdir: cannot create directory 'test_dir': $ERRNO\n";
    }
    } else {
    print {\*STDERR} "mkdir: cannot create directory 'test_dir': File exists\n";
    local $CHILD_ERROR = 256;
    };
    q{};
};
    if ($CHILD_ERROR == 0) {
        my $right_result_10 = ("Directory created");
        $left_result_10 . $right_result_10;
    } else {
        q{};
    }
};
do {
    my $output = "Mkdir result: $mkdir_result";
    print $output;
    if ( !( $output =~ m{\n$}msx ) ) {
        print "\n";
    }
};
if (-e "test_dir/file") {
my $current_time = time;
utime $current_time, $current_time, "test_dir/file";
} else {
if (open my $fh, '>', "test_dir/file") {
close $fh or croak "Close failed: $ERRNO";
} else {
croak "touch: cannot create ", "test_dir/file", ": $ERRNO\n";
}
}
open STDERR, '>', '/dev/null' or croak "Cannot open file: $OS_ERROR\n";
my @ls_files_12 = ();
if ( -f 'test_dir' ) {
    push @ls_files_12, 'test_dir';
}
elsif ( -d 'test_dir' ) {
    if (opendir my $dh, 'test_dir') {
        while ( my $file = readdir $dh ) {
            next if $file eq q{.} || $file eq q{..} || $file =~ /^[.]/msx;
            next if $file =~ /^__tmp_.*[.]pl$/msx;
            next if $file =~ /^(debug_|temp_|test_|file\d*[.]txt)$/msx;
            push @ls_files_12, $file;
        }
        closedir $dh;
    }
}
if (@ls_files_12) {
    print join "\n", @ls_files_12;
    print "\n";
    my $expected_count = 1;
    if (@ls_files_12 == $expected_count) {
        local $CHILD_ERROR = 0;
        $ls_success = 1;
    } else {
        local $CHILD_ERROR = 2;
        $ls_success = 0;
    }
} else {
    local $CHILD_ERROR = 1;
    $ls_success = 0;
}
if (!defined $ls_success || $ls_success == 0) {
        print "Directory not found\n";
}
if ( -e "test_dir/file" ) {
    if ( -d "test_dir/file" ) {
        croak "rm: ", "test_dir/file",
          " is a directory (use -r to remove recursively)\n";
    }
    else {
        if ( unlink "test_dir/file" ) {
            $main_exit_code = 0;
        }
        else {
            croak "rm: cannot remove ", "test_dir/file",
              ": $OS_ERROR\n";
        }
    }
}
else {
    local $CHILD_ERROR = 1;
    croak "rm: ", "test_dir/file", ": No such file or directory\n";
}
if (-d 'test_dir') {
if (rmdir 'test_dir') {
} else {
croak "rmdir: cannot remove directory 'test_dir': $ERRNO\n";
}
} else {
croak "rmdir: 'test_dir': No such file or directory\n";
}
print "\n";
print "=== touch command ===\n";
my $touch_result = do {
    my $left_result_13 = do {
    local $CHILD_ERROR = 0;
    my $eval_result = eval {
    if (-e "test_file.txt") {
my $current_time = time;
utime $current_time, $current_time, "test_file.txt";
} else {
if (open my $fh, '>', "test_file.txt") {
close $fh or croak "Close failed: $ERRNO";
} else {
croak "touch: cannot create ", "test_file.txt", ": $ERRNO\n";
}
};
            local $CHILD_ERROR = 0;
            1;
    };
    if (!$eval_result) {
        local $CHILD_ERROR = 256;
    };
    q{};
};
    if ($CHILD_ERROR == 0) {
        my $right_result_13 = ("File touched");
        $left_result_13 . $right_result_13;
    } else {
        q{};
    }
};
do {
    my $output = "Touch result: $touch_result";
    print $output;
    if ( !( $output =~ m{\n$}msx ) ) {
        print "\n";
    }
};
print "\n";
if ( -e "test_file.txt" ) {
    if ( -d "test_file.txt" ) {
        carp "rm: carping: ", "test_file.txt",
          " is a directory (use -r to remove recursively)\n";
    }
    else {
        if ( unlink "test_file.txt" ) {
            $main_exit_code = 0;
        }
        else {
            carp "rm: carping: could not remove ", "test_file.txt",
              ": $OS_ERROR\n";
        }
    }
}
else {
    local $CHILD_ERROR = 0;
    carp "rm: carping: ", "test_file.txt", ": No such file or directory\n";
}
if ( -e "test_file_copy.txt" ) {
    if ( -d "test_file_copy.txt" ) {
        carp "rm: carping: ", "test_file_copy.txt",
          " is a directory (use -r to remove recursively)\n";
    }
    else {
        if ( unlink "test_file_copy.txt" ) {
            $main_exit_code = 0;
        }
        else {
            carp "rm: carping: could not remove ", "test_file_copy.txt",
              ": $OS_ERROR\n";
        }
    }
}
else {
    local $CHILD_ERROR = 0;
    carp "rm: carping: ", "test_file_copy.txt", ": No such file or directory\n";
}
if ( -e "test_file_moved.txt" ) {
    if ( -d "test_file_moved.txt" ) {
        carp "rm: carping: ", "test_file_moved.txt",
          " is a directory (use -r to remove recursively)\n";
    }
    else {
        if ( unlink "test_file_moved.txt" ) {
            $main_exit_code = 0;
        }
        else {
            carp "rm: carping: could not remove ", "test_file_moved.txt",
              ": $OS_ERROR\n";
        }
    }
}
else {
    local $CHILD_ERROR = 0;
    carp "rm: carping: ", "test_file_moved.txt", ": No such file or directory\n";
}
open STDERR, '>', '/dev/null' or croak "Cannot open file: $OS_ERROR\n";
if ( -e "test_dir" ) {
    if ( -d "test_dir" ) {
        my $err;
        remove_tree("test_dir", {error => \$err});
        if (@{$err}) {
            carp "rm: carping: could not remove ", "test_dir", ": $err->[0]\n";
        }
        else {
            $main_exit_code = 0;
        }
    }
    else {
        if ( unlink "test_dir" ) {
            $main_exit_code = 0;
        }
        else {
            carp "rm: carping: could not remove ", "test_dir",
              ": $OS_ERROR\n";
        }
    }
}
else {
    local $CHILD_ERROR = 0;
    carp "rm: carping: ", "test_dir", ": No such file or directory\n";
}
if ($CHILD_ERROR != 0) {
    1;
}

exit $main_exit_code;


================================================================================
PERL::CRITIC RESULTS:
================================================================================
Generated Perl code:
```perl
#!/usr/bin/env perl
use strict;
use warnings;
use Carp;
use English qw(-no_match_vars);
use locale;
use IPC::Open3;
use File::Path  qw(make_path remove_tree);
use File::Copy qw(copy move);
use POSIX qw(time);

my $main_exit_code = 0;
my $ls_success     = 0;
our $CHILD_ERROR;

print "=== File Manipulation Commands ===\n";
print "=== cp command ===\n";
print "\n";
{
    open my $original_stdout, '>&', STDOUT
      or croak "Cannot save STDOUT: $ERRNO";
    open STDOUT, '>', 'test_file.txt'
      or croak "Cannot open file: $ERRNO";
    print "test content\n";
    open STDOUT, '>&', $original_stdout
      or croak "Cannot restore STDOUT: $ERRNO";
    close $original_stdout
      or croak "Close failed: $ERRNO";
}
my $cp_result = do {
    my $left_result_4 = do {
    local $CHILD_ERROR = 0;
    my $eval_result = eval {
    my $err;
if (-e 'test_file.txt') {
    my $dest = 'test_file_copy.txt';
    if (-d $dest) {
        $dest = "$dest/'test_file.txt'";
    }
    if (copy('test_file.txt', $dest)) {
        # print "cp: copied 'test_file.txt' to $dest\n";
    } else {
        croak "cp: cannot copy 'test_file.txt' to $dest: $ERRNO\n";
    }
} else {
    croak "cp: 'test_file.txt': No such file or directory\n";
};
            local $CHILD_ERROR = 0;
            1;
    };
    if (!$eval_result) {
        local $CHILD_ERROR = 256;
    };
    q{};
};
    if ($CHILD_ERROR == 0) {
        my $right_result_4 = ("Copy successful");
        $left_result_4 . $right_result_4;
    } else {
        q{};
    }
};
do {
    my $output = "Copy result: $cp_result";
    print $output;
    if ( !( $output =~ m{\n$}msx ) ) {
        print "\n";
    }
};
open STDERR, '>', '/dev/null' or croak "Cannot open file: $OS_ERROR\n";
my @ls_files_5 = ();
if ( -f 'test_file.txt' ) {
    push @ls_files_5, 'test_file.txt';
}
elsif ( -d 'test_file.txt' ) {
    if (opendir my $dh, 'test_file.txt') {
        while ( my $file = readdir $dh ) {
            next if $file eq q{.} || $file eq q{..} || $file =~ /^[.]/msx;
            next if $file =~ /^__tmp_.*[.]pl$/msx;
            next if $file =~ /^(debug_|temp_|test_|file\d*[.]txt)$/msx;
            push @ls_files_5, $file;
        }
        closedir $dh;
    }
}
if ( -f 'test_file_copy.txt' ) {
    push @ls_files_5, 'test_file_copy.txt';
}
elsif ( -d 'test_file_copy.txt' ) {
    if (opendir my $dh, 'test_file_copy.txt') {
        while ( my $file = readdir $dh ) {
            next if $file eq q{.} || $file eq q{..} || $file =~ /^[.]/msx;
            next if $file =~ /^__tmp_.*[.]pl$/msx;
            next if $file =~ /^(debug_|temp_|test_|file\d*[.]txt)$/msx;
            push @ls_files_5, $file;
        }
        closedir $dh;
    }
}
if ( -f 'test_file_moved.txt' ) {
    push @ls_files_5, 'test_file_moved.txt';
}
elsif ( -d 'test_file_moved.txt' ) {
    if (opendir my $dh, 'test_file_moved.txt') {
        while ( my $file = readdir $dh ) {
            next if $file eq q{.} || $file eq q{..} || $file =~ /^[.]/msx;
            next if $file =~ /^__tmp_.*[.]pl$/msx;
            next if $file =~ /^(debug_|temp_|test_|file\d*[.]txt)$/msx;
            push @ls_files_5, $file;
        }
        closedir $dh;
    }
}
if (@ls_files_5) {
    print join "\n", @ls_files_5;
    print "\n";
    my $expected_count = 3;
    if (@ls_files_5 == $expected_count) {
        local $CHILD_ERROR = 0;
        $ls_success = 1;
    } else {
        local $CHILD_ERROR = 2;
        $ls_success = 0;
    }
} else {
    local $CHILD_ERROR = 1;
    $ls_success = 0;
}
if (!defined $ls_success || $ls_success == 0) {
        print "No test files found\n";
}
print "\n";
print "=== mv command ===\n";
my $mv_result = do {
    my $left_result_6 = do {
    local $CHILD_ERROR = 0;
    my $eval_result = eval {
    my $force = 0;
if (-e 'test_file_copy.txt') {
    my $dest = 'test_file_moved.txt';
    if (-e $dest && -d $dest) {
        $dest = "$dest/'test_file_copy.txt'";
    }
    if (-e $dest && !$force) {
        croak "mv: $dest: File exists (use -f to force overwrite)\n";
    }
    my $dest_dir = $dest;
    $dest_dir =~ s/\/[^\/]*$//msx;
    if ($dest_dir eq $dest) {
        $dest_dir = q{};
    }
    if ($dest_dir ne q{} && !-d $dest_dir) {
        my $err;
        make_path($dest_dir, {error => \$err});
        if (@{$err}) {
            croak "mv: cannot create directory $dest_dir: $err->[0]\n";
        }
    }
    if (move('test_file_copy.txt', $dest)) {
        # print "mv: moved 'test_file_copy.txt' to $dest\n";
    } else {
        croak "mv: cannot move 'test_file_copy.txt' to $dest: $ERRNO\n";
    }
} else {
    croak "mv: 'test_file_copy.txt': No such file or directory\n";
};
            local $CHILD_ERROR = 0;
            1;
    };
    if (!$eval_result) {
        local $CHILD_ERROR = 256;
    };
    q{};
};
    if ($CHILD_ERROR == 0) {
        my $right_result_6 = ("Move successful");
        $left_result_6 . $right_result_6;
    } else {
        q{};
    }
};
do {
    my $output = "Move result: $mv_result";
    print $output;
    if ( !( $output =~ m{\n$}msx ) ) {
        print "\n";
    }
};
open STDERR, '>', '/dev/null' or croak "Cannot open file: $OS_ERROR\n";
my @ls_files_7 = ();
if ( -f 'test_file.txt' ) {
    push @ls_files_7, 'test_file.txt';
}
elsif ( -d 'test_file.txt' ) {
    if (opendir my $dh, 'test_file.txt') {
        while ( my $file = readdir $dh ) {
            next if $file eq q{.} || $file eq q{..} || $file =~ /^[.]/msx;
            next if $file =~ /^__tmp_.*[.]pl$/msx;
            next if $file =~ /^(debug_|temp_|test_|file\d*[.]txt)$/msx;
            push @ls_files_7, $file;
        }
        closedir $dh;
    }
}
if ( -f 'test_file_copy.txt' ) {
    push @ls_files_7, 'test_file_copy.txt';
}
elsif ( -d 'test_file_copy.txt' ) {
    if (opendir my $dh, 'test_file_copy.txt') {
        while ( my $file = readdir $dh ) {
            next if $file eq q{.} || $file eq q{..} || $file =~ /^[.]/msx;
            next if $file =~ /^__tmp_.*[.]pl$/msx;
            next if $file =~ /^(debug_|temp_|test_|file\d*[.]txt)$/msx;
            push @ls_files_7, $file;
        }
        closedir $dh;
    }
}
if ( -f 'test_file_moved.txt' ) {
    push @ls_files_7, 'test_file_moved.txt';
}
elsif ( -d 'test_file_moved.txt' ) {
    if (opendir my $dh, 'test_file_moved.txt') {
        while ( my $file = readdir $dh ) {
            next if $file eq q{.} || $file eq q{..} || $file =~ /^[.]/msx;
            next if $file =~ /^__tmp_.*[.]pl$/msx;
            next if $file =~ /^(debug_|temp_|test_|file\d*[.]txt)$/msx;
            push @ls_files_7, $file;
        }
        closedir $dh;
    }
}
if (@ls_files_7) {
    print join "\n", @ls_files_7;
    print "\n";
    my $expected_count = 3;
    if (@ls_files_7 == $expected_count) {
        local $CHILD_ERROR = 0;
        $ls_success = 1;
    } else {
        local $CHILD_ERROR = 2;
        $ls_success = 0;
    }
} else {
    local $CHILD_ERROR = 1;
    $ls_success = 0;
}
if (!defined $ls_success || $ls_success == 0) {
        print "No test files found\n";
}
print "\n";
print "=== rm command ===\n";
my $rm_result = do {
    my $left_result_8 = do {
    local $CHILD_ERROR = 0;
    my $eval_result = eval {
    if ( -e "test_file.txt" ) {
    if ( -d "test_file.txt" ) {
        croak "rm: ", "test_file.txt",
          " is a directory (use -r to remove recursively)\n";
    }
    else {
        if ( unlink "test_file.txt" ) {
            $main_exit_code = 0;
        }
        else {
            croak "rm: cannot remove ", "test_file.txt",
              ": $OS_ERROR\n";
        }
    }
}
else {
    local $CHILD_ERROR = 1;
    croak "rm: ", "test_file.txt", ": No such file or directory\n";
}
if ( -e "test_file_moved.txt" ) {
    if ( -d "test_file_moved.txt" ) {
        croak "rm: ", "test_file_moved.txt",
          " is a directory (use -r to remove recursively)\n";
    }
    else {
        if ( unlink "test_file_moved.txt" ) {
            $main_exit_code = 0;
        }
        else {
            croak "rm: cannot remove ", "test_file_moved.txt",
              ": $OS_ERROR\n";
        }
    }
}
else {
    local $CHILD_ERROR = 1;
    croak "rm: ", "test_file_moved.txt", ": No such file or directory\n";
};
            local $CHILD_ERROR = 0;
            1;
    };
    if (!$eval_result) {
        local $CHILD_ERROR = 256;
    };
    q{};
};
    if ($CHILD_ERROR == 0) {
        my $right_result_8 = ("Remove successful");
        $left_result_8 . $right_result_8;
    } else {
        q{};
    }
};
do {
    my $output = "Remove result: $rm_result";
    print $output;
    if ( !( $output =~ m{\n$}msx ) ) {
        print "\n";
    }
};
open STDERR, '>', '/dev/null' or croak "Cannot open file: $OS_ERROR\n";
my @ls_files_9 = ();
if ( -f 'test_file.txt' ) {
    push @ls_files_9, 'test_file.txt';
}
elsif ( -d 'test_file.txt' ) {
    if (opendir my $dh, 'test_file.txt') {
        while ( my $file = readdir $dh ) {
            next if $file eq q{.} || $file eq q{..} || $file =~ /^[.]/msx;
            next if $file =~ /^__tmp_.*[.]pl$/msx;
            next if $file =~ /^(debug_|temp_|test_|file\d*[.]txt)$/msx;
            push @ls_files_9, $file;
        }
        closedir $dh;
    }
}
if ( -f 'test_file_copy.txt' ) {
    push @ls_files_9, 'test_file_copy.txt';
}
elsif ( -d 'test_file_copy.txt' ) {
    if (opendir my $dh, 'test_file_copy.txt') {
        while ( my $file = readdir $dh ) {
            next if $file eq q{.} || $file eq q{..} || $file =~ /^[.]/msx;
            next if $file =~ /^__tmp_.*[.]pl$/msx;
            next if $file =~ /^(debug_|temp_|test_|file\d*[.]txt)$/msx;
            push @ls_files_9, $file;
        }
        closedir $dh;
    }
}
if ( -f 'test_file_moved.txt' ) {
    push @ls_files_9, 'test_file_moved.txt';
}
elsif ( -d 'test_file_moved.txt' ) {
    if (opendir my $dh, 'test_file_moved.txt') {
        while ( my $file = readdir $dh ) {
            next if $file eq q{.} || $file eq q{..} || $file =~ /^[.]/msx;
            next if $file =~ /^__tmp_.*[.]pl$/msx;
            next if $file =~ /^(debug_|temp_|test_|file\d*[.]txt)$/msx;
            push @ls_files_9, $file;
        }
        closedir $dh;
    }
}
if (@ls_files_9) {
    print join "\n", @ls_files_9;
    print "\n";
    my $expected_count = 3;
    if (@ls_files_9 == $expected_count) {
        local $CHILD_ERROR = 0;
        $ls_success = 1;
    } else {
        local $CHILD_ERROR = 2;
        $ls_success = 0;
    }
} else {
    local $CHILD_ERROR = 1;
    $ls_success = 0;
}
if (!defined $ls_success || $ls_success == 0) {
        print "No test files found\n";
}
print "\n";
print "=== mkdir command ===\n";
my $mkdir_result = do {
    my $left_result_10 = do {
    use File::Path  qw(make_path);
    if (!-d 'test_dir') {
    if (mkdir 'test_dir') {
    # print "mkdir: created directory 'test_dir'\n";
    } else {
    croak "mkdir: cannot create directory 'test_dir': $ERRNO\n";
    }
    } else {
    print {\*STDERR} "mkdir: cannot create directory 'test_dir': File exists\n";
    local $CHILD_ERROR = 256;
    };
    q{};
};
    if ($CHILD_ERROR == 0) {
        my $right_result_10 = ("Directory created");
        $left_result_10 . $right_result_10;
    } else {
        q{};
    }
};
do {
    my $output = "Mkdir result: $mkdir_result";
    print $output;
    if ( !( $output =~ m{\n$}msx ) ) {
        print "\n";
    }
};
if (-e "test_dir/file") {
my $current_time = time;
utime $current_time, $current_time, "test_dir/file";
} else {
if (open my $fh, '>', "test_dir/file") {
close $fh or croak "Close failed: $ERRNO";
} else {
croak "touch: cannot create ", "test_dir/file", ": $ERRNO\n";
}
}
open STDERR, '>', '/dev/null' or croak "Cannot open file: $OS_ERROR\n";
my @ls_files_12 = ();
if ( -f 'test_dir' ) {
    push @ls_files_12, 'test_dir';
}
elsif ( -d 'test_dir' ) {
    if (opendir my $dh, 'test_dir') {
        while ( my $file = readdir $dh ) {
            next if $file eq q{.} || $file eq q{..} || $file =~ /^[.]/msx;
            next if $file =~ /^__tmp_.*[.]pl$/msx;
            next if $file =~ /^(debug_|temp_|test_|file\d*[.]txt)$/msx;
            push @ls_files_12, $file;
        }
        closedir $dh;
    }
}
if (@ls_files_12) {
    print join "\n", @ls_files_12;
    print "\n";
    my $expected_count = 1;
    if (@ls_files_12 == $expected_count) {
        local $CHILD_ERROR = 0;
        $ls_success = 1;
    } else {
        local $CHILD_ERROR = 2;
        $ls_success = 0;
    }
} else {
    local $CHILD_ERROR = 1;
    $ls_success = 0;
}
if (!defined $ls_success || $ls_success == 0) {
        print "Directory not found\n";
}
if ( -e "test_dir/file" ) {
    if ( -d "test_dir/file" ) {
        croak "rm: ", "test_dir/file",
          " is a directory (use -r to remove recursively)\n";
    }
    else {
        if ( unlink "test_dir/file" ) {
            $main_exit_code = 0;
        }
        else {
            croak "rm: cannot remove ", "test_dir/file",
              ": $OS_ERROR\n";
        }
    }
}
else {
    local $CHILD_ERROR = 1;
    croak "rm: ", "test_dir/file", ": No such file or directory\n";
}
if (-d 'test_dir') {
if (rmdir 'test_dir') {
} else {
croak "rmdir: cannot remove directory 'test_dir': $ERRNO\n";
}
} else {
croak "rmdir: 'test_dir': No such file or directory\n";
}
print "\n";
print "=== touch command ===\n";
my $touch_result = do {
    my $left_result_13 = do {
    local $CHILD_ERROR = 0;
    my $eval_result = eval {
    if (-e "test_file.txt") {
my $current_time = time;
utime $current_time, $current_time, "test_file.txt";
} else {
if (open my $fh, '>', "test_file.txt") {
close $fh or croak "Close failed: $ERRNO";
} else {
croak "touch: cannot create ", "test_file.txt", ": $ERRNO\n";
}
};
            local $CHILD_ERROR = 0;
            1;
    };
    if (!$eval_result) {
        local $CHILD_ERROR = 256;
    };
    q{};
};
    if ($CHILD_ERROR == 0) {
        my $right_result_13 = ("File touched");
        $left_result_13 . $right_result_13;
    } else {
        q{};
    }
};
do {
    my $output = "Touch result: $touch_result";
    print $output;
    if ( !( $output =~ m{\n$}msx ) ) {
        print "\n";
    }
};
print "\n";
if ( -e "test_file.txt" ) {
    if ( -d "test_file.txt" ) {
        carp "rm: carping: ", "test_file.txt",
          " is a directory (use -r to remove recursively)\n";
    }
    else {
        if ( unlink "test_file.txt" ) {
            $main_exit_code = 0;
        }
        else {
            carp "rm: carping: could not remove ", "test_file.txt",
              ": $OS_ERROR\n";
        }
    }
}
else {
    local $CHILD_ERROR = 0;
    carp "rm: carping: ", "test_file.txt", ": No such file or directory\n";
}
if ( -e "test_file_copy.txt" ) {
    if ( -d "test_file_copy.txt" ) {
        carp "rm: carping: ", "test_file_copy.txt",
          " is a directory (use -r to remove recursively)\n";
    }
    else {
        if ( unlink "test_file_copy.txt" ) {
            $main_exit_code = 0;
        }
        else {
            carp "rm: carping: could not remove ", "test_file_copy.txt",
              ": $OS_ERROR\n";
        }
    }
}
else {
    local $CHILD_ERROR = 0;
    carp "rm: carping: ", "test_file_copy.txt", ": No such file or directory\n";
}
if ( -e "test_file_moved.txt" ) {
    if ( -d "test_file_moved.txt" ) {
        carp "rm: carping: ", "test_file_moved.txt",
          " is a directory (use -r to remove recursively)\n";
    }
    else {
        if ( unlink "test_file_moved.txt" ) {
            $main_exit_code = 0;
        }
        else {
            carp "rm: carping: could not remove ", "test_file_moved.txt",
              ": $OS_ERROR\n";
        }
    }
}
else {
    local $CHILD_ERROR = 0;
    carp "rm: carping: ", "test_file_moved.txt", ": No such file or directory\n";
}
open STDERR, '>', '/dev/null' or croak "Cannot open file: $OS_ERROR\n";
if ( -e "test_dir" ) {
    if ( -d "test_dir" ) {
        my $err;
        remove_tree("test_dir", {error => \$err});
        if (@{$err}) {
            carp "rm: carping: could not remove ", "test_dir", ": $err->[0]\n";
        }
        else {
            $main_exit_code = 0;
        }
    }
    else {
        if ( unlink "test_dir" ) {
            $main_exit_code = 0;
        }
        else {
            carp "rm: carping: could not remove ", "test_dir",
              ": $OS_ERROR\n";
        }
    }
}
else {
    local $CHILD_ERROR = 0;
    carp "rm: carping: ", "test_dir", ": No such file or directory\n";
}
if ($CHILD_ERROR != 0) {
    1;
}

exit $main_exit_code;

```

perlcritic_wrapper: Started, parse args took 5.2e-05s
perlcritic_wrapper: File read took 0.002184s
perlcritic_wrapper: SHA1 hash took 0.000216s
perlcritic_wrapper: Cache hit, read took 0.001641s

FAILED: Code is not tidy


================================================================================
ABSTRACT SYNTAX TREE:
================================================================================
[Simple(SimpleCommand { name: Literal("echo", None), args: [StringInterpolation(StringInterpolation { parts: [Literal("=== File Manipulation Commands ===")] }, None)], redirects: [], env_vars: {}, stdout_used: true, stderr_used: true }), Simple(SimpleCommand { name: Literal("echo", None), args: [StringInterpolation(StringInterpolation { parts: [Literal("=== cp command ===")] }, None)], redirects: [], env_vars: {}, stdout_used: true, stderr_used: true }), Simple(SimpleCommand { name: Literal("echo", None), args: [], redirects: [], env_vars: {}, stdout_used: true, stderr_used: true }), Redirect(RedirectCommand { command: Simple(SimpleCommand { name: Literal("echo", None), args: [StringInterpolation(StringInterpolation { parts: [Literal("test content")] }, None)], redirects: [], env_vars: {}, stdout_used: true, stderr_used: true }), redirects: [Redirect { fd: None, operator: Output, target: Literal("test_file.txt", None), heredoc_body: None }] }), Simple(SimpleCommand { name: Literal("echo", None), args: [StringInterpolation(StringInterpolation { parts: [Literal("Copy result: "), Variable("cp_result")] }, None)], redirects: [], env_vars: {"cp_result": CommandSubstitution(And(Simple(SimpleCommand { name: Literal("cp", None), args: [Literal("test_file.txt", None), Literal("test_file_copy.txt", None)], redirects: [], env_vars: {}, stdout_used: true, stderr_used: true }), Simple(SimpleCommand { name: Literal("echo", None), args: [StringInterpolation(StringInterpolation { parts: [Literal("Copy successful")] }, None)], redirects: [], env_vars: {}, stdout_used: true, stderr_used: true })), None)}, stdout_used: true, stderr_used: true }), Or(Redirect(RedirectCommand { command: Simple(SimpleCommand { name: Literal("ls", None), args: [Literal("test_file.txt", None), Literal("test_file_copy.txt", None), Literal("test_file_moved.txt", None)], redirects: [], env_vars: {}, stdout_used: true, stderr_used: true }), redirects: [Redirect { fd: Some(2), operator: StderrOutput, target: Literal("/dev/null", None), heredoc_body: None }] }), Simple(SimpleCommand { name: Literal("echo", None), args: [StringInterpolation(StringInterpolation { parts: [Literal("No test files found")] }, None)], redirects: [], env_vars: {}, stdout_used: true, stderr_used: true })), Simple(SimpleCommand { name: Literal("echo", None), args: [], redirects: [], env_vars: {}, stdout_used: true, stderr_used: true }), Simple(SimpleCommand { name: Literal("echo", None), args: [StringInterpolation(StringInterpolation { parts: [Literal("=== mv command ===")] }, None)], redirects: [], env_vars: {}, stdout_used: true, stderr_used: true }), Simple(SimpleCommand { name: Literal("echo", None), args: [StringInterpolation(StringInterpolation { parts: [Literal("Move result: "), Variable("mv_result")] }, None)], redirects: [], env_vars: {"mv_result": CommandSubstitution(And(Simple(SimpleCommand { name: Literal("mv", None), args: [Literal("test_file_copy.txt", None), Literal("test_file_moved.txt", None)], redirects: [], env_vars: {}, stdout_used: true, stderr_used: true }), Simple(SimpleCommand { name: Literal("echo", None), args: [StringInterpolation(StringInterpolation { parts: [Literal("Move successful")] }, None)], redirects: [], env_vars: {}, stdout_used: true, stderr_used: true })), None)}, stdout_used: true, stderr_used: true }), Or(Redirect(RedirectCommand { command: Simple(SimpleCommand { name: Literal("ls", None), args: [Literal("test_file.txt", None), Literal("test_file_copy.txt", None), Literal("test_file_moved.txt", None)], redirects: [], env_vars: {}, stdout_used: true, stderr_used: true }), redirects: [Redirect { fd: Some(2), operator: StderrOutput, target: Literal("/dev/null", None), heredoc_body: None }] }), Simple(SimpleCommand { name: Literal("echo", None), args: [StringInterpolation(StringInterpolation { parts: [Literal("No test files found")] }, None)], redirects: [], env_vars: {}, stdout_used: true, stderr_used: true })), Simple(SimpleCommand { name: Literal("echo", None), args: [], redirects: [], env_vars: {}, stdout_used: true, stderr_used: true }), Simple(SimpleCommand { name: Literal("echo", None), args: [StringInterpolation(StringInterpolation { parts: [Literal("=== rm command ===")] }, None)], redirects: [], env_vars: {}, stdout_used: true, stderr_used: true }), Simple(SimpleCommand { name: Literal("echo", None), args: [StringInterpolation(StringInterpolation { parts: [Literal("Remove result: "), Variable("rm_result")] }, None)], redirects: [], env_vars: {"rm_result": CommandSubstitution(And(Simple(SimpleCommand { name: Literal("rm", None), args: [Literal("test_file.txt", None), Literal("test_file_moved.txt", None)], redirects: [], env_vars: {}, stdout_used: true, stderr_used: true }), Simple(SimpleCommand { name: Literal("echo", None), args: [StringInterpolation(StringInterpolation { parts: [Literal("Remove successful")] }, None)], redirects: [], env_vars: {}, stdout_used: true, stderr_used: true })), None)}, stdout_used: true, stderr_used: true }), Or(Redirect(RedirectCommand { command: Simple(SimpleCommand { name: Literal("ls", None), args: [Literal("test_file.txt", None), Literal("test_file_copy.txt", None), Literal("test_file_moved.txt", None)], redirects: [], env_vars: {}, stdout_used: true, stderr_used: true }), redirects: [Redirect { fd: Some(2), operator: StderrOutput, target: Literal("/dev/null", None), heredoc_body: None }] }), Simple(SimpleCommand { name: Literal("echo", None), args: [StringInterpolation(StringInterpolation { parts: [Literal("No test files found")] }, None)], redirects: [], env_vars: {}, stdout_used: true, stderr_used: true })), Simple(SimpleCommand { name: Literal("echo", None), args: [], redirects: [], env_vars: {}, stdout_used: true, stderr_used: true }), Simple(SimpleCommand { name: Literal("echo", None), args: [StringInterpolation(StringInterpolation { parts: [Literal("=== mkdir command ===")] }, None)], redirects: [], env_vars: {}, stdout_used: true, stderr_used: true }), Simple(SimpleCommand { name: Literal("echo", None), args: [StringInterpolation(StringInterpolation { parts: [Literal("Mkdir result: "), Variable("mkdir_result")] }, None)], redirects: [], env_vars: {"mkdir_result": CommandSubstitution(And(Simple(SimpleCommand { name: Literal("mkdir", None), args: [Literal("test_dir", None)], redirects: [], env_vars: {}, stdout_used: true, stderr_used: true }), Simple(SimpleCommand { name: Literal("echo", None), args: [StringInterpolation(StringInterpolation { parts: [Literal("Directory created")] }, None)], redirects: [], env_vars: {}, stdout_used: true, stderr_used: true })), None)}, stdout_used: true, stderr_used: true }), Simple(SimpleCommand { name: Literal("touch", None), args: [Literal("test_dir/file", None)], redirects: [], env_vars: {}, stdout_used: true, stderr_used: true }), Or(Redirect(RedirectCommand { command: Simple(SimpleCommand { name: Literal("ls", None), args: [Literal("test_dir", None)], redirects: [], env_vars: {}, stdout_used: true, stderr_used: true }), redirects: [Redirect { fd: Some(2), operator: StderrOutput, target: Literal("/dev/null", None), heredoc_body: None }] }), Simple(SimpleCommand { name: Literal("echo", None), args: [StringInterpolation(StringInterpolation { parts: [Literal("Directory not found")] }, None)], redirects: [], env_vars: {}, stdout_used: true, stderr_used: true })), Simple(SimpleCommand { name: Literal("rm", None), args: [Literal("test_dir/file", None)], redirects: [], env_vars: {}, stdout_used: true, stderr_used: true }), Simple(SimpleCommand { name: Literal("rmdir", None), args: [Literal("test_dir", None)], redirects: [], env_vars: {}, stdout_used: true, stderr_used: true }), Simple(SimpleCommand { name: Literal("echo", None), args: [], redirects: [], env_vars: {}, stdout_used: true, stderr_used: true }), Simple(SimpleCommand { name: Literal("echo", None), args: [StringInterpolation(StringInterpolation { parts: [Literal("=== touch command ===")] }, None)], redirects: [], env_vars: {}, stdout_used: true, stderr_used: true }), Simple(SimpleCommand { name: Literal("echo", None), args: [StringInterpolation(StringInterpolation { parts: [Literal("Touch result: "), Variable("touch_result")] }, None)], redirects: [], env_vars: {"touch_result": CommandSubstitution(And(Simple(SimpleCommand { name: Literal("touch", None), args: [Literal("test_file.txt", None)], redirects: [], env_vars: {}, stdout_used: true, stderr_used: true }), Simple(SimpleCommand { name: Literal("echo", None), args: [StringInterpolation(StringInterpolation { parts: [Literal("File touched")] }, None)], redirects: [], env_vars: {}, stdout_used: true, stderr_used: true })), None)}, stdout_used: true, stderr_used: true }), Simple(SimpleCommand { name: Literal("echo", None), args: [], redirects: [], env_vars: {}, stdout_used: true, stderr_used: true }), Simple(SimpleCommand { name: Literal("rm", None), args: [Literal("-f", None), Literal("test_file.txt", None), Literal("test_file_copy.txt", None), Literal("test_file_moved.txt", None)], redirects: [], env_vars: {}, stdout_used: true, stderr_used: true }), Or(Redirect(RedirectCommand { command: Simple(SimpleCommand { name: Literal("rm", None), args: [Literal("-r", None), Literal("f", None), Literal("test_dir", None)], redirects: [], env_vars: {}, stdout_used: true, stderr_used: true }), redirects: [Redirect { fd: Some(2), operator: StderrOutput, target: Literal("/dev/null", None), heredoc_body: None }] }), Simple(SimpleCommand { name: Literal("true", None), args: [], redirects: [], env_vars: {}, stdout_used: true, stderr_used: true }))]

================================================================================
STDOUT COMPARISON (DIFF):
================================================================================
--- shell_stdout
+++ perl_stdout
-=== File Manipulation Commands ===
-=== cp command ===
-
-Copy result: Copy successful
-test_file.txt
-test_file_copy.txt
-No test files found
-
-=== mv command ===
-Move result: Move successful
-test_file.txt
-test_file_moved.txt
-No test files found
-
-=== rm command ===
-Remove result: Remove successful
-No test files found
-
-=== mkdir command ===
-Mkdir result: Directory created
-file
-
-=== touch command ===
-Touch result: File touched


================================================================================
STDERR COMPARISON:
================================================================================
STDERR values are identical:
Shell stderr: ''
Perl stderr: ''

================================================================================
SUMMARY: 2 out of 146 tests passed before first failure
================================================================================

BRIEF FAILURE SUMMARY:
Perl::Critic violations found:
Generated Perl code:
```perl
#!/usr/bin/env perl
use strict;
use warnings;
use Carp;
use English qw(-no_match_vars);
use locale;
use IPC::Open3;
use File::Path  qw(make_path remove_tree);
use File::Copy qw(copy move);
use POSIX qw(time);

my $main_exit_code = 0;
my $ls_success     = 0;
our $CHILD_ERROR;

print "=== File Manipulation Commands ===\n";
print "=== cp command ===\n";
print "\n";
{
    open my $original_stdout, '>&', STDOUT
      or croak "Cannot save STDOUT: $ERRNO";
    open STDOUT, '>', 'test_file.txt'
      or croak "Cannot open file: $ERRNO";
    print "test content\n";
    open STDOUT, '>&', $original_stdout
      or croak "Cannot restore STDOUT: $ERRNO";
    close $original_stdout
      or croak "Close failed: $ERRNO";
}
my $cp_result = do {
    my $left_result_4 = do {
    local $CHILD_ERROR = 0;
    my $eval_result = eval {
    my $err;
if (-e 'test_file.txt') {
    my $dest = 'test_file_copy.txt';
    if (-d $dest) {
        $dest = "$dest/'test_file.txt'";
    }
    if (copy('test_file.txt', $dest)) {
        # print "cp: copied 'test_file.txt' to $dest\n";
    } else {
        croak "cp: cannot copy 'test_file.txt' to $dest: $ERRNO\n";
    }
} else {
    croak "cp: 'test_file.txt': No such file or directory\n";
};
            local $CHILD_ERROR = 0;
            1;
    };
    if (!$eval_result) {
        local $CHILD_ERROR = 256;
    };
    q{};
};
    if ($CHILD_ERROR == 0) {
        my $right_result_4 = ("Copy successful");
        $left_result_4 . $right_result_4;
    } else {
        q{};
    }
};
do {
    my $output = "Copy result: $cp_result";
    print $output;
    if ( !( $output =~ m{\n$}msx ) ) {
        print "\n";
    }
};
open STDERR, '>', '/dev/null' or croak "Cannot open file: $OS_ERROR\n";
my @ls_files_5 = ();
if ( -f 'test_file.txt' ) {
    push @ls_files_5, 'test_file.txt';
}
elsif ( -d 'test_file.txt' ) {
    if (opendir my $dh, 'test_file.txt') {
        while ( my $file = readdir $dh ) {
            next if $file eq q{.} || $file eq q{..} || $file =~ /^[.]/msx;
            next if $file =~ /^__tmp_.*[.]pl$/msx;
            next if $file =~ /^(debug_|temp_|test_|file\d*[.]txt)$/msx;
            push @ls_files_5, $file;
        }
        closedir $dh;
    }
}
if ( -f 'test_file_copy.txt' ) {
    push @ls_files_5, 'test_file_copy.txt';
}
elsif ( -d 'test_file_copy.txt' ) {
    if (opendir my $dh, 'test_file_copy.txt') {
        while ( my $file = readdir $dh ) {
            next if $file eq q{.} || $file eq q{..} || $file =~ /^[.]/msx;
            next if $file =~ /^__tmp_.*[.]pl$/msx;
            next if $file =~ /^(debug_|temp_|test_|file\d*[.]txt)$/msx;
            push @ls_files_5, $file;
        }
        closedir $dh;
    }
}
if ( -f 'test_file_moved.txt' ) {
    push @ls_files_5, 'test_file_moved.txt';
}
elsif ( -d 'test_file_moved.txt' ) {
    if (opendir my $dh, 'test_file_moved.txt') {
        while ( my $file = readdir $dh ) {
            next if $file eq q{.} || $file eq q{..} || $file =~ /^[.]/msx;
            next if $file =~ /^__tmp_.*[.]pl$/msx;
            next if $file =~ /^(debug_|temp_|test_|file\d*[.]txt)$/msx;
            push @ls_files_5, $file;
        }
        closedir $dh;
    }
}
if (@ls_files_5) {
    print join "\n", @ls_files_5;
    print "\n";
    my $expected_count = 3;
    if (@ls_files_5 == $expected_count) {
        local $CHILD_ERROR = 0;
        $ls_success = 1;
    } else {
        local $CHILD_ERROR = 2;
        $ls_success = 0;
    }
} else {
    local $CHILD_ERROR = 1;
    $ls_success = 0;
}
if (!defined $ls_success || $ls_success == 0) {
        print "No test files found\n";
}
print "\n";
print "=== mv command ===\n";
my $mv_result = do {
    my $left_result_6 = do {
    local $CHILD_ERROR = 0;
    my $eval_result = eval {
    my $force = 0;
if (-e 'test_file_copy.txt') {
    my $dest = 'test_file_moved.txt';
    if (-e $dest && -d $dest) {
        $dest = "$dest/'test_file_copy.txt'";
    }
    if (-e $dest && !$force) {
        croak "mv: $dest: File exists (use -f to force overwrite)\n";
    }
    my $dest_dir = $dest;
    $dest_dir =~ s/\/[^\/]*$//msx;
    if ($dest_dir eq $dest) {
        $dest_dir = q{};
    }
    if ($dest_dir ne q{} && !-d $dest_dir) {
        my $err;
        make_path($dest_dir, {error => \$err});
        if (@{$err}) {
            croak "mv: cannot create directory $dest_dir: $err->[0]\n";
        }
    }
    if (move('test_file_copy.txt', $dest)) {
        # print "mv: moved 'test_file_copy.txt' to $dest\n";
    } else {
        croak "mv: cannot move 'test_file_copy.txt' to $dest: $ERRNO\n";
    }
} else {
    croak "mv: 'test_file_copy.txt': No such file or directory\n";
};
            local $CHILD_ERROR = 0;
            1;
    };
    if (!$eval_result) {
        local $CHILD_ERROR = 256;
    };
    q{};
};
    if ($CHILD_ERROR == 0) {
        my $right_result_6 = ("Move successful");
        $left_result_6 . $right_result_6;
    } else {
        q{};
    }
};
do {
    my $output = "Move result: $mv_result";
    print $output;
    if ( !( $output =~ m{\n$}msx ) ) {
        print "\n";
    }
};
open STDERR, '>', '/dev/null' or croak "Cannot open file: $OS_ERROR\n";
my @ls_files_7 = ();
if ( -f 'test_file.txt' ) {
    push @ls_files_7, 'test_file.txt';
}
elsif ( -d 'test_file.txt' ) {
    if (opendir my $dh, 'test_file.txt') {
        while ( my $file = readdir $dh ) {
            next if $file eq q{.} || $file eq q{..} || $file =~ /^[.]/msx;
            next if $file =~ /^__tmp_.*[.]pl$/msx;
            next if $file =~ /^(debug_|temp_|test_|file\d*[.]txt)$/msx;
            push @ls_files_7, $file;
        }
        closedir $dh;
    }
}
if ( -f 'test_file_copy.txt' ) {
    push @ls_files_7, 'test_file_copy.txt';
}
elsif ( -d 'test_file_copy.txt' ) {
    if (opendir my $dh, 'test_file_copy.txt') {
        while ( my $file = readdir $dh ) {
            next if $file eq q{.} || $file eq q{..} || $file =~ /^[.]/msx;
            next if $file =~ /^__tmp_.*[.]pl$/msx;
            next if $file =~ /^(debug_|temp_|test_|file\d*[.]txt)$/msx;
            push @ls_files_7, $file;
        }
        closedir $dh;
    }
}
if ( -f 'test_file_moved.txt' ) {
    push @ls_files_7, 'test_file_moved.txt';
}
elsif ( -d 'test_file_moved.txt' ) {
    if (opendir my $dh, 'test_file_moved.txt') {
        while ( my $file = readdir $dh ) {
            next if $file eq q{.} || $file eq q{..} || $file =~ /^[.]/msx;
            next if $file =~ /^__tmp_.*[.]pl$/msx;
            next if $file =~ /^(debug_|temp_|test_|file\d*[.]txt)$/msx;
            push @ls_files_7, $file;
        }
        closedir $dh;
    }
}
if (@ls_files_7) {
    print join "\n", @ls_files_7;
    print "\n";
    my $expected_count = 3;
    if (@ls_files_7 == $expected_count) {
        local $CHILD_ERROR = 0;
        $ls_success = 1;
    } else {
        local $CHILD_ERROR = 2;
        $ls_success = 0;
    }
} else {
    local $CHILD_ERROR = 1;
    $ls_success = 0;
}
if (!defined $ls_success || $ls_success == 0) {
        print "No test files found\n";
}
print "\n";
print "=== rm command ===\n";
my $rm_result = do {
    my $left_result_8 = do {
    local $CHILD_ERROR = 0;
    my $eval_result = eval {
    if ( -e "test_file.txt" ) {
    if ( -d "test_file.txt" ) {
        croak "rm: ", "test_file.txt",
          " is a directory (use -r to remove recursively)\n";
    }
    else {
        if ( unlink "test_file.txt" ) {
            $main_exit_code = 0;
        }
        else {
            croak "rm: cannot remove ", "test_file.txt",
              ": $OS_ERROR\n";
        }
    }
}
else {
    local $CHILD_ERROR = 1;
    croak "rm: ", "test_file.txt", ": No such file or directory\n";
}
if ( -e "test_file_moved.txt" ) {
    if ( -d "test_file_moved.txt" ) {
        croak "rm: ", "test_file_moved.txt",
          " is a directory (use -r to remove recursively)\n";
    }
    else {
        if ( unlink "test_file_moved.txt" ) {
            $main_exit_code = 0;
        }
        else {
            croak "rm: cannot remove ", "test_file_moved.txt",
              ": $OS_ERROR\n";
        }
    }
}
else {
    local $CHILD_ERROR = 1;
    croak "rm: ", "test_file_moved.txt", ": No such file or directory\n";
};
            local $CHILD_ERROR = 0;
            1;
    };
    if (!$eval_result) {
        local $CHILD_ERROR = 256;
    };
    q{};
};
    if ($CHILD_ERROR == 0) {
        my $right_result_8 = ("Remove successful");
        $left_result_8 . $right_result_8;
    } else {
        q{};
    }
};
do {
    my $output = "Remove result: $rm_result";
    print $output;
    if ( !( $output =~ m{\n$}msx ) ) {
        print "\n";
    }
};
open STDERR, '>', '/dev/null' or croak "Cannot open file: $OS_ERROR\n";
my @ls_files_9 = ();
if ( -f 'test_file.txt' ) {
    push @ls_files_9, 'test_file.txt';
}
elsif ( -d 'test_file.txt' ) {
    if (opendir my $dh, 'test_file.txt') {
        while ( my $file = readdir $dh ) {
            next if $file eq q{.} || $file eq q{..} || $file =~ /^[.]/msx;
            next if $file =~ /^__tmp_.*[.]pl$/msx;
            next if $file =~ /^(debug_|temp_|test_|file\d*[.]txt)$/msx;
            push @ls_files_9, $file;
        }
        closedir $dh;
    }
}
if ( -f 'test_file_copy.txt' ) {
    push @ls_files_9, 'test_file_copy.txt';
}
elsif ( -d 'test_file_copy.txt' ) {
    if (opendir my $dh, 'test_file_copy.txt') {
        while ( my $file = readdir $dh ) {
            next if $file eq q{.} || $file eq q{..} || $file =~ /^[.]/msx;
            next if $file =~ /^__tmp_.*[.]pl$/msx;
            next if $file =~ /^(debug_|temp_|test_|file\d*[.]txt)$/msx;
            push @ls_files_9, $file;
        }
        closedir $dh;
    }
}
if ( -f 'test_file_moved.txt' ) {
    push @ls_files_9, 'test_file_moved.txt';
}
elsif ( -d 'test_file_moved.txt' ) {
    if (opendir my $dh, 'test_file_moved.txt') {
        while ( my $file = readdir $dh ) {
            next if $file eq q{.} || $file eq q{..} || $file =~ /^[.]/msx;
            next if $file =~ /^__tmp_.*[.]pl$/msx;
            next if $file =~ /^(debug_|temp_|test_|file\d*[.]txt)$/msx;
            push @ls_files_9, $file;
        }
        closedir $dh;
    }
}
if (@ls_files_9) {
    print join "\n", @ls_files_9;
    print "\n";
    my $expected_count = 3;
    if (@ls_files_9 == $expected_count) {
        local $CHILD_ERROR = 0;
        $ls_success = 1;
    } else {
        local $CHILD_ERROR = 2;
        $ls_success = 0;
    }
} else {
    local $CHILD_ERROR = 1;
    $ls_success = 0;
}
if (!defined $ls_success || $ls_success == 0) {
        print "No test files found\n";
}
print "\n";
print "=== mkdir command ===\n";
my $mkdir_result = do {
    my $left_result_10 = do {
    use File::Path  qw(make_path);
    if (!-d 'test_dir') {
    if (mkdir 'test_dir') {
    # print "mkdir: created directory 'test_dir'\n";
    } else {
    croak "mkdir: cannot create directory 'test_dir': $ERRNO\n";
    }
    } else {
    print {\*STDERR} "mkdir: cannot create directory 'test_dir': File exists\n";
    local $CHILD_ERROR = 256;
    };
    q{};
};
    if ($CHILD_ERROR == 0) {
        my $right_result_10 = ("Directory created");
        $left_result_10 . $right_result_10;
    } else {
        q{};
    }
};
do {
    my $output = "Mkdir result: $mkdir_result";
    print $output;
    if ( !( $output =~ m{\n$}msx ) ) {
        print "\n";
    }
};
if (-e "test_dir/file") {
my $current_time = time;
utime $current_time, $current_time, "test_dir/file";
} else {
if (open my $fh, '>', "test_dir/file") {
close $fh or croak "Close failed: $ERRNO";
} else {
croak "touch: cannot create ", "test_dir/file", ": $ERRNO\n";
}
}
open STDERR, '>', '/dev/null' or croak "Cannot open file: $OS_ERROR\n";
my @ls_files_12 = ();
if ( -f 'test_dir' ) {
    push @ls_files_12, 'test_dir';
}
elsif ( -d 'test_dir' ) {
    if (opendir my $dh, 'test_dir') {
        while ( my $file = readdir $dh ) {
            next if $file eq q{.} || $file eq q{..} || $file =~ /^[.]/msx;
            next if $file =~ /^__tmp_.*[.]pl$/msx;
            next if $file =~ /^(debug_|temp_|test_|file\d*[.]txt)$/msx;
            push @ls_files_12, $file;
        }
        closedir $dh;
    }
}
if (@ls_files_12) {
    print join "\n", @ls_files_12;
    print "\n";
    my $expected_count = 1;
    if (@ls_files_12 == $expected_count) {
        local $CHILD_ERROR = 0;
        $ls_success = 1;
    } else {
        local $CHILD_ERROR = 2;
        $ls_success = 0;
    }
} else {
    local $CHILD_ERROR = 1;
    $ls_success = 0;
}
if (!defined $ls_success || $ls_success == 0) {
        print "Directory not found\n";
}
if ( -e "test_dir/file" ) {
    if ( -d "test_dir/file" ) {
        croak "rm: ", "test_dir/file",
          " is a directory (use -r to remove recursively)\n";
    }
    else {
        if ( unlink "test_dir/file" ) {
            $main_exit_code = 0;
        }
        else {
            croak "rm: cannot remove ", "test_dir/file",
              ": $OS_ERROR\n";
        }
    }
}
else {
    local $CHILD_ERROR = 1;
    croak "rm: ", "test_dir/file", ": No such file or directory\n";
}
if (-d 'test_dir') {
if (rmdir 'test_dir') {
} else {
croak "rmdir: cannot remove directory 'test_dir': $ERRNO\n";
}
} else {
croak "rmdir: 'test_dir': No such file or directory\n";
}
print "\n";
print "=== touch command ===\n";
my $touch_result = do {
    my $left_result_13 = do {
    local $CHILD_ERROR = 0;
    my $eval_result = eval {
    if (-e "test_file.txt") {
my $current_time = time;
utime $current_time, $current_time, "test_file.txt";
} else {
if (open my $fh, '>', "test_file.txt") {
close $fh or croak "Close failed: $ERRNO";
} else {
croak "touch: cannot create ", "test_file.txt", ": $ERRNO\n";
}
};
            local $CHILD_ERROR = 0;
            1;
    };
    if (!$eval_result) {
        local $CHILD_ERROR = 256;
    };
    q{};
};
    if ($CHILD_ERROR == 0) {
        my $right_result_13 = ("File touched");
        $left_result_13 . $right_result_13;
    } else {
        q{};
    }
};
do {
    my $output = "Touch result: $touch_result";
    print $output;
    if ( !( $output =~ m{\n$}msx ) ) {
        print "\n";
    }
};
print "\n";
if ( -e "test_file.txt" ) {
    if ( -d "test_file.txt" ) {
        carp "rm: carping: ", "test_file.txt",
          " is a directory (use -r to remove recursively)\n";
    }
    else {
        if ( unlink "test_file.txt" ) {
            $main_exit_code = 0;
        }
        else {
            carp "rm: carping: could not remove ", "test_file.txt",
              ": $OS_ERROR\n";
        }
    }
}
else {
    local $CHILD_ERROR = 0;
    carp "rm: carping: ", "test_file.txt", ": No such file or directory\n";
}
if ( -e "test_file_copy.txt" ) {
    if ( -d "test_file_copy.txt" ) {
        carp "rm: carping: ", "test_file_copy.txt",
          " is a directory (use -r to remove recursively)\n";
    }
    else {
        if ( unlink "test_file_copy.txt" ) {
            $main_exit_code = 0;
        }
        else {
            carp "rm: carping: could not remove ", "test_file_copy.txt",
              ": $OS_ERROR\n";
        }
    }
}
else {
    local $CHILD_ERROR = 0;
    carp "rm: carping: ", "test_file_copy.txt", ": No such file or directory\n";
}
if ( -e "test_file_moved.txt" ) {
    if ( -d "test_file_moved.txt" ) {
        carp "rm: carping: ", "test_file_moved.txt",
          " is a directory (use -r to remove recursively)\n";
    }
    else {
        if ( unlink "test_file_moved.txt" ) {
            $main_exit_code = 0;
        }
        else {
            carp "rm: carping: could not remove ", "test_file_moved.txt",
              ": $OS_ERROR\n";
        }
    }
}
else {
    local $CHILD_ERROR = 0;
    carp "rm: carping: ", "test_file_moved.txt", ": No such file or directory\n";
}
open STDERR, '>', '/dev/null' or croak "Cannot open file: $OS_ERROR\n";
if ( -e "test_dir" ) {
    if ( -d "test_dir" ) {
        my $err;
        remove_tree("test_dir", {error => \$err});
        if (@{$err}) {
            carp "rm: carping: could not remove ", "test_dir", ": $err->[0]\n";
        }
        else {
            $main_exit_code = 0;
        }
    }
    else {
        if ( unlink "test_dir" ) {
            $main_exit_code = 0;
        }
        else {
            carp "rm: carping: could not remove ", "test_dir",
              ": $OS_ERROR\n";
        }
    }
}
else {
    local $CHILD_ERROR = 0;
    carp "rm: carping: ", "test_dir", ": No such file or directory\n";
}
if ($CHILD_ERROR != 0) {
    1;
}

exit $main_exit_code;

```

perlcritic_wrapper: Started, parse args took 2.6e-05s
perlcritic_wrapper: File read took 0.00111s
perlcritic_wrapper: SHA1 hash took 0.000161s
perlcritic_wrapper: Cache hit, read took 0.001176s

FAILED: Code is not tidy

Writing test count 2 to first_n_tests_passed.txt
Current working directory: "D:\\GitHub\\sh2perl"
Successfully wrote test count 2 and matching stdout lines 0 to first_n_tests_passed.txt

To run test again: ./fail 000__03
Test run completed at Tue Nov  4 03:14:36 AWST 2025
