Starting test run at Mon Nov  3 12:36:08 AWST 2025
Logging to: logs/fail_run_20251103_123608.log
Test arguments: 000__02
----------------------------------------
Compiling debashc...
./fail: line 85: cargo: command not found
Running test_purify.pl validation...
./fail: line 92: C:\Strawberry\perl\bin\perl.exe: command not found
test_purify.pl passed, continuing with other commands...
Running debashc with fine-grained per-test timeouts...
Running: debashc test generation and execution
Command: ./target/debug/debashc.exe fail --perl-critic "000__02"
Timeout: Per-test timeouts (30s shell, 10s parse, 5s generate)
----------------------------------------
Running ALL 146 examples (limited to 50 tests to prevent timeout)

DEBUG: Looking for prefix '
000__02'
Found example matching prefix '000__02': 000__02_output_formatting_commands.sh
DEBUG: Starting test execution for 
Running only the specified example
examples\000__02_output_formatting_commands.sh with generator perl
==================================================
Test 2/146: 000__02_output_formatting_commands.sh with perl     DEBUG: Shell script execution completed, now starting Perl generation
DEBUG: Setting original script name to: 000__02_output_formatting_commands.sh
DEBUG: CommandSubstitution called with command: Simple(SimpleCommand { name: Literal("echo", None), args: [Literal("Hello from backticks", None)], redirects: [], env_vars: {}, stdout_used: true, stderr_used: true })
DEBUG: CommandSubstitution called with command: Simple(SimpleCommand { name: Literal("printf", None), args: [Literal("Number: %d, String: %s\\n", None), Literal("42", None), Literal("test", None)], redirects: [], env_vars: {}, stdout_used: true, stderr_used: true })
DEBUG: CommandSubstitution called with command: Simple(SimpleCommand { name: Literal("sha256sum", None), args: [Literal("test_checksum.txt", None)], redirects: [], env_vars: {}, stdout_used: true, stderr_used: true })
DEBUG: words.rs - Using native sha256sum implementation for command substitution
DEBUG: CommandSubstitution called with command: Simple(SimpleCommand { name: Literal("sha512sum", None), args: [Literal("test_checksum.txt", None)], redirects: [], env_vars: {}, stdout_used: true, stderr_used: true })
DEBUG: words.rs - Using native sha512sum implementation for command substitution
DEBUG: CommandSubstitution called with command: Pipeline(Pipeline { commands: [Simple(SimpleCommand { name: Literal("strings", None), args: [Literal("test_binary.txt", None)], redirects: [], env_vars: {}, stdout_used: true, stderr_used: true }), Simple(SimpleCommand { name: Literal("head", None), args: [Literal("-3", None)], redirects: [], env_vars: {}, stdout_used: true, stderr_used: true })], source_text: None, stdout_used: true, stderr_used: true })
DEBUG: generate_pipeline_for_substitution called
DEBUG: Pipeline has 2 commands
DEBUG: Processing 2-command pipeline
DEBUG: CommandSubstitution called with command: Pipeline(Pipeline { commands: [Simple(SimpleCommand { name: Literal("echo", None), args: [StringInterpolation(StringInterpolation { parts: [Literal("test output")] }, None)], redirects: [], env_vars: {}, stdout_used: true, stderr_used: true }), Simple(SimpleCommand { name: Literal("tee", None), args: [Literal("test_tee.txt", None)], redirects: [], env_vars: {}, stdout_used: true, stderr_used: true })], source_text: None, stdout_used: true, stderr_used: true })
DEBUG: generate_pipeline_for_substitution called
DEBUG: Pipeline has 2 commands
DEBUG: Processing 2-command pipeline
DEBUG: CommandSubstitution called with command: Simple(SimpleCommand { name: Literal("perl", None), args: [Literal("-e", None), Literal("print \"Hello from Perl\\n\"", None)], redirects: [], env_vars: {}, stdout_used: true, stderr_used: true })
DEBUG: Processing perl command in command substitution with args: [Literal("-e", None), Literal("print \"Hello from Perl\\n\"", None)]
DEBUG: Perl code generated, length: 6875 characters
DEBUG: Test execution completed in 8933ms
[2J[1;1H================================================================================
                                    TEST FAILED
================================================================================
File: examples\000__02_output_formatting_commands.sh
Generator: perl
Test: 2/146
Tests passed before failure: 0
Failure Reason: Perl::Critic violations found:
Generated Perl code:
```perl
#!/usr/bin/env perl
use strict;
use warnings;
use Carp;
use English qw(-no_match_vars);
use locale;
use IPC::Open3;
use Digest::SHA qw(sha256_hex sha512_hex);
use File::Path  qw(make_path remove_tree);

my $main_exit_code = 0;
my $ls_success     = 0;
our $CHILD_ERROR;

print "=== Output and Formatting Commands ===\n";
my $echo_result = do {
    my $_chomp_temp = ('Hello from backticks');
    chomp $_chomp_temp;
    $_chomp_temp;
};
do {
    my $output = "Echo result: $echo_result";
    print $output;
    if ( !( $output =~ m{\n$}msx ) ) {
        print "\n";
    }
};
my $printf_result = do {
    my $result = sprintf "Number: %d, String: %s\n", "42", "test";
    chomp $result;
    $result;
};
do {
    my $output = "Printf result: $printf_result";
    print $output;
    if ( !( $output =~ m{\n$}msx ) ) {
        print "\n";
    }
};
print "=== Compression Commands ===\n";
print "=== Network Commands ===\n";
print "=== Process Management Commands ===\n";
print "=== Checksum Commands ===\n";
{
    open my $original_stdout, '>&', STDOUT
      or croak "Cannot save STDOUT: $ERRNO";
    open STDOUT, '>', 'test_checksum.txt'
      or croak "Cannot open file: $ERRNO";
    print "test content\n";
    open STDOUT, '>&', $original_stdout
      or croak "Cannot restore STDOUT: $ERRNO";
    close $original_stdout
      or croak "Close failed: $ERRNO";
}
my $sha256_result = do {
    my @results;
    if ( -f 'test_checksum.txt' ) {
        my $hash = sha256_hex(
            do {
                local $INPUT_RECORD_SEPARATOR = undef;
                open my $fh, '<', 'test_checksum.txt'
                  or croak "Cannot open 'test_checksum.txt': $ERRNO";
                my $content = <$fh>;
                close $fh
                  or croak "Close failed: $ERRNO";
                $content;
            }
        );
        push @results, "$hash  test_checksum.txt";
    }
    else {
        push @results,
"0000000000000000000000000000000000000000000000000000000000000000  test_checksum.txt  FAILED open or read";
    }
    join "\n", @results;
};
do {
    my $output = "SHA256 result: $sha256_result";
    print $output;
    if ( !( $output =~ m{\n$}msx ) ) {
        print "\n";
    }
};
my $sha512_result = do {
    my @results;
    if ( -f 'test_checksum.txt' ) {
        my $hash = sha512_hex(
            do {
                local $INPUT_RECORD_SEPARATOR = undef;
                open my $fh, '<', 'test_checksum.txt'
                  or croak "Cannot open 'test_checksum.txt': $ERRNO";
                my $content = <$fh>;
                close $fh
                  or croak "Close failed: $ERRNO";
                $content;
            }
        );
        push @results, "$hash  test_checksum.txt";
    }
    else {
        push @results,
"00000000000000000000000000000000000000000000000000000000000000000000000000000000000000000000000000000000000000000000000000000000  test_checksum.txt  FAILED open or read";
    }
    join "\n", @results;
};
do {
    my $output = "SHA512 result: $sha512_result";
    print $output;
    if ( !( $output =~ m{\n$}msx ) ) {
        print "\n";
    }
};
my $strings_result = do {
    my $output_0;
    my $pipeline_success_0 = 1;
    my $input_data;
    if ( open my $fh, '<', 'test_binary.txt' ) {
        local $INPUT_RECORD_SEPARATOR = undef;    # Read entire file at once
        $input_data = <$fh>;
        close $fh
          or croak "Close failed: $ERRNO";
    }
    else {
        print {*STDERR} "strings: 'test_binary.txt': No such file\n";
        $input_data = q{};
    }
    my @result;
    my @lines = split /\n/msx, $input_data;
    for my $line (@lines) {
        if ( length $line >= 4 ) {
            push @result, $line;
        }
    }
    my $line = join "\n", @result;
    $output_0 = $line;
    my $num_lines = 3;
    my $head_line_count = 0;
    my $result = q{};
    my $input = $output_0;
    my $pos = 0;
    while ( $pos < length $input && $head_line_count < $num_lines ) {
        my $line_end = index $input, "\n", $pos;
        if ( $line_end == -1 ) {
            $line_end = length $input;
        }
        my $head_line = substr $input, $pos, $line_end - $pos;
        $result .= $head_line . "\n";
        $pos = $line_end + 1;
        ++$head_line_count;
    }
    $output_0 = $result;
    if (!$pipeline_success_0) { $main_exit_code = 1; }
        $output_0;
};
print "Strings result:\n";
print $strings_result;
if ( !( $strings_result =~ m{\n$}msx ) ) { print "\n"; }
print "=== I/O Redirection Commands ===\n";
my $tee_result = do {
    my $output_1;
    my $pipeline_success_1 = 1;
    $output_1 .= "test output\n";
    my @lines = split /\n/msx, $output_1;
    if (open my $fh, '>', 'test_tee.txt') {
    foreach my $line (@lines) {
    print {$fh} "$line\n";
    }
    close $fh
          or croak "Close failed: $ERRNO";
    } else {
    carp "tee: Cannot open 'test_tee.txt': $ERRNO";
    }
    if (!$pipeline_success_1) { $main_exit_code = 1; }
        $output_1;
};
do {
    my $output = "Tee result: $tee_result";
    print $output;
    if ( !( $output =~ m{\n$}msx ) ) {
        print "\n";
    }
};
print "=== Perl Command ===\n";
my $perl_result = do {
                                            use Capture::Tiny qw(capture_stdout);
                                            my $result;
                                            my $eval_success = eval {
                                                $result = capture_stdout(sub { print "Hello from Perl\n" });
                                                1;
                                            };
                                            if (!$eval_success) {
                                                $result = "Error executing Perl code: $EVAL_ERROR";
                                            }
                                            $result;
                                        };
do {
    my $output = "Perl result: $perl_result";
    print $output;
    if ( !( $output =~ m{\n$}msx ) ) {
        print "\n";
    }
};
if ( -e "test_checksum.txt" ) {
if ( -d "test_checksum.txt" ) {
carp "rm: carping: ", "test_checksum.txt",
    " is a directory (use -r to remove recursively)\n";
}
else {
if ( unlink "test_checksum.txt" ) {
$main_exit_code = 0;
}
else {
carp "rm: carping: could not remove ", "test_checksum.txt",
    ": $OS_ERROR\n";
}
}
}
else {
local $CHILD_ERROR = 0;
carp "rm: carping: ", "test_checksum.txt",
    ": No such file or directory\n";
}
if ( -e "test_tee.txt" ) {
if ( -d "test_tee.txt" ) {
carp "rm: carping: ", "test_tee.txt",
    " is a directory (use -r to remove recursively)\n";
}
else {
if ( unlink "test_tee.txt" ) {
$main_exit_code = 0;
}
else {
carp "rm: carping: could not remove ", "test_tee.txt",
    ": $OS_ERROR\n";
}
}
}
else {
local $CHILD_ERROR = 0;
carp "rm: carping: ", "test_tee.txt",
    ": No such file or directory\n";
}

```

perlcritic_wrapper: Started, parse args took 5.1e-05s
perlcritic_wrapper: File read took 0.000588s
perlcritic_wrapper: SHA1 hash took 7e-05s
perlcritic_wrapper: Cache hit, read took 0.000934s

FAILED: Code is not tidy

================================================================================

Exit Code Comparison (IGNORED):
Shell script exit code: 0
Translated code exit code: -1

================================================================================
ORIGINAL SHELL SCRIPT:
================================================================================
#!/bin/bash

# Output and formatting commands with backticks
# This file demonstrates using backticks with output and formatting commands

echo "=== Output and Formatting Commands ==="

# echo command with backticks
#PERL_MUST_NOT_CONTAIN `echo
echo_result=`echo "Hello from backticks"`
echo "Echo result: $echo_result"

# printf command with backticks
#PERL_MUST_NOT_CONTAIN `printf
printf_result=`printf "Number: %d, String: %s\n" 42 "test"`
echo "Printf result: $printf_result"

echo "=== Compression Commands ==="

# gzip command with backticks
#PERL_MUST_NOT_CONTAIN `gzip
#echo "test content for compression" > test_compress.txt
#gzip_result=`gzip test_compress.txt && echo "Compression successful"`
#echo "Gzip result: $gzip_result"

# zcat command with backticks
#PERL_MUST_NOT_CONTAIN `zcat
#zcat_result=`zcat test_compress.txt.gz`
#echo "Zcat result: $zcat_result"

echo "=== Network Commands ==="

# wget command with backticks
#PERL_MUST_NOT_CONTAIN `wget
# wget_result=`wget -qO- http://httpbin.org/get | head -1`
# echo "Wget result: $wget_result"

# curl command with backticks
#PERL_MUST_NOT_CONTAIN `curl
# curl_result=`curl -s http://httpbin.org/get | head -1`
# echo "Curl result: $curl_result"

echo "=== Process Management Commands ==="

# kill command with backticks (though it doesn't produce output)
#PERL_MUST_NOT_CONTAIN `kill
# kill_result=`kill -0 $$ && echo "Process exists"`
# echo "Kill result: $kill_result"

# nohup command with backticks
#PERL_MUST_NOT_CONTAIN `nohup
# nohup_result=`nohup echo "background process" 2>&1`
# echo "Nohup result: $nohup_result"

# nice command with backticks
#PERL_MUST_NOT_CONTAIN `nice
#nice_result=`nice echo "low priority process"`
#echo "Nice result: $nice_result"

echo "=== Checksum Commands ==="

# sha256sum command with backticks
#PERL_MUST_NOT_CONTAIN `sha256sum
echo "test content" > test_checksum.txt
sha256_result=`sha256sum test_checksum.txt`
echo "SHA256 result: $sha256_result"

# sha512sum command with backticks
#PERL_MUST_NOT_CONTAIN `sha512sum
sha512_result=`sha512sum test_checksum.txt`
echo "SHA512 result: $sha512_result"

# strings command with backticks
#PERL_MUST_NOT_CONTAIN `strings
strings_result=`strings test_binary.txt | head -3`
echo "Strings result:"
echo "$strings_result"

echo "=== I/O Redirection Commands ==="

# tee command with backticks
#PERL_MUST_NOT_CONTAIN `tee
tee_result=`echo "test output" | tee test_tee.txt`
echo "Tee result: $tee_result"

echo "=== Perl Command ==="

# perl command with backticks
#PERL_MUST_NOT_CONTAIN `perl
perl_result=`perl -e 'print "Hello from Perl\n"'`
echo "Perl result: $perl_result"

# Cleanup
rm -f test_checksum.txt test_tee.txt



================================================================================
TRANSLATED PERL CODE:
================================================================================
#!/usr/bin/env perl
use strict;
use warnings;
use Carp;
use English qw(-no_match_vars);
use locale;
use IPC::Open3;
use Digest::SHA qw(sha256_hex sha512_hex);
use File::Path  qw(make_path remove_tree);

my $main_exit_code = 0;
my $ls_success     = 0;
our $CHILD_ERROR;

print "=== Output and Formatting Commands ===\n";
my $echo_result = do {
    my $_chomp_temp = ('Hello from backticks');
    chomp $_chomp_temp;
    $_chomp_temp;
};
do {
    my $output = "Echo result: $echo_result";
    print $output;
    if ( !( $output =~ m{\n$}msx ) ) {
        print "\n";
    }
};
my $printf_result = do {
    my $result = sprintf "Number: %d, String: %s\n", "42", "test";
    chomp $result;
    $result;
};
do {
    my $output = "Printf result: $printf_result";
    print $output;
    if ( !( $output =~ m{\n$}msx ) ) {
        print "\n";
    }
};
print "=== Compression Commands ===\n";
print "=== Network Commands ===\n";
print "=== Process Management Commands ===\n";
print "=== Checksum Commands ===\n";
{
    open my $original_stdout, '>&', STDOUT
      or croak "Cannot save STDOUT: $ERRNO";
    open STDOUT, '>', 'test_checksum.txt'
      or croak "Cannot open file: $ERRNO";
    print "test content\n";
    open STDOUT, '>&', $original_stdout
      or croak "Cannot restore STDOUT: $ERRNO";
    close $original_stdout
      or croak "Close failed: $ERRNO";
}
my $sha256_result = do {
    my @results;
    if ( -f 'test_checksum.txt' ) {
        my $hash = sha256_hex(
            do {
                local $INPUT_RECORD_SEPARATOR = undef;
                open my $fh, '<', 'test_checksum.txt'
                  or croak "Cannot open 'test_checksum.txt': $ERRNO";
                my $content = <$fh>;
                close $fh
                  or croak "Close failed: $ERRNO";
                $content;
            }
        );
        push @results, "$hash  test_checksum.txt";
    }
    else {
        push @results,
"0000000000000000000000000000000000000000000000000000000000000000  test_checksum.txt  FAILED open or read";
    }
    join "\n", @results;
};
do {
    my $output = "SHA256 result: $sha256_result";
    print $output;
    if ( !( $output =~ m{\n$}msx ) ) {
        print "\n";
    }
};
my $sha512_result = do {
    my @results;
    if ( -f 'test_checksum.txt' ) {
        my $hash = sha512_hex(
            do {
                local $INPUT_RECORD_SEPARATOR = undef;
                open my $fh, '<', 'test_checksum.txt'
                  or croak "Cannot open 'test_checksum.txt': $ERRNO";
                my $content = <$fh>;
                close $fh
                  or croak "Close failed: $ERRNO";
                $content;
            }
        );
        push @results, "$hash  test_checksum.txt";
    }
    else {
        push @results,
"00000000000000000000000000000000000000000000000000000000000000000000000000000000000000000000000000000000000000000000000000000000  test_checksum.txt  FAILED open or read";
    }
    join "\n", @results;
};
do {
    my $output = "SHA512 result: $sha512_result";
    print $output;
    if ( !( $output =~ m{\n$}msx ) ) {
        print "\n";
    }
};
my $strings_result = do {
    my $output_0;
    my $pipeline_success_0 = 1;
    my $input_data;
    if ( open my $fh, '<', 'test_binary.txt' ) {
        local $INPUT_RECORD_SEPARATOR = undef;    # Read entire file at once
        $input_data = <$fh>;
        close $fh
          or croak "Close failed: $ERRNO";
    }
    else {
        print {*STDERR} "strings: 'test_binary.txt': No such file\n";
        $input_data = q{};
    }
    my @result;
    my @lines = split /\n/msx, $input_data;
    for my $line (@lines) {
        if ( length $line >= 4 ) {
            push @result, $line;
        }
    }
    my $line = join "\n", @result;
    $output_0 = $line;
    my $num_lines = 3;
    my $head_line_count = 0;
    my $result = q{};
    my $input = $output_0;
    my $pos = 0;
    while ( $pos < length $input && $head_line_count < $num_lines ) {
        my $line_end = index $input, "\n", $pos;
        if ( $line_end == -1 ) {
            $line_end = length $input;
        }
        my $head_line = substr $input, $pos, $line_end - $pos;
        $result .= $head_line . "\n";
        $pos = $line_end + 1;
        ++$head_line_count;
    }
    $output_0 = $result;
    if (!$pipeline_success_0) { $main_exit_code = 1; }
        $output_0;
};
print "Strings result:\n";
print $strings_result;
if ( !( $strings_result =~ m{\n$}msx ) ) { print "\n"; }
print "=== I/O Redirection Commands ===\n";
my $tee_result = do {
    my $output_1;
    my $pipeline_success_1 = 1;
    $output_1 .= "test output\n";
    my @lines = split /\n/msx, $output_1;
    if (open my $fh, '>', 'test_tee.txt') {
    foreach my $line (@lines) {
    print {$fh} "$line\n";
    }
    close $fh
          or croak "Close failed: $ERRNO";
    } else {
    carp "tee: Cannot open 'test_tee.txt': $ERRNO";
    }
    if (!$pipeline_success_1) { $main_exit_code = 1; }
        $output_1;
};
do {
    my $output = "Tee result: $tee_result";
    print $output;
    if ( !( $output =~ m{\n$}msx ) ) {
        print "\n";
    }
};
print "=== Perl Command ===\n";
my $perl_result = do {
                                            use Capture::Tiny qw(capture_stdout);
                                            my $result;
                                            my $eval_success = eval {
                                                $result = capture_stdout(sub { print "Hello from Perl\n" });
                                                1;
                                            };
                                            if (!$eval_success) {
    