Starting test run at Mon Apr  6 21:06:17 AWST 2026
Logging to: logs/fail_run_20260406_210617.log
Test arguments: 
----------------------------------------
Compiling debashc...
warning: unused import: `Token`
    --> src/parser/commands.rs:1545:31
     |
1545 |     use crate::lexer::{Lexer, Token};
     |                               ^^^^^
     |
     = note: `#[warn(unused_imports)]` on by default

warning: unused import: `regex::Regex`
 --> src/generator/commands/pipeline_commands.rs:6:5
  |
6 | use regex::Regex;
  |     ^^^^^^^^^^^^

warning: unused import: `std::collections::HashMap`
 --> src/generator/redirects.rs:4:5
  |
4 | use std::collections::HashMap;
  |     ^^^^^^^^^^^^^^^^^^^^^^^^^

warning: unused doc comment
   --> src/timeout_manager.rs:282:1
    |
282 | /// Global timeout manager instance
    | ^^^^^^^^^^^^^^^^^^^^^^^^^^^^^^^^^^^ rustdoc does not generate documentation for macro invocations
    |
    = help: to document an item produced by a macro, the macro must produce the documentation as part of its expansion
    = note: `#[warn(unused_doc_comments)]` on by default

warning: variable does not need to be mutable
    --> src/parser/commands.rs:1548:9
     |
1548 |     let mut lexer = Lexer::new(text);
     |         ----^^^^^
     |         |
     |         help: remove this `mut`
     |
     = note: `#[warn(unused_mut)]` on by default

warning: unused variable: `cmd2`
   --> src/generator/commands/pipeline_commands.rs:605:66
    |
605 |         if let (Command::Redirect(redirect_cmd), Command::Simple(cmd2)) =
    |                                                                  ^^^^ help: if this is intentional, prefix it with an underscore: `_cmd2`
    |
    = note: `#[warn(unused_variables)]` on by default

warning: variable `head_max` is assigned to, but never used
    --> src/generator/commands/pipeline_commands.rs:1028:25
     |
1028 |                 let mut head_max = 10; // Default value
     |                         ^^^^^^^^
     |
     = note: consider using `_head_max` instead

warning: value assigned to `head_max` is never read
    --> src/generator/commands/pipeline_commands.rs:1040:53
     |
1040 | ...                   head_max = num;
     |                       ^^^^^^^^
     |
     = help: maybe it is overwritten before being read?
     = note: `#[warn(unused_assignments)]` on by default

warning: value assigned to `head_max` is never read
    --> src/generator/commands/pipeline_commands.rs:1047:53
     |
1047 | ...                   head_max = num;
     |                       ^^^^^^^^
     |
     = help: maybe it is overwritten before being read?

warning: value assigned to `head_max` is never read
    --> src/generator/commands/pipeline_commands.rs:1052:49
     |
1052 | ...                   head_max = num;
     |                       ^^^^^^^^
     |
     = help: maybe it is overwritten before being read?

warning: unused variable: `i`
    --> src/generator/commands/pipeline_commands.rs:1077:22
     |
1077 |                 for (i, command) in pipeline.commands[start_index..].iter().enumerate() {
     |                      ^ help: if this is intentional, prefix it with an underscore: `_i`

warning: unused variable: `j`
    --> src/generator/commands/pipeline_commands.rs:1092:34
     |
1092 | ...                   for (j, nested_command) in nested_pipeline.commands.iter().enumerate() {
     |                            ^ help: if this is intentional, prefix it with an underscore: `_j`

warning: unused variable: `cmd`
  --> src/generator/commands/system_commands.rs:48:35
   |
48 |         Word::CommandSubstitution(cmd, _) => {
   |                                   ^^^ help: if this is intentional, prefix it with an underscore: `_cmd`

warning: unused variable: `input_var`
 --> src/generator/commands/comm.rs:7:5
  |
7 |     input_var: &str,
  |     ^^^^^^^^^ help: if this is intentional, prefix it with an underscore: `_input_var`

warning: unused variable: `output`
  --> src/generator/commands/find.rs:47:13
   |
47 |     let mut output = String::new();
   |             ^^^^^^ help: if this is intentional, prefix it with an underscore: `_output`

warning: variable does not need to be mutable
  --> src/generator/commands/find.rs:47:9
   |
47 |     let mut output = String::new();
   |         ----^^^^^^
   |         |
   |         help: remove this `mut`

warning: unused variable: `all_found_var`
   --> src/generator/commands/ls.rs:463:13
    |
463 |         let all_found_var = format!("ls_all_found_{}", generator.get_unique_id());
    |             ^^^^^^^^^^^^^ help: if this is intentional, prefix it with an underscore: `_all_found_var`

warning: unused variable: `all_found_var`
   --> src/generator/commands/ls.rs:464:13
    |
464 |         let all_found_var = format!("ls_all_found_{}", generator.get_unique_id());
    |             ^^^^^^^^^^^^^ help: if this is intentional, prefix it with an underscore: `_all_found_var`

warning: unused variable: `all_found_var`
   --> src/generator/commands/ls.rs:465:13
    |
465 |         let all_found_var = format!("ls_all_found_{}", generator.get_unique_id());
    |             ^^^^^^^^^^^^^ help: if this is intentional, prefix it with an underscore: `_all_found_var`

warning: variable `sort_by_time` is assigned to, but never used
   --> src/generator/commands/ls.rs:740:13
    |
740 |     let mut sort_by_time = false; // -t flag: sort by modification time
    |             ^^^^^^^^^^^^
    |
    = note: consider using `_sort_by_time` instead

warning: value assigned to `sort_by_time` is never read
   --> src/generator/commands/ls.rs:754:32
    |
754 |                         't' => sort_by_time = true,   // -t flag: sort by modification time
    |                                ^^^^^^^^^^^^
    |
    = help: maybe it is overwritten before being read?

warning: unused variable: `literal`
   --> src/generator/utils.rs:162:59
    |
162 | ...                   Word::Literal(literal, _) => {
    |                                     ^^^^^^^ help: if this is intentional, prefix it with an underscore: `_literal`

warning: unused variable: `cmd_name`
  --> src/generator/words.rs:68:25
   |
68 |                     let cmd_name = generator.word_to_perl(&simple_cmd.name);
   |                         ^^^^^^^^ help: if this is intentional, prefix it with an underscore: `_cmd_name`

warning: unused variable: `command_str`
   --> src/generator/words.rs:655:37
    |
655 | ...                   let command_str = generator.word_to_perl(command);
    |                           ^^^^^^^^^^^ help: if this is intentional, prefix it with an underscore: `_command_str`

warning: unused variable: `indent1`
   --> src/generator/words.rs:797:33
    |
797 | ...                   let indent1 = "    ".to_string(); // 4 spaces for outer do block
    |                           ^^^^^^^ help: if this is intentional, prefix it with an underscore: `_indent1`

warning: unused variable: `indent1`
   --> src/generator/words.rs:838:33
    |
838 | ...                   let indent1 = "    ".to_string();
    |                           ^^^^^^^ help: if this is intentional, prefix it with an underscore: `_indent1`

warning: unused variable: `indent1`
   --> src/generator/words.rs:879:33
    |
879 | ...                   let indent1 = "    ".to_string();
    |                           ^^^^^^^ help: if this is intentional, prefix it with an underscore: `_indent1`

warning: unused variable: `indent1`
   --> src/generator/words.rs:916:33
    |
916 | ...                   let indent1 = "    ".to_string();
    |                           ^^^^^^^ help: if this is intentional, prefix it with an underscore: `_indent1`

warning: unused variable: `indent1`
   --> src/generator/words.rs:955:33
    |
955 | ...                   let indent1 = "    ".to_string();
    |                           ^^^^^^^ help: if this is intentional, prefix it with an underscore: `_indent1`

warning: unused variable: `literal`
   --> src/generator/words.rs:505:59
    |
505 | ...                   Word::Literal(literal, _) => {
    |                                     ^^^^^^^ help: if this is intentional, prefix it with an underscore: `_literal`

warning: unused variable: `s`
    --> src/generator/words.rs:1145:23
     |
1145 |         Word::Literal(s, _) => generator.perl_string_literal(word),
     |                       ^ help: if this is intentional, prefix it with an underscore: `_s`

warning: unused variable: `needs_exit_code`
   --> src/generator/mod.rs:128:13
    |
128 |         let needs_exit_code = self.needs_exit_code_tracking(ast);
    |             ^^^^^^^^^^^^^^^ help: if this is intentional, prefix it with an underscore: `_needs_exit_code`

warning: unused variable: `operation_handle`
   --> src/timeout_manager.rs:151:13
    |
151 |         let operation_handle = thread::spawn(move || {
    |             ^^^^^^^^^^^^^^^^ help: if this is intentional, prefix it with an underscore: `_operation_handle`

warning: unused variable: `operation_handle`
   --> src/timeout_manager.rs:194:13
    |
194 |         let operation_handle = thread::spawn(move || {
    |             ^^^^^^^^^^^^^^^^ help: if this is intentional, prefix it with an underscore: `_operation_handle`

warning: methods `parse_variable_expansion` and `parse_arithmetic_expression` are never used
    --> src/parser/commands.rs:1356:8
     |
  20 | impl Parser {
     | ----------- methods in this implementation
...
1356 |     fn parse_variable_expansion(&mut self) -> Result<Word, ParserError> {
     |        ^^^^^^^^^^^^^^^^^^^^^^^^
...
1431 |     fn parse_arithmetic_expression(&mut self) -> Result<Word, ParserError> {
     |        ^^^^^^^^^^^^^^^^^^^^^^^^^^^
     |
     = note: `#[warn(dead_code)]` on by default

warning: function `parse_command` is never used
    --> src/parser/control_flow.rs:1075:4
     |
1075 | fn parse_command(parser: &mut Parser) -> Result<Command, ParserError> {
     |    ^^^^^^^^^^^^^

warning: function `parse_assignment` is never used
    --> src/parser/control_flow.rs:1285:4
     |
1285 | fn parse_assignment(parser: &mut Parser) -> Result<Command, ParserError> {
     |    ^^^^^^^^^^^^^^^^

warning: function `parse_parameter_expansion` is never used
    --> src/parser/words.rs:2191:4
     |
2191 | fn parse_parameter_expansion(_lexer: &mut Lexer) -> Result<Word, ParserError> {
     |    ^^^^^^^^^^^^^^^^^^^^^^^^^

warning: function `escape_glob_pattern` is never used
 --> src/generator/commands/find.rs:4:4
  |
4 | fn escape_glob_pattern(pattern: &str) -> String {
  |    ^^^^^^^^^^^^^^^^^^^

warning: function `parse_size_to_bytes` is never used
   --> src/generator/commands/find.rs:248:4
    |
248 | fn parse_size_to_bytes(size_str: &str) -> u64 {
    |    ^^^^^^^^^^^^^^^^^^^

warning: function `generate_tr_linebyline_impl` is never used
  --> src/generator/commands/tr.rs:73:4
   |
73 | fn generate_tr_linebyline_impl(
   |    ^^^^^^^^^^^^^^^^^^^^^^^^^^^

warning: function `generate_tr_buffered_impl` is never used
   --> src/generator/commands/tr.rs:133:4
    |
133 | fn generate_tr_buffered_impl(
    |    ^^^^^^^^^^^^^^^^^^^^^^^^^

warning: function `is_variable_used_after_for_loop` is never used
   --> src/generator/control_flow.rs:241:4
    |
241 | fn is_variable_used_after_for_loop(
    |    ^^^^^^^^^^^^^^^^^^^^^^^^^^^^^^^

warning: fields `variable_usage` and `scope_depth` are never read
  --> src/variable_analysis.rs:8:5
   |
 6 | pub struct VariableUsageAnalyzer {
   |            --------------------- fields in this struct
 7 |     /// Maps variable names to their usage information
 8 |     variable_usage: HashMap<String, VariableUsageInfo>,
   |     ^^^^^^^^^^^^^^
 9 |     /// Current scope depth for tracking nested scopes
10 |     scope_depth: usize,
   |     ^^^^^^^^^^^
   |
   = note: `VariableUsageAnalyzer` has derived impls for the traits `Clone` and `Debug`, but these are intentionally ignored during dead code analysis

warning: `debashl` (lib) generated 44 warnings (run `cargo fix --lib -p debashl` to apply 5 suggestions)
warning: unused import: `execute_with_progress`
  --> src/testing.rs:11:5
   |
11 |     execute_with_progress, execute_with_timeout, is_execution_frozen, OperationType,
   |     ^^^^^^^^^^^^^^^^^^^^^
   |
   = note: `#[warn(unused_imports)]` on by default

warning: unused import: `debashl::parser::errors::ParserError`
  --> src/testing.rs:18:5
   |
18 | use debashl::parser::errors::ParserError;
   |     ^^^^^^^^^^^^^^^^^^^^^^^^^^^^^^^^^^^^

warning: unused variable: `operation_handle`
  --> src/testing.rs:29:9
   |
29 |     let operation_handle = std::thread::spawn(move || {
   |         ^^^^^^^^^^^^^^^^ help: if this is intentional, prefix it with an underscore: `_operation_handle`
   |
   = note: `#[warn(unused_variables)]` on by default

warning: variable does not need to be mutable
    --> src/testing.rs:1490:9
     |
1490 |     let mut should_break = false;
     |         ----^^^^^^^^^^^^
     |         |
     |         help: remove this `mut`
     |
     = note: `#[warn(unused_mut)]` on by default

warning: unused variable: `overall_start`
    --> src/testing.rs:1740:9
     |
1740 |     let overall_start = std::time::Instant::now();
     |         ^^^^^^^^^^^^^ help: if this is intentional, prefix it with an underscore: `_overall_start`

warning: unused variable: `test_loop_start`
    --> src/testing.rs:1799:9
     |
1799 |     let test_loop_start = std::time::Instant::now();
     |         ^^^^^^^^^^^^^^^ help: if this is intentional, prefix it with an underscore: `_test_loop_start`

warning: unused variable: `should_break`
    --> src/testing.rs:2481:13
     |
2481 |     let mut should_break = false;
     |             ^^^^^^^^^^^^ help: if this is intentional, prefix it with an underscore: `_should_break`

warning: variable does not need to be mutable
    --> src/testing.rs:2481:9
     |
2481 |     let mut should_break = false;
     |         ----^^^^^^^^^^^^
     |         |
     |         help: remove this `mut`

warning: function `run_perl_script` is never used
  --> src/execution.rs:64:8
   |
64 | pub fn run_perl_script(script_path: &str) -> Result<std::process::Output, String> {
   |        ^^^^^^^^^^^^^^^
   |
   = note: `#[warn(dead_code)]` on by default

warning: function `extract_line_col` is never used
 --> src/utils.rs:4:8
  |
4 | pub fn extract_line_col(e: &dyn std::error::Error) -> Option<(usize, usize)> {
  |        ^^^^^^^^^^^^^^^^

warning: function `parse_line_col` is never used
  --> src/utils.rs:19:8
   |
19 | pub fn parse_line_col(s: &str) -> Option<(usize, usize)> {
   |        ^^^^^^^^^^^^^^

warning: function `caret_snippet` is never used
  --> src/utils.rs:27:8
   |
27 | pub fn caret_snippet(input: &str, line: usize, col: usize) -> Option<String> {
   |        ^^^^^^^^^^^^^

warning: function `with_timeout` is never used
  --> src/testing.rs:23:4
   |
23 | fn with_timeout<F, T>(timeout_secs: u64, operation: F) -> Result<T, String>
   |    ^^^^^^^^^^^^

warning: fields `shell_duration` and `translated_duration` are never read
   --> src/testing.rs:123:9
    |
110 | pub struct TestResult {
    |            ---------- fields in this struct
...
123 |     pub shell_duration: std::time::Duration, // Shell execution time
    |         ^^^^^^^^^^^^^^
124 |     pub translated_duration: std::time::Duration, // Translated program execution time
    |         ^^^^^^^^^^^^^^^^^^^
    |
    = note: `TestResult` has a derived impl for the trait `Debug`, but this is intentionally ignored during dead code analysis

warning: function `test_file_equivalence_detailed` is never used
   --> src/testing.rs:707:8
    |
707 | pub fn test_file_equivalence_detailed(
    |        ^^^^^^^^^^^^^^^^^^^^^^^^^^^^^^

warning: function `test_all_examples_next_fail` is never used
    --> src/testing.rs:1729:8
     |
1729 | pub fn test_all_examples_next_fail(
     |        ^^^^^^^^^^^^^^^^^^^^^^^^^^^

warning: function `extract_core_perl_logic` is never used
   --> src/cli_commands.rs:215:4
    |
215 | fn extract_core_perl_logic(perl_code: &str) -> String {
    |    ^^^^^^^^^^^^^^^^^^^^^^^

warning: function `export_mir_to_json` is never used
   --> src/cli_commands.rs:485:8
    |
485 | pub fn export_mir_to_json(input: &str, _optimize: bool) {
    |        ^^^^^^^^^^^^^^^^^^

warning: variants `Parsing`, `CodeGeneration`, `FileOperations`, `TestExecution`, and `DebugFreeze` are never constructed
  --> src/timeout_manager.rs:11:5
   |
 8 | pub enum OperationType {
   |          ------------- variants in this enum
...
11 |     Parsing,            // Parsing shell scripts
   |     ^^^^^^^
12 |     CodeGeneration,     // Generating Perl code
   |     ^^^^^^^^^^^^^^
13 |     FileOperations,     // File I/O operations
   |     ^^^^^^^^^^^^^^
14 |     TestExecution,      // Overall test execution
   |     ^^^^^^^^^^^^^
15 |     DebugFreeze,        // Debug freeze pause
   |     ^^^^^^^^^^^
   |
   = note: `OperationType` has derived impls for the traits `Clone` and `Debug`, but these are intentionally ignored during dead code analysis

warning: methods `set_freeze_duration` and `get_freeze_duration` are never used
  --> src/timeout_manager.rs:74:12
   |
51 | impl DebugFreezeManager {
   | ----------------------- methods in this implementation
...
74 |     pub fn set_freeze_duration(&mut self, duration: Duration) {
   |            ^^^^^^^^^^^^^^^^^^^
...
78 |     pub fn get_freeze_duration(&self) -> Duration {
   |            ^^^^^^^^^^^^^^^^^^^

warning: methods `set_timeout` and `execute_with_progress` are never used
   --> src/timeout_manager.rs:117:12
    |
 90 | impl TimeoutManager {
    | ------------------- methods in this implementation
...
117 |     pub fn set_timeout(&mut self, operation: OperationType, duration: Duration) {
    |            ^^^^^^^^^^^
...
178 |     pub fn execute_with_progress<F, T>(&self, operation: OperationType, operation_fn: F) -> Result<T, String>
    |            ^^^^^^^^^^^^^^^^^^^^^

warning: function `execute_with_progress` is never used
   --> src/timeout_manager.rs:302:8
    |
302 | pub fn execute_with_progress<F, T>(operation: OperationType, operation_fn: F) -> Result<T, String>
    |        ^^^^^^^^^^^^^^^^^^^^^

warning: `debashl` (bin "debashc") generated 25 warnings (3 duplicates) (run `cargo fix --bin "debashc"` to apply 4 suggestions)
    Finished `dev` profile [unoptimized + debuginfo] target(s) in 2.28s
Running debashc with fine-grained per-test timeouts...
Running: debashc test generation and execution
Command: ./target/debug/debashc.exe fail --perl-critic
Timeout: Per-test timeouts (30s shell, 10s parse, 5s generate)
----------------------------------------
Running ALL 146 examples (limited to 50 tests to prevent timeout)

Running 146 tests across 146 examples with perl generator
==================================================
Test 1/146: 000__01_file_directory_operations.sh with perl     DEBUG: Starting test execution for examples/000__01_file_directory_operations.sh with generator perl
DEBUG: Running shell script: examples/000__01_file_directory_operations.sh
DEBUG: Timeout manager starting ShellExecution with timeout of 120.0 seconds
DEBUG: Timeout manager completed ShellExecution successfully
DEBUG: Shell script completed in 0.04s
DEBUG: Shell script execution completed, now starting Perl generation
DEBUG: Setting original script name to: 000__01_file_directory_operations.sh
DEBUG: generate_find_command called with generate_output: true, input_var: 'found_files'
DEBUG: Using generate_find_for_substitution with input_var: 'found_files'
DEBUG: Perl code generated, length: 1433 characters
DEBUG: check_perl_no_open3_builtins called with 1433 characters
DEBUG: check_perl_no_system_builtins called with 1433 characters
DEBUG: About to start translated program execution
DEBUG: About to execute Perl command: ["perl", "/tmp/__tmp_test_output.pl"]
DEBUG: Perl code length: 1433 characters
DEBUG: First 200 characters of Perl code:
#!/usr/bin/env perl
use strict;
use warnings;
use Carp;
use English qw(-no_match_vars);
use locale;
select((select(STDOUT), $| = 1)[0]);
use IPC::Open3;

my $main_exit_code = 0;
my $ls_success     = 0
DEBUG: Saved Perl code to debug_perl_code.pl
DEBUG: Starting Perl execution with timeout manager
DEBUG: Timeout manager starting PerlExecution with timeout of 30.0 seconds
DEBUG: Successfully spawned Perl process
DEBUG: Starting execution loop for Perl process
DEBUG: Execution loop iteration, elapsed: 1.51µs
DEBUG: Execution loop iteration, elapsed: 100.732403ms
DEBUG: Perl process completed with status: ExitStatus(unix_wait_status(0))
DEBUG: Perl execution completed, duration: 373.356821ms, timed_out: false
DEBUG: Ending Perl execution with timeout manager
DEBUG: Timeout manager completed PerlExecution successfully
DEBUG: Test completed, comparing outputs
DEBUG: Shell stdout length: 9035, Translated stdout length: 9035
DEBUG: Shell stderr length: 0, Translated stderr length: 0
DEBUG: Shell exit: 0, Translated exit: 0
DEBUG: stdout_match: true, stderr_match: true, exit_code_match: true
DEBUG: timed_out: false
DEBUG: Test success: true
DEBUG: failure_reason: ''
DEBUG: Test execution completed in 3868ms
✓Test 2/146: 000__02_output_formatting_commands.sh with perl     DEBUG: Starting test execution for examples/000__02_output_formatting_commands.sh with generator perl
DEBUG: Running shell script: examples/000__02_output_formatting_commands.sh
DEBUG: Timeout manager starting ShellExecution with timeout of 120.0 seconds
DEBUG: Timeout manager completed ShellExecution successfully
DEBUG: Shell script completed in 0.10s
DEBUG: Shell script execution completed, now starting Perl generation
DEBUG: Setting original script name to: 000__02_output_formatting_commands.sh
DEBUG: words.rs - Using native sha256sum implementation for command substitution
DEBUG: words.rs - Using native sha512sum implementation for command substitution
DEBUG: generate_pipeline_for_substitution called
DEBUG: Pipeline has 2 commands
DEBUG: Processing 2-command pipeline
DEBUG: generate_pipeline_for_substitution called
DEBUG: Pipeline has 2 commands
DEBUG: Processing 2-command pipeline
DEBUG: Processing perl command in command substitution with args: [Literal("-e", None), Literal("print \"Hello from Perl\\n\"", None)]
DEBUG: Perl code generated, length: 7055 characters
DEBUG: check_perl_no_open3_builtins called with 7055 characters
DEBUG: check_perl_no_system_builtins called with 7055 characters
DEBUG: About to start translated program execution
DEBUG: About to execute Perl command: ["perl", "/tmp/__tmp_test_output.pl"]
DEBUG: Perl code length: 7055 characters
DEBUG: First 200 characters of Perl code:
#!/usr/bin/env perl
use strict;
use warnings;
use Carp;
use English qw(-no_match_vars);
use locale;
select((select(STDOUT), $| = 1)[0]);
use IPC::Open3;
use Digest::SHA   qw(sha256_hex sha512_hex);
us
DEBUG: Saved Perl code to debug_perl_code.pl
DEBUG: Starting Perl execution with timeout manager
DEBUG: Timeout manager starting PerlExecution with timeout of 30.0 seconds
DEBUG: Successfully spawned Perl process
DEBUG: Starting execution loop for Perl process
DEBUG: Execution loop iteration, elapsed: 2.264µs
DEBUG: Perl process completed with status: ExitStatus(unix_wait_status(0))
DEBUG: Perl execution completed, duration: 60.693821ms, timed_out: false
DEBUG: Ending Perl execution with timeout manager
DEBUG: Timeout manager completed PerlExecution successfully
DEBUG: Test completed, comparing outputs
DEBUG: Shell stdout length: 660, Translated stdout length: 660
DEBUG: Shell stderr length: 0, Translated stderr length: 0
DEBUG: Shell exit: 0, Translated exit: 0
DEBUG: stdout_match: true, stderr_match: true, exit_code_match: true
DEBUG: timed_out: false
DEBUG: Test success: true
DEBUG: failure_reason: ''
DEBUG: Test execution completed in 3768ms
✓Test 3/146: 000__03_file_manipulation_commands.sh with perl     DEBUG: Starting test execution for examples/000__03_file_manipulation_commands.sh with generator perl
DEBUG: Running shell script: examples/000__03_file_manipulation_commands.sh
DEBUG: Timeout manager starting ShellExecution with timeout of 120.0 seconds
DEBUG: Timeout manager completed ShellExecution successfully
DEBUG: Shell script completed in 0.17s
DEBUG: Shell script execution completed, now starting Perl generation
DEBUG: Setting original script name to: 000__03_file_manipulation_commands.sh
DEBUG: words.rs - Using native cp implementation for command substitution
DEBUG: words.rs - Using native mv implementation for command substitution
DEBUG: words.rs - Using native rm implementation for command substitution
DEBUG: words.rs - Using native mkdir implementation for command substitution
DEBUG: words.rs - Using native touch implementation for command substitution
DEBUG: Perl code generated, length: 19318 characters
DEBUG: check_perl_no_open3_builtins called with 19318 characters
DEBUG: check_perl_no_system_builtins called with 19318 characters
DEBUG: About to start translated program execution
DEBUG: About to execute Perl command: ["perl", "/tmp/__tmp_test_output.pl"]
DEBUG: Perl code length: 19318 characters
DEBUG: First 200 characters of Perl code:
#!/usr/bin/env perl
use strict;
use warnings;
use Carp;
use English qw(-no_match_vars);
use locale;
select((select(STDOUT), $| = 1)[0]);
use IPC::Open3;
use File::Path qw(make_path remove_tree);
use F
DEBUG: Saved Perl code to debug_perl_code.pl
DEBUG: Starting Perl execution with timeout manager
DEBUG: Timeout manager starting PerlExecution with timeout of 30.0 seconds
DEBUG: Successfully spawned Perl process
DEBUG: Starting execution loop for Perl process
DEBUG: Execution loop iteration, elapsed: 1.889µs
DEBUG: Execution loop iteration, elapsed: 100.862701ms
DEBUG: Perl process completed with status: ExitStatus(unix_wait_status(0))
DEBUG: Perl execution completed, duration: 121.18478ms, timed_out: false
DEBUG: Ending Perl execution with timeout manager
DEBUG: Timeout manager completed PerlExecution successfully
DEBUG: Test completed, comparing outputs
DEBUG: Shell stdout length: 422, Translated stdout length: 422
DEBUG: Shell stderr length: 0, Translated stderr length: 0
DEBUG: Shell exit: 0, Translated exit: 0
DEBUG: stdout_match: true, stderr_match: true, exit_code_match: true
DEBUG: timed_out: false
DEBUG: Test success: true
DEBUG: failure_reason: ''
DEBUG: Test execution completed in 4931ms
✓Test 4/146: 000__04a_basic_command_substitution.sh with perl     DEBUG: Starting test execution for examples/000__04a_basic_command_substitution.sh with generator perl
DEBUG: Running shell script: examples/000__04a_basic_command_substitution.sh
DEBUG: Timeout manager starting ShellExecution with timeout of 120.0 seconds
DEBUG: Timeout manager completed ShellExecution successfully
DEBUG: Shell script completed in 0.05s
DEBUG: Shell script execution completed, now starting Perl generation
DEBUG: String interpolation parsed command 'date +%Y' as 1 commands
DEBUG: String interpolation parsed command 'basename $(pwd)' as 1 commands
DEBUG: Setting original script name to: 000__04a_basic_command_substitution.sh
DEBUG: Perl code generated, length: 1761 characters
DEBUG: check_perl_no_open3_builtins called with 1761 characters
DEBUG: check_perl_no_system_builtins called with 1761 characters
DEBUG: About to start translated program execution
DEBUG: About to execute Perl command: ["perl", "/tmp/__tmp_test_output.pl"]
DEBUG: Perl code length: 1761 characters
DEBUG: First 200 characters of Perl code:
#!/usr/bin/env perl
use strict;
use warnings;
use Carp;
use English qw(-no_match_vars);
use locale;
select((select(STDOUT), $| = 1)[0]);
use IPC::Open3;

my $main_exit_code = 0;
my $ls_success     = 0
DEBUG: Saved Perl code to debug_perl_code.pl
DEBUG: Starting Perl execution with timeout manager
DEBUG: Timeout manager starting PerlExecution with timeout of 30.0 seconds
DEBUG: Successfully spawned Perl process
DEBUG: Starting execution loop for Perl process
DEBUG: Execution loop iteration, elapsed: 1.889µs
DEBUG: Perl process completed with status: ExitStatus(unix_wait_status(0))
DEBUG: Perl execution completed, duration: 30.37358ms, timed_out: false
DEBUG: Ending Perl execution with timeout manager
DEBUG: Timeout manager completed PerlExecution successfully
DEBUG: Test completed, comparing outputs
DEBUG: Shell stdout length: 172, Translated stdout length: 172
DEBUG: Shell stderr length: 0, Translated stderr length: 0
DEBUG: Shell exit: 0, Translated exit: 0
DEBUG: stdout_match: true, stderr_match: true, exit_code_match: true
DEBUG: timed_out: false
DEBUG: Test success: true
DEBUG: failure_reason: ''
DEBUG: Test execution completed in 4141ms
✓DEBUG: Progress: 5/146 tests completed (3.4%)
Test 5/146: 000__04b_file_directory_operations.sh with perl     DEBUG: Starting test execution for examples/000__04b_file_directory_operations.sh with generator perl
DEBUG: Running shell script: examples/000__04b_file_directory_operations.sh
DEBUG: Timeout manager starting ShellExecution with timeout of 120.0 seconds
DEBUG: Timeout manager completed ShellExecution successfully
DEBUG: Shell script completed in 0.05s
DEBUG: Shell script execution completed, now starting Perl generation
DEBUG: Setting original script name to: 000__04b_file_directory_operations.sh
DEBUG: generate_find_command called with generate_output: true, input_var: 'found_files'
DEBUG: Using generate_find_for_substitution with input_var: 'found_files'
DEBUG: Perl code generated, length: 1509 characters
DEBUG: check_perl_no_open3_builtins called with 1509 characters
DEBUG: check_perl_no_system_builtins called with 1509 characters
DEBUG: About to start translated program execution
DEBUG: About to execute Perl command: ["perl", "/tmp/__tmp_test_output.pl"]
DEBUG: Perl code length: 1509 characters
DEBUG: First 200 characters of Perl code:
#!/usr/bin/env perl
use strict;
use warnings;
use Carp;
use English qw(-no_match_vars);
use locale;
select((select(STDOUT), $| = 1)[0]);
use IPC::Open3;

my $main_exit_code = 0;
my $ls_success     = 0
DEBUG: Saved Perl code to debug_perl_code.pl
DEBUG: Starting Perl execution with timeout manager
DEBUG: Timeout manager starting PerlExecution with timeout of 30.0 seconds
DEBUG: Successfully spawned Perl process
DEBUG: Starting execution loop for Perl process
DEBUG: Execution loop iteration, elapsed: 1.794µs
DEBUG: Execution loop iteration, elapsed: 100.925335ms
DEBUG: Perl process completed with status: ExitStatus(unix_wait_status(0))
DEBUG: Perl execution completed, duration: 373.411897ms, timed_out: false
DEBUG: Ending Perl execution with timeout manager
DEBUG: Timeout manager completed PerlExecution successfully
DEBUG: Test completed, comparing outputs
DEBUG: Shell stdout length: 9082, Translated stdout length: 9082
DEBUG: Shell stderr length: 0, Translated stderr length: 0
DEBUG: Shell exit: 0, Translated exit: 0
DEBUG: stdout_match: true, stderr_match: true, exit_code_match: true
DEBUG: timed_out: false
DEBUG: Test success: true
DEBUG: failure_reason: ''
DEBUG: Test execution completed in 4795ms
✓Test 6/146: 000__04c_text_processing_commands.sh with perl     DEBUG: Starting test execution for examples/000__04c_text_processing_commands.sh with generator perl
DEBUG: Running shell script: examples/000__04c_text_processing_commands.sh
DEBUG: Timeout manager starting ShellExecution with timeout of 120.0 seconds
DEBUG: Timeout manager completed ShellExecution successfully
DEBUG: Shell script completed in 0.24s
DEBUG: Shell script execution completed, now starting Perl generation
DEBUG: Setting original script name to: 000__04c_text_processing_commands.sh
DEBUG: generate_pipeline_for_substitution called
DEBUG: Pipeline has 2 commands
DEBUG: Processing 2-command pipeline
DEBUG: generate_pipeline_for_substitution called
DEBUG: Pipeline has 2 commands
DEBUG: Processing 2-command pipeline
DEBUG: generate_pipeline_for_substitution called
DEBUG: Pipeline has 2 commands
DEBUG: Processing 2-command pipeline
DEBUG: generate_pipeline_for_substitution called
DEBUG: Pipeline has 2 commands
DEBUG: Processing 2-command pipeline
DEBUG: generate_pipeline_for_substitution called
DEBUG: Pipeline has 2 commands
DEBUG: Processing 2-command pipeline
DEBUG: generate_pipeline_for_substitution called
DEBUG: Pipeline has 2 commands
DEBUG: Processing 2-command pipeline
DEBUG: generate_pipeline_for_substitution called
DEBUG: Pipeline has 2 commands
DEBUG: Processing 2-command pipeline
DEBUG: generate_pipeline_for_substitution called
DEBUG: Pipeline has 2 commands
DEBUG: Processing 2-command pipeline
DEBUG: generate_pipeline_for_substitution called
DEBUG: Pipeline has 2 commands
DEBUG: Processing 2-command pipeline
DEBUG: generate_pipeline_for_substitution called
DEBUG: Pipeline has 2 commands
DEBUG: Processing 2-command pipeline
DEBUG: comm command detected, checking for process substitution
DEBUG: comm command has no process substitution, using dedicated implementation
DEBUG: Processing diff command in command substitution with args: [Literal("file1.txt", None), Literal("file2.txt", None)]
DEBUG: generate_pipeline_for_substitution called
DEBUG: Pipeline has 2 commands
DEBUG: Processing 2-command pipeline
DEBUG: generate_pipeline_for_substitution called
DEBUG: Pipeline has 2 commands
DEBUG: Processing 2-command pipeline
DEBUG: Perl code generated, length: 17534 characters
DEBUG: check_perl_no_open3_builtins called with 17534 characters
DEBUG: check_perl_no_system_builtins called with 17534 characters
DEBUG: About to start translated program execution
DEBUG: About to execute Perl command: ["perl", "/tmp/__tmp_test_output.pl"]
DEBUG: Perl code length: 17534 characters
DEBUG: First 200 characters of Perl code:
#!/usr/bin/env perl
use strict;
use warnings;
use Carp;
use English qw(-no_match_vars);
use locale;
select((select(STDOUT), $| = 1)[0]);
use IPC::Open3;
use File::Path qw(make_path remove_tree);

my $
DEBUG: Saved Perl code to debug_perl_code.pl
DEBUG: Starting Perl execution with timeout manager
DEBUG: Timeout manager starting PerlExecution with timeout of 30.0 seconds
DEBUG: Successfully spawned Perl process
DEBUG: Starting execution loop for Perl process
DEBUG: Execution loop iteration, elapsed: 1.511µs
DEBUG: Execution loop iteration, elapsed: 100.831292ms
DEBUG: Perl process completed with status: ExitStatus(unix_wait_status(0))
DEBUG: Perl execution completed, duration: 141.270088ms, timed_out: false
DEBUG: Ending Perl execution with timeout manager
DEBUG: Timeout manager completed PerlExecution successfully
DEBUG: Test completed, comparing outputs
DEBUG: Shell stdout length: 2154, Translated stdout length: 2154
DEBUG: Shell stderr length: 0, Translated stderr length: 0
DEBUG: Shell exit: 0, Translated exit: 0
DEBUG: stdout_match: true, stderr_match: true, exit_code_match: true
DEBUG: timed_out: false
DEBUG: Test success: true
DEBUG: failure_reason: ''
DEBUG: Test execution completed in 4774ms
✓Test 7/146: 000__04d_system_utilities.sh with perl     DEBUG: Starting test execution for examples/000__04d_system_utilities.sh with generator perl
DEBUG: Running shell script: examples/000__04d_system_utilities.sh
DEBUG: Timeout manager starting ShellExecution with timeout of 120.0 seconds
DEBUG: Timeout manager completed ShellExecution successfully
DEBUG: Shell script completed in 1.04s
DEBUG: Shell script execution completed, now starting Perl generation
DEBUG: Setting original script name to: 000__04d_system_utilities.sh
DEBUG: generate_pipeline_for_substitution called
DEBUG: Pipeline has 2 commands
DEBUG: Processing 2-command pipeline
DEBUG: Perl code generated, length: 1643 characters
DEBUG: check_perl_no_open3_builtins called with 1643 characters
DEBUG: check_perl_no_system_builtins called with 1643 characters
DEBUG: About to start translated program execution
DEBUG: About to execute Perl command: ["perl", "/tmp/__tmp_test_output.pl"]
DEBUG: Perl code length: 1643 characters
DEBUG: First 200 characters of Perl code:
#!/usr/bin/env perl
use strict;
use warnings;
use Carp;
use English qw(-no_match_vars);
use locale;
select((select(STDOUT), $| = 1)[0]);
use IPC::Open3;

my $main_exit_code = 0;
my $ls_success     = 0
DEBUG: Saved Perl code to debug_perl_code.pl
DEBUG: Starting Perl execution with timeout manager
DEBUG: Timeout manager starting PerlExecution with timeout of 30.0 seconds
DEBUG: Successfully spawned Perl process
DEBUG: Starting execution loop for Perl process
DEBUG: Execution loop iteration, elapsed: 1.792µs
DEBUG: Execution loop iteration, elapsed: 100.837861ms
DEBUG: Perl process completed with status: ExitStatus(unix_wait_status(0))
DEBUG: Perl execution completed, duration: 1.038280827s, timed_out: false
DEBUG: Ending Perl execution with timeout manager
DEBUG: Timeout manager completed PerlExecution successfully
DEBUG: Test completed, comparing outputs
DEBUG: Shell stdout length: 149, Translated stdout length: 149
DEBUG: Shell stderr length: 0, Translated stderr length: 84
DEBUG: Shell exit: 0, Translated exit: 0
DEBUG: stdout_match: true, stderr_match: false, exit_code_match: true
DEBUG: timed_out: false
DEBUG: Test success: true
DEBUG: failure_reason: ''
DEBUG: Test execution completed in 5101ms
✓Test 8/146: 000__04e_file_manipulation.sh with perl     DEBUG: Starting test execution for examples/000__04e_file_manipulation.sh with generator perl
DEBUG: Running shell script: examples/000__04e_file_manipulation.sh
DEBUG: Timeout manager starting ShellExecution with timeout of 120.0 seconds
DEBUG: Timeout manager completed ShellExecution successfully
DEBUG: Shell script completed in 0.12s
DEBUG: Shell script execution completed, now starting Perl generation
DEBUG: Setting original script name to: 000__04e_file_manipulation.sh
DEBUG: words.rs - Using native cp implementation for command substitution
DEBUG: words.rs - Using native mv implementation for command substitution
DEBUG: words.rs - Using native rm implementation for command substitution
DEBUG: words.rs - Using native mkdir implementation for command substitution
DEBUG: words.rs - Using native touch implementation for command substitution
DEBUG: Perl code generated, length: 18522 characters
DEBUG: check_perl_no_open3_builtins called with 18522 characters
DEBUG: check_perl_no_system_builtins called with 18522 characters
DEBUG: About to start translated program execution
DEBUG: About to execute Perl command: ["perl", "/tmp/__tmp_test_output.pl"]
DEBUG: Perl code length: 18522 characters
DEBUG: First 200 characters of Perl code:
#!/usr/bin/env perl
use strict;
use warnings;
use Carp;
use English qw(-no_match_vars);
use locale;
select((select(STDOUT), $| = 1)[0]);
use IPC::Open3;
use File::Path qw(make_path remove_tree);
use F
DEBUG: Saved Perl code to debug_perl_code.pl
DEBUG: Starting Perl execution with timeout manager
DEBUG: Timeout manager starting PerlExecution with timeout of 30.0 seconds
DEBUG: Successfully spawned Perl process
DEBUG: Starting execution loop for Perl process
DEBUG: Execution loop iteration, elapsed: 1.604µs
DEBUG: Execution loop iteration, elapsed: 100.771513ms
DEBUG: Perl process completed with status: ExitStatus(unix_wait_status(0))
DEBUG: Perl execution completed, duration: 100.859534ms, timed_out: false
DEBUG: Ending Perl execution with timeout manager
DEBUG: Timeout manager completed PerlExecution successfully
DEBUG: Test completed, comparing outputs
DEBUG: Shell stdout length: 360, Translated stdout length: 360
DEBUG: Shell stderr length: 0, Translated stderr length: 0
DEBUG: Shell exit: 0, Translated exit: 0
DEBUG: stdout_match: true, stderr_match: true, exit_code_match: true
DEBUG: timed_out: false
DEBUG: Test success: true
DEBUG: failure_reason: ''
DEBUG: Test execution completed in 3296ms
✓Test 9/146: 000__04f_output_formatting.sh with perl     DEBUG: Starting test execution for examples/000__04f_output_formatting.sh with generator perl
DEBUG: Running shell script: examples/000__04f_output_formatting.sh
DEBUG: Timeout manager starting ShellExecution with timeout of 120.0 seconds
DEBUG: Timeout manager completed ShellExecution successfully
DEBUG: Shell script completed in 0.03s
DEBUG: Shell script execution completed, now starting Perl generation
DEBUG: Setting original script name to: 000__04f_output_formatting.sh
DEBUG: generate_pipeline_for_substitution called
DEBUG: Pipeline has 2 commands
DEBUG: Processing 2-command pipeline
DEBUG: Perl code generated, length: 2146 characters
DEBUG: check_perl_no_open3_builtins called with 2146 characters
DEBUG: check_perl_no_system_builtins called with 2146 characters
DEBUG: About to start translated program execution
DEBUG: About to execute Perl command: ["perl", "/tmp/__tmp_test_output.pl"]
DEBUG: Perl code length: 2146 characters
DEBUG: First 200 characters of Perl code:
#!/usr/bin/env perl
use strict;
use warnings;
use Carp;
use English qw(-no_match_vars);
use locale;
select((select(STDOUT), $| = 1)[0]);
use IPC::Open3;
use File::Path qw(make_path remove_tree);

my $
DEBUG: Saved Perl code to debug_perl_code.pl
DEBUG: Starting Perl execution with timeout manager
DEBUG: Timeout manager starting PerlExecution with timeout of 30.0 seconds
DEBUG: Successfully spawned Perl process
DEBUG: Starting execution loop for Perl process
DEBUG: Execution loop iteration, elapsed: 1.792µs
DEBUG: Perl process completed with status: ExitStatus(unix_wait_status(0))
DEBUG: Perl execution completed, duration: 40.385758ms, timed_out: false
DEBUG: Ending Perl execution with timeout manager
DEBUG: Timeout manager completed PerlExecution successfully
DEBUG: Test completed, comparing outputs
DEBUG: Shell stdout length: 184, Translated stdout length: 184
DEBUG: Shell stderr length: 0, Translated stderr length: 0
DEBUG: Shell exit: 0, Translated exit: 0
DEBUG: stdout_match: true, stderr_match: true, exit_code_match: true
DEBUG: timed_out: false
DEBUG: Test success: true
DEBUG: failure_reason: ''
DEBUG: Test execution completed in 3053ms
✓DEBUG: Progress: 10/146 tests completed (6.8%)
Test 10/146: 000__04g_checksum_commands.sh with perl     DEBUG: Starting test execution for examples/000__04g_checksum_commands.sh with generator perl
DEBUG: Running shell script: examples/000__04g_checksum_commands.sh
DEBUG: Timeout manager starting ShellExecution with timeout of 120.0 seconds
DEBUG: Timeout manager completed ShellExecution successfully
DEBUG: Shell script completed in 0.06s
DEBUG: Shell script execution completed, now starting Perl generation
DEBUG: Setting original script name to: 000__04g_checksum_commands.sh
DEBUG: words.rs - Using native sha256sum implementation for command substitution
DEBUG: words.rs - Using native sha512sum implementation for command substitution
DEBUG: generate_pipeline_for_substitution called
DEBUG: Pipeline has 2 commands
DEBUG: Processing 2-command pipeline
DEBUG: Perl code generated, length: 4516 characters
DEBUG: check_perl_no_open3_builtins called with 4516 characters
DEBUG: check_perl_no_system_builtins called with 4516 characters
DEBUG: About to start translated program execution
DEBUG: About to execute Perl command: ["perl", "/tmp/__tmp_test_output.pl"]
DEBUG: Perl code length: 4516 characters
DEBUG: First 200 characters of Perl code:
#!/usr/bin/env perl
use strict;
use warnings;
use Carp;
use English qw(-no_match_vars);
use locale;
select((select(STDOUT), $| = 1)[0]);
use IPC::Open3;
use Digest::SHA   qw(sha256_hex sha512_hex);
us
DEBUG: Saved Perl code to debug_perl_code.pl
DEBUG: Starting Perl execution with timeout manager
DEBUG: Timeout manager starting PerlExecution with timeout of 30.0 seconds
DEBUG: Successfully spawned Perl process
DEBUG: Starting execution loop for Perl process
DEBUG: Execution loop iteration, elapsed: 1.793µs
DEBUG: Perl process completed with status: ExitStatus(unix_wait_status(0))
DEBUG: Perl execution completed, duration: 50.533967ms, timed_out: false
DEBUG: Ending Perl execution with timeout manager
DEBUG: Timeout manager completed PerlExecution successfully
DEBUG: Test completed, comparing outputs
DEBUG: Shell stdout length: 339, Translated stdout length: 339
DEBUG: Shell stderr length: 49, Translated stderr length: 49
DEBUG: Shell exit: 0, Translated exit: 0
DEBUG: stdout_match: true, stderr_match: true, exit_code_match: true
DEBUG: timed_out: false
DEBUG: Test success: true
DEBUG: failure_reason: ''
DEBUG: Test execution completed in 3398ms
✓Test 11/146: 000__04h_complex_examples.sh with perl     DEBUG: Starting test execution for examples/000__04h_complex_examples.sh with generator perl
DEBUG: Running shell script: examples/000__04h_complex_examples.sh
DEBUG: Timeout manager starting ShellExecution with timeout of 120.0 seconds
DEBUG: Timeout manager completed ShellExecution successfully
DEBUG: Shell script completed in 0.39s
DEBUG: Shell script execution completed, now starting Perl generation
DEBUG: Starting parse_array_elements
DEBUG: Skipping opening parenthesis
DEBUG: Loop 1: token = Some(BacktickString), current_element = ''
DEBUG: Found other token: '`ls -1 *.sh examples/*.sh 2>/dev/null`'
DEBUG: Loop 2: token = Some(ParenClose), current_element = '`ls -1 *.sh examples/*.sh 2>/dev/null`'
DEBUG: Found closing parenthesis, adding current_element: '`ls -1 *.sh examples/*.sh 2>/dev/null`'
DEBUG: Final elements: ["`ls -1 *.sh examples/*.sh 2>/dev/null`"]
DEBUG: Setting original script name to: 000__04h_complex_examples.sh
DEBUG: generate_pipeline_for_substitution called
DEBUG: Pipeline has 2 commands
DEBUG: Processing 2-command pipeline
DEBUG: generate_pipeline_for_substitution called
DEBUG: Pipeline has 2 commands
DEBUG: Processing 2-command pipeline
DEBUG: Processing Assignment command: current_user = CommandSubstitution(Simple(SimpleCommand { name: Literal("echo", None), args: [Literal("root", None)], redirects: [], env_vars: {}, stdout_used: true, stderr_used: true }), None)
DEBUG: Processing Assignment command: system_name = Literal("Darwin", None)
DEBUG: Generating function body for get_file_size
DEBUG: Function body commands: [BuiltinCommand(BuiltinCommand { name: "local", args: [Literal("file=$1", None)], redirects: [], env_vars: {}, stdout_used: true, stderr_used: true }), BuiltinCommand(BuiltinCommand { name: "local", args: [Literal("size=", None), CommandSubstitution(Simple(SimpleCommand { name: Literal("wc", None), args: [Literal("-c", None)], redirects: [Redirect { fd: None, operator: Input, target: StringInterpolation(StringInterpolation { parts: [Variable("file")] }, None), heredoc_body: None }], env_vars: {}, stdout_used: true, stderr_used: true }), None)], redirects: [], env_vars: {}, stdout_used: true, stderr_used: true }), Simple(SimpleCommand { name: Literal("echo", None), args: [StringInterpolation(StringInterpolation { parts: [Literal("File "), Variable("file"), Literal(" has "), Variable("size"), Literal(" bytes")] }, None)], redirects: [], env_vars: {}, stdout_used: true, stderr_used: true })]
DEBUG: comm command detected, checking for process substitution
DEBUG: comm command has process substitution redirects
DEBUG: Using builtin comm command generator for process substitution
DEBUG: Processing tr command in command substitution with args: [Literal("a-z", None), Literal("A-Z", None)]
DEBUG: Processing perl command in command substitution with args: [Literal("-e", None), Literal("print \"Hello from Perl\\n\"", None)]
DEBUG: Perl code generated, length: 10382 characters
DEBUG: check_perl_no_open3_builtins called with 10382 characters
DEBUG: check_perl_no_system_builtins called with 10382 characters
DEBUG: About to start translated program execution
DEBUG: About to execute Perl command: ["perl", "/tmp/__tmp_test_output.pl"]
DEBUG: Perl code length: 10382 characters
DEBUG: First 200 characters of Perl code:
#!/usr/bin/env perl
use strict;
use warnings;
use Carp;
use English qw(-no_match_vars);
use locale;
select((select(STDOUT), $| = 1)[0]);
use IPC::Open3;
use File::Path qw(make_path remove_tree);
sub c
DEBUG: Saved Perl code to debug_perl_code.pl
DEBUG: Starting Perl execution with timeout manager
DEBUG: Timeout manager starting PerlExecution with timeout of 30.0 seconds
DEBUG: Successfully spawned Perl process
DEBUG: Starting execution loop for Perl process
DEBUG: Execution loop iteration, elapsed: 2.172µs
DEBUG: Execution loop iteration, elapsed: 100.717204ms
DEBUG: Perl process completed with status: ExitStatus(unix_wait_status(0))
DEBUG: Perl execution completed, duration: 211.881238ms, timed_out: false
DEBUG: Ending Perl execution with timeout manager
DEBUG: Timeout manager completed PerlExecution successfully
DEBUG: Test completed, comparing outputs
DEBUG: Shell stdout length: 5202, Translated stdout length: 5202
DEBUG: Shell stderr length: 0, Translated stderr length: 0
DEBUG: Shell exit: 0, Translated exit: 0
DEBUG: stdout_match: true, stderr_match: true, exit_code_match: true
DEBUG: timed_out: false
DEBUG: Test success: true
DEBUG: failure_reason: ''
DEBUG: Test execution completed in 3842ms
✓Test 12/146: 000__05_system_utilities.sh with perl     DEBUG: Starting test execution for examples/000__05_system_utilities.sh with generator perl
DEBUG: Running shell script: examples/000__05_system_utilities.sh
DEBUG: Timeout manager starting ShellExecution with timeout of 120.0 seconds
DEBUG: Timeout manager completed ShellExecution successfully
DEBUG: Shell script completed in 0.03s
DEBUG: Shell script execution completed, now starting Perl generation
DEBUG: Setting original script name to: 000__05_system_utilities.sh
DEBUG: generate_pipeline_for_substitution called
DEBUG: Pipeline has 2 commands
DEBUG: Processing 2-command pipeline
DEBUG: Perl code generated, length: 1138 characters
DEBUG: check_perl_no_open3_builtins called with 1138 characters
DEBUG: check_perl_no_system_builtins called with 1138 characters
DEBUG: About to start translated program execution
DEBUG: About to execute Perl command: ["perl", "/tmp/__tmp_test_output.pl"]
DEBUG: Perl code length: 1138 characters
DEBUG: First 200 characters of Perl code:
#!/usr/bin/env perl
use strict;
use warnings;
use Carp;
use English qw(-no_match_vars);
use locale;
select((select(STDOUT), $| = 1)[0]);
use IPC::Open3;

my $main_exit_code = 0;
my $ls_success     = 0
DEBUG: Saved Perl code to debug_perl_code.pl
DEBUG: Starting Perl execution with timeout manager
DEBUG: Timeout manager starting PerlExecution with timeout of 30.0 seconds
DEBUG: Successfully spawned Perl process
DEBUG: Starting execution loop for Perl process
DEBUG: Execution loop iteration, elapsed: 1.605µs
DEBUG: Perl process completed with status: ExitStatus(unix_wait_status(0))
DEBUG: Perl execution completed, duration: 30.365819ms, timed_out: false
DEBUG: Ending Perl execution with timeout manager
DEBUG: Timeout manager completed PerlExecution successfully
DEBUG: Test completed, comparing outputs
DEBUG: Shell stdout length: 89, Translated stdout length: 89
DEBUG: Shell stderr length: 0, Translated stderr length: 0
DEBUG: Shell exit: 0, Translated exit: 0
DEBUG: stdout_match: true, stderr_match: true, exit_code_match: true
DEBUG: timed_out: false
DEBUG: Test success: true
DEBUG: failure_reason: ''
DEBUG: Test execution completed in 3272ms
✓Test 13/146: 000__06_text_processing_commands.sh with perl     DEBUG: Starting test execution for examples/000__06_text_processing_commands.sh with generator perl
DEBUG: Running shell script: examples/000__06_text_processing_commands.sh
DEBUG: Timeout manager starting ShellExecution with timeout of 120.0 seconds
DEBUG: Timeout manager completed ShellExecution successfully
DEBUG: Shell script completed in 0.22s
DEBUG: Shell script execution completed, now starting Perl generation
DEBUG: Setting original script name to: 000__06_text_processing_commands.sh
DEBUG: generate_pipeline_for_substitution called
DEBUG: Pipeline has 2 commands
DEBUG: Processing 2-command pipeline
DEBUG: generate_pipeline_for_substitution called
DEBUG: Pipeline has 2 commands
DEBUG: Processing 2-command pipeline
DEBUG: generate_pipeline_for_substitution called
DEBUG: Pipeline has 2 commands
DEBUG: Processing 2-command pipeline
DEBUG: generate_pipeline_for_substitution called
DEBUG: Pipeline has 2 commands
DEBUG: Processing 2-command pipeline
DEBUG: generate_pipeline_for_substitution called
DEBUG: Pipeline has 2 commands
DEBUG: Processing 2-command pipeline
DEBUG: generate_pipeline_for_substitution called
DEBUG: Pipeline has 2 commands
DEBUG: Processing 2-command pipeline
DEBUG: generate_pipeline_for_substitution called
DEBUG: Pipeline has 2 commands
DEBUG: Processing 2-command pipeline
DEBUG: generate_pipeline_for_substitution called
DEBUG: Pipeline has 2 commands
DEBUG: Processing 2-command pipeline
DEBUG: generate_pipeline_for_substitution called
DEBUG: Pipeline has 2 commands
DEBUG: Processing 2-command pipeline
DEBUG: generate_pipeline_for_substitution called
DEBUG: Pipeline has 2 commands
DEBUG: Processing 2-command pipeline
DEBUG: generate_pipeline_for_substitution called
DEBUG: Pipeline has 2 commands
DEBUG: Processing 2-command pipeline
DEBUG: comm command detected, checking for process substitution
DEBUG: comm command has no process substitution, using dedicated implementation
DEBUG: Processing diff command in command substitution with args: [Literal("file1.txt", None), Literal("file2.txt", None)]
DEBUG: generate_pipeline_for_substitution called
DEBUG: Pipeline has 2 commands
DEBUG: Processing 2-command pipeline
DEBUG: generate_pipeline_for_substitution called
DEBUG: Pipeline has 2 commands
DEBUG: Processing 2-command pipeline
DEBUG: Perl code generated, length: 18207 characters
DEBUG: check_perl_no_open3_builtins called with 18207 characters
DEBUG: check_perl_no_system_builtins called with 18207 characters
DEBUG: About to start translated program execution
DEBUG: About to execute Perl command: ["perl", "/tmp/__tmp_test_output.pl"]
DEBUG: Perl code length: 18207 characters
DEBUG: First 200 characters of Perl code:
#!/usr/bin/env perl
use strict;
use warnings;
use Carp;
use English qw(-no_match_vars);
use locale;
select((select(STDOUT), $| = 1)[0]);
use IPC::Open3;
use File::Path qw(make_path remove_tree);

my $
DEBUG: Saved Perl code to debug_perl_code.pl
DEBUG: Starting Perl execution with timeout manager
DEBUG: Timeout manager starting PerlExecution with timeout of 30.0 seconds
DEBUG: Successfully spawned Perl process
DEBUG: Starting execution loop for Perl process
DEBUG: Execution loop iteration, elapsed: 1.791µs
DEBUG: Execution loop iteration, elapsed: 100.909187ms
DEBUG: Perl process completed with status: ExitStatus(unix_wait_status(0))
DEBUG: Perl execution completed, duration: 111.144768ms, timed_out: false
DEBUG: Ending Perl execution with timeout manager
DEBUG: Timeout manager completed PerlExecution successfully
DEBUG: Test completed, comparing outputs
DEBUG: Shell stdout length: 454, Translated stdout length: 454
DEBUG: Shell stderr length: 88, Translated stderr length: 88
DEBUG: Shell exit: 0, Translated exit: 0
DEBUG: stdout_match: true, stderr_match: true, exit_code_match: true
DEBUG: timed_out: false
DEBUG: Test success: true
DEBUG: failure_reason: ''
DEBUG: Test execution completed in 3425ms
✓Test 14/146: 000__07_find_path_commands.sh with perl     DEBUG: Starting test execution for examples/000__07_find_path_commands.sh with generator perl
DEBUG: Running shell script: examples/000__07_find_path_commands.sh
DEBUG: Timeout manager starting ShellExecution with timeout of 120.0 seconds
DEBUG: Timeout manager completed ShellExecution successfully
DEBUG: Shell script completed in 0.02s
DEBUG: Shell script execution completed, now starting Perl generation
DEBUG: Setting original script name to: 000__07_find_path_commands.sh
DEBUG: generate_find_command called with generate_output: true, input_var: 'found_files'
DEBUG: Using generate_find_for_substitution with input_var: 'found_files'
DEBUG: Perl code generated, length: 820 characters
DEBUG: check_perl_no_open3_builtins called with 820 characters
DEBUG: check_perl_no_system_builtins called with 820 characters
DEBUG: About to start translated program execution
DEBUG: About to execute Perl command: ["perl", "/tmp/__tmp_test_output.pl"]
DEBUG: Perl code length: 820 characters
DEBUG: First 200 characters of Perl code:
#!/usr/bin/env perl
use strict;
use warnings;
use Carp;
use English qw(-no_match_vars);
use locale;
select((select(STDOUT), $| = 1)[0]);
use IPC::Open3;

my $main_exit_code = 0;
my $ls_success     = 0
DEBUG: Saved Perl code to debug_perl_code.pl
DEBUG: Starting Perl execution with timeout manager
DEBUG: Timeout manager starting PerlExecution with timeout of 30.0 seconds
DEBUG: Successfully spawned Perl process
DEBUG: Starting execution loop for Perl process
DEBUG: Execution loop iteration, elapsed: 1.791µs
DEBUG: Execution loop iteration, elapsed: 100.889013ms
DEBUG: Perl process completed with status: ExitStatus(unix_wait_status(0))
DEBUG: Perl execution completed, duration: 312.65875ms, timed_out: false
DEBUG: Ending Perl execution with timeout manager
DEBUG: Timeout manager completed PerlExecution successfully
DEBUG: Test completed, comparing outputs
DEBUG: Shell stdout length: 4582, Translated stdout length: 4582
DEBUG: Shell stderr length: 0, Translated stderr length: 0
DEBUG: Shell exit: 0, Translated exit: 0
DEBUG: stdout_match: true, stderr_match: true, exit_code_match: true
DEBUG: timed_out: false
DEBUG: Test success: true
DEBUG: failure_reason: ''
DEBUG: Test execution completed in 3508ms
✓DEBUG: Progress: 15/146 tests completed (10.3%)
Test 15/146: 001_simple.sh with perl     DEBUG: Starting test execution for examples/001_simple.sh with generator perl
DEBUG: Running shell script: examples/001_simple.sh
DEBUG: Timeout manager starting ShellExecution with timeout of 120.0 seconds
DEBUG: Timeout manager completed ShellExecution successfully
DEBUG: Shell script completed in 0.02s
DEBUG: Shell script execution completed, now starting Perl generation
DEBUG: Setting original script name to: 001_simple.sh
DEBUG: Perl code generated, length: 442 characters
DEBUG: check_perl_no_open3_builtins called with 442 characters
DEBUG: check_perl_no_system_builtins called with 442 characters
DEBUG: About to start translated program execution
DEBUG: About to execute Perl command: ["perl", "/tmp/__tmp_test_output.pl"]
DEBUG: Perl code length: 442 characters
DEBUG: First 200 characters of Perl code:
#!/usr/bin/env perl
use strict;
use warnings;
use Carp;
use English qw(-no_match_vars);
use locale;
select((select(STDOUT), $| = 1)[0]);
use IPC::Open3;

my $main_exit_code = 0;
my $ls_success     = 0
DEBUG: Saved Perl code to debug_perl_code.pl
DEBUG: Starting Perl execution with timeout manager
DEBUG: Timeout manager starting PerlExecution with timeout of 30.0 seconds
DEBUG: Successfully spawned Perl process
DEBUG: Starting execution loop for Perl process
DEBUG: Execution loop iteration, elapsed: 1.599µs
DEBUG: Perl process completed with status: ExitStatus(unix_wait_status(0))
DEBUG: Perl execution completed, duration: 20.248485ms, timed_out: false
DEBUG: Ending Perl execution with timeout manager
DEBUG: Timeout manager completed PerlExecution successfully
DEBUG: Test completed, comparing outputs
DEBUG: Shell stdout length: 23, Translated stdout length: 23
DEBUG: Shell stderr length: 0, Translated stderr length: 0
DEBUG: Shell exit: 0, Translated exit: 0
DEBUG: stdout_match: true, stderr_match: true, exit_code_match: true
DEBUG: timed_out: false
DEBUG: Test success: true
DEBUG: failure_reason: ''
DEBUG: Test execution completed in 3281ms
✓Test 16/146: 002_control_flow.sh with perl     DEBUG: Starting test execution for examples/002_control_flow.sh with generator perl
DEBUG: Running shell script: examples/002_control_flow.sh
DEBUG: Timeout manager starting ShellExecution with timeout of 120.0 seconds
DEBUG: Timeout manager completed ShellExecution successfully
DEBUG: Shell script completed in 0.02s
DEBUG: Shell script execution completed, now starting Perl generation
DEBUG: Setting original script name to: 002_control_flow.sh
DEBUG: Processing Assignment command: i = Arithmetic(ArithmeticExpression { expression: "i + 1", tokens: [] }, None)
DEBUG: Generating function body for greet
DEBUG: Function body commands: [Simple(SimpleCommand { name: Literal("echo", None), args: [StringInterpolation(StringInterpolation { parts: [Literal("Hello, "), Variable("1"), Literal("!")] }, None)], redirects: [], env_vars: {}, stdout_used: true, stderr_used: true })]
DEBUG: Perl code generated, length: 934 characters
DEBUG: check_perl_no_open3_builtins called with 934 characters
DEBUG: check_perl_no_system_builtins called with 934 characters
DEBUG: About to start translated program execution
DEBUG: About to execute Perl command: ["perl", "/tmp/__tmp_test_output.pl"]
DEBUG: Perl code length: 934 characters
DEBUG: First 200 characters of Perl code:
#!/usr/bin/env perl
use strict;
use warnings;
use Carp;
use English qw(-no_match_vars);
use locale;
select((select(STDOUT), $| = 1)[0]);
use IPC::Open3;

my $main_exit_code = 0;
my $ls_success     = 0
DEBUG: Saved Perl code to debug_perl_code.pl
DEBUG: Starting Perl execution with timeout manager
DEBUG: Timeout manager starting PerlExecution with timeout of 30.0 seconds
DEBUG: Successfully spawned Perl process
DEBUG: Starting execution loop for Perl process
DEBUG: Execution loop iteration, elapsed: 2.069µs
DEBUG: Perl process completed with status: ExitStatus(unix_wait_status(0))
DEBUG: Perl execution completed, duration: 30.253291ms, timed_out: false
DEBUG: Ending Perl execution with timeout manager
DEBUG: Timeout manager completed PerlExecution successfully
DEBUG: Test completed, comparing outputs
DEBUG: Shell stdout length: 138, Translated stdout length: 138
DEBUG: Shell stderr length: 0, Translated stderr length: 0
DEBUG: Shell exit: 0, Translated exit: 0
DEBUG: stdout_match: true, stderr_match: true, exit_code_match: true
DEBUG: timed_out: false
DEBUG: Test success: true
DEBUG: failure_reason: ''
DEBUG: Test execution completed in 3590ms
✓Test 17/146: 003_pipeline.sh with perl     DEBUG: Starting test execution for examples/003_pipeline.sh with generator perl
DEBUG: Running shell script: examples/003_pipeline.sh
DEBUG: Timeout manager starting ShellExecution with timeout of 120.0 seconds
DEBUG: Timeout manager completed ShellExecution successfully
DEBUG: Shell script completed in 0.42s
DEBUG: Shell script execution completed, now starting Perl generation
DEBUG: Setting original script name to: 003_pipeline.sh
DEBUG: Perl code generated, length: 9890 characters
DEBUG: check_perl_no_open3_builtins called with 9890 characters
DEBUG: check_perl_no_system_builtins called with 9890 characters
DEBUG: About to start translated program execution
DEBUG: About to execute Perl command: ["perl", "/tmp/__tmp_test_output.pl"]
DEBUG: Perl code length: 9890 characters
DEBUG: First 200 characters of Perl code:
#!/usr/bin/env perl
use strict;
use warnings;
use Carp;
use English qw(-no_match_vars);
use locale;
select((select(STDOUT), $| = 1)[0]);
use IPC::Open3;

my $main_exit_code = 0;
my $ls_success     = 0
DEBUG: Saved Perl code to debug_perl_code.pl
DEBUG: Starting Perl execution with timeout manager
DEBUG: Timeout manager starting PerlExecution with timeout of 30.0 seconds
DEBUG: Successfully spawned Perl process
DEBUG: Starting execution loop for Perl process
DEBUG: Execution loop iteration, elapsed: 1.128µs
DEBUG: Execution loop iteration, elapsed: 100.842171ms
DEBUG: Perl process completed with status: ExitStatus(unix_wait_status(256))
DEBUG: Perl execution completed, duration: 767.275384ms, timed_out: false
DEBUG: Ending Perl execution with timeout manager
DEBUG: Timeout manager completed PerlExecution successfully
DEBUG: Test completed, comparing outputs
DEBUG: Shell stdout length: 593, Translated stdout length: 593
DEBUG: Shell stderr length: 122, Translated stderr length: 122
DEBUG: Shell exit: 1, Translated exit: 1
DEBUG: stdout_match: true, stderr_match: true, exit_code_match: true
DEBUG: timed_out: false
DEBUG: Test success: true
DEBUG: failure_reason: ''
DEBUG: Test execution completed in 4807ms
✓Test 18/146: 004_test_quoted.sh with perl     DEBUG: Starting test execution for examples/004_test_quoted.sh with generator perl
DEBUG: Running shell script: examples/004_test_quoted.sh
DEBUG: Timeout manager starting ShellExecution with timeout of 120.0 seconds
DEBUG: Timeout manager completed ShellExecution successfully
DEBUG: Shell script completed in 0.02s
DEBUG: Shell script execution completed, now starting Perl generation
DEBUG: Setting original script name to: 004_test_quoted.sh
DEBUG: Perl code generated, length: 380 characters
DEBUG: check_perl_no_open3_builtins called with 380 characters
DEBUG: check_perl_no_system_builtins called with 380 characters
DEBUG: About to start translated program execution
DEBUG: About to execute Perl command: ["perl", "/tmp/__tmp_test_output.pl"]
DEBUG: Perl code length: 380 characters
DEBUG: First 200 characters of Perl code:
#!/usr/bin/env perl
use strict;
use warnings;
use Carp;
use English qw(-no_match_vars);
use locale;
select((select(STDOUT), $| = 1)[0]);
use IPC::Open3;

my $main_exit_code = 0;
my $ls_success     = 0
DEBUG: Saved Perl code to debug_perl_code.pl
DEBUG: Starting Perl execution with timeout manager
DEBUG: Timeout manager starting PerlExecution with timeout of 30.0 seconds
DEBUG: Successfully spawned Perl process
DEBUG: Starting execution loop for Perl process
DEBUG: Execution loop iteration, elapsed: 1.604µs
DEBUG: Perl process completed with status: ExitStatus(unix_wait_status(0))
DEBUG: Perl execution completed, duration: 20.325685ms, timed_out: false
DEBUG: Ending Perl execution with timeout manager
DEBUG: Timeout manager completed PerlExecution successfully
DEBUG: Test completed, comparing outputs
DEBUG: Shell stdout length: 84, Translated stdout length: 84
DEBUG: Shell stderr length: 0, Translated stderr length: 0
DEBUG: Shell exit: 0, Translated exit: 0
DEBUG: stdout_match: true, stderr_match: true, exit_code_match: true
DEBUG: timed_out: false
DEBUG: Test success: true
DEBUG: failure_reason: ''
DEBUG: Test execution completed in 3118ms
✓Test 19/146: 005_args.sh with perl     DEBUG: Starting test execution for examples/005_args.sh with generator perl
DEBUG: Running shell script: examples/005_args.sh
DEBUG: Timeout manager starting ShellExecution with timeout of 120.0 seconds
DEBUG: Timeout manager completed ShellExecution successfully
DEBUG: Shell script completed in 0.01s
DEBUG: Shell script execution completed, now starting Perl generation
DEBUG: Setting original script name to: 005_args.sh
DEBUG: Perl code generated, length: 582 characters
DEBUG: check_perl_no_open3_builtins called with 582 characters
DEBUG: check_perl_no_system_builtins called with 582 characters
DEBUG: About to start translated program execution
DEBUG: About to execute Perl command: ["perl", "/tmp/__tmp_test_output.pl"]
DEBUG: Perl code length: 582 characters
DEBUG: First 200 characters of Perl code:
#!/usr/bin/env perl
use strict;
use warnings;
use Carp;
use English qw(-no_match_vars);
use locale;
select((select(STDOUT), $| = 1)[0]);
use IPC::Open3;

my $main_exit_code = 0;
my $ls_success     = 0
DEBUG: Saved Perl code to debug_perl_code.pl
DEBUG: Starting Perl execution with timeout manager
DEBUG: Timeout manager starting PerlExecution with timeout of 30.0 seconds
DEBUG: Successfully spawned Perl process
DEBUG: Starting execution loop for Perl process
DEBUG: Execution loop iteration, elapsed: 2.077µs
DEBUG: Perl process completed with status: ExitStatus(unix_wait_status(0))
DEBUG: Perl execution completed, duration: 40.537275ms, timed_out: false
DEBUG: Ending Perl execution with timeout manager
DEBUG: Timeout manager completed PerlExecution successfully
DEBUG: Test completed, comparing outputs
DEBUG: Shell stdout length: 38, Translated stdout length: 38
DEBUG: Shell stderr length: 0, Translated stderr length: 0
DEBUG: Shell exit: 0, Translated exit: 0
DEBUG: stdout_match: true, stderr_match: true, exit_code_match: true
DEBUG: timed_out: false
DEBUG: Test success: true
DEBUG: failure_reason: ''
DEBUG: Test execution completed in 3385ms
✓DEBUG: Progress: 20/146 tests completed (13.7%)
Test 20/146: 006_misc.sh with perl     DEBUG: Starting test execution for examples/006_misc.sh with generator perl
DEBUG: Running shell script: examples/006_misc.sh
DEBUG: Timeout manager starting ShellExecution with timeout of 120.0 seconds
DEBUG: Timeout manager completed ShellExecution successfully
DEBUG: Shell script completed in 0.03s
