Starting test run at Sat, Sep 20, 2025 10:51:22 PM
Logging to: logs/fail_run_20250920_225122.log
Test arguments: 
----------------------------------------
Compiling debashc...
   Compiling debashl v0.1.0 (D:\GitHub\sh2perl)
error: unexpected closing delimiter: `}`
    --> src\generator\commands\pipeline_commands.rs:1083:17
     |
812  |                 let adjusted_filename = if !filename.contains('/') && !filename.starts_with('.') && filename != "\"\"" {
     |                                                                                                                        - this delimiter might not be properly closed...
...
821  |                                     }
     |                                     - ...as it matches this but it has different indentation
...
1083 |                 }
     |                 ^ unexpected closing delimiter

error: could not compile `debashl` (lib) due to 1 previous error
Running debashc with 300 second timeout...
Running: debashc test generation and execution
Command: ./target/debug/debashc.exe fail
Timeout: 300s
----------------------------------------
Running: debashc test generation and execution
Command: ./target/debug/debashc.exe fail
Timeout: 300s
----------------------------------------
True
Command timed out after 300s, killing process...
True
----------------------------------------
Command timed out with exit code: 124
----------------------------------------
Command timed out after 300s
----------------------------------------
Command completed with exit code: 124
----------------------------------------
