Starting test run at Sun, Sep 21, 2025 11:20:50 PM
Logging to: logs/fail_run_20250921_232050.log
Test arguments: 000__04d
----------------------------------------
Compiling debashc...
   Compiling debashl v0.1.0 (D:\GitHub\sh2perl)
warning: unused import: `regex::Regex`
 --> src\generator\commands\pipeline_commands.rs:4:5
  |
4 | use regex::Regex;
  |     ^^^^^^^^^^^^
  |
  = note: `#[warn(unused_imports)]` on by default

warning: unused import: `std::collections::HashMap`
 --> src\generator\redirects.rs:4:5
  |
4 | use std::collections::HashMap;
  |     ^^^^^^^^^^^^^^^^^^^^^^^^^

warning: unused doc comment
   --> src\timeout_manager.rs:282:1
    |
282 | /// Global timeout manager instance
    | ^^^^^^^^^^^^^^^^^^^^^^^^^^^^^^^^^^^ rustdoc does not generate documentation for macro invocations
    |
    = help: to document an item produced by a macro, the macro must produce the documentation as part of its expansion
    = note: `#[warn(unused_doc_comments)]` on by default

warning: unused variable: `glob_exprs`
  --> src\generator\commands\simple_commands.rs:38:45
   |
38 | ...                   let glob_exprs: Vec<String> = patterns.iter()
   |                           ^^^^^^^^^^ help: if this is intentional, prefix it with an underscore: `_glob_exprs`
   |
   = note: `#[warn(unused_variables)]` on by default

warning: unused variable: `i`
   --> src\generator\commands\pipeline_commands.rs:836:22
    |
836 |                 for (i, command) in pipeline.commands[start_index..].iter().enumerate() {
    |                      ^ help: if this is intentional, prefix it with an underscore: `_i`

warning: unused variable: `j`
   --> src\generator\commands\pipeline_commands.rs:850:34
    |
850 | ...                   for (j, nested_command) in nested_pipeline.commands.iter().enumerate() {
    |                            ^ help: if this is intentional, prefix it with an underscore: `_j`

warning: unused variable: `cmd`
  --> src\generator\commands\system_commands.rs:36:35
   |
36 |         Word::CommandSubstitution(cmd, _) => {
   |                                   ^^^ help: if this is intentional, prefix it with an underscore: `_cmd`

warning: unused variable: `output`
  --> src\generator\commands\find.rs:42:13
   |
42 |     let mut output = String::new();
   |             ^^^^^^ help: if this is intentional, prefix it with an underscore: `_output`

warning: variable does not need to be mutable
  --> src\generator\commands\find.rs:42:9
   |
42 |     let mut output = String::new();
   |         ----^^^^^^
   |         |
   |         help: remove this `mut`
   |
   = note: `#[warn(unused_mut)]` on by default

warning: unused variable: `input_var`
 --> src\generator\commands\comm.rs:7:5
  |
7 |     input_var: &str,
  |     ^^^^^^^^^ help: if this is intentional, prefix it with an underscore: `_input_var`

warning: unused variable: `command_str`
   --> src\generator\words.rs:564:37
    |
564 | ...                   let command_str = generator.word_to_perl(command);
    |                           ^^^^^^^^^^^ help: if this is intentional, prefix it with an underscore: `_command_str`

warning: unused variable: `s`
   --> src\generator\words.rs:851:23
    |
851 |         Word::Literal(s, _) => generator.perl_string_literal(word),
    |                       ^ help: if this is intentional, prefix it with an underscore: `_s`

warning: unused variable: `operation_handle`
   --> src\timeout_manager.rs:151:13
    |
151 |         let operation_handle = thread::spawn(move || {
    |             ^^^^^^^^^^^^^^^^ help: if this is intentional, prefix it with an underscore: `_operation_handle`

warning: unused variable: `operation_handle`
   --> src\timeout_manager.rs:194:13
    |
194 |         let operation_handle = thread::spawn(move || {
    |             ^^^^^^^^^^^^^^^^ help: if this is intentional, prefix it with an underscore: `_operation_handle`

warning: methods `parse_variable_expansion` and `parse_arithmetic_expression` are never used
    --> src\parser\commands.rs:1186:8
     |
  20 | impl Parser {
     | ----------- methods in this implementation
...
1186 |     fn parse_variable_expansion(&mut self) -> Result<Word, ParserError> {
     |        ^^^^^^^^^^^^^^^^^^^^^^^^
...
1255 |     fn parse_arithmetic_expression(&mut self) -> Result<Word, ParserError> {
     |        ^^^^^^^^^^^^^^^^^^^^^^^^^^^
     |
     = note: `#[warn(dead_code)]` on by default

warning: function `parse_command` is never used
    --> src\parser\control_flow.rs:1075:4
     |
1075 | fn parse_command(parser: &mut Parser) -> Result<Command, ParserError> {
     |    ^^^^^^^^^^^^^

warning: function `parse_assignment` is never used
    --> src\parser\control_flow.rs:1285:4
     |
1285 | fn parse_assignment(parser: &mut Parser) -> Result<Command, ParserError> {
     |    ^^^^^^^^^^^^^^^^

warning: function `parse_parameter_expansion` is never used
    --> src\parser\words.rs:1885:4
     |
1885 | fn parse_parameter_expansion(_lexer: &mut Lexer) -> Result<Word, ParserError> {
     |    ^^^^^^^^^^^^^^^^^^^^^^^^^

warning: function `escape_glob_pattern` is never used
 --> src\generator\commands\find.rs:4:4
  |
4 | fn escape_glob_pattern(pattern: &str) -> String {
  |    ^^^^^^^^^^^^^^^^^^^

warning: function `parse_size_to_bytes` is never used
   --> src\generator\commands\find.rs:188:4
    |
188 | fn parse_size_to_bytes(size_str: &str) -> u64 {
    |    ^^^^^^^^^^^^^^^^^^^

warning: function `generate_tr_linebyline_impl` is never used
  --> src\generator\commands\tr.rs:24:4
   |
24 | fn generate_tr_linebyline_impl(generator: &mut Generator, cmd: &SimpleCommand, input_var: &str, _command_index: &str) -> String {
   |    ^^^^^^^^^^^^^^^^^^^^^^^^^^^

warning: function `generate_tr_buffered_impl` is never used
  --> src\generator\commands\tr.rs:73:4
   |
73 | fn generate_tr_buffered_impl(generator: &mut Generator, cmd: &SimpleCommand, input_var: &str, command_index: &str) -> String {
   |    ^^^^^^^^^^^^^^^^^^^^^^^^^

warning: function `is_variable_used_after_for_loop` is never used
   --> src\generator\control_flow.rs:228:4
    |
228 | fn is_variable_used_after_for_loop(commands: &[Command], for_loop_var: &str, for_loop_index: usize) -> bool {
    |    ^^^^^^^^^^^^^^^^^^^^^^^^^^^^^^^

warning: fields `variable_usage` and `scope_depth` are never read
  --> src\variable_analysis.rs:8:5
   |
 6 | pub struct VariableUsageAnalyzer {
   |            --------------------- fields in this struct
 7 |     /// Maps variable names to their usage information
 8 |     variable_usage: HashMap<String, VariableUsageInfo>,
   |     ^^^^^^^^^^^^^^
 9 |     /// Current scope depth for tracking nested scopes
10 |     scope_depth: usize,
   |     ^^^^^^^^^^^
   |
   = note: `VariableUsageAnalyzer` has derived impls for the traits `Clone` and `Debug`, but these are intentionally ignored during dead code analysis

warning: `debashl` (lib) generated 24 warnings (run `cargo fix --lib -p debashl` to apply 3 suggestions)
warning: unused import: `execute_with_progress`
 --> src\testing.rs:9:67
  |
9 | use crate::timeout_manager::{OperationType, execute_with_timeout, execute_with_progress, 
  |                                                                   ^^^^^^^^^^^^^^^^^^^^^
  |
  = note: `#[warn(unused_imports)]` on by default

warning: unused import: `debashl::parser::errors::ParserError`
  --> src\testing.rs:16:5
   |
16 | use debashl::parser::errors::ParserError;
   |     ^^^^^^^^^^^^^^^^^^^^^^^^^^^^^^^^^^^^

warning: unused variable: `operation_handle`
  --> src\testing.rs:25:9
   |
25 |     let operation_handle = std::thread::spawn(move || {
   |         ^^^^^^^^^^^^^^^^ help: if this is intentional, prefix it with an underscore: `_operation_handle`
   |
   = note: `#[warn(unused_variables)]` on by default

warning: variable does not need to be mutable
    --> src\testing.rs:1160:9
     |
1160 |     let mut should_break = false;
     |         ----^^^^^^^^^^^^
     |         |
     |         help: remove this `mut`
     |
     = note: `#[warn(unused_mut)]` on by default

warning: unused variable: `overall_start`
    --> src\testing.rs:1369:9
     |
1369 |     let overall_start = std::time::Instant::now();
     |         ^^^^^^^^^^^^^ help: if this is intentional, prefix it with an underscore: `_overall_start`

warning: unused variable: `test_loop_start`
    --> src\testing.rs:1417:9
     |
1417 |     let test_loop_start = std::time::Instant::now();
     |         ^^^^^^^^^^^^^^^ help: if this is intentional, prefix it with an underscore: `_test_loop_start`

warning: unused variable: `should_break`
    --> src\testing.rs:1966:13
     |
1966 |     let mut should_break = false;
     |             ^^^^^^^^^^^^ help: if this is intentional, prefix it with an underscore: `_should_break`

warning: variable does not need to be mutable
    --> src\testing.rs:1966:9
     |
1966 |     let mut should_break = false;
     |         ----^^^^^^^^^^^^
     |         |
     |         help: remove this `mut`

warning: function `run_perl_script` is never used
  --> src\execution.rs:62:8
   |
62 | pub fn run_perl_script(script_path: &str) -> Result<std::process::Output, String> {
   |        ^^^^^^^^^^^^^^^
   |
   = note: `#[warn(dead_code)]` on by default

warning: function `extract_line_col` is never used
 --> src\utils.rs:4:8
  |
4 | pub fn extract_line_col(e: &dyn std::error::Error) -> Option<(usize, usize)> {
  |        ^^^^^^^^^^^^^^^^

warning: function `parse_line_col` is never used
  --> src\utils.rs:17:8
   |
17 | pub fn parse_line_col(s: &str) -> Option<(usize, usize)> {
   |        ^^^^^^^^^^^^^^

warning: function `caret_snippet` is never used
  --> src\utils.rs:25:8
   |
25 | pub fn caret_snippet(input: &str, line: usize, col: usize) -> Option<String> {
   |        ^^^^^^^^^^^^^

warning: function `with_timeout` is never used
  --> src\testing.rs:19:4
   |
19 | fn with_timeout<F, T>(timeout_secs: u64, operation: F) -> Result<T, String> 
   |    ^^^^^^^^^^^^

warning: fields `shell_duration` and `translated_duration` are never read
  --> src\testing.rs:52:9
   |
39 | pub struct TestResult {
   |            ---------- fields in this struct
...
52 |     pub shell_duration: std::time::Duration, // Shell execution time
   |         ^^^^^^^^^^^^^^
53 |     pub translated_duration: std::time::Duration, // Translated program execution time
   |         ^^^^^^^^^^^^^^^^^^^
   |
   = note: `TestResult` has a derived impl for the trait `Debug`, but this is intentionally ignored during dead code analysis

warning: function `test_file_equivalence_detailed` is never used
   --> src\testing.rs:552:8
    |
552 | pub fn test_file_equivalence_detailed(lang: &str, filename: &str, ast_options: Option<AstFormatOptions>) -> Result<TestResult, String> {
    |        ^^^^^^^^^^^^^^^^^^^^^^^^^^^^^^

warning: function `test_all_examples_next_fail` is never used
    --> src\testing.rs:1365:8
     |
1365 | pub fn test_all_examples_next_fail(generators: &[String], test_prefix: Option<String>, enable_perl_critic: bool) {
     |        ^^^^^^^^^^^^^^^^^^^^^^^^^^^

warning: function `extract_core_perl_logic` is never used
   --> src\cli_commands.rs:198:4
    |
198 | fn extract_core_perl_logic(perl_code: &str) -> String {
    |    ^^^^^^^^^^^^^^^^^^^^^^^

warning: function `export_mir_to_json` is never used
   --> src\cli_commands.rs:445:8
    |
445 | pub fn export_mir_to_json(input: &str, _optimize: bool) {
    |        ^^^^^^^^^^^^^^^^^^

warning: variants `Parsing`, `CodeGeneration`, `FileOperations`, `TestExecution`, and `DebugFreeze` are never constructed
  --> src\timeout_manager.rs:11:5
   |
 8 | pub enum OperationType {
   |          ------------- variants in this enum
...
11 |     Parsing,            // Parsing shell scripts
   |     ^^^^^^^
12 |     CodeGeneration,     // Generating Perl code
   |     ^^^^^^^^^^^^^^
13 |     FileOperations,     // File I/O operations
   |     ^^^^^^^^^^^^^^
14 |     TestExecution,      // Overall test execution
   |     ^^^^^^^^^^^^^
15 |     DebugFreeze,        // Debug freeze pause
   |     ^^^^^^^^^^^
   |
   = note: `OperationType` has derived impls for the traits `Clone` and `Debug`, but these are intentionally ignored during dead code analysis

warning: methods `set_freeze_duration` and `get_freeze_duration` are never used
  --> src\timeout_manager.rs:74:12
   |
51 | impl DebugFreezeManager {
   | ----------------------- methods in this implementation
...
74 |     pub fn set_freeze_duration(&mut self, duration: Duration) {
   |            ^^^^^^^^^^^^^^^^^^^
...
78 |     pub fn get_freeze_duration(&self) -> Duration {
   |            ^^^^^^^^^^^^^^^^^^^

warning: methods `set_timeout` and `execute_with_progress` are never used
   --> src\timeout_manager.rs:117:12
    |
 90 | impl TimeoutManager {
    | ------------------- methods in this implementation
...
117 |     pub fn set_timeout(&mut self, operation: OperationType, duration: Duration) {
    |            ^^^^^^^^^^^
...
178 |     pub fn execute_with_progress<F, T>(&self, operation: OperationType, operation_fn: F) -> Result<T, String>
    |            ^^^^^^^^^^^^^^^^^^^^^

warning: function `execute_with_progress` is never used
   --> src\timeout_manager.rs:302:8
    |
302 | pub fn execute_with_progress<F, T>(operation: OperationType, operation_fn: F) -> Result<T, String>
    |        ^^^^^^^^^^^^^^^^^^^^^

warning: `debashl` (bin "debashc") generated 25 warnings (3 duplicates) (run `cargo fix --bin "debashc"` to apply 4 suggestions)
    Finished `dev` profile [unoptimized + debuginfo] target(s) in 8.44s
Running debashc with fine-grained per-test timeouts...
Running: debashc test generation and execution
Command: ./target/debug/debashc.exe fail "000__04d"
Timeout: Per-test timeouts (30s shell, 10s parse, 5s generate)
----------------------------------------
Running ALL 146 examples (limited to 50 tests to prevent timeout)

DEBUG: Looking for prefix '000__04d'

Found example matching prefix '000__04d': 000__04d_system_utilities.sh

Running only the specified example
==================================================
DEBUG: Progress: 5/146 tests completed (3.4%)
Test 7/146: 000__04d_system_utilities.sh with perl     DEBUG: Starting test execution for examples\000__04d_system_utilities.sh with generator perl
DEBUG: Running shell script: examples\000__04d_system_utilities.sh
DEBUG: Timeout manager starting ShellExecution with timeout of 120.0 seconds
DEBUG: Timeout manager completed ShellExecution successfully
DEBUG: Shell script completed in 3.24s
DEBUG: Shell script execution completed, now starting Perl generation
DEBUG: Setting original script name to: 000__04d_system_utilities.sh
DEBUG: CommandSubstitution called with command: Simple(SimpleCommand { name: Literal("date", None), args: [Literal("+%rms", None)], redirects: [], env_vars: {}, stdout_used: true, stderr_used: true })
DEBUG: CommandSubstitution called with command: Simple(SimpleCommand { name: Literal("date", None), args: [Literal("+%Y-%m-%d %H", None)], redirects: [], env_vars: {}, stdout_used: true, stderr_used: true })
DEBUG: CommandSubstitution called with command: Simple(SimpleCommand { name: Literal("time", None), args: [Literal("sleep", None), Literal("1", None)], redirects: [Redirect { fd: Some(2), operator: StderrOutput, target: Literal("1", None), heredoc_body: None }], env_vars: {}, stdout_used: true, stderr_used: true })
DEBUG: CommandSubstitution called with command: Simple(SimpleCommand { name: Literal("echo", None), args: [Literal("2", None)], redirects: [], env_vars: {}, stdout_used: true, stderr_used: true })
DEBUG: CommandSubstitution called with command: Simple(SimpleCommand { name: Literal("which", None), args: [Literal("bash", None)], redirects: [], env_vars: {}, stdout_used: true, stderr_used: true })
DEBUG: CommandSubstitution called with command: Pipeline(Pipeline { commands: [Simple(SimpleCommand { name: Literal("yes", None), args: [StringInterpolation(StringInterpolation { parts: [Literal("Hello")] }, None)], redirects: [], env_vars: {}, stdout_used: true, stderr_used: true }), Simple(SimpleCommand { name: Literal("head", None), args: [Literal("-3", None)], redirects: [], env_vars: {}, stdout_used: true, stderr_used: true })], source_text: None, stdout_used: true, stderr_used: true })
DEBUG: generate_pipeline_for_substitution called
DEBUG: Perl code generated, length: 1903 characters
DEBUG: About to start translated program execution
DEBUG: About to execute Perl command: ["perl", "C:\\Users\\s_pam\\AppData\\Local\\Temp\\__tmp_test_output.pl"]
DEBUG: Perl code length: 1903 characters
DEBUG: First 200 characters of Perl code:
#!/usr/bin/env perl
use strict;
use warnings;
use Carp;
use English qw( -no_match_vars );
use locale;
use IPC::Open3;

my $main_exit_code = 0;
my $ls_success = 0;
our $CHILD_ERROR;

print "=== System 
DEBUG: Starting Perl execution with timeout manager
DEBUG: Timeout manager starting PerlExecution with timeout of 30.0 seconds
DEBUG: Successfully spawned Perl process
DEBUG: Starting execution loop for Perl process
DEBUG: Execution loop iteration, elapsed: 5µs
DEBUG: Execution loop iteration, elapsed: 10.5356ms
DEBUG: Execution loop iteration, elapsed: 20.6268ms
DEBUG: Execution loop iteration, elapsed: 31.1717ms
DEBUG: Execution loop iteration, elapsed: 42.7254ms
DEBUG: Execution loop iteration, elapsed: 53.2868ms
DEBUG: Execution loop iteration, elapsed: 64.3002ms
DEBUG: Execution loop iteration, elapsed: 75.0689ms
DEBUG: Execution loop iteration, elapsed: 85.4844ms
DEBUG: Execution loop iteration, elapsed: 96.7509ms
DEBUG: Execution loop iteration, elapsed: 107.8662ms
DEBUG: Execution loop iteration, elapsed: 118.0303ms
DEBUG: Execution loop iteration, elapsed: 128.5796ms
DEBUG: Execution loop iteration, elapsed: 138.9796ms
DEBUG: Execution loop iteration, elapsed: 149.4561ms
DEBUG: Execution loop iteration, elapsed: 160.1868ms
DEBUG: Execution loop iteration, elapsed: 170.5056ms
DEBUG: Execution loop iteration, elapsed: 181.0562ms
DEBUG: Execution loop iteration, elapsed: 191.7154ms
DEBUG: Execution loop iteration, elapsed: 202.0592ms
DEBUG: Execution loop iteration, elapsed: 212.288ms
DEBUG: Execution loop iteration, elapsed: 223.4129ms
DEBUG: Execution loop iteration, elapsed: 234.3168ms
DEBUG: Execution loop iteration, elapsed: 244.4805ms
DEBUG: Execution loop iteration, elapsed: 255.0123ms
DEBUG: Execution loop iteration, elapsed: 265.5776ms
DEBUG: Execution loop iteration, elapsed: 276.2232ms
DEBUG: Execution loop iteration, elapsed: 286.6577ms
DEBUG: Execution loop iteration, elapsed: 297.1845ms
DEBUG: Execution loop iteration, elapsed: 307.738ms
DEBUG: Execution loop iteration, elapsed: 318.2702ms
DEBUG: Execution loop iteration, elapsed: 328.8209ms
DEBUG: Execution loop iteration, elapsed: 339.4247ms
DEBUG: Execution loop iteration, elapsed: 349.7536ms
DEBUG: Execution loop iteration, elapsed: 360.3002ms
DEBUG: Execution loop iteration, elapsed: 370.6054ms
DEBUG: Execution loop iteration, elapsed: 381.1461ms
DEBUG: Execution loop iteration, elapsed: 391.9049ms
DEBUG: Execution loop iteration, elapsed: 402.0897ms
DEBUG: Execution loop iteration, elapsed: 412.2467ms
DEBUG: Execution loop iteration, elapsed: 422.3929ms
DEBUG: Execution loop iteration, elapsed: 432.9186ms
DEBUG: Execution loop iteration, elapsed: 443.5506ms
DEBUG: Execution loop iteration, elapsed: 454.428ms
DEBUG: Execution loop iteration, elapsed: 464.9932ms
DEBUG: Execution loop iteration, elapsed: 475.1568ms
DEBUG: Execution loop iteration, elapsed: 485.6793ms
DEBUG: Execution loop iteration, elapsed: 496.2377ms
DEBUG: Execution loop iteration, elapsed: 506.5121ms
DEBUG: Execution loop iteration, elapsed: 517.329ms
DEBUG: Execution loop iteration, elapsed: 527.41ms
DEBUG: Execution loop iteration, elapsed: 537.9537ms
DEBUG: Execution loop iteration, elapsed: 548.2618ms
DEBUG: Execution loop iteration, elapsed: 558.637ms
DEBUG: Execution loop iteration, elapsed: 569.1493ms
DEBUG: Execution loop iteration, elapsed: 580.0113ms
DEBUG: Execution loop iteration, elapsed: 590.2379ms
DEBUG: Execution loop iteration, elapsed: 600.7873ms
DEBUG: Execution loop iteration, elapsed: 611.5478ms
DEBUG: Execution loop iteration, elapsed: 621.9315ms
DEBUG: Execution loop iteration, elapsed: 632.1484ms
DEBUG: Execution loop iteration, elapsed: 642.7301ms
DEBUG: Execution loop iteration, elapsed: 653.2235ms
DEBUG: Execution loop iteration, elapsed: 663.8135ms
DEBUG: Execution loop iteration, elapsed: 674.3245ms
DEBUG: Execution loop iteration, elapsed: 684.95ms
DEBUG: Execution loop iteration, elapsed: 695.5271ms
DEBUG: Execution loop iteration, elapsed: 706.0337ms
DEBUG: Execution loop iteration, elapsed: 716.4754ms
DEBUG: Execution loop iteration, elapsed: 726.9447ms
DEBUG: Execution loop iteration, elapsed: 737.6657ms
DEBUG: Execution loop iteration, elapsed: 748.1259ms
DEBUG: Execution loop iteration, elapsed: 758.3059ms
DEBUG: Execution loop iteration, elapsed: 768.8316ms
DEBUG: Execution loop iteration, elapsed: 779.3771ms
DEBUG: Execution loop iteration, elapsed: 789.9478ms
DEBUG: Execution loop iteration, elapsed: 800.2207ms
DEBUG: Execution loop iteration, elapsed: 810.78ms
DEBUG: Execution loop iteration, elapsed: 821.3888ms
DEBUG: Execution loop iteration, elapsed: 831.5633ms
DEBUG: Execution loop iteration, elapsed: 841.7506ms
DEBUG: Execution loop iteration, elapsed: 852.2743ms
DEBUG: Execution loop iteration, elapsed: 862.8676ms
DEBUG: Execution loop iteration, elapsed: 873.5621ms
DEBUG: Execution loop iteration, elapsed: 883.9902ms
DEBUG: Execution loop iteration, elapsed: 894.4298ms
DEBUG: Execution loop iteration, elapsed: 905.1105ms
DEBUG: Execution loop iteration, elapsed: 915.553ms
DEBUG: Execution loop iteration, elapsed: 926.0687ms
DEBUG: Execution loop iteration, elapsed: 936.7356ms
DEBUG: Execution loop iteration, elapsed: 947.134ms
DEBUG: Execution loop iteration, elapsed: 957.2198ms
DEBUG: Execution loop iteration, elapsed: 967.884ms
DEBUG: Execution loop iteration, elapsed: 978.3942ms
DEBUG: Execution loop iteration, elapsed: 988.5191ms
DEBUG: Execution loop iteration, elapsed: 999.0235ms
DEBUG: Execution loop iteration, elapsed: 1.0095266s
DEBUG: Execution loop iteration, elapsed: 1.0197608s
DEBUG: Execution loop iteration, elapsed: 1.0299198s
DEBUG: Execution loop iteration, elapsed: 1.0404068s
DEBUG: Execution loop iteration, elapsed: 1.0510311s
DEBUG: Execution loop iteration, elapsed: 1.0615693s
DEBUG: Execution loop iteration, elapsed: 1.0721561s
DEBUG: Execution loop iteration, elapsed: 1.0825981s
DEBUG: Execution loop iteration, elapsed: 1.093124s
DEBUG: Execution loop iteration, elapsed: 1.1037242s
DEBUG: Execution loop iteration, elapsed: 1.1143261s
DEBUG: Execution loop iteration, elapsed: 1.1247854s
DEBUG: Execution loop iteration, elapsed: 1.1353307s
DEBUG: Execution loop iteration, elapsed: 1.14557s
DEBUG: Execution loop iteration, elapsed: 1.1561009s
DEBUG: Execution loop iteration, elapsed: 1.1664432s
DEBUG: Execution loop iteration, elapsed: 1.1768158s
DEBUG: Execution loop iteration, elapsed: 1.1873549s
DEBUG: Execution loop iteration, elapsed: 1.1975988s
DEBUG: Execution loop iteration, elapsed: 1.2081089s
DEBUG: Execution loop iteration, elapsed: 1.218235s
DEBUG: Execution loop iteration, elapsed: 1.2287368s
DEBUG: Execution loop iteration, elapsed: 1.2392073s
DEBUG: Execution loop iteration, elapsed: 1.2494582s
DEBUG: Execution loop iteration, elapsed: 1.2600171s
DEBUG: Execution loop iteration, elapsed: 1.2704298s
DEBUG: Execution loop iteration, elapsed: 1.2806133s
DEBUG: Execution loop iteration, elapsed: 1.29118s
DEBUG: Execution loop iteration, elapsed: 1.3015561s
DEBUG: Execution loop iteration, elapsed: 1.3121041s
DEBUG: Execution loop iteration, elapsed: 1.3221976s
DEBUG: Execution loop iteration, elapsed: 1.3327876s
DEBUG: Execution loop iteration, elapsed: 1.3429407s
DEBUG: Execution loop iteration, elapsed: 1.3535155s
DEBUG: Execution loop iteration, elapsed: 1.3640226s
DEBUG: Execution loop iteration, elapsed: 1.3745836s
DEBUG: Execution loop iteration, elapsed: 1.385147s
DEBUG: Execution loop iteration, elapsed: 1.3957533s
DEBUG: Execution loop iteration, elapsed: 1.4062949s
DEBUG: Execution loop iteration, elapsed: 1.4164449s
DEBUG: Execution loop iteration, elapsed: 1.4269797s
DEBUG: Execution loop iteration, elapsed: 1.4372238s
DEBUG: Execution loop iteration, elapsed: 1.4475581s
DEBUG: Execution loop iteration, elapsed: 1.4579393s
DEBUG: Execution loop iteration, elapsed: 1.4684695s
DEBUG: Execution loop iteration, elapsed: 1.4790566s
DEBUG: Execution loop iteration, elapsed: 1.4895108s
DEBUG: Execution loop iteration, elapsed: 1.5004426s
DEBUG: Execution loop iteration, elapsed: 1.5107473s
DEBUG: Execution loop iteration, elapsed: 1.5209066s
DEBUG: Execution loop iteration, elapsed: 1.5315419s
DEBUG: Execution loop iteration, elapsed: 1.5417784s
DEBUG: Execution loop iteration, elapsed: 1.5523174s
DEBUG: Execution loop iteration, elapsed: 1.5630274s
DEBUG: Execution loop iteration, elapsed: 1.5735754s
DEBUG: Execution loop iteration, elapsed: 1.5840961s
DEBUG: Execution loop iteration, elapsed: 1.5947452s
DEBUG: Execution loop iteration, elapsed: 1.6052855s
DEBUG: Execution loop iteration, elapsed: 1.615911s
DEBUG: Execution loop iteration, elapsed: 1.6264928s
DEBUG: Execution loop iteration, elapsed: 1.6371059s
DEBUG: Execution loop iteration, elapsed: 1.6475258s
DEBUG: Execution loop iteration, elapsed: 1.6580715s
DEBUG: Execution loop iteration, elapsed: 1.6684465s
DEBUG: Execution loop iteration, elapsed: 1.6790014s
DEBUG: Execution loop iteration, elapsed: 1.6896278s
DEBUG: Execution loop iteration, elapsed: 1.7001967s
DEBUG: Execution loop iteration, elapsed: 1.7107545s
DEBUG: Execution loop iteration, elapsed: 1.7209545s
DEBUG: Execution loop iteration, elapsed: 1.7314873s
DEBUG: Execution loop iteration, elapsed: 1.742034s
DEBUG: Execution loop iteration, elapsed: 1.7523291s
DEBUG: Execution loop iteration, elapsed: 1.762643s
DEBUG: Execution loop iteration, elapsed: 1.7734182s
DEBUG: Execution loop iteration, elapsed: 1.7835716s
DEBUG: Execution loop iteration, elapsed: 1.7941555s
DEBUG: Execution loop iteration, elapsed: 1.8043615s
DEBUG: Execution loop iteration, elapsed: 1.8149296s
DEBUG: Execution loop iteration, elapsed: 1.8256658s
DEBUG: Execution loop iteration, elapsed: 1.8361861s
DEBUG: Execution loop iteration, elapsed: 1.8467573s
DEBUG: Execution loop iteration, elapsed: 1.857308s
DEBUG: Execution loop iteration, elapsed: 1.8677948s
DEBUG: Execution loop iteration, elapsed: 1.8779417s
DEBUG: Execution loop iteration, elapsed: 1.8884714s
DEBUG: Execution loop iteration, elapsed: 1.8990778s
DEBUG: Execution loop iteration, elapsed: 1.9096648s
DEBUG: Execution loop iteration, elapsed: 1.9199097s
DEBUG: Execution loop iteration, elapsed: 1.9305103s
DEBUG: Execution loop iteration, elapsed: 1.9410741s
DEBUG: Execution loop iteration, elapsed: 1.9512451s
DEBUG: Execution loop iteration, elapsed: 1.9614897s
DEBUG: Execution loop iteration, elapsed: 1.9720158s
DEBUG: Execution loop iteration, elapsed: 1.982305s
DEBUG: Execution loop iteration, elapsed: 1.992454s
DEBUG: Execution loop iteration, elapsed: 2.0030881s
DEBUG: Execution loop iteration, elapsed: 2.013641s
DEBUG: Execution loop iteration, elapsed: 2.0238582s
DEBUG: Execution loop iteration, elapsed: 2.0344171s
DEBUG: Execution loop iteration, elapsed: 2.0450077s
DEBUG: Execution loop iteration, elapsed: 2.0558342s
DEBUG: Execution loop iteration, elapsed: 2.0663779s
DEBUG: Execution loop iteration, elapsed: 2.0766344s
DEBUG: Execution loop iteration, elapsed: 2.0867211s
DEBUG: Execution loop iteration, elapsed: 2.0968399s
DEBUG: Execution loop iteration, elapsed: 2.1074165s
DEBUG: Execution loop iteration, elapsed: 2.118564s
DEBUG: Execution loop iteration, elapsed: 2.1290503s
DEBUG: Execution loop iteration, elapsed: 2.1394081s
DEBUG: Execution loop iteration, elapsed: 2.1505291s
DEBUG: Execution loop iteration, elapsed: 2.161067s
DEBUG: Execution loop iteration, elapsed: 2.1715853s
DEBUG: Execution loop iteration, elapsed: 2.1823481s
DEBUG: Execution loop iteration, elapsed: 2.1926924s
DEBUG: Execution loop iteration, elapsed: 2.2029425s
DEBUG: Execution loop iteration, elapsed: 2.2133847s
DEBUG: Execution loop iteration, elapsed: 2.2239734s
DEBUG: Execution loop iteration, elapsed: 2.2344747s
DEBUG: Execution loop iteration, elapsed: 2.2450641s
DEBUG: Execution loop iteration, elapsed: 2.2559653s
DEBUG: Execution loop iteration, elapsed: 2.2665021s
DEBUG: Execution loop iteration, elapsed: 2.2768599s
DEBUG: Execution loop iteration, elapsed: 2.2874453s
DEBUG: Execution loop iteration, elapsed: 2.2980558s
DEBUG: Execution loop iteration, elapsed: 2.3085186s
DEBUG: Execution loop iteration, elapsed: 2.3188167s
DEBUG: Execution loop iteration, elapsed: 2.3292052s
DEBUG: Execution loop iteration, elapsed: 2.339392s
DEBUG: Execution loop iteration, elapsed: 2.3497191s
DEBUG: Execution loop iteration, elapsed: 2.3602096s
DEBUG: Execution loop iteration, elapsed: 2.3707898s
DEBUG: Execution loop iteration, elapsed: 2.381363s
DEBUG: Execution loop iteration, elapsed: 2.391735s
DEBUG: Execution loop iteration, elapsed: 2.4022735s
DEBUG: Execution loop iteration, elapsed: 2.4128417s
DEBUG: Execution loop iteration, elapsed: 2.4234436s
DEBUG: Execution loop iteration, elapsed: 2.4338987s
DEBUG: Execution loop iteration, elapsed: 2.4445152s
DEBUG: Execution loop iteration, elapsed: 2.4550247s
DEBUG: Execution loop iteration, elapsed: 2.4656563s
DEBUG: Execution loop iteration, elapsed: 2.4761848s
DEBUG: Execution loop iteration, elapsed: 2.4866101s
DEBUG: Execution loop iteration, elapsed: 2.4971752s
DEBUG: Execution loop iteration, elapsed: 2.5077567s
DEBUG: Execution loop iteration, elapsed: 2.5183682s
DEBUG: Execution loop iteration, elapsed: 2.5284728s
DEBUG: Execution loop iteration, elapsed: 2.5390087s
DEBUG: Execution loop iteration, elapsed: 2.5492614s
DEBUG: Execution loop iteration, elapsed: 2.5594865s
DEBUG: Execution loop iteration, elapsed: 2.5700109s
DEBUG: Execution loop iteration, elapsed: 2.5801326s
DEBUG: Execution loop iteration, elapsed: 2.5905936s
DEBUG: Execution loop iteration, elapsed: 2.6007675s
DEBUG: Execution loop iteration, elapsed: 2.611261s
DEBUG: Execution loop iteration, elapsed: 2.6215896s
DEBUG: Execution loop iteration, elapsed: 2.6322042s
DEBUG: Execution loop iteration, elapsed: 2.6427395s
DEBUG: Execution loop iteration, elapsed: 2.6534249s
DEBUG: Execution loop iteration, elapsed: 2.6635885s
DEBUG: Execution loop iteration, elapsed: 2.6741859s
DEBUG: Execution loop iteration, elapsed: 2.6847753s
DEBUG: Execution loop iteration, elapsed: 2.6953067s
DEBUG: Execution loop iteration, elapsed: 2.7059456s
DEBUG: Execution loop iteration, elapsed: 2.7163265s
DEBUG: Execution loop iteration, elapsed: 2.7267334s
DEBUG: Execution loop iteration, elapsed: 2.737288s
DEBUG: Execution loop iteration, elapsed: 2.7478222s
DEBUG: Execution loop iteration, elapsed: 2.7580263s
DEBUG: Execution loop iteration, elapsed: 2.7685271s
DEBUG: Execution loop iteration, elapsed: 2.7788613s
DEBUG: Execution loop iteration, elapsed: 2.7894247s
DEBUG: Execution loop iteration, elapsed: 2.7999971s
DEBUG: Execution loop iteration, elapsed: 2.8106182s
DEBUG: Execution loop iteration, elapsed: 2.8213537s
DEBUG: Execution loop iteration, elapsed: 2.8317303s
DEBUG: Execution loop iteration, elapsed: 2.8418636s
DEBUG: Execution loop iteration, elapsed: 2.8523852s
DEBUG: Execution loop iteration, elapsed: 2.8628769s
DEBUG: Execution loop iteration, elapsed: 2.8734594s
DEBUG: Execution loop iteration, elapsed: 2.8840792s
DEBUG: Execution loop iteration, elapsed: 2.8946197s
DEBUG: Execution loop iteration, elapsed: 2.9050848s
DEBUG: Execution loop iteration, elapsed: 2.916134s
DEBUG: Execution loop iteration, elapsed: 2.926391s
DEBUG: Execution loop iteration, elapsed: 2.936811s
DEBUG: Execution loop iteration, elapsed: 2.9472272s
DEBUG: Execution loop iteration, elapsed: 2.9577827s
DEBUG: Execution loop iteration, elapsed: 2.9683743s
DEBUG: Execution loop iteration, elapsed: 2.9785658s
DEBUG: Execution loop iteration, elapsed: 2.9892979s
DEBUG: Execution loop iteration, elapsed: 2.9995497s
DEBUG: Execution loop iteration, elapsed: 3.0100869s
DEBUG: Execution loop iteration, elapsed: 3.0203618s
DEBUG: Execution loop iteration, elapsed: 3.0308909s
DEBUG: Execution loop iteration, elapsed: 3.0412613s
DEBUG: Execution loop iteration, elapsed: 3.0518464s
DEBUG: Execution loop iteration, elapsed: 3.0623596s
DEBUG: Execution loop iteration, elapsed: 3.0729352s
DEBUG: Execution loop iteration, elapsed: 3.0834682s
DEBUG: Execution loop iteration, elapsed: 3.0939419s
DEBUG: Execution loop iteration, elapsed: 3.1045463s
DEBUG: Execution loop iteration, elapsed: 3.1152555s
DEBUG: Execution loop iteration, elapsed: 3.1259031s
DEBUG: Execution loop iteration, elapsed: 3.1364342s
DEBUG: Execution loop iteration, elapsed: 3.1468051s
DEBUG: Execution loop iteration, elapsed: 3.157312s
DEBUG: Execution loop iteration, elapsed: 3.1674458s
DEBUG: Execution loop iteration, elapsed: 3.1780092s
DEBUG: Execution loop iteration, elapsed: 3.1885292s
DEBUG: Execution loop iteration, elapsed: 3.1987559s
DEBUG: Execution loop iteration, elapsed: 3.2092674s
DEBUG: Execution loop iteration, elapsed: 3.2195519s
DEBUG: Execution loop iteration, elapsed: 3.2297591s
DEBUG: Execution loop iteration, elapsed: 3.2403131s
DEBUG: Execution loop iteration, elapsed: 3.2508481s
DEBUG: Execution loop iteration, elapsed: 3.2611386s
DEBUG: Execution loop iteration, elapsed: 3.2713487s
DEBUG: Perl process completed with status: ExitStatus(ExitStatus(0))
DEBUG: Perl execution completed, duration: 3.2715901s, timed_out: false
DEBUG: Ending Perl execution with timeout manager
DEBUG: Timeout manager completed PerlExecution successfully
DEBUG: Test completed, comparing outputs
DEBUG: Shell stdout length: 216, Translated stdout length: 221
DEBUG: Shell stderr length: 40, Translated stderr length: 204
DEBUG: Shell exit: 0, Translated exit: 0
DEBUG: Test success: false
DEBUG: Test execution completed in 6559ms
[2J[1;1H================================================================================
                                    TEST FAILED
================================================================================
File: examples\000__04d_system_utilities.sh
Generator: perl
Test: 7/146
Tests passed before failure: 0
Failure Reason: Failed due to: stdout mismatch, stderr mismatch
================================================================================

Exit Code Comparison (IGNORED):
Shell script exit code: 0
Translated code exit code: 0

================================================================================
ORIGINAL SHELL SCRIPT:
================================================================================
#!/bin/bash

# System utilities using backticks
# This file demonstrates system utility commands with backticks

echo "=== System Utilities ==="

# date command with backticks
#PERL_MUST_NOT_CONTAIN `date
timestamp=`date +%rms`
formatted_date=`date '+%Y-%m-%d %H'`
echo "Timestamp: $timestamp"
echo "Formatted date: $formatted_date"

# time command with backticks
#PERL_MUST_NOT_CONTAIN `time
time_result=`time sleep 1 2>&1`
echo "Time result: $time_result"

# sleep command with backticks (though it doesn't produce output)
#PERL_MUST_NOT_CONTAIN `sleep
sleep_duration=`echo "2"`
echo "Sleeping for $sleep_duration seconds..."
sleep $sleep_duration

# which command with backticks
#PERL_MUST_NOT_CONTAIN `which
bash_path=`which bash`
echo "Bash path: $bash_path"

# yes command with backticks
#PERL_MUST_NOT_CONTAIN `yes
yes_result=`yes "Hello" | head -3`
echo "Yes command result:"
echo "$yes_result"

echo "=== System Utilities Complete ==="



================================================================================
TRANSLATED PERL CODE:
================================================================================
#!/usr/bin/env perl
use strict;
use warnings;
use Carp;
use English qw( -no_match_vars );
use locale;
use IPC::Open3;

my $main_exit_code = 0;
my $ls_success = 0;
our $CHILD_ERROR;

print "=== System Utilities ===\n";
my $timestamp = do { use POSIX qw(strftime); strftime('%rms', localtime); };
my $formatted_date = do { use POSIX qw(strftime); strftime('%Y-%m-%d %H', localtime); };
print "Timestamp: $timestamp\n";
print "Formatted date: $formatted_date\n";
my $time_result = do {
    my $cmd_result_0 = do { use Time::HiRes qw(gettimeofday tv_interval);
my $start_time = [gettimeofday];
system sleep 1;
my $end_time = [gettimeofday];
my $elapsed = tv_interval($start_time, $end_time);
sprintf "real\t%.3fs\nuser\t0.000s\nsys\t0.000s\n", $elapsed;
 };
    chomp $cmd_result_0;
    $cmd_result_0;
};
print "Time result: $time_result\n";
my $sleep_duration = (q{2});
print "Sleeping for $sleep_duration seconds...\n";
use Time::HiRes qw(sleep);
sleep $sleep_duration;
my $bash_path = do { my $command; my $found; my $result; my $dir; my $full_path; $command = 'bash'; $found = 0; $result = q{}; foreach my $dir (split /:/msx, $ENV{PATH}) { $full_path = "$dir/$command"; if (-x $full_path) { $result = $full_path; $found = 1; last; } } $result; };
print "Bash path: $bash_path\n";
my $yes_result = do {
    my $cmd_result_3 = my $head_line_count = 0;
my $cmd_result_2 = q{};
my $output_0 = q{};
for (my $i = 0; $i < 3; $i++) {
    my $line = "Hello";
    # yes doesn't support line-by-line processing
    if ($head_line_count < 3) {
        $output_0 .= $line . "\n";
        ++$head_line_count;
    } else {
        $line = q{}; # Clear line to prevent printing
    }
}
$cmd_result_2 = $output_0;
$cmd_result_2
;
    chomp $cmd_result_3;
    $cmd_result_3;
};
print "Yes command result:\n";
print $yes_result;
if (!($yes_result =~ /\n$/msx)) { print "\n"; }
print "=== System Utilities Complete ===\n";


================================================================================
ABSTRACT SYNTAX TREE:
================================================================================
[Simple(SimpleCommand { name: Literal("echo", None), args: [StringInterpolation(StringInterpolation { parts: [Literal("=== System Utilities ===")] }, None)], redirects: [], env_vars: {}, stdout_used: true, stderr_used: true }), Simple(SimpleCommand { name: Literal("echo", None), args: [StringInterpolation(StringInterpolation { parts: [Literal("Timestamp: "), Variable("timestamp")] }, None)], redirects: [], env_vars: {"timestamp": CommandSubstitution(Simple(SimpleCommand { name: Literal("date", None), args: [Literal("+%rms", None)], redirects: [], env_vars: {}, stdout_used: true, stderr_used: true }), None), "formatted_date": CommandSubstitution(Simple(SimpleCommand { name: Literal("date", None), args: [Literal("+%Y-%m-%d %H", None)], redirects: [], env_vars: {}, stdout_used: true, stderr_used: true }), None)}, stdout_used: true, stderr_used: true }), Simple(SimpleCommand { name: Literal("echo", None), args: [StringInterpolation(StringInterpolation { parts: [Literal("Formatted date: "), Variable("formatted_date")] }, None)], redirects: [], env_vars: {}, stdout_used: true, stderr_used: true }), Simple(SimpleCommand { name: Literal("echo", None), args: [StringInterpolation(StringInterpolation { parts: [Literal("Time result: "), Variable("time_result")] }, None)], redirects: [], env_vars: {"time_result": CommandSubstitution(Simple(SimpleCommand { name: Literal("time", None), args: [Literal("sleep", None), Literal("1", None)], redirects: [Redirect { fd: Some(2), operator: StderrOutput, target: Literal("1", None), heredoc_body: None }], env_vars: {}, stdout_used: true, stderr_used: true }), None)}, stdout_used: true, stderr_used: true }), Simple(SimpleCommand { name: Literal("echo", None), args: [StringInterpolation(StringInterpolation { parts: [Literal("Sleeping for "), Variable("sleep_duration"), Literal(" seconds...")] }, None)], redirects: [], env_vars: {"sleep_duration": CommandSubstitution(Simple(SimpleCommand { name: Literal("echo", None), args: [Literal("2", None)], redirects: [], env_vars: {}, stdout_used: true, stderr_used: true }), None)}, stdout_used: true, stderr_used: true }), Simple(SimpleCommand { name: Literal("sleep", None), args: [Variable("sleep_duration", false, None)], redirects: [], env_vars: {}, stdout_used: true, stderr_used: true }), Simple(SimpleCommand { name: Literal("echo", None), args: [StringInterpolation(StringInterpolation { parts: [Literal("Bash path: "), Variable("bash_path")] }, None)], redirects: [], env_vars: {"bash_path": CommandSubstitution(Simple(SimpleCommand { name: Literal("which", None), args: [Literal("bash", None)], redirects: [], env_vars: {}, stdout_used: true, stderr_used: true }), None)}, stdout_used: true, stderr_used: true }), Simple(SimpleCommand { name: Literal("echo", None), args: [StringInterpolation(StringInterpolation { parts: [Literal("Yes command result:")] }, None)], redirects: [], env_vars: {"yes_result": CommandSubstitution(Pipeline(Pipeline { commands: [Simple(SimpleCommand { name: Literal("yes", None), args: [StringInterpolation(StringInterpolation { parts: [Literal("Hello")] }, None)], redirects: [], env_vars: {}, stdout_used: true, stderr_used: true }), Simple(SimpleCommand { name: Literal("head", None), args: [Literal("-3", None)], redirects: [], env_vars: {}, stdout_used: true, stderr_used: true })], source_text: None, stdout_used: true, stderr_used: true }), None)}, stdout_used: true, stderr_used: true }), Simple(SimpleCommand { name: Literal("echo", None), args: [StringInterpolation(StringInterpolation { parts: [Variable("yes_result")] }, None)], redirects: [], env_vars: {}, stdout_used: true, stderr_used: true }), Simple(SimpleCommand { name: Literal("echo", None), args: [StringInterpolation(StringInterpolation { parts: [Literal("=== System Utilities Complete ===")] }, None)], redirects: [], env_vars: {}, stdout_used: true, stderr_used: true })]

================================================================================
STDOUT COMPARISON (DIFF):
================================================================================
--- shell_stdout
+++ perl_stdout
 === System Utilities ===
-Timestamp: 11:21:00 PMms
+Timestamp: 11:21:04 PMms
 Formatted date: 2025-09-21 23
-Time result: 
+Time result: real\x091.051s
+user\x090.000s
+sys\x090.000s
 Sleeping for 2 seconds...
-Bash path: /usr/bin/bash
+Bash path: 
 Yes command result:
-Hello
+0
-Hello
-Hello
 === System Utilities Complete ===


================================================================================
STDERR COMPARISON:
================================================================================
STDERR DIFFERENCES FOUND:
--- shell_stderr
+++ perl_stderr
-real\x090m1.004s
+Useless use of private variable in void context at C:\Users\s_pam\AppData\Local\Temp\__tmp_test_output.pl line 51.
-user\x090m0.003s
+'1' is not recognized as an internal or external command,
-sys\x090m0.000s
+operable program or batch file.


================================================================================
SUMMARY: 0 out of 146 tests passed before first failure
================================================================================

BRIEF FAILURE SUMMARY:
Failed due to: stdout mismatch, stderr mismatch
Writing test count 0 to first_n_tests_passed.txt
Current working directory: "D:\\GitHub\\sh2perl"
Successfully wrote test count 0 and matching stdout lines 1 to first_n_tests_passed.txt

To run test again: ./fail 000__04d
Running test_purify.pl validation...
Running test_purify.pl with verbose output
Running test_purify.pl with next option
Testing purify.pl exists...
Testing debashc exists...
Testing examples.impurl directory exists...
Found 54 .pl files in examples.impurl directory
Testing purify.pl on examples.impurl/000benchmark.pl...
  ✓ examples.impurl/000benchmark.pl processed successfully
Testing purify.pl on examples.impurl/001_echo_basic.pl...
  ✓ examples.impurl/001_echo_basic.pl processed successfully
Testing purify.pl on examples.impurl/002_printf_basic.pl...
  ✓ examples.impurl/002_printf_basic.pl processed successfully
Testing purify.pl on examples.impurl/003__ls_basic.pl...
  ✓ examples.impurl/003__ls_basic.pl processed successfully
Testing purify.pl on examples.impurl/003_ls_basic.pl...
  ✓ examples.impurl/003_ls_basic.pl processed successfully
Testing purify.pl on examples.impurl/004_cat_basic.pl...
  ✓ examples.impurl/004_cat_basic.pl processed successfully
Testing purify.pl on examples.impurl/005_wc_basic.pl...
  ✓ examples.impurl/005_wc_basic.pl processed successfully
Testing purify.pl on examples.impurl/006_head_basic.pl...
  ✓ examples.impurl/006_head_basic.pl processed successfully
Testing purify.pl on examples.impurl/007_tail_basic.pl...
  ✓ examples.impurl/007_tail_basic.pl processed successfully
Testing purify.pl on examples.impurl/008_date_basic.pl...
  ✓ examples.impurl/008_date_basic.pl processed successfully
Testing purify.pl on examples.impurl/009_sleep_basic.pl...
  ✓ examples.impurl/009_sleep_basic.pl processed successfully
Testing purify.pl on examples.impurl/010_which_basic.pl...
  ✓ examples.impurl/010_which_basic.pl processed successfully
Testing purify.pl on examples.impurl/011_grep_basic.pl...
  ✓ examples.impurl/011_grep_basic.pl processed successfully
Testing purify.pl on examples.impurl/012_sed_basic.pl...
  ✓ examples.impurl/012_sed_basic.pl processed successfully
Testing purify.pl on examples.impurl/013_awk_basic.pl...
  ✓ examples.impurl/013_awk_basic.pl processed successfully
Testing purify.pl on examples.impurl/014_tr_basic.pl...
  ✓ examples.impurl/014_tr_basic.pl processed successfully
Testing purify.pl on examples.impurl/015_cut_basic.pl...
  ✓ examples.impurl/015_cut_basic.pl processed successfully
Testing purify.pl on examples.impurl/016_sort_basic.pl...
  ✓ examples.impurl/016_sort_basic.pl processed successfully
Testing purify.pl on examples.impurl/017_uniq_basic.pl...
  ✓ examples.impurl/017_uniq_basic.pl processed successfully
Testing purify.pl on examples.impurl/018_paste_basic.pl...
  ✓ examples.impurl/018_paste_basic.pl processed successfully
Testing purify.pl on examples.impurl/019_comm_basic.pl...
  ✓ examples.impurl/019_comm_basic.pl processed successfully
Testing purify.pl on examples.impurl/020_diff_basic.pl...
  ✓ examples.impurl/020_diff_basic.pl processed successfully
Testing purify.pl on examples.impurl/021_find_basic.pl...
  ✓ examples.impurl/021_find_basic.pl processed successfully
Testing purify.pl on examples.impurl/022_cp_basic.pl...
  ✓ examples.impurl/022_cp_basic.pl processed successfully
Testing purify.pl on examples.impurl/023_mv_basic.pl...
  ✓ examples.impurl/023_mv_basic.pl processed successfully
Testing purify.pl on examples.impurl/024_rm_basic.pl...
  ✓ examples.impurl/024_rm_basic.pl processed successfully
Testing purify.pl on examples.impurl/025_mkdir_basic.pl...
  ✓ examples.impurl/025_mkdir_basic.pl processed successfully
Testing purify.pl on examples.impurl/026_touch_basic.pl...
  ✓ examples.impurl/026_touch_basic.pl processed successfully
Testing purify.pl on examples.impurl/027_basename_basic.pl...
  ✓ examples.impurl/027_basename_basic.pl processed successfully
Testing purify.pl on examples.impurl/028_dirname_basic.pl...
  ✓ examples.impurl/028_dirname_basic.pl processed successfully
Testing purify.pl on examples.impurl/029_xargs_basic.pl...
  ✓ examples.impurl/029_xargs_basic.pl processed successfully
Testing purify.pl on examples.impurl/030_tee_basic.pl...
  ✓ examples.impurl/030_tee_basic.pl processed successfully
Testing purify.pl on examples.impurl/031_time_basic.pl...
  ✗ examples.impurl/031_time_basic.pl: purify.pl failed (exit code: 36608) - skipping
Testing purify.pl on examples.impurl/032_kill_basic.pl...
test_purify.pl passed, continuing with other commands...
Test run completed at Sun, Sep 21, 2025 11:21:40 PM
