Starting test run at Sun, Sep 21, 2025 11:43:14 PM
Logging to: logs/fail_run_20250921_234314.log
Test arguments: 000__04d
----------------------------------------
Compiling debashc...
   Compiling debashl v0.1.0 (D:\GitHub\sh2perl)
warning: unused import: `regex::Regex`
 --> src\generator\commands\pipeline_commands.rs:4:5
  |
4 | use regex::Regex;
  |     ^^^^^^^^^^^^
  |
  = note: `#[warn(unused_imports)]` on by default

warning: unused import: `std::collections::HashMap`
 --> src\generator\redirects.rs:4:5
  |
4 | use std::collections::HashMap;
  |     ^^^^^^^^^^^^^^^^^^^^^^^^^

warning: unused doc comment
   --> src\timeout_manager.rs:282:1
    |
282 | /// Global timeout manager instance
    | ^^^^^^^^^^^^^^^^^^^^^^^^^^^^^^^^^^^ rustdoc does not generate documentation for macro invocations
    |
    = help: to document an item produced by a macro, the macro must produce the documentation as part of its expansion
    = note: `#[warn(unused_doc_comments)]` on by default

warning: unused variable: `glob_exprs`
  --> src\generator\commands\simple_commands.rs:38:45
   |
38 | ...                   let glob_exprs: Vec<String> = patterns.iter()
   |                           ^^^^^^^^^^ help: if this is intentional, prefix it with an underscore: `_glob_exprs`
   |
   = note: `#[warn(unused_variables)]` on by default

warning: unused variable: `i`
   --> src\generator\commands\pipeline_commands.rs:834:22
    |
834 |                 for (i, command) in pipeline.commands[start_index..].iter().enumerate() {
    |                      ^ help: if this is intentional, prefix it with an underscore: `_i`

warning: unused variable: `j`
   --> src\generator\commands\pipeline_commands.rs:848:34
    |
848 | ...                   for (j, nested_command) in nested_pipeline.commands.iter().enumerate() {
    |                            ^ help: if this is intentional, prefix it with an underscore: `_j`

warning: unused variable: `cmd`
  --> src\generator\commands\system_commands.rs:36:35
   |
36 |         Word::CommandSubstitution(cmd, _) => {
   |                                   ^^^ help: if this is intentional, prefix it with an underscore: `_cmd`

warning: unused variable: `output`
  --> src\generator\commands\find.rs:42:13
   |
42 |     let mut output = String::new();
   |             ^^^^^^ help: if this is intentional, prefix it with an underscore: `_output`

warning: variable does not need to be mutable
  --> src\generator\commands\find.rs:42:9
   |
42 |     let mut output = String::new();
   |         ----^^^^^^
   |         |
   |         help: remove this `mut`
   |
   = note: `#[warn(unused_mut)]` on by default

warning: unused variable: `input_var`
 --> src\generator\commands\comm.rs:7:5
  |
7 |     input_var: &str,
  |     ^^^^^^^^^ help: if this is intentional, prefix it with an underscore: `_input_var`

warning: unused variable: `command_str`
   --> src\generator\words.rs:564:37
    |
564 | ...                   let command_str = generator.word_to_perl(command);
    |                           ^^^^^^^^^^^ help: if this is intentional, prefix it with an underscore: `_command_str`

warning: unused variable: `s`
   --> src\generator\words.rs:857:23
    |
857 |         Word::Literal(s, _) => generator.perl_string_literal(word),
    |                       ^ help: if this is intentional, prefix it with an underscore: `_s`

warning: unused variable: `operation_handle`
   --> src\timeout_manager.rs:151:13
    |
151 |         let operation_handle = thread::spawn(move || {
    |             ^^^^^^^^^^^^^^^^ help: if this is intentional, prefix it with an underscore: `_operation_handle`

warning: unused variable: `operation_handle`
   --> src\timeout_manager.rs:194:13
    |
194 |         let operation_handle = thread::spawn(move || {
    |             ^^^^^^^^^^^^^^^^ help: if this is intentional, prefix it with an underscore: `_operation_handle`

warning: methods `parse_variable_expansion` and `parse_arithmetic_expression` are never used
    --> src\parser\commands.rs:1186:8
     |
  20 | impl Parser {
     | ----------- methods in this implementation
...
1186 |     fn parse_variable_expansion(&mut self) -> Result<Word, ParserError> {
     |        ^^^^^^^^^^^^^^^^^^^^^^^^
...
1255 |     fn parse_arithmetic_expression(&mut self) -> Result<Word, ParserError> {
     |        ^^^^^^^^^^^^^^^^^^^^^^^^^^^
     |
     = note: `#[warn(dead_code)]` on by default

warning: function `parse_command` is never used
    --> src\parser\control_flow.rs:1075:4
     |
1075 | fn parse_command(parser: &mut Parser) -> Result<Command, ParserError> {
     |    ^^^^^^^^^^^^^

warning: function `parse_assignment` is never used
    --> src\parser\control_flow.rs:1285:4
     |
1285 | fn parse_assignment(parser: &mut Parser) -> Result<Command, ParserError> {
     |    ^^^^^^^^^^^^^^^^

warning: function `parse_parameter_expansion` is never used
    --> src\parser\words.rs:1885:4
     |
1885 | fn parse_parameter_expansion(_lexer: &mut Lexer) -> Result<Word, ParserError> {
     |    ^^^^^^^^^^^^^^^^^^^^^^^^^

warning: function `escape_glob_pattern` is never used
 --> src\generator\commands\find.rs:4:4
  |
4 | fn escape_glob_pattern(pattern: &str) -> String {
  |    ^^^^^^^^^^^^^^^^^^^

warning: function `parse_size_to_bytes` is never used
   --> src\generator\commands\find.rs:188:4
    |
188 | fn parse_size_to_bytes(size_str: &str) -> u64 {
    |    ^^^^^^^^^^^^^^^^^^^

warning: function `generate_tr_linebyline_impl` is never used
  --> src\generator\commands\tr.rs:24:4
   |
24 | fn generate_tr_linebyline_impl(generator: &mut Generator, cmd: &SimpleCommand, input_var: &str, _command_index: &str) -> String {
   |    ^^^^^^^^^^^^^^^^^^^^^^^^^^^

warning: function `generate_tr_buffered_impl` is never used
  --> src\generator\commands\tr.rs:73:4
   |
73 | fn generate_tr_buffered_impl(generator: &mut Generator, cmd: &SimpleCommand, input_var: &str, command_index: &str) -> String {
   |    ^^^^^^^^^^^^^^^^^^^^^^^^^

warning: function `is_variable_used_after_for_loop` is never used
   --> src\generator\control_flow.rs:228:4
    |
228 | fn is_variable_used_after_for_loop(commands: &[Command], for_loop_var: &str, for_loop_index: usize) -> bool {
    |    ^^^^^^^^^^^^^^^^^^^^^^^^^^^^^^^

warning: fields `variable_usage` and `scope_depth` are never read
  --> src\variable_analysis.rs:8:5
   |
 6 | pub struct VariableUsageAnalyzer {
   |            --------------------- fields in this struct
 7 |     /// Maps variable names to their usage information
 8 |     variable_usage: HashMap<String, VariableUsageInfo>,
   |     ^^^^^^^^^^^^^^
 9 |     /// Current scope depth for tracking nested scopes
10 |     scope_depth: usize,
   |     ^^^^^^^^^^^
   |
   = note: `VariableUsageAnalyzer` has derived impls for the traits `Clone` and `Debug`, but these are intentionally ignored during dead code analysis

warning: `debashl` (lib) generated 24 warnings (run `cargo fix --lib -p debashl` to apply 3 suggestions)
warning: unused import: `execute_with_progress`
 --> src\testing.rs:9:67
  |
9 | use crate::timeout_manager::{OperationType, execute_with_timeout, execute_with_progress, 
  |                                                                   ^^^^^^^^^^^^^^^^^^^^^
  |
  = note: `#[warn(unused_imports)]` on by default

warning: unused import: `debashl::parser::errors::ParserError`
  --> src\testing.rs:16:5
   |
16 | use debashl::parser::errors::ParserError;
   |     ^^^^^^^^^^^^^^^^^^^^^^^^^^^^^^^^^^^^

warning: unused variable: `operation_handle`
  --> src\testing.rs:25:9
   |
25 |     let operation_handle = std::thread::spawn(move || {
   |         ^^^^^^^^^^^^^^^^ help: if this is intentional, prefix it with an underscore: `_operation_handle`
   |
   = note: `#[warn(unused_variables)]` on by default

warning: variable does not need to be mutable
    --> src\testing.rs:1160:9
     |
1160 |     let mut should_break = false;
     |         ----^^^^^^^^^^^^
     |         |
     |         help: remove this `mut`
     |
     = note: `#[warn(unused_mut)]` on by default

warning: unused variable: `overall_start`
    --> src\testing.rs:1369:9
     |
1369 |     let overall_start = std::time::Instant::now();
     |         ^^^^^^^^^^^^^ help: if this is intentional, prefix it with an underscore: `_overall_start`

warning: unused variable: `test_loop_start`
    --> src\testing.rs:1417:9
     |
1417 |     let test_loop_start = std::time::Instant::now();
     |         ^^^^^^^^^^^^^^^ help: if this is intentional, prefix it with an underscore: `_test_loop_start`

warning: unused variable: `should_break`
    --> src\testing.rs:1966:13
     |
1966 |     let mut should_break = false;
     |             ^^^^^^^^^^^^ help: if this is intentional, prefix it with an underscore: `_should_break`

warning: variable does not need to be mutable
    --> src\testing.rs:1966:9
     |
1966 |     let mut should_break = false;
     |         ----^^^^^^^^^^^^
     |         |
     |         help: remove this `mut`

warning: function `run_perl_script` is never used
  --> src\execution.rs:62:8
   |
62 | pub fn run_perl_script(script_path: &str) -> Result<std::process::Output, String> {
   |        ^^^^^^^^^^^^^^^
   |
   = note: `#[warn(dead_code)]` on by default

warning: function `extract_line_col` is never used
 --> src\utils.rs:4:8
  |
4 | pub fn extract_line_col(e: &dyn std::error::Error) -> Option<(usize, usize)> {
  |        ^^^^^^^^^^^^^^^^

warning: function `parse_line_col` is never used
  --> src\utils.rs:17:8
   |
17 | pub fn parse_line_col(s: &str) -> Option<(usize, usize)> {
   |        ^^^^^^^^^^^^^^

warning: function `caret_snippet` is never used
  --> src\utils.rs:25:8
   |
25 | pub fn caret_snippet(input: &str, line: usize, col: usize) -> Option<String> {
   |        ^^^^^^^^^^^^^

warning: function `with_timeout` is never used
  --> src\testing.rs:19:4
   |
19 | fn with_timeout<F, T>(timeout_secs: u64, operation: F) -> Result<T, String> 
   |    ^^^^^^^^^^^^

warning: fields `shell_duration` and `translated_duration` are never read
  --> src\testing.rs:52:9
   |
39 | pub struct TestResult {
   |            ---------- fields in this struct
...
52 |     pub shell_duration: std::time::Duration, // Shell execution time
   |         ^^^^^^^^^^^^^^
53 |     pub translated_duration: std::time::Duration, // Translated program execution time
   |         ^^^^^^^^^^^^^^^^^^^
   |
   = note: `TestResult` has a derived impl for the trait `Debug`, but this is intentionally ignored during dead code analysis

warning: function `test_file_equivalence_detailed` is never used
   --> src\testing.rs:552:8
    |
552 | pub fn test_file_equivalence_detailed(lang: &str, filename: &str, ast_options: Option<AstFormatOptions>) -> Result<TestResult, String> {
    |        ^^^^^^^^^^^^^^^^^^^^^^^^^^^^^^

warning: function `test_all_examples_next_fail` is never used
    --> src\testing.rs:1365:8
     |
1365 | pub fn test_all_examples_next_fail(generators: &[String], test_prefix: Option<String>, enable_perl_critic: bool) {
     |        ^^^^^^^^^^^^^^^^^^^^^^^^^^^

warning: function `extract_core_perl_logic` is never used
   --> src\cli_commands.rs:198:4
    |
198 | fn extract_core_perl_logic(perl_code: &str) -> String {
    |    ^^^^^^^^^^^^^^^^^^^^^^^

warning: function `export_mir_to_json` is never used
   --> src\cli_commands.rs:445:8
    |
445 | pub fn export_mir_to_json(input: &str, _optimize: bool) {
    |        ^^^^^^^^^^^^^^^^^^

warning: variants `Parsing`, `CodeGeneration`, `FileOperations`, `TestExecution`, and `DebugFreeze` are never constructed
  --> src\timeout_manager.rs:11:5
   |
 8 | pub enum OperationType {
   |          ------------- variants in this enum
...
11 |     Parsing,            // Parsing shell scripts
   |     ^^^^^^^
12 |     CodeGeneration,     // Generating Perl code
   |     ^^^^^^^^^^^^^^
13 |     FileOperations,     // File I/O operations
   |     ^^^^^^^^^^^^^^
14 |     TestExecution,      // Overall test execution
   |     ^^^^^^^^^^^^^
15 |     DebugFreeze,        // Debug freeze pause
   |     ^^^^^^^^^^^
   |
   = note: `OperationType` has derived impls for the traits `Clone` and `Debug`, but these are intentionally ignored during dead code analysis

warning: methods `set_freeze_duration` and `get_freeze_duration` are never used
  --> src\timeout_manager.rs:74:12
   |
51 | impl DebugFreezeManager {
   | ----------------------- methods in this implementation
...
74 |     pub fn set_freeze_duration(&mut self, duration: Duration) {
   |            ^^^^^^^^^^^^^^^^^^^
...
78 |     pub fn get_freeze_duration(&self) -> Duration {
   |            ^^^^^^^^^^^^^^^^^^^

warning: methods `set_timeout` and `execute_with_progress` are never used
   --> src\timeout_manager.rs:117:12
    |
 90 | impl TimeoutManager {
    | ------------------- methods in this implementation
...
117 |     pub fn set_timeout(&mut self, operation: OperationType, duration: Duration) {
    |            ^^^^^^^^^^^
...
178 |     pub fn execute_with_progress<F, T>(&self, operation: OperationType, operation_fn: F) -> Result<T, String>
    |            ^^^^^^^^^^^^^^^^^^^^^

warning: function `execute_with_progress` is never used
   --> src\timeout_manager.rs:302:8
    |
302 | pub fn execute_with_progress<F, T>(operation: OperationType, operation_fn: F) -> Result<T, String>
    |        ^^^^^^^^^^^^^^^^^^^^^

warning: `debashl` (bin "debashc") generated 25 warnings (3 duplicates) (run `cargo fix --bin "debashc"` to apply 4 suggestions)
    Finished `dev` profile [unoptimized + debuginfo] target(s) in 4.82s
Running debashc with fine-grained per-test timeouts...
Running: debashc test generation and execution
Command: ./target/debug/debashc.exe fail "000__04d"
Timeout: Per-test timeouts (30s shell, 10s parse, 5s generate)
----------------------------------------
Running ALL 146 examples (limited to 50 tests to prevent timeout)

DEBUG: Looking for prefix '000__04d'

Found example matching prefix '000__04d': 000__04d_system_utilities.sh

Running only the specified example
==================================================
DEBUG: Progress: 5/146 tests completed (3.4%)
Test 7/146: 000__04d_system_utilities.sh with perl     DEBUG: Starting test execution for examples\000__04d_system_utilities.sh with generator perl
DEBUG: Running shell script: examples\000__04d_system_utilities.sh
DEBUG: Timeout manager starting ShellExecution with timeout of 120.0 seconds
DEBUG: Timeout manager completed ShellExecution successfully
DEBUG: Shell script completed in 3.11s
DEBUG: Shell script execution completed, now starting Perl generation
DEBUG: Setting original script name to: 000__04d_system_utilities.sh
DEBUG: CommandSubstitution called with command: Simple(SimpleCommand { name: Literal("date", None), args: [Literal("+%Y-%m-%d %H", None)], redirects: [], env_vars: {}, stdout_used: true, stderr_used: true })
DEBUG: CommandSubstitution called with command: Simple(SimpleCommand { name: Literal("date", None), args: [Literal("+%rms", None)], redirects: [], env_vars: {}, stdout_used: true, stderr_used: true })
DEBUG: CommandSubstitution called with command: Simple(SimpleCommand { name: Literal("time", None), args: [Literal("sleep", None), Literal("1", None)], redirects: [Redirect { fd: Some(2), operator: StderrOutput, target: Literal("1", None), heredoc_body: None }], env_vars: {}, stdout_used: true, stderr_used: true })
DEBUG: CommandSubstitution called with command: Simple(SimpleCommand { name: Literal("echo", None), args: [Literal("2", None)], redirects: [], env_vars: {}, stdout_used: true, stderr_used: true })
DEBUG: CommandSubstitution called with command: Pipeline(Pipeline { commands: [Simple(SimpleCommand { name: Literal("yes", None), args: [StringInterpolation(StringInterpolation { parts: [Literal("Hello")] }, None)], redirects: [], env_vars: {}, stdout_used: true, stderr_used: true }), Simple(SimpleCommand { name: Literal("head", None), args: [Literal("-3", None)], redirects: [], env_vars: {}, stdout_used: true, stderr_used: true })], source_text: None, stdout_used: true, stderr_used: true })
DEBUG: generate_pipeline_for_substitution called
DEBUG: Perl code generated, length: 1468 characters
DEBUG: About to start translated program execution
DEBUG: About to execute Perl command: ["perl", "C:\\Users\\s_pam\\AppData\\Local\\Temp\\__tmp_test_output.pl"]
DEBUG: Perl code length: 1468 characters
DEBUG: First 200 characters of Perl code:
#!/usr/bin/env perl
use strict;
use warnings;
use Carp;
use English qw( -no_match_vars );
use locale;
use IPC::Open3;

my $main_exit_code = 0;
my $ls_success = 0;
our $CHILD_ERROR;

print "=== System 
DEBUG: Starting Perl execution with timeout manager
DEBUG: Timeout manager starting PerlExecution with timeout of 30.0 seconds
DEBUG: Successfully spawned Perl process
DEBUG: Starting execution loop for Perl process
DEBUG: Execution loop iteration, elapsed: 4.7µs
DEBUG: Execution loop iteration, elapsed: 10.5171ms
DEBUG: Execution loop iteration, elapsed: 21.0599ms
DEBUG: Execution loop iteration, elapsed: 31.6536ms
DEBUG: Execution loop iteration, elapsed: 42.1681ms
DEBUG: Execution loop iteration, elapsed: 52.7086ms
DEBUG: Execution loop iteration, elapsed: 63.2415ms
DEBUG: Execution loop iteration, elapsed: 73.8581ms
DEBUG: Execution loop iteration, elapsed: 84.4514ms
DEBUG: Execution loop iteration, elapsed: 94.7996ms
DEBUG: Execution loop iteration, elapsed: 105.3334ms
DEBUG: Execution loop iteration, elapsed: 116.0755ms
DEBUG: Execution loop iteration, elapsed: 126.421ms
DEBUG: Execution loop iteration, elapsed: 136.9895ms
DEBUG: Execution loop iteration, elapsed: 147.242ms
DEBUG: Execution loop iteration, elapsed: 157.7755ms
DEBUG: Execution loop iteration, elapsed: 167.8903ms
DEBUG: Execution loop iteration, elapsed: 178.6156ms
DEBUG: Execution loop iteration, elapsed: 189.0028ms
DEBUG: Execution loop iteration, elapsed: 199.1262ms
DEBUG: Execution loop iteration, elapsed: 209.8279ms
DEBUG: Execution loop iteration, elapsed: 220.2174ms
DEBUG: Execution loop iteration, elapsed: 230.529ms
DEBUG: Execution loop iteration, elapsed: 240.9962ms
DEBUG: Execution loop iteration, elapsed: 251.3923ms
DEBUG: Execution loop iteration, elapsed: 261.9123ms
DEBUG: Execution loop iteration, elapsed: 272.4441ms
DEBUG: Execution loop iteration, elapsed: 282.7758ms
DEBUG: Execution loop iteration, elapsed: 293.3457ms
DEBUG: Execution loop iteration, elapsed: 303.7387ms
DEBUG: Execution loop iteration, elapsed: 314.001ms
DEBUG: Execution loop iteration, elapsed: 324.2598ms
DEBUG: Execution loop iteration, elapsed: 334.5343ms
DEBUG: Execution loop iteration, elapsed: 345.2716ms
DEBUG: Execution loop iteration, elapsed: 355.853ms
DEBUG: Execution loop iteration, elapsed: 366.4063ms
DEBUG: Execution loop iteration, elapsed: 376.8185ms
DEBUG: Execution loop iteration, elapsed: 386.9493ms
DEBUG: Execution loop iteration, elapsed: 397.1625ms
DEBUG: Execution loop iteration, elapsed: 407.5035ms
DEBUG: Execution loop iteration, elapsed: 417.9265ms
DEBUG: Execution loop iteration, elapsed: 428.4483ms
DEBUG: Execution loop iteration, elapsed: 438.7434ms
DEBUG: Execution loop iteration, elapsed: 449.0571ms
DEBUG: Execution loop iteration, elapsed: 459.1564ms
DEBUG: Execution loop iteration, elapsed: 469.2745ms
DEBUG: Execution loop iteration, elapsed: 479.8187ms
DEBUG: Execution loop iteration, elapsed: 490.3434ms
DEBUG: Execution loop iteration, elapsed: 500.6533ms
DEBUG: Execution loop iteration, elapsed: 511.2042ms
DEBUG: Execution loop iteration, elapsed: 521.721ms
DEBUG: Execution loop iteration, elapsed: 532.2307ms
DEBUG: Execution loop iteration, elapsed: 542.4526ms
DEBUG: Execution loop iteration, elapsed: 552.9904ms
DEBUG: Execution loop iteration, elapsed: 563.1774ms
DEBUG: Execution loop iteration, elapsed: 573.3824ms
DEBUG: Execution loop iteration, elapsed: 583.5602ms
DEBUG: Execution loop iteration, elapsed: 594.05ms
DEBUG: Execution loop iteration, elapsed: 604.5858ms
DEBUG: Execution loop iteration, elapsed: 615.1244ms
DEBUG: Execution loop iteration, elapsed: 625.6581ms
DEBUG: Execution loop iteration, elapsed: 636.1766ms
DEBUG: Execution loop iteration, elapsed: 646.555ms
DEBUG: Execution loop iteration, elapsed: 657.0779ms
DEBUG: Execution loop iteration, elapsed: 667.2503ms
DEBUG: Execution loop iteration, elapsed: 677.7197ms
DEBUG: Execution loop iteration, elapsed: 687.8885ms
DEBUG: Execution loop iteration, elapsed: 698.4151ms
DEBUG: Execution loop iteration, elapsed: 708.9561ms
DEBUG: Execution loop iteration, elapsed: 719.5542ms
DEBUG: Execution loop iteration, elapsed: 730.0778ms
DEBUG: Execution loop iteration, elapsed: 740.63ms
DEBUG: Execution loop iteration, elapsed: 751.1908ms
DEBUG: Execution loop iteration, elapsed: 761.7092ms
DEBUG: Execution loop iteration, elapsed: 772.2508ms
DEBUG: Execution loop iteration, elapsed: 782.9691ms
DEBUG: Execution loop iteration, elapsed: 793.3605ms
DEBUG: Execution loop iteration, elapsed: 803.908ms
DEBUG: Execution loop iteration, elapsed: 814.7995ms
DEBUG: Execution loop iteration, elapsed: 825.0047ms
DEBUG: Execution loop iteration, elapsed: 835.5536ms
DEBUG: Execution loop iteration, elapsed: 846.1072ms
DEBUG: Execution loop iteration, elapsed: 856.667ms
DEBUG: Execution loop iteration, elapsed: 867.2509ms
DEBUG: Execution loop iteration, elapsed: 878.8576ms
DEBUG: Execution loop iteration, elapsed: 889.3106ms
DEBUG: Execution loop iteration, elapsed: 899.4329ms
DEBUG: Execution loop iteration, elapsed: 910.2021ms
DEBUG: Execution loop iteration, elapsed: 920.8839ms
DEBUG: Execution loop iteration, elapsed: 931.2961ms
DEBUG: Execution loop iteration, elapsed: 941.9665ms
DEBUG: Execution loop iteration, elapsed: 952.5417ms
DEBUG: Execution loop iteration, elapsed: 963.072ms
DEBUG: Execution loop iteration, elapsed: 973.6931ms
DEBUG: Execution loop iteration, elapsed: 984.2611ms
DEBUG: Execution loop iteration, elapsed: 994.7953ms
DEBUG: Execution loop iteration, elapsed: 1.0053473s
DEBUG: Execution loop iteration, elapsed: 1.0155584s
DEBUG: Execution loop iteration, elapsed: 1.0257501s
DEBUG: Execution loop iteration, elapsed: 1.0363083s
DEBUG: Execution loop iteration, elapsed: 1.0468539s
DEBUG: Execution loop iteration, elapsed: 1.0573365s
DEBUG: Execution loop iteration, elapsed: 1.0678934s
DEBUG: Execution loop iteration, elapsed: 1.0784313s
DEBUG: Execution loop iteration, elapsed: 1.088974s
DEBUG: Execution loop iteration, elapsed: 1.0994466s
DEBUG: Execution loop iteration, elapsed: 1.110024s
DEBUG: Execution loop iteration, elapsed: 1.1205612s
DEBUG: Execution loop iteration, elapsed: 1.1311026s
DEBUG: Execution loop iteration, elapsed: 1.1416203s
DEBUG: Execution loop iteration, elapsed: 1.1517649s
DEBUG: Execution loop iteration, elapsed: 1.1622977s
DEBUG: Execution loop iteration, elapsed: 1.1728731s
DEBUG: Execution loop iteration, elapsed: 1.183407s
DEBUG: Execution loop iteration, elapsed: 1.1939279s
DEBUG: Execution loop iteration, elapsed: 1.2044767s
DEBUG: Execution loop iteration, elapsed: 1.214601s
DEBUG: Execution loop iteration, elapsed: 1.2251519s
DEBUG: Execution loop iteration, elapsed: 1.2356702s
DEBUG: Execution loop iteration, elapsed: 1.2458161s
DEBUG: Execution loop iteration, elapsed: 1.2560437s
DEBUG: Execution loop iteration, elapsed: 1.266132s
DEBUG: Execution loop iteration, elapsed: 1.2766887s
DEBUG: Execution loop iteration, elapsed: 1.2872431s
DEBUG: Execution loop iteration, elapsed: 1.2977413s
DEBUG: Execution loop iteration, elapsed: 1.3080944s
DEBUG: Execution loop iteration, elapsed: 1.3182494s
DEBUG: Execution loop iteration, elapsed: 1.3284017s
DEBUG: Execution loop iteration, elapsed: 1.3389395s
DEBUG: Execution loop iteration, elapsed: 1.3493687s
DEBUG: Execution loop iteration, elapsed: 1.3599334s
DEBUG: Execution loop iteration, elapsed: 1.3704633s
DEBUG: Execution loop iteration, elapsed: 1.3806138s
DEBUG: Execution loop iteration, elapsed: 1.391157s
DEBUG: Execution loop iteration, elapsed: 1.4014535s
DEBUG: Execution loop iteration, elapsed: 1.4115518s
DEBUG: Execution loop iteration, elapsed: 1.4221609s
DEBUG: Execution loop iteration, elapsed: 1.4325116s
DEBUG: Execution loop iteration, elapsed: 1.4430135s
DEBUG: Execution loop iteration, elapsed: 1.4535125s
DEBUG: Execution loop iteration, elapsed: 1.4640672s
DEBUG: Execution loop iteration, elapsed: 1.4745657s
DEBUG: Execution loop iteration, elapsed: 1.4847018s
DEBUG: Execution loop iteration, elapsed: 1.4948209s
DEBUG: Execution loop iteration, elapsed: 1.5053586s
DEBUG: Execution loop iteration, elapsed: 1.5155008s
DEBUG: Execution loop iteration, elapsed: 1.5256346s
DEBUG: Execution loop iteration, elapsed: 1.5361804s
DEBUG: Execution loop iteration, elapsed: 1.5465543s
DEBUG: Execution loop iteration, elapsed: 1.5571362s
DEBUG: Execution loop iteration, elapsed: 1.5673019s
DEBUG: Execution loop iteration, elapsed: 1.5775833s
DEBUG: Execution loop iteration, elapsed: 1.588048s
DEBUG: Execution loop iteration, elapsed: 1.5981888s
DEBUG: Execution loop iteration, elapsed: 1.6083853s
DEBUG: Execution loop iteration, elapsed: 1.6185156s
DEBUG: Execution loop iteration, elapsed: 1.6289414s
DEBUG: Execution loop iteration, elapsed: 1.6394705s
DEBUG: Execution loop iteration, elapsed: 1.6498627s
DEBUG: Execution loop iteration, elapsed: 1.6599628s
DEBUG: Execution loop iteration, elapsed: 1.6701539s
DEBUG: Execution loop iteration, elapsed: 1.6806887s
DEBUG: Execution loop iteration, elapsed: 1.6912315s
DEBUG: Execution loop iteration, elapsed: 1.7016057s
DEBUG: Execution loop iteration, elapsed: 1.7121789s
DEBUG: Execution loop iteration, elapsed: 1.7229979s
DEBUG: Execution loop iteration, elapsed: 1.7336453s
DEBUG: Execution loop iteration, elapsed: 1.7441905s
DEBUG: Execution loop iteration, elapsed: 1.7546867s
DEBUG: Execution loop iteration, elapsed: 1.7652214s
DEBUG: Execution loop iteration, elapsed: 1.7756486s
DEBUG: Execution loop iteration, elapsed: 1.7862321s
DEBUG: Execution loop iteration, elapsed: 1.7966173s
DEBUG: Execution loop iteration, elapsed: 1.8071727s
DEBUG: Execution loop iteration, elapsed: 1.8172979s
DEBUG: Execution loop iteration, elapsed: 1.827517s
DEBUG: Execution loop iteration, elapsed: 1.8379908s
DEBUG: Execution loop iteration, elapsed: 1.8480716s
DEBUG: Execution loop iteration, elapsed: 1.8587817s
DEBUG: Execution loop iteration, elapsed: 1.8692468s
DEBUG: Execution loop iteration, elapsed: 1.8797705s
DEBUG: Execution loop iteration, elapsed: 1.8903511s
DEBUG: Execution loop iteration, elapsed: 1.9005819s
DEBUG: Execution loop iteration, elapsed: 1.9110844s
DEBUG: Execution loop iteration, elapsed: 1.9217874s
DEBUG: Execution loop iteration, elapsed: 1.932377s
DEBUG: Execution loop iteration, elapsed: 1.9429091s
DEBUG: Execution loop iteration, elapsed: 1.9530069s
DEBUG: Execution loop iteration, elapsed: 1.9635879s
DEBUG: Execution loop iteration, elapsed: 1.9741146s
DEBUG: Execution loop iteration, elapsed: 1.9841927s
DEBUG: Execution loop iteration, elapsed: 1.9944587s
DEBUG: Execution loop iteration, elapsed: 2.0046175s
DEBUG: Execution loop iteration, elapsed: 2.0150384s
DEBUG: Execution loop iteration, elapsed: 2.0254452s
DEBUG: Execution loop iteration, elapsed: 2.0359217s
DEBUG: Execution loop iteration, elapsed: 2.0462186s
DEBUG: Execution loop iteration, elapsed: 2.0563523s
DEBUG: Execution loop iteration, elapsed: 2.0665939s
DEBUG: Execution loop iteration, elapsed: 2.0772898s
DEBUG: Execution loop iteration, elapsed: 2.0878423s
DEBUG: Execution loop iteration, elapsed: 2.0980643s
DEBUG: Execution loop iteration, elapsed: 2.1082668s
DEBUG: Execution loop iteration, elapsed: 2.1188132s
DEBUG: Execution loop iteration, elapsed: 2.1288878s
DEBUG: Execution loop iteration, elapsed: 2.1395337s
DEBUG: Execution loop iteration, elapsed: 2.1500267s
DEBUG: Execution loop iteration, elapsed: 2.1602042s
DEBUG: Execution loop iteration, elapsed: 2.1708758s
DEBUG: Execution loop iteration, elapsed: 2.1812664s
DEBUG: Execution loop iteration, elapsed: 2.1918158s
DEBUG: Execution loop iteration, elapsed: 2.2023058s
DEBUG: Execution loop iteration, elapsed: 2.2125622s
DEBUG: Execution loop iteration, elapsed: 2.2226502s
DEBUG: Execution loop iteration, elapsed: 2.2327169s
DEBUG: Execution loop iteration, elapsed: 2.2430361s
DEBUG: Execution loop iteration, elapsed: 2.2534867s
DEBUG: Execution loop iteration, elapsed: 2.2640287s
DEBUG: Execution loop iteration, elapsed: 2.2745588s
DEBUG: Execution loop iteration, elapsed: 2.2847499s
DEBUG: Execution loop iteration, elapsed: 2.2951369s
DEBUG: Execution loop iteration, elapsed: 2.3052762s
DEBUG: Execution loop iteration, elapsed: 2.3155749s
DEBUG: Execution loop iteration, elapsed: 2.3258684s
DEBUG: Execution loop iteration, elapsed: 2.3363247s
DEBUG: Execution loop iteration, elapsed: 2.3468657s
DEBUG: Execution loop iteration, elapsed: 2.3574116s
DEBUG: Execution loop iteration, elapsed: 2.3680135s
DEBUG: Execution loop iteration, elapsed: 2.3785874s
DEBUG: Execution loop iteration, elapsed: 2.3891671s
DEBUG: Execution loop iteration, elapsed: 2.3997814s
DEBUG: Execution loop iteration, elapsed: 2.4103457s
DEBUG: Execution loop iteration, elapsed: 2.4205706s
DEBUG: Execution loop iteration, elapsed: 2.4310815s
DEBUG: Execution loop iteration, elapsed: 2.4415833s
DEBUG: Execution loop iteration, elapsed: 2.4517625s
DEBUG: Execution loop iteration, elapsed: 2.4622283s
DEBUG: Execution loop iteration, elapsed: 2.4727942s
DEBUG: Execution loop iteration, elapsed: 2.4831244s
DEBUG: Execution loop iteration, elapsed: 2.4937622s
DEBUG: Execution loop iteration, elapsed: 2.5042585s
DEBUG: Execution loop iteration, elapsed: 2.5147852s
DEBUG: Execution loop iteration, elapsed: 2.5253627s
DEBUG: Execution loop iteration, elapsed: 2.5360181s
DEBUG: Execution loop iteration, elapsed: 2.5461925s
DEBUG: Execution loop iteration, elapsed: 2.556287s
DEBUG: Execution loop iteration, elapsed: 2.566351s
DEBUG: Execution loop iteration, elapsed: 2.5768488s
DEBUG: Execution loop iteration, elapsed: 2.5871152s
DEBUG: Execution loop iteration, elapsed: 2.5976497s
DEBUG: Execution loop iteration, elapsed: 2.6083048s
DEBUG: Execution loop iteration, elapsed: 2.6186304s
DEBUG: Execution loop iteration, elapsed: 2.6287341s
DEBUG: Execution loop iteration, elapsed: 2.6391365s
DEBUG: Execution loop iteration, elapsed: 2.6495385s
DEBUG: Execution loop iteration, elapsed: 2.6596455s
DEBUG: Execution loop iteration, elapsed: 2.6699352s
DEBUG: Execution loop iteration, elapsed: 2.680005s
DEBUG: Execution loop iteration, elapsed: 2.6903693s
DEBUG: Execution loop iteration, elapsed: 2.7009277s
DEBUG: Execution loop iteration, elapsed: 2.7111264s
DEBUG: Execution loop iteration, elapsed: 2.7212451s
DEBUG: Execution loop iteration, elapsed: 2.7316964s
DEBUG: Execution loop iteration, elapsed: 2.7423134s
DEBUG: Execution loop iteration, elapsed: 2.7528519s
DEBUG: Execution loop iteration, elapsed: 2.7633763s
DEBUG: Execution loop iteration, elapsed: 2.7735574s
DEBUG: Execution loop iteration, elapsed: 2.7840468s
DEBUG: Execution loop iteration, elapsed: 2.7941757s
DEBUG: Execution loop iteration, elapsed: 2.8046542s
DEBUG: Execution loop iteration, elapsed: 2.814834s
DEBUG: Execution loop iteration, elapsed: 2.8253898s
DEBUG: Execution loop iteration, elapsed: 2.8354824s
DEBUG: Execution loop iteration, elapsed: 2.8459835s
DEBUG: Execution loop iteration, elapsed: 2.856159s
DEBUG: Execution loop iteration, elapsed: 2.8667217s
DEBUG: Execution loop iteration, elapsed: 2.8772724s
DEBUG: Execution loop iteration, elapsed: 2.8873801s
DEBUG: Execution loop iteration, elapsed: 2.8975191s
DEBUG: Execution loop iteration, elapsed: 2.9080816s
DEBUG: Execution loop iteration, elapsed: 2.9184908s
DEBUG: Execution loop iteration, elapsed: 2.9290117s
DEBUG: Execution loop iteration, elapsed: 2.9395781s
DEBUG: Execution loop iteration, elapsed: 2.9496959s
DEBUG: Execution loop iteration, elapsed: 2.960306s
DEBUG: Execution loop iteration, elapsed: 2.9707445s
DEBUG: Execution loop iteration, elapsed: 2.9808341s
DEBUG: Execution loop iteration, elapsed: 2.9913515s
DEBUG: Execution loop iteration, elapsed: 3.0014962s
DEBUG: Execution loop iteration, elapsed: 3.0120887s
DEBUG: Execution loop iteration, elapsed: 3.0222404s
DEBUG: Execution loop iteration, elapsed: 3.0328475s
DEBUG: Execution loop iteration, elapsed: 3.0433694s
DEBUG: Execution loop iteration, elapsed: 3.0536281s
DEBUG: Execution loop iteration, elapsed: 3.0641571s
DEBUG: Execution loop iteration, elapsed: 3.0746495s
DEBUG: Execution loop iteration, elapsed: 3.0848943s
DEBUG: Execution loop iteration, elapsed: 3.0953552s
DEBUG: Execution loop iteration, elapsed: 3.1055325s
DEBUG: Execution loop iteration, elapsed: 3.1157713s
DEBUG: Execution loop iteration, elapsed: 3.1262112s
DEBUG: Execution loop iteration, elapsed: 3.1367482s
DEBUG: Execution loop iteration, elapsed: 3.1470377s
DEBUG: Execution loop iteration, elapsed: 3.1575226s
DEBUG: Execution loop iteration, elapsed: 3.1680946s
DEBUG: Execution loop iteration, elapsed: 3.1781637s
DEBUG: Execution loop iteration, elapsed: 3.1887534s
DEBUG: Execution loop iteration, elapsed: 3.199289s
DEBUG: Perl process completed with status: ExitStatus(ExitStatus(0))
DEBUG: Perl execution completed, duration: 3.1994803s, timed_out: false
DEBUG: Ending Perl execution with timeout manager
DEBUG: Timeout manager completed PerlExecution successfully
DEBUG: Test completed, comparing outputs
DEBUG: Shell stdout length: 191, Translated stdout length: 225
DEBUG: Shell stderr length: 40, Translated stderr length: 89
DEBUG: Shell exit: 0, Translated exit: 0
DEBUG: Test success: false
DEBUG: Test execution completed in 6332ms
[2J[1;1H================================================================================
                                    TEST FAILED
================================================================================
File: examples\000__04d_system_utilities.sh
Generator: perl
Test: 7/146
Tests passed before failure: 0
Failure Reason: Failed due to: stdout mismatch, stderr mismatch
================================================================================

Exit Code Comparison (IGNORED):
Shell script exit code: 0
Translated code exit code: 0

================================================================================
ORIGINAL SHELL SCRIPT:
================================================================================
#!/bin/bash

# System utilities using backticks
# This file demonstrates system utility commands with backticks

echo "=== System Utilities ==="

# date command with backticks
#PERL_MUST_NOT_CONTAIN `date
timestamp=`date +%rms`
formatted_date=`date '+%Y-%m-%d %H'`
echo "Timestamp: $timestamp"
echo "Formatted date: $formatted_date"

# time command with backticks
#PERL_MUST_NOT_CONTAIN `time
time_result=`time sleep 1 2>&1`
echo "Time result: $time_result"

# sleep command with backticks (though it doesn't produce output)
#PERL_MUST_NOT_CONTAIN `sleep
sleep_duration=`echo "2"`
echo "Sleeping for $sleep_duration seconds..."
sleep $sleep_duration

# which command with backticks
#PERL_MUST_NOT_CONTAIN `which
#bash_path=`which bash`
#echo "Bash path: $bash_path"

# yes command with backticks
#PERL_MUST_NOT_CONTAIN `yes
yes_result=`yes "Hello" | head -3`
echo "Yes command result:"
echo "$yes_result"

echo "=== System Utilities Complete ==="



================================================================================
TRANSLATED PERL CODE:
================================================================================
#!/usr/bin/env perl
use strict;
use warnings;
use Carp;
use English qw( -no_match_vars );
use locale;
use IPC::Open3;

my $main_exit_code = 0;
my $ls_success = 0;
our $CHILD_ERROR;

print "=== System Utilities ===\n";
my $formatted_date = do { use POSIX qw(strftime); strftime('%Y-%m-%d %H', localtime); };
my $timestamp = do { use POSIX qw(strftime); strftime('%rms', localtime); };
print "Timestamp: $timestamp\n";
print "Formatted date: $formatted_date\n";
my $time_result = do {
    my $cmd_result_0 = do { use Time::HiRes qw(gettimeofday tv_interval);
my $start_time = [gettimeofday];
system sleep 1;
my $end_time = [gettimeofday];
my $elapsed = tv_interval($start_time, $end_time);
sprintf "real\t%.3fs\nuser\t0.000s\nsys\t0.000s\n", $elapsed;
 };
    chomp $cmd_result_0;
    $cmd_result_0;
};
print "Time result: $time_result\n";
my $sleep_duration = (q{2});
print "Sleeping for $sleep_duration seconds...\n";
use Time::HiRes qw(sleep);
sleep $sleep_duration;
my $yes_result = do {
my $head_line_count = 0;
my $output_0 = q{};
for (my $i = 0; $i < 3; $i++) {
    my $line = "Hello";
    # yes doesn't support line-by-line processing
    if ($head_line_count < 3) {
        $output_0 .= $line . "\n";
        ++$head_line_count;
    } else {
        $line = q{}; # Clear line to prevent printing
    }
}
$output_0

};
print "Yes command result:\n";
print $yes_result;
if (!($yes_result =~ /\n$/msx)) { print "\n"; }
print "=== System Utilities Complete ===\n";


================================================================================
ABSTRACT SYNTAX TREE:
================================================================================
[Simple(SimpleCommand { name: Literal("echo", None), args: [StringInterpolation(StringInterpolation { parts: [Literal("=== System Utilities ===")] }, None)], redirects: [], env_vars: {}, stdout_used: true, stderr_used: true }), Simple(SimpleCommand { name: Literal("echo", None), args: [StringInterpolation(StringInterpolation { parts: [Literal("Timestamp: "), Variable("timestamp")] }, None)], redirects: [], env_vars: {"formatted_date": CommandSubstitution(Simple(SimpleCommand { name: Literal("date", None), args: [Literal("+%Y-%m-%d %H", None)], redirects: [], env_vars: {}, stdout_used: true, stderr_used: true }), None), "timestamp": CommandSubstitution(Simple(SimpleCommand { name: Literal("date", None), args: [Literal("+%rms", None)], redirects: [], env_vars: {}, stdout_used: true, stderr_used: true }), None)}, stdout_used: true, stderr_used: true }), Simple(SimpleCommand { name: Literal("echo", None), args: [StringInterpolation(StringInterpolation { parts: [Literal("Formatted date: "), Variable("formatted_date")] }, None)], redirects: [], env_vars: {}, stdout_used: true, stderr_used: true }), Simple(SimpleCommand { name: Literal("echo", None), args: [StringInterpolation(StringInterpolation { parts: [Literal("Time result: "), Variable("time_result")] }, None)], redirects: [], env_vars: {"time_result": CommandSubstitution(Simple(SimpleCommand { name: Literal("time", None), args: [Literal("sleep", None), Literal("1", None)], redirects: [Redirect { fd: Some(2), operator: StderrOutput, target: Literal("1", None), heredoc_body: None }], env_vars: {}, stdout_used: true, stderr_used: true }), None)}, stdout_used: true, stderr_used: true }), Simple(SimpleCommand { name: Literal("echo", None), args: [StringInterpolation(StringInterpolation { parts: [Literal("Sleeping for "), Variable("sleep_duration"), Literal(" seconds...")] }, None)], redirects: [], env_vars: {"sleep_duration": CommandSubstitution(Simple(SimpleCommand { name: Literal("echo", None), args: [Literal("2", None)], redirects: [], env_vars: {}, stdout_used: true, stderr_used: true }), None)}, stdout_used: true, stderr_used: true }), Simple(SimpleCommand { name: Literal("sleep", None), args: [Variable("sleep_duration", false, None)], redirects: [], env_vars: {}, stdout_used: true, stderr_used: true }), Simple(SimpleCommand { name: Literal("echo", None), args: [StringInterpolation(StringInterpolation { parts: [Literal("Yes command result:")] }, None)], redirects: [], env_vars: {"yes_result": CommandSubstitution(Pipeline(Pipeline { commands: [Simple(SimpleCommand { name: Literal("yes", None), args: [StringInterpolation(StringInterpolation { parts: [Literal("Hello")] }, None)], redirects: [], env_vars: {}, stdout_used: true, stderr_used: true }), Simple(SimpleCommand { name: Literal("head", None), args: [Literal("-3", None)], redirects: [], env_vars: {}, stdout_used: true, stderr_used: true })], source_text: None, stdout_used: true, stderr_used: true }), None)}, stdout_used: true, stderr_used: true }), Simple(SimpleCommand { name: Literal("echo", None), args: [StringInterpolation(StringInterpolation { parts: [Variable("yes_result")] }, None)], redirects: [], env_vars: {}, stdout_used: true, stderr_used: true }), Simple(SimpleCommand { name: Literal("echo", None), args: [StringInterpolation(StringInterpolation { parts: [Literal("=== System Utilities Complete ===")] }, None)], redirects: [], env_vars: {}, stdout_used: true, stderr_used: true })]

================================================================================
STDOUT COMPARISON (DIFF):
================================================================================
--- shell_stdout
+++ perl_stdout
 === System Utilities ===
-Timestamp: 11:43:20 PMms
+Timestamp: 11:43:23 PMms
 Formatted date: 2025-09-21 23
-Time result: 
+Time result: real\x091.061s
+user\x090.000s
+sys\x090.000s
 Sleeping for 2 seconds...
 Yes command result:
 Hello
 Hello
 Hello
 === System Utilities Complete ===


================================================================================
STDERR COMPARISON:
================================================================================
STDERR DIFFERENCES FOUND:
--- shell_stderr
+++ perl_stderr
-real\x090m1.002s
+'1' is not recognized as an internal or external command,
-user\x090m0.001s
+operable program or batch file.
-sys\x090m0.000s


================================================================================
SUMMARY: 0 out of 146 tests passed before first failure
================================================================================

BRIEF FAILURE SUMMARY:
Failed due to: stdout mismatch, stderr mismatch
Writing test count 0 to first_n_tests_passed.txt
Current working directory: "D:\\GitHub\\sh2perl"
Successfully wrote test count 0 and matching stdout lines 1 to first_n_tests_passed.txt

To run test again: ./fail 000__04d
Running test_purify.pl validation...
Running test_purify.pl with verbose output
Running test_purify.pl with next option
Testing purify.pl exists...
Testing debashc exists...
Testing examples.impurl directory exists...
Found 54 .pl files in examples.impurl directory
Testing purify.pl on examples.impurl/000benchmark.pl...
  ✓ examples.impurl/000benchmark.pl processed successfully
Testing purify.pl on examples.impurl/001_echo_basic.pl...
  ✓ examples.impurl/001_echo_basic.pl processed successfully
Testing purify.pl on examples.impurl/002_printf_basic.pl...
  ✓ examples.impurl/002_printf_basic.pl processed successfully
Testing purify.pl on examples.impurl/003__ls_basic.pl...
  ✓ examples.impurl/003__ls_basic.pl processed successfully
Testing purify.pl on examples.impurl/003_ls_basic.pl...
  ✓ examples.impurl/003_ls_basic.pl processed successfully
Testing purify.pl on examples.impurl/004_cat_basic.pl...
  ✓ examples.impurl/004_cat_basic.pl processed successfully
Testing purify.pl on examples.impurl/005_wc_basic.pl...
  ✓ examples.impurl/005_wc_basic.pl processed successfully
Testing purify.pl on examples.impurl/006_head_basic.pl...
  ✓ examples.impurl/006_head_basic.pl processed successfully
Testing purify.pl on examples.impurl/007_tail_basic.pl...
  ✓ examples.impurl/007_tail_basic.pl processed successfully
Testing purify.pl on examples.impurl/008_date_basic.pl...
  ✓ examples.impurl/008_date_basic.pl processed successfully
Testing purify.pl on examples.impurl/009_sleep_basic.pl...
  ✓ examples.impurl/009_sleep_basic.pl processed successfully
Testing purify.pl on examples.impurl/010_which_basic.pl...
  ✓ examples.impurl/010_which_basic.pl processed successfully
Testing purify.pl on examples.impurl/011_grep_basic.pl...
  ✓ examples.impurl/011_grep_basic.pl processed successfully
Testing purify.pl on examples.impurl/012_sed_basic.pl...
  ✓ examples.impurl/012_sed_basic.pl processed successfully
Testing purify.pl on examples.impurl/013_awk_basic.pl...
  ✓ examples.impurl/013_awk_basic.pl processed successfully
Testing purify.pl on examples.impurl/014_tr_basic.pl...
  ✓ examples.impurl/014_tr_basic.pl processed successfully
Testing purify.pl on examples.impurl/015_cut_basic.pl...
  ✓ examples.impurl/015_cut_basic.pl processed successfully
Testing purify.pl on examples.impurl/016_sort_basic.pl...
  ✓ examples.impurl/016_sort_basic.pl processed successfully
Testing purify.pl on examples.impurl/017_uniq_basic.pl...
  ✓ examples.impurl/017_uniq_basic.pl processed successfully
Testing purify.pl on examples.impurl/018_paste_basic.pl...
  ✓ examples.impurl/018_paste_basic.pl processed successfully
Testing purify.pl on examples.impurl/019_comm_basic.pl...
  ✓ examples.impurl/019_comm_basic.pl processed successfully
Testing purify.pl on examples.impurl/020_diff_basic.pl...
  ✓ examples.impurl/020_diff_basic.pl processed successfully
Testing purify.pl on examples.impurl/021_find_basic.pl...
  ✓ examples.impurl/021_find_basic.pl processed successfully
Testing purify.pl on examples.impurl/022_cp_basic.pl...
  ✓ examples.impurl/022_cp_basic.pl processed successfully
Testing purify.pl on examples.impurl/023_mv_basic.pl...
  ✓ examples.impurl/023_mv_basic.pl processed successfully
Testing purify.pl on examples.impurl/024_rm_basic.pl...
  ✓ examples.impurl/024_rm_basic.pl processed successfully
Testing purify.pl on examples.impurl/025_mkdir_basic.pl...
  ✓ examples.impurl/025_mkdir_basic.pl processed successfully
Testing purify.pl on examples.impurl/026_touch_basic.pl...
  ✓ examples.impurl/026_touch_basic.pl processed successfully
Testing purify.pl on examples.impurl/027_basename_basic.pl...
  ✓ examples.impurl/027_basename_basic.pl processed successfully
Testing purify.pl on examples.impurl/028_dirname_basic.pl...
  ✓ examples.impurl/028_dirname_basic.pl processed successfully
Testing purify.pl on examples.impurl/029_xargs_basic.pl...
  ✓ examples.impurl/029_xargs_basic.pl processed successfully
Testing purify.pl on examples.impurl/030_tee_basic.pl...
  ✓ examples.impurl/030_tee_basic.pl processed successfully
Testing purify.pl on examples.impurl/031_time_basic.pl...
  ✓ examples.impurl/031_time_basic.pl processed successfully
Testing purify.pl on examples.impurl/032_kill_basic.pl...
  ✓ examples.impurl/032_kill_basic.pl processed successfully
Testing purify.pl on examples.impurl/033_nice_basic.pl...
  ✓ examples.impurl/033_nice_basic.pl processed successfully
Testing purify.pl on examples.impurl/034_nohup_basic.pl...
  ✓ examples.impurl/034_nohup_basic.pl processed successfully
Testing purify.pl on examples.impurl/035_pipeline_basic.pl...
  ✓ examples.impurl/035_pipeline_basic.pl processed successfully
Testing purify.pl on examples.impurl/036_control_flow_basic.pl...
  ✓ examples.impurl/036_control_flow_basic.pl processed successfully
Testing purify.pl on examples.impurl/037_complex_pipeline.pl...
  ✓ examples.impurl/037_complex_pipeline.pl processed successfully
Testing purify.pl on examples.impurl/038_advanced_control_flow.pl...
  ✓ examples.impurl/038_advanced_control_flow.pl processed successfully
Testing purify.pl on examples.impurl/039_subshell_operations.pl...
test_purify.pl passed, continuing with other commands...
Test run completed at Sun, Sep 21, 2025 11:43:59 PM
