Starting test run at Mon, Sep 29, 2025 10:05:35 PM
Logging to: logs/fail_run_20250929_220535.log
Test arguments: 000__07
----------------------------------------
Compiling debashc...
warning: unused import: `Token`
    --> src\parser\commands.rs:1351:31
     |
1351 |     use crate::lexer::{Lexer, Token};
     |                               ^^^^^
     |
     = note: `#[warn(unused_imports)]` on by default

warning: unused import: `regex::Regex`
 --> src\generator\commands\pipeline_commands.rs:4:5
  |
4 | use regex::Regex;
  |     ^^^^^^^^^^^^

warning: unused import: `std::collections::HashMap`
 --> src\generator\redirects.rs:4:5
  |
4 | use std::collections::HashMap;
  |     ^^^^^^^^^^^^^^^^^^^^^^^^^

warning: unused doc comment
   --> src\timeout_manager.rs:282:1
    |
282 | /// Global timeout manager instance
    | ^^^^^^^^^^^^^^^^^^^^^^^^^^^^^^^^^^^ rustdoc does not generate documentation for macro invocations
    |
    = help: to document an item produced by a macro, the macro must produce the documentation as part of its expansion
    = note: `#[warn(unused_doc_comments)]` on by default

warning: variable does not need to be mutable
    --> src\parser\commands.rs:1354:9
     |
1354 |     let mut lexer = Lexer::new(text);
     |         ----^^^^^
     |         |
     |         help: remove this `mut`
     |
     = note: `#[warn(unused_mut)]` on by default

warning: unused variable: `cmd2`
   --> src\generator\commands\pipeline_commands.rs:469:66
    |
469 |         if let (Command::Redirect(redirect_cmd), Command::Simple(cmd2)) = (&pipeline.commands[0], &pipeline.commands[1]) {
    |                                                                  ^^^^ help: if this is intentional, prefix it with an underscore: `_cmd2`
    |
    = note: `#[warn(unused_variables)]` on by default

warning: variable `head_max` is assigned to, but never used
   --> src\generator\commands\pipeline_commands.rs:836:25
    |
836 |                 let mut head_max = 10; // Default value
    |                         ^^^^^^^^
    |
    = note: consider using `_head_max` instead

warning: value assigned to `head_max` is never read
   --> src\generator\commands\pipeline_commands.rs:847:53
    |
847 | ...                   head_max = num;
    |                       ^^^^^^^^
    |
    = help: maybe it is overwritten before being read?
    = note: `#[warn(unused_assignments)]` on by default

warning: value assigned to `head_max` is never read
   --> src\generator\commands\pipeline_commands.rs:854:53
    |
854 | ...                   head_max = num;
    |                       ^^^^^^^^
    |
    = help: maybe it is overwritten before being read?

warning: value assigned to `head_max` is never read
   --> src\generator\commands\pipeline_commands.rs:859:49
    |
859 | ...                   head_max = num;
    |                       ^^^^^^^^
    |
    = help: maybe it is overwritten before being read?

warning: unused variable: `i`
   --> src\generator\commands\pipeline_commands.rs:883:22
    |
883 |                 for (i, command) in pipeline.commands[start_index..].iter().enumerate() {
    |                      ^ help: if this is intentional, prefix it with an underscore: `_i`

warning: unused variable: `j`
   --> src\generator\commands\pipeline_commands.rs:897:34
    |
897 | ...                   for (j, nested_command) in nested_pipeline.commands.iter().enumerate() {
    |                            ^ help: if this is intentional, prefix it with an underscore: `_j`

warning: unused variable: `cmd`
  --> src\generator\commands\system_commands.rs:36:35
   |
36 |         Word::CommandSubstitution(cmd, _) => {
   |                                   ^^^ help: if this is intentional, prefix it with an underscore: `_cmd`

warning: unused variable: `output`
  --> src\generator\commands\find.rs:42:13
   |
42 |     let mut output = String::new();
   |             ^^^^^^ help: if this is intentional, prefix it with an underscore: `_output`

warning: variable does not need to be mutable
  --> src\generator\commands\find.rs:42:9
   |
42 |     let mut output = String::new();
   |         ----^^^^^^
   |         |
   |         help: remove this `mut`

warning: unused variable: `input_var`
 --> src\generator\commands\comm.rs:7:5
  |
7 |     input_var: &str,
  |     ^^^^^^^^^ help: if this is intentional, prefix it with an underscore: `_input_var`

warning: unused variable: `command_str`
   --> src\generator\words.rs:554:37
    |
554 | ...                   let command_str = generator.word_to_perl(command);
    |                           ^^^^^^^^^^^ help: if this is intentional, prefix it with an underscore: `_command_str`

warning: unused variable: `literal`
   --> src\generator\words.rs:385:59
    |
385 | ...                   Word::Literal(literal, _) => {
    |                                     ^^^^^^^ help: if this is intentional, prefix it with an underscore: `_literal`

warning: unused variable: `s`
   --> src\generator\words.rs:842:23
    |
842 |         Word::Literal(s, _) => generator.perl_string_literal(word),
    |                       ^ help: if this is intentional, prefix it with an underscore: `_s`

warning: unused variable: `literal`
   --> src\generator\utils.rs:151:59
    |
151 | ...                   Word::Literal(literal, _) => {
    |                                     ^^^^^^^ help: if this is intentional, prefix it with an underscore: `_literal`

warning: unused variable: `operation_handle`
   --> src\timeout_manager.rs:151:13
    |
151 |         let operation_handle = thread::spawn(move || {
    |             ^^^^^^^^^^^^^^^^ help: if this is intentional, prefix it with an underscore: `_operation_handle`

warning: unused variable: `operation_handle`
   --> src\timeout_manager.rs:194:13
    |
194 |         let operation_handle = thread::spawn(move || {
    |             ^^^^^^^^^^^^^^^^ help: if this is intentional, prefix it with an underscore: `_operation_handle`

warning: methods `parse_variable_expansion` and `parse_arithmetic_expression` are never used
    --> src\parser\commands.rs:1186:8
     |
  20 | impl Parser {
     | ----------- methods in this implementation
...
1186 |     fn parse_variable_expansion(&mut self) -> Result<Word, ParserError> {
     |        ^^^^^^^^^^^^^^^^^^^^^^^^
...
1255 |     fn parse_arithmetic_expression(&mut self) -> Result<Word, ParserError> {
     |        ^^^^^^^^^^^^^^^^^^^^^^^^^^^
     |
     = note: `#[warn(dead_code)]` on by default

warning: function `parse_command` is never used
    --> src\parser\control_flow.rs:1075:4
     |
1075 | fn parse_command(parser: &mut Parser) -> Result<Command, ParserError> {
     |    ^^^^^^^^^^^^^

warning: function `parse_assignment` is never used
    --> src\parser\control_flow.rs:1285:4
     |
1285 | fn parse_assignment(parser: &mut Parser) -> Result<Command, ParserError> {
     |    ^^^^^^^^^^^^^^^^

warning: function `parse_parameter_expansion` is never used
    --> src\parser\words.rs:1885:4
     |
1885 | fn parse_parameter_expansion(_lexer: &mut Lexer) -> Result<Word, ParserError> {
     |    ^^^^^^^^^^^^^^^^^^^^^^^^^

warning: function `escape_glob_pattern` is never used
 --> src\generator\commands\find.rs:4:4
  |
4 | fn escape_glob_pattern(pattern: &str) -> String {
  |    ^^^^^^^^^^^^^^^^^^^

warning: function `parse_size_to_bytes` is never used
   --> src\generator\commands\find.rs:195:4
    |
195 | fn parse_size_to_bytes(size_str: &str) -> u64 {
    |    ^^^^^^^^^^^^^^^^^^^

warning: function `generate_tr_linebyline_impl` is never used
  --> src\generator\commands\tr.rs:24:4
   |
24 | fn generate_tr_linebyline_impl(generator: &mut Generator, cmd: &SimpleCommand, input_var: &str, _command_index: &str) -> String {
   |    ^^^^^^^^^^^^^^^^^^^^^^^^^^^

warning: function `generate_tr_buffered_impl` is never used
  --> src\generator\commands\tr.rs:73:4
   |
73 | fn generate_tr_buffered_impl(generator: &mut Generator, cmd: &SimpleCommand, input_var: &str, command_index: &str) -> String {
   |    ^^^^^^^^^^^^^^^^^^^^^^^^^

warning: function `is_variable_used_after_for_loop` is never used
   --> src\generator\control_flow.rs:230:4
    |
230 | fn is_variable_used_after_for_loop(commands: &[Command], for_loop_var: &str, for_loop_index: usize) -> bool {
    |    ^^^^^^^^^^^^^^^^^^^^^^^^^^^^^^^

warning: fields `variable_usage` and `scope_depth` are never read
  --> src\variable_analysis.rs:8:5
   |
 6 | pub struct VariableUsageAnalyzer {
   |            --------------------- fields in this struct
 7 |     /// Maps variable names to their usage information
 8 |     variable_usage: HashMap<String, VariableUsageInfo>,
   |     ^^^^^^^^^^^^^^
 9 |     /// Current scope depth for tracking nested scopes
10 |     scope_depth: usize,
   |     ^^^^^^^^^^^
   |
   = note: `VariableUsageAnalyzer` has derived impls for the traits `Clone` and `Debug`, but these are intentionally ignored during dead code analysis

warning: `debashl` (lib) generated 32 warnings (run `cargo fix --lib -p debashl` to apply 5 suggestions)
warning: unused import: `execute_with_progress`
 --> src\testing.rs:9:67
  |
9 | use crate::timeout_manager::{OperationType, execute_with_timeout, execute_with_progress, 
  |                                                                   ^^^^^^^^^^^^^^^^^^^^^
  |
  = note: `#[warn(unused_imports)]` on by default

warning: unused import: `debashl::parser::errors::ParserError`
  --> src\testing.rs:16:5
   |
16 | use debashl::parser::errors::ParserError;
   |     ^^^^^^^^^^^^^^^^^^^^^^^^^^^^^^^^^^^^

warning: unused variable: `operation_handle`
  --> src\testing.rs:25:9
   |
25 |     let operation_handle = std::thread::spawn(move || {
   |         ^^^^^^^^^^^^^^^^ help: if this is intentional, prefix it with an underscore: `_operation_handle`
   |
   = note: `#[warn(unused_variables)]` on by default

warning: variable does not need to be mutable
    --> src\testing.rs:1188:9
     |
1188 |     let mut should_break = false;
     |         ----^^^^^^^^^^^^
     |         |
     |         help: remove this `mut`
     |
     = note: `#[warn(unused_mut)]` on by default

warning: unused variable: `overall_start`
    --> src\testing.rs:1397:9
     |
1397 |     let overall_start = std::time::Instant::now();
     |         ^^^^^^^^^^^^^ help: if this is intentional, prefix it with an underscore: `_overall_start`

warning: unused variable: `test_loop_start`
    --> src\testing.rs:1445:9
     |
1445 |     let test_loop_start = std::time::Instant::now();
     |         ^^^^^^^^^^^^^^^ help: if this is intentional, prefix it with an underscore: `_test_loop_start`

warning: unused variable: `should_break`
    --> src\testing.rs:1994:13
     |
1994 |     let mut should_break = false;
     |             ^^^^^^^^^^^^ help: if this is intentional, prefix it with an underscore: `_should_break`

warning: variable does not need to be mutable
    --> src\testing.rs:1994:9
     |
1994 |     let mut should_break = false;
     |         ----^^^^^^^^^^^^
     |         |
     |         help: remove this `mut`

warning: function `run_perl_script` is never used
  --> src\execution.rs:62:8
   |
62 | pub fn run_perl_script(script_path: &str) -> Result<std::process::Output, String> {
   |        ^^^^^^^^^^^^^^^
   |
   = note: `#[warn(dead_code)]` on by default

warning: function `extract_line_col` is never used
 --> src\utils.rs:4:8
  |
4 | pub fn extract_line_col(e: &dyn std::error::Error) -> Option<(usize, usize)> {
  |        ^^^^^^^^^^^^^^^^

warning: function `parse_line_col` is never used
  --> src\utils.rs:17:8
   |
17 | pub fn parse_line_col(s: &str) -> Option<(usize, usize)> {
   |        ^^^^^^^^^^^^^^

warning: function `caret_snippet` is never used
  --> src\utils.rs:25:8
   |
25 | pub fn caret_snippet(input: &str, line: usize, col: usize) -> Option<String> {
   |        ^^^^^^^^^^^^^

warning: function `with_timeout` is never used
  --> src\testing.rs:19:4
   |
19 | fn with_timeout<F, T>(timeout_secs: u64, operation: F) -> Result<T, String> 
   |    ^^^^^^^^^^^^

warning: fields `shell_duration` and `translated_duration` are never read
  --> src\testing.rs:52:9
   |
39 | pub struct TestResult {
   |            ---------- fields in this struct
...
52 |     pub shell_duration: std::time::Duration, // Shell execution time
   |         ^^^^^^^^^^^^^^
53 |     pub translated_duration: std::time::Duration, // Translated program execution time
   |         ^^^^^^^^^^^^^^^^^^^
   |
   = note: `TestResult` has a derived impl for the trait `Debug`, but this is intentionally ignored during dead code analysis

warning: function `test_file_equivalence_detailed` is never used
   --> src\testing.rs:552:8
    |
552 | pub fn test_file_equivalence_detailed(lang: &str, filename: &str, ast_options: Option<AstFormatOptions>) -> Result<TestResult, String> {
    |        ^^^^^^^^^^^^^^^^^^^^^^^^^^^^^^

warning: function `test_all_examples_next_fail` is never used
    --> src\testing.rs:1393:8
     |
1393 | pub fn test_all_examples_next_fail(generators: &[String], test_prefix: Option<String>, enable_perl_critic: bool) {
     |        ^^^^^^^^^^^^^^^^^^^^^^^^^^^

warning: function `extract_core_perl_logic` is never used
   --> src\cli_commands.rs:198:4
    |
198 | fn extract_core_perl_logic(perl_code: &str) -> String {
    |    ^^^^^^^^^^^^^^^^^^^^^^^

warning: function `export_mir_to_json` is never used
   --> src\cli_commands.rs:445:8
    |
445 | pub fn export_mir_to_json(input: &str, _optimize: bool) {
    |        ^^^^^^^^^^^^^^^^^^

warning: variants `Parsing`, `CodeGeneration`, `FileOperations`, `TestExecution`, and `DebugFreeze` are never constructed
  --> src\timeout_manager.rs:11:5
   |
 8 | pub enum OperationType {
   |          ------------- variants in this enum
...
11 |     Parsing,            // Parsing shell scripts
   |     ^^^^^^^
12 |     CodeGeneration,     // Generating Perl code
   |     ^^^^^^^^^^^^^^
13 |     FileOperations,     // File I/O operations
   |     ^^^^^^^^^^^^^^
14 |     TestExecution,      // Overall test execution
   |     ^^^^^^^^^^^^^
15 |     DebugFreeze,        // Debug freeze pause
   |     ^^^^^^^^^^^
   |
   = note: `OperationType` has derived impls for the traits `Clone` and `Debug`, but these are intentionally ignored during dead code analysis

warning: methods `set_freeze_duration` and `get_freeze_duration` are never used
  --> src\timeout_manager.rs:74:12
   |
51 | impl DebugFreezeManager {
   | ----------------------- methods in this implementation
...
74 |     pub fn set_freeze_duration(&mut self, duration: Duration) {
   |            ^^^^^^^^^^^^^^^^^^^
...
78 |     pub fn get_freeze_duration(&self) -> Duration {
   |            ^^^^^^^^^^^^^^^^^^^

warning: methods `set_timeout` and `execute_with_progress` are never used
   --> src\timeout_manager.rs:117:12
    |
 90 | impl TimeoutManager {
    | ------------------- methods in this implementation
...
117 |     pub fn set_timeout(&mut self, operation: OperationType, duration: Duration) {
    |            ^^^^^^^^^^^
...
178 |     pub fn execute_with_progress<F, T>(&self, operation: OperationType, operation_fn: F) -> Result<T, String>
    |            ^^^^^^^^^^^^^^^^^^^^^

warning: function `execute_with_progress` is never used
   --> src\timeout_manager.rs:302:8
    |
302 | pub fn execute_with_progress<F, T>(operation: OperationType, operation_fn: F) -> Result<T, String>
    |        ^^^^^^^^^^^^^^^^^^^^^

warning: `debashl` (bin "debashc") generated 25 warnings (3 duplicates) (run `cargo fix --bin "debashc"` to apply 4 suggestions)
    Finished `dev` profile [unoptimized + debuginfo] target(s) in 0.40s
Running test_purify.pl validation...
Running test_purify.pl with verbose output
Running test_purify.pl with next option
DEBUG[1759154738.039]: Found 54 .pl files in examples.impurl directory
DEBUG[1759154738.039]: Files to process: examples.impurl/000benchmark.pl, examples.impurl/001_echo_basic.pl, examples.impurl/002_printf_basic.pl, examples.impurl/003__ls_basic.pl, examples.impurl/003_ls_basic.pl, examples.impurl/004_cat_basic.pl, examples.impurl/005_wc_basic.pl, examples.impurl/006_head_basic.pl, examples.impurl/007_tail_basic.pl, examples.impurl/008_date_basic.pl, examples.impurl/009_sleep_basic.pl, examples.impurl/010_which_basic.pl, examples.impurl/011_grep_basic.pl, examples.impurl/012_sed_basic.pl, examples.impurl/013_awk_basic.pl, examples.impurl/014_tr_basic.pl, examples.impurl/015_cut_basic.pl, examples.impurl/016_sort_basic.pl, examples.impurl/017_uniq_basic.pl, examples.impurl/018_paste_basic.pl, examples.impurl/019_comm_basic.pl, examples.impurl/020_diff_basic.pl, examples.impurl/021_find_basic.pl, examples.impurl/022_cp_basic.pl, examples.impurl/023_mv_basic.pl, examples.impurl/024_rm_basic.pl, examples.impurl/025_mkdir_basic.pl, examples.impurl/026_touch_basic.pl, examples.impurl/027_basename_basic.pl, examples.impurl/028_dirname_basic.pl, examples.impurl/029_xargs_basic.pl, examples.impurl/030_tee_basic.pl, examples.impurl/031_time_basic.pl, examples.impurl/032_kill_basic.pl, examples.impurl/033_nice_basic.pl, examples.impurl/034_nohup_basic.pl, examples.impurl/035_pipeline_basic.pl, examples.impurl/036_control_flow_basic.pl, examples.impurl/037_complex_pipeline.pl, examples.impurl/038_advanced_control_flow.pl, examples.impurl/039_subshell_operations.pl, examples.impurl/040_most_complex_example.pl, examples.impurl/041_compression_network.pl, examples.impurl/042_checksum_verification.pl, examples.impurl/043_string_processing.pl, examples.impurl/044_yes_command.pl, examples.impurl/045_read_command.pl, examples.impurl/046_perl_command.pl, examples.impurl/047_advanced_pipelines.pl, examples.impurl/048_nested_control_flow.pl, examples.impurl/049_ultimate_complex_example.pl, examples.impurl/050_final_example.pl, examples.impurl/051_remaining_examples.pl, examples.impurl/052_complex_usage_examples.pl
DEBUG[1759154738.039]: Testing purify.pl --help...
DEBUG[1759154738.039]: Starting purify.pl help test (timeout: 5s, type: purify_help)
DEBUG[1759154739.199]: purify.pl help test completed in 1.15990304946899s (exit code: 0)
DEBUG[1759154739.199]: purify.pl --help test passed
DEBUG[1759154739.199]: Progress: [                    ] 1% (1/54) - Processing files
DEBUG[1759154739.199]: Testing purify.pl on examples.impurl/000benchmark.pl -> pure/000benchmark.pl
DEBUG[1759154739.199]: File 1 of 54
DEBUG[1759154739.199]: Running purify.pl on examples.impurl/000benchmark.pl
DEBUG[1759154739.199]: Starting purify.pl execution (timeout: 60s, type: purify_execution)
DEBUG[1759154740.320]: purify.pl execution completed in 1.12063002586365s (exit code: 0)
DEBUG[1759154740.320]: purify.pl result: 0
DEBUG[1759154740.320]: ✓ examples.impurl/000benchmark.pl: purify.pl processed successfully
DEBUG[1759154740.320]: Checking if pure/000benchmark.pl still contains system calls or backticks
DEBUG[1759154740.320]: Starting grep check (timeout: 5s, type: grep_check)
DEBUG[1759154740.384]: grep check completed in 0.0643839836120605s (exit code: 1)
DEBUG[1759154740.384]: ✓ Purification check passed - no system calls or backticks found
DEBUG[1759154740.384]: Running original file: examples.impurl/000benchmark.pl
DEBUG[1759154740.384]: Starting original file execution (timeout: 30s, type: perl_execution)
DEBUG[1759154740.632]: original file execution completed in 0.248087882995605s (exit code: 0)
DEBUG[1759154740.632]: Original file execution result: 0
DEBUG[1759154740.632]: Running purified file: pure/000benchmark.pl
DEBUG[1759154740.632]: Starting purified file execution (timeout: 30s, type: perl_execution)
DEBUG[1759154740.851]: purified file execution completed in 0.218465089797974s (exit code: 0)
DEBUG[1759154740.851]: Purified file execution result: 0
DEBUG[1759154740.851]: ✓ Output comparison passed - files produce identical output
DEBUG[1759154740.851]: Progress: [                    ] 3% (2/54) - Processing files
DEBUG[1759154740.851]: Testing purify.pl on examples.impurl/001_echo_basic.pl -> pure/001_echo_basic.pl
DEBUG[1759154740.851]: File 2 of 54
DEBUG[1759154740.851]: Running purify.pl on examples.impurl/001_echo_basic.pl
DEBUG[1759154740.851]: Starting purify.pl execution (timeout: 60s, type: purify_execution)
DEBUG[1759154742.318]: purify.pl execution completed in 1.46671390533447s (exit code: 0)
DEBUG[1759154742.318]: purify.pl result: 0
DEBUG[1759154742.318]: ✓ examples.impurl/001_echo_basic.pl: purify.pl processed successfully
DEBUG[1759154742.318]: Checking if pure/001_echo_basic.pl still contains system calls or backticks
DEBUG[1759154742.318]: Starting grep check (timeout: 5s, type: grep_check)
DEBUG[1759154742.474]: grep check completed in 0.155786037445068s (exit code: 1)
DEBUG[1759154742.474]: ✓ Purification check passed - no system calls or backticks found
DEBUG[1759154742.474]: Running original file: examples.impurl/001_echo_basic.pl
DEBUG[1759154742.474]: Starting original file execution (timeout: 30s, type: perl_execution)
DEBUG[1759154743.463]: original file execution completed in 0.988719940185547s (exit code: 0)
DEBUG[1759154743.463]: Original file execution result: 0
DEBUG[1759154743.463]: Running purified file: pure/001_echo_basic.pl
DEBUG[1759154743.463]: Starting purified file execution (timeout: 30s, type: perl_execution)
DEBUG[1759154743.983]: purified file execution completed in 0.52009105682373s (exit code: 0)
DEBUG[1759154743.983]: Purified file execution result: 0
DEBUG[1759154743.983]: ✓ Output comparison passed - files produce identical output
DEBUG[1759154743.983]: Progress: [=                   ] 5% (3/54) - Processing files
DEBUG[1759154743.983]: Testing purify.pl on examples.impurl/002_printf_basic.pl -> pure/002_printf_basic.pl
DEBUG[1759154743.983]: File 3 of 54
DEBUG[1759154743.983]: Running purify.pl on examples.impurl/002_printf_basic.pl
DEBUG[1759154743.983]: Starting purify.pl execution (timeout: 60s, type: purify_execution)
DEBUG[1759154745.333]: purify.pl execution completed in 1.34939002990723s (exit code: 0)
DEBUG[1759154745.333]: purify.pl result: 0
DEBUG[1759154745.333]: ✓ examples.impurl/002_printf_basic.pl: purify.pl processed successfully
DEBUG[1759154745.333]: Checking if pure/002_printf_basic.pl still contains system calls or backticks
DEBUG[1759154745.333]: Starting grep check (timeout: 5s, type: grep_check)
DEBUG[1759154745.435]: grep check completed in 0.101768016815186s (exit code: 1)
DEBUG[1759154745.435]: ✓ Purification check passed - no system calls or backticks found
DEBUG[1759154745.435]: Running original file: examples.impurl/002_printf_basic.pl
DEBUG[1759154745.435]: Starting original file execution (timeout: 30s, type: perl_execution)
DEBUG[1759154747.302]: original file execution completed in 1.86732506752014s (exit code: 0)
DEBUG[1759154747.302]: Original file execution result: 0
DEBUG[1759154747.302]: Running purified file: pure/002_printf_basic.pl
DEBUG[1759154747.302]: Starting purified file execution (timeout: 30s, type: perl_execution)
DEBUG[1759154749.044]: purified file execution completed in 1.74122095108032s (exit code: 0)
DEBUG[1759154749.044]: Purified file execution result: 0
DEBUG[1759154749.044]: ✓ Output comparison passed - files produce identical output
DEBUG[1759154749.044]: Progress: [=                   ] 7% (4/54) - Processing files
DEBUG[1759154749.044]: Testing purify.pl on examples.impurl/003__ls_basic.pl -> pure/003__ls_basic.pl
DEBUG[1759154749.044]: File 4 of 54
DEBUG[1759154749.044]: Running purify.pl on examples.impurl/003__ls_basic.pl
DEBUG[1759154749.044]: Starting purify.pl execution (timeout: 60s, type: purify_execution)
DEBUG[1759154750.659]: purify.pl execution completed in 1.61508893966675s (exit code: 0)
DEBUG[1759154750.659]: purify.pl result: 0
DEBUG[1759154750.660]: ✓ examples.impurl/003__ls_basic.pl: purify.pl processed successfully
DEBUG[1759154750.660]: Checking if pure/003__ls_basic.pl still contains system calls or backticks
DEBUG[1759154750.660]: Starting grep check (timeout: 5s, type: grep_check)
DEBUG[1759154750.794]: grep check completed in 0.13460898399353s (exit code: 1)
DEBUG[1759154750.794]: ✓ Purification check passed - no system calls or backticks found
DEBUG[1759154750.794]: Running original file: examples.impurl/003__ls_basic.pl
DEBUG[1759154750.794]: Starting original file execution (timeout: 30s, type: perl_execution)
DEBUG[1759154752.112]: original file execution completed in 1.31812977790833s (exit code: 0)
DEBUG[1759154752.113]: Original file execution result: 0
DEBUG[1759154752.113]: Running purified file: pure/003__ls_basic.pl
DEBUG[1759154752.113]: Starting purified file execution (timeout: 30s, type: perl_execution)
DEBUG[1759154753.296]: purified file execution completed in 1.18296599388123s (exit code: 0)
DEBUG[1759154753.296]: Purified file execution result: 0
DEBUG[1759154753.296]: ✓ Output comparison passed - files produce identical output
DEBUG[1759154753.296]: Progress: [=                   ] 9% (5/54) - Processing files
DEBUG[1759154753.296]: Testing purify.pl on examples.impurl/003_ls_basic.pl -> pure/003_ls_basic.pl
DEBUG[1759154753.296]: File 5 of 54
DEBUG[1759154753.296]: Running purify.pl on examples.impurl/003_ls_basic.pl
DEBUG[1759154753.296]: Starting purify.pl execution (timeout: 60s, type: purify_execution)
DEBUG[1759154754.960]: purify.pl execution completed in 1.66383385658264s (exit code: 0)
DEBUG[1759154754.960]: purify.pl result: 0
DEBUG[1759154754.960]: ✓ examples.impurl/003_ls_basic.pl: purify.pl processed successfully
DEBUG[1759154754.960]: Checking if pure/003_ls_basic.pl still contains system calls or backticks
DEBUG[1759154754.960]: Starting grep check (timeout: 5s, type: grep_check)
DEBUG[1759154755.059]: grep check completed in 0.0988888740539551s (exit code: 1)
DEBUG[1759154755.059]: ✓ Purification check passed - no system calls or backticks found
DEBUG[1759154755.059]: Running original file: examples.impurl/003_ls_basic.pl
DEBUG[1759154755.059]: Starting original file execution (timeout: 30s, type: perl_execution)
DEBUG[1759154756.001]: original file execution completed in 0.942141056060791s (exit code: 0)
DEBUG[1759154756.001]: Original file execution result: 0
DEBUG[1759154756.001]: Running purified file: pure/003_ls_basic.pl
DEBUG[1759154756.001]: Starting purified file execution (timeout: 30s, type: perl_execution)
DEBUG[1759154756.584]: purified file execution completed in 0.58281397819519s (exit code: 0)
DEBUG[1759154756.584]: Purified file execution result: 0
DEBUG[1759154756.584]: ✓ Output comparison passed - files produce identical output
DEBUG[1759154756.584]: Progress: [==                  ] 11% (6/54) - Processing files
DEBUG[1759154756.585]: Testing purify.pl on examples.impurl/004_cat_basic.pl -> pure/004_cat_basic.pl
DEBUG[1759154756.585]: File 6 of 54
DEBUG[1759154756.585]: Running purify.pl on examples.impurl/004_cat_basic.pl
DEBUG[1759154756.585]: Starting purify.pl execution (timeout: 60s, type: purify_execution)
DEBUG[1759154757.949]: purify.pl execution completed in 1.36486506462097s (exit code: 0)
DEBUG[1759154757.950]: purify.pl result: 0
DEBUG[1759154757.950]: ✓ examples.impurl/004_cat_basic.pl: purify.pl processed successfully
DEBUG[1759154757.950]: Checking if pure/004_cat_basic.pl still contains system calls or backticks
DEBUG[1759154757.950]: Starting grep check (timeout: 5s, type: grep_check)
DEBUG[1759154758.077]: grep check completed in 0.127537965774536s (exit code: 1)
DEBUG[1759154758.077]: ✓ Purification check passed - no system calls or backticks found
DEBUG[1759154758.077]: Running original file: examples.impurl/004_cat_basic.pl
DEBUG[1759154758.077]: Starting original file execution (timeout: 30s, type: perl_execution)
DEBUG[1759154759.473]: original file execution completed in 1.39528298377991s (exit code: 0)
DEBUG[1759154759.473]: Original file execution result: 0
DEBUG[1759154759.473]: Running purified file: pure/004_cat_basic.pl
DEBUG[1759154759.473]: Starting purified file execution (timeout: 30s, type: perl_execution)
DEBUG[1759154760.117]: purified file execution completed in 0.644765853881836s (exit code: 0)
DEBUG[1759154760.117]: Purified file execution result: 0
DEBUG[1759154760.117]: ✓ Output comparison passed - files produce identical output
DEBUG[1759154760.118]: Progress: [==                  ] 12% (7/54) - Processing files
DEBUG[1759154760.118]: Testing purify.pl on examples.impurl/005_wc_basic.pl -> pure/005_wc_basic.pl
DEBUG[1759154760.118]: File 7 of 54
DEBUG[1759154760.118]: Running purify.pl on examples.impurl/005_wc_basic.pl
DEBUG[1759154760.118]: Starting purify.pl execution (timeout: 60s, type: purify_execution)
DEBUG[1759154763.759]: purify.pl execution completed in 3.64061999320984s (exit code: 0)
DEBUG[1759154763.759]: purify.pl result: 0
DEBUG[1759154763.759]: ✓ examples.impurl/005_wc_basic.pl: purify.pl processed successfully
DEBUG[1759154763.759]: Checking if pure/005_wc_basic.pl still contains system calls or backticks
DEBUG[1759154763.759]: Starting grep check (timeout: 5s, type: grep_check)
DEBUG[1759154763.948]: grep check completed in 0.188369989395142s (exit code: 1)
DEBUG[1759154763.948]: ✓ Purification check passed - no system calls or backticks found
DEBUG[1759154763.948]: Running original file: examples.impurl/005_wc_basic.pl
DEBUG[1759154763.948]: Starting original file execution (timeout: 30s, type: perl_execution)
DEBUG[1759154765.294]: original file execution completed in 1.34618782997131s (exit code: 0)
DEBUG[1759154765.294]: Original file execution result: 0
DEBUG[1759154765.294]: Running purified file: pure/005_wc_basic.pl
DEBUG[1759154765.294]: Starting purified file execution (timeout: 30s, type: perl_execution)
DEBUG[1759154766.334]: purified file execution completed in 1.04041790962219s (exit code: 0)
DEBUG[1759154766.335]: Purified file execution result: 0
DEBUG[1759154766.335]: ✓ Output comparison passed - files produce identical output
DEBUG[1759154766.335]: Progress: [==                  ] 14% (8/54) - Processing files
DEBUG[1759154766.335]: Testing purify.pl on examples.impurl/006_head_basic.pl -> pure/006_head_basic.pl
DEBUG[1759154766.335]: File 8 of 54
DEBUG[1759154766.335]: Running purify.pl on examples.impurl/006_head_basic.pl
DEBUG[1759154766.335]: Starting purify.pl execution (timeout: 60s, type: purify_execution)
Stopping on first failure. Fix the issue and run again.
DEBUG[1759154767.819]: purify.pl execution completed in 1.48426795005798s (exit code: 143)
DEBUG[1759154767.819]: purify.pl result: 143
DEBUG[1759154767.819]: ✗ examples.impurl/006_head_basic.pl: purify.pl failed (exit code: 143)
DEBUG[1759154767.819]: Error output: 
test_purify.pl passed, continuing with other commands...
Running debashc with fine-grained per-test timeouts...
Running: debashc test generation and execution
Command: ./target/debug/debashc.exe fail --perl-critic "000__07"
Timeout: Per-test timeouts (30s shell, 10s parse, 5s generate)
----------------------------------------
Running ALL 146 examples (limited to 50 tests to prevent timeout)

DEBUG: Looking for prefix '000__07'

Found example matching prefix '000__07': 000__07_find_path_commands.sh

Running only the specified example
==================================================
DEBUG: Progress: 5/146 tests completed (3.4%)
DEBUG: Progress: 10/146 tests completed (6.8%)
Test 14/146: 000__07_find_path_commands.sh with perl     DEBUG: Starting test execution for examples\000__07_find_path_commands.sh with generator perl
DEBUG: Running shell script: examples\000__07_find_path_commands.sh
DEBUG: Timeout manager starting ShellExecution with timeout of 120.0 seconds
DEBUG: Timeout manager completed ShellExecution successfully
DEBUG: Shell script completed in 0.42s
DEBUG: Shell script execution completed, now starting Perl generation
DEBUG: Setting original script name to: 000__07_find_path_commands.sh
DEBUG: CommandSubstitution called with command: Simple(SimpleCommand { name: Literal("find", None), args: [Literal(".", None), Literal("-name", None), Literal("*.sh", None), Literal("-type", None), Literal("f", None)], redirects: [], env_vars: {}, stdout_used: true, stderr_used: true })
DEBUG: generate_find_command called with generate_output: true, input_var: 'found_files'
DEBUG: Using generate_find_for_substitution with input_var: 'found_files'
DEBUG: Perl code generated, length: 801 characters
DEBUG: check_perl_no_open3_builtins called with 801 characters
DEBUG: check_perl_no_system_builtins called with 801 characters
DEBUG: About to start translated program execution
DEBUG: About to execute Perl command: ["perl", "C:\\Users\\s_pam\\AppData\\Local\\Temp\\__tmp_test_output.pl"]
DEBUG: Perl code length: 801 characters
DEBUG: First 200 characters of Perl code:
#!/usr/bin/env perl
use strict;
use warnings;
use Carp;
use English qw( -no_match_vars );
use locale;
use IPC::Open3;

my $main_exit_code = 0;
my $ls_success = 0;
our $CHILD_ERROR;

my $found_files = 
DEBUG: Saved Perl code to debug_perl_code.pl
DEBUG: Starting Perl execution with timeout manager
DEBUG: Timeout manager starting PerlExecution with timeout of 30.0 seconds
DEBUG: Successfully spawned Perl process
DEBUG: Starting execution loop for Perl process
DEBUG: Execution loop iteration, elapsed: 6.2µs
DEBUG: Perl process completed with status: ExitStatus(ExitStatus(0))
DEBUG: Perl execution completed, duration: 602.8769ms, timed_out: false
DEBUG: Ending Perl execution with timeout manager
DEBUG: Timeout manager completed PerlExecution successfully
DEBUG: Test completed, comparing outputs
DEBUG: Shell stdout length: 4582, Translated stdout length: 4582
DEBUG: Shell stderr length: 0, Translated stderr length: 0
DEBUG: Shell exit: 0, Translated exit: 0
DEBUG: stdout_match: true, stderr_match: true, exit_code_match: true
DEBUG: timed_out: false
DEBUG: Test success: true
DEBUG: failure_reason: ''
DEBUG: Test execution completed in 25052ms
✓


================================================================================
                                    TEST PASSED
================================================================================
File: examples\000__07_find_path_commands.sh
Generator: perl
Test: 14/146
================================================================================

ORIGINAL SHELL SCRIPT:
#!/bin/bash

# find command with backticks
#PERL_MUST_NOT_CONTAIN `find
found_files=`find . -name "*.sh" -type f`
echo "Found shell scripts:"
echo "$found_files"

# basename and dirname with backticks
#PERL_MUST_NOT_CONTAIN `basename
#PERL_MUST_NOT_CONTAIN `dirname
#script_name=`basename $0`
#script_dir=`dirname $0`
#echo "Script name: $script_name"
#echo "Script directory: $script_dir"


TRANSLATED PERL CODE:
#!/usr/bin/env perl
use strict;
use warnings;
use Carp;
use English qw( -no_match_vars );
use locale;
use IPC::Open3;

my $main_exit_code = 0;
my $ls_success = 0;
our $CHILD_ERROR;

my $found_files = do {
    my $cmd_result_1 = do { do {
    use File::Find;
    use File::Basename;
    my @files_0 = ();
    my $start_0 = q{.};
    sub find_files_0 {
        my $file_0 = $File::Find::name;
        if (!(-f $file_0)) {
            return;
        }
        if (!(basename($file_0) =~ m/^.*.sh$/xms)) {
            return;
        }
        push @files_0, $file_0;
        return;
    }
    find(\&find_files_0, $start_0);
    join "\n", @files_0;
} };
    chomp $cmd_result_1;
    $cmd_result_1;
};
print "Found shell scripts:\n";
print $found_files;
if (!($found_files =~ /\n$/msx)) { print "\n"; }


ABSTRACT SYNTAX TREE:
[Simple(SimpleCommand { name: Literal("echo", None), args: [StringInterpolation(StringInterpolation { parts: [Literal("Found shell scripts:")] }, None)], redirects: [], env_vars: {"found_files": CommandSubstitution(Simple(SimpleCommand { name: Literal("find", None), args: [Literal(".", None), Literal("-name", None), Literal("*.sh", None), Literal("-type", None), Literal("f", None)], redirects: [], env_vars: {}, stdout_used: true, stderr_used: true }), None)}, stdout_used: true, stderr_used: true }), Simple(SimpleCommand { name: Literal("echo", None), args: [StringInterpolation(StringInterpolation { parts: [Variable("found_files")] }, None)], redirects: [], env_vars: {}, stdout_used: true, stderr_used: true })]
Test run completed at Mon, Sep 29, 2025 10:06:35 PM
