Starting test run at Sun Nov  2 19:10:30 AWST 2025
Logging to: logs/fail_run_20251102_191030.log
Test arguments: 000__02
----------------------------------------
Compiling debashc...
./fail: line 85: cargo: command not found
Running test_purify.pl validation...
./fail: line 92: C:\Strawberry\perl\bin\perl.exe: command not found
test_purify.pl passed, continuing with other commands...
Running debashc with fine-grained per-test timeouts...
Running: debashc test generation and execution
Command: ./target/debug/debashc.exe fail --perl-critic "000__02"
Timeout: Per-test timeouts (30s shell, 10s parse, 5s generate)
----------------------------------------
Running ALL 146 examples (limited to 50 tests to prevent timeout)

DEBUG: Looking for prefix '
Found example matching prefix '000__02': 000__02_output_formatting_commands.sh

Running only the specified example
==================================================
Test 2/146: 000__02_output_formatting_commands.sh with perl     000__02'
DEBUG: Starting test execution for examples\000__02_output_formatting_commands.sh with generator perl
DEBUG: Shell script execution completed, now starting Perl generation
DEBUG: Setting original script name to: 000__02_output_formatting_commands.sh
DEBUG: CommandSubstitution called with command: Simple(SimpleCommand { name: Literal("echo", None), args: [Literal("Hello from backticks", None)], redirects: [], env_vars: {}, stdout_used: true, stderr_used: true })
DEBUG: CommandSubstitution called with command: Simple(SimpleCommand { name: Literal("printf", None), args: [Literal("Number: %d, String: %s\\n", None), Literal("42", None), Literal("test", None)], redirects: [], env_vars: {}, stdout_used: true, stderr_used: true })
DEBUG: CommandSubstitution called with command: Simple(SimpleCommand { name: Literal("sha256sum", None), args: [Literal("test_checksum.txt", None)], redirects: [], env_vars: {}, stdout_used: true, stderr_used: true })
DEBUG: words.rs - Using native sha256sum implementation for command substitution
DEBUG: CommandSubstitution called with command: Simple(SimpleCommand { name: Literal("sha512sum", None), args: [Literal("test_checksum.txt", None)], redirects: [], env_vars: {}, stdout_used: true, stderr_used: true })
DEBUG: words.rs - Using native sha512sum implementation for command substitution
DEBUG: CommandSubstitution called with command: Pipeline(Pipeline { commands: [Simple(SimpleCommand { name: Literal("strings", None), args: [Literal("test_binary.txt", None)], redirects: [], env_vars: {}, stdout_used: true, stderr_used: true }), Simple(SimpleCommand { name: Literal("head", None), args: [Literal("-3", None)], redirects: [], env_vars: {}, stdout_used: true, stderr_used: true })], source_text: None, stdout_used: true, stderr_used: true })
DEBUG: generate_pipeline_for_substitution called
DEBUG: Pipeline has 2 commands
DEBUG: Processing 2-command pipeline
DEBUG: CommandSubstitution called with command: Pipeline(Pipeline { commands: [Simple(SimpleCommand { name: Literal("echo", None), args: [StringInterpolation(StringInterpolation { parts: [Literal("test output")] }, None)], redirects: [], env_vars: {}, stdout_used: true, stderr_used: true }), Simple(SimpleCommand { name: Literal("tee", None), args: [Literal("test_tee.txt", None)], redirects: [], env_vars: {}, stdout_used: true, stderr_used: true })], source_text: None, stdout_used: true, stderr_used: true })
DEBUG: generate_pipeline_for_substitution called
DEBUG: Pipeline has 2 commands
DEBUG: Processing 2-command pipeline
DEBUG: CommandSubstitution called with command: Simple(SimpleCommand { name: Literal("perl", None), args: [Literal("-e", None), Literal("print \"Hello from Perl\\n\"", None)], redirects: [], env_vars: {}, stdout_used: true, stderr_used: true })
DEBUG: Processing perl command in command substitution with args: [Literal("-e", None), Literal("print \"Hello from Perl\\n\"", None)]
DEBUG: Perl code generated, length: 6685 characters
DEBUG: Test execution completed in 9998ms
[2J[1;1H================================================================================
                                    TEST FAILED
================================================================================
File: examples\000__02_output_formatting_commands.sh
Generator: perl
Test: 2/146
Tests passed before failure: 0
Failure Reason: Perl::Critic violations found:
Generated Perl code:
```perl
#!/usr/bin/env perl
use strict;
use warnings;
use Carp;
use English qw(-no_match_vars);
use locale;
use IPC::Open3;
use Digest::SHA qw(sha256_hex sha512_hex);
use File::Path qw(make_path remove_tree);

my $main_exit_code = 0;
my $ls_success     = 0;
our $CHILD_ERROR;

print "=== Output and Formatting Commands ===\n";
my $echo_result = do { my $_chomp_temp = ('Hello from backticks'); chomp $_chomp_temp; $_chomp_temp };
do {
    my $output = "Echo result: $echo_result";
    print $output;
    if ( !( $output =~ m{\n$}msx ) ) {
        print "\n";
    }
};
my $printf_result = do { my $result = sprintf "Number: %d, String: %s\n", "42", "test"; chomp $result; $result; };
do {
    my $output = "Printf result: $printf_result";
    print $output;
    if ( !( $output =~ m{\n$}msx ) ) {
        print "\n";
    }
};
print "=== Compression Commands ===\n";
print "=== Network Commands ===\n";
print "=== Process Management Commands ===\n";
print "=== Checksum Commands ===\n";
{
    open my $original_stdout, '>&', STDOUT
    or croak "Cannot save STDOUT: $ERRNO";
    open STDOUT, '>', 'test_checksum.txt'
    or croak "Cannot open file: $ERRNO";
    print "test content\n";
    open STDOUT, '>&', $original_stdout
    or croak "Cannot restore STDOUT: $ERRNO";
    close $original_stdout
    or croak "Close failed: $ERRNO";
}
my $sha256_result = do {
my @results;
if (-f 'test_checksum.txt') {
my $hash = sha256_hex(
    do {
        local $INPUT_RECORD_SEPARATOR = undef;
        open my $fh, '<', 'test_checksum.txt'
            or croak "Cannot open 'test_checksum.txt': $ERRNO";
        my $content = <$fh>;
        close $fh
            or croak "Close failed: $ERRNO";
        $content
    }
);
push @results, "$hash  test_checksum.txt";
} else {
push @results,
    "0000000000000000000000000000000000000000000000000000000000000000  test_checksum.txt  FAILED open or read";
}
join "\n", @results;
}
;
do {
    my $output = "SHA256 result: $sha256_result";
    print $output;
    if ( !( $output =~ m{\n$}msx ) ) {
        print "\n";
    }
};
my $sha512_result = do {
my @results;
if (-f 'test_checksum.txt') {
my $hash = sha512_hex(
    do {
        local $INPUT_RECORD_SEPARATOR = undef;
        open my $fh, '<', 'test_checksum.txt'
            or croak "Cannot open 'test_checksum.txt': $ERRNO";
        my $content = <$fh>;
        close $fh
            or croak "Close failed: $ERRNO";
        $content
    }
);
push @results, "$hash  test_checksum.txt";
} else {
push @results,
    "00000000000000000000000000000000000000000000000000000000000000000000000000000000000000000000000000000000000000000000000000000000  test_checksum.txt  FAILED open or read";
}
join "\n", @results;
}
;
do {
    my $output = "SHA512 result: $sha512_result";
    print $output;
    if ( !( $output =~ m{\n$}msx ) ) {
        print "\n";
    }
};
my $strings_result = do { my $_chomp_result = do { do {
    my $output_0;
    my $pipeline_success_0 = 1;
        my $input_data;
    if (open my $fh, '<', 'test_binary.txt') {
    local $INPUT_RECORD_SEPARATOR = undef;  # Read entire file at once
    $input_data = <$fh>;
    close $fh
        or croak "Close failed: $ERRNO";
    } else {
    print {*STDERR} "strings: 'test_binary.txt': No such file\n";
    $input_data = q{};
    }
    my @result;
    my @lines = split /\n/msx, $input_data;
    for my $line (@lines) {
    if (length $line >= 4) {
    push @result, $line;
    }
    }
    my $line = join "\n", @result;
    $output_0 = $line;
    my $num_lines = 3;
    my $head_line_count = 0;
    my $result = q{};
    my $input = $output_0;
    my $pos = 0;
    while ($pos < length $input && $head_line_count < $num_lines) {
        my $line_end = index $input, "\n", $pos;
        if ($line_end == -1) {
            $line_end = length $input;
        }
        my $head_line = substr $input, $pos, $line_end - $pos;
        $result .= $head_line . "\n";
        $pos = $line_end + 1;
        ++$head_line_count;
    }
    $output_0 = $result;
    if (!$pipeline_success_0) { $main_exit_code = 1; }
        $output_0;
}
 }; chomp $_chomp_result; $_chomp_result };
print "Strings result:\n";
print $strings_result;
if ( !( $strings_result =~ m{\n$}msx ) ) { print "\n"; }
print "=== I/O Redirection Commands ===\n";
my $tee_result = do { my $_chomp_result = do { do {
    my $output_1;
    my $pipeline_success_1 = 1;
        $output_1 .= "test output\n";
    my @lines = split /\n/msx, $output_1;
    if (open my $fh, '>', 'test_tee.txt') {
    foreach my $line (@lines) {
    print {$fh} "$line\n";
    }
    close $fh
        or croak "Close failed: $ERRNO";
    } else {
    carp "tee: Cannot open 'test_tee.txt': $ERRNO";
    }
    if (!$pipeline_success_1) { $main_exit_code = 1; }
        $output_1;
}
 }; chomp $_chomp_result; $_chomp_result };
do {
    my $output = "Tee result: $tee_result";
    print $output;
    if ( !( $output =~ m{\n$}msx ) ) {
        print "\n";
    }
};
print "=== Perl Command ===\n";
my $perl_result = do {
                                            use Capture::Tiny qw(capture_stdout);
                                            my $result;
                                            my $eval_success = eval {
                                                $result = capture_stdout(sub { print "Hello from Perl\n" });
                                                1;
                                            };
                                            if (!$eval_success) {
                                                $result = "Error executing Perl code: $EVAL_ERROR";
                                            }
                                            $result;
                                        };
do {
    my $output = "Perl result: $perl_result";
    print $output;
    if ( !( $output =~ m{\n$}msx ) ) {
        print "\n";
    }
};
if (-e "test_checksum.txt") {
if (-d "test_checksum.txt") {
carp "rm: carping: ", "test_checksum.txt",
    " is a directory (use -r to remove recursively)\n";
} else {
if (unlink "test_checksum.txt") {
$main_exit_code = 0;
} else {
carp "rm: carping: could not remove ", "test_checksum.txt",
    ": $OS_ERROR\n";
}
}
} else {
local $CHILD_ERROR = 0;
carp "rm: carping: ", "test_checksum.txt",
    ": No such file or directory\n";
}
if (-e "test_tee.txt") {
if (-d "test_tee.txt") {
carp "rm: carping: ", "test_tee.txt",
    " is a directory (use -r to remove recursively)\n";
} else {
if (unlink "test_tee.txt") {
$main_exit_code = 0;
} else {
carp "rm: carping: could not remove ", "test_tee.txt",
    ": $OS_ERROR\n";
}
}
} else {
local $CHILD_ERROR = 0;
carp "rm: carping: ", "test_tee.txt",
    ": No such file or directory\n";
}

```

perlcritic_wrapper: Started, parse args took 1.4e-05s
perlcritic_wrapper: File read took 0.00049s
perlcritic_wrapper: SHA1 hash took 5.5e-05s
perlcritic_wrapper: No cache file found
perlcritic_wrapper: Perl::Critic init took 0.241678s
perlcritic_wrapper: Perl::Critic analysis took 0.60923s
perlcritic_wrapper: Perltidy subprocess took 3.100769s
Code formatting differences detected:
Original has 229 lines, Tidied has 255 lines

Line 9 differs:
  Original: [use File::Path qw(make_path remove_tree);]
  Tidied:   [use File::Path  qw(make_path remove_tree);]
  First diff at position 15:
    pos 15: orig='q' vs tidied=' '
Argument " " isn't numeric in numeric gt (>) at perlcritic_wrapper.pl line 339.
Argument " " isn't numeric in numeric gt (>) at perlcritic_wrapper.pl line 339.

Line 16 differs:
  Original: [my $echo_result = do { my $_chomp_temp = ('Hello from backticks'); chomp $_chomp_temp; $_chomp_temp };]
  Tidied:   [my $echo_result = do {]

Line 17 differs:
  Original: [do {]
  Tidied:   [    my $_chomp_temp = ('Hello from backticks');]
  First diff at position 0:
    pos 0: orig='d' vs tidied=' '
Argument "{" isn't numeric in numeric gt (>) at perlcritic_wrapper.pl line 339.
    pos 1: orig='o' vs tidied=' '
Argument "d" isn't numeric in numeric gt (>) at perlcritic_wrapper.pl line 339.
Argument " " isn't numeric in numeric gt (>) at perlcritic_wrapper.pl line 339.

Line 18 differs:
  Original: [    my $output = "Echo result: $echo_result";]
  Tidied:   [    chomp $_chomp_temp;]
  First diff at position 4:
    pos 4: orig='m' vs tidied='c'
Argument " " isn't numeric in numeric gt (>) at perlcritic_wrapper.pl line 339.
Argument " " isn't numeric in numeric gt (>) at perlcritic_wrapper.pl line 339.

Line 19 differs:
  Original: [    print $output;]
  Tidied:   [    $_chomp_temp;]
  First diff at position 4:
    pos 4: orig='p' vs tidied='$'
Argument " " isn't numeric in numeric gt (>) at perlcritic_wrapper.pl line 339.
Argument " " isn't numeric in numeric gt (>) at perlcritic_wrapper.pl line 339.

Line 20 differs:
  Original: [    if ( !( $output =~ m{\n$}msx ) ) {]
  Tidied:   [};]
  First diff at position 0:
    pos 0: orig=' ' vs tidied='}'
Argument "{" isn't numeric in numeric gt (>) at perlcritic_wrapper.pl line 339.
    pos 1: orig=' ' vs tidied=';'
Argument " " isn't numeric in numeric gt (>) at perlcritic_wrapper.pl line 339.
Argument "}" isn't numeric in numeric gt (>) at perlcritic_wrapper.pl line 339.

Line 21 differs:
  Original: [        print "\n";]
  Tidied:   [do {]
  First diff at position 0:
    pos 0: orig=' ' vs tidied='d'
Argument ";" isn't numeric in numeric gt (>) at perlcritic_wrapper.pl line 339.
    pos 1: orig=' ' vs tidied='o'
Argument " " isn't numeric in numeric gt (>) at perlcritic_wrapper.pl line 339.
Argument "d" isn't numeric in numeric gt (>) at perlcritic_wrapper.pl line 339.

Line 22 differs:
  Original: [    }]
  Tidied:   [    my $output = "Echo result: $echo_result";]
  First diff at position 4:
    pos 4: orig='}' vs tidied='m'
Argument " " isn't numeric in numeric gt (>) at perlcritic_wrapper.pl line 339.
Argument " " isn't numeric in numeric gt (>) at perlcritic_wrapper.pl line 339.

Line 23 differs:
  Original: [};]
  Tidied:   [    print $output;]
  First diff at position 0:
    pos 0: orig='}' vs tidied=' '
Argument ";" isn't numeric in numeric gt (>) at perlcritic_wrapper.pl line 339.
    pos 1: orig=';' vs tidied=' '
Argument "}" isn't numeric in numeric gt (>) at perlcritic_wrapper.pl line 339.
Argument " " isn't numeric in numeric gt (>) at perlcritic_wrapper.pl line 339.

Line 24 differs:
  Original: [my $printf_result = do { my $result = sprintf "Number: %d, String: %s\n", "42", "test"; chomp $result; $result; };]
  Tidied:   [    if ( !( $output =~ m{\n$}msx ) ) {]

Line 25 differs:
  Original: [do {]
  Tidied:   [        print "\n";]
  First diff at position 0:
    pos 0: orig='d' vs tidied=' '
Argument "{" isn't numeric in numeric gt (>) at perlcritic_wrapper.pl line 339.
    pos 1: orig='o' vs tidied=' '
Argument "d" isn't numeric in numeric gt (>) at perlcritic_wrapper.pl line 339.
Argument " " isn't numeric in numeric gt (>) at perlcritic_wrapper.pl line 339.

Line 26 differs:
  Original: [    my $output = "Printf result: $printf_result";]
  Tidied:   [    }]
  First diff at position 4:
    pos 4: orig='m' vs tidied='}'
Argument " " isn't numeric in numeric gt (>) at perlcritic_wrapper.pl line 339.
Argument " " isn't numeric in numeric gt (>) at perlcritic_wrapper.pl line 339.

Line 27 differs:
  Original: [    print $output;]
  Tidied:   [};]
  First diff at position 0:
    pos 0: orig=' ' vs tidied='}'
Argument ";" isn't numeric in numeric gt (>) at perlcritic_wrapper.pl line 339.
    pos 1: orig=' ' vs tidied=';'
Argument " " isn't numeric in numeric gt (>) at perlcritic_wrapper.pl line 339.
Argument "}" isn't numeric in numeric gt (>) at perlcritic_wrapper.pl line 339.

Line 28 differs:
  Original: [    if ( !( $output =~ m{\n$}msx ) ) {]
  Tidied:   [my $printf_result = do {]
  First diff at position 0:
    pos 0: orig=' ' vs tidied='m'
Argument "{" isn't numeric in numeric gt (>) at perlcritic_wrapper.pl line 339.
    pos 1: orig=' ' vs tidied='y'
Argument " " isn't numeric in numeric gt (>) at perlcritic_wrapper.pl line 339.
Argument "m" isn't numeric in numeric gt (>) at perlcritic_wrapper.pl line 339.

Line 29 differs:
  Original: [        print "\n";]
  Tidied:   [    my $result = sprintf "Number: %d, String: %s\n", "42", "test";]
  First diff at position 4:
    pos 4: orig=' ' vs tidied='m'
Argument " " isn't numeric in numeric gt (>) at perlcritic_wrapper.pl line 339.
Argument " " isn't numeric in numeric gt (>) at perlcritic_wrapper.pl line 339.

Line 30 differs:
  Original: [    }]
  Tidied:   [    chomp $result;]
  First diff at position 4:
    pos 4: orig='}' vs tidied='c'
Argument " " isn't numeric in numeric gt (>) at perlcritic_wrapper.pl line 339.
Argument " " isn't numeric in numeric gt (>) at perlcritic_wrapper.pl line 339.

Line 31 differs:
  Original: [};]
  Tidied:   [    $result;]
  First diff at position 0:
    pos 0: orig='}' vs tidied=' '
Argument ";" isn't numeric in numeric gt (>) at perlcritic_wrapper.pl line 339.
    pos 1: orig=';' vs tidied=' '
Argument "}" isn't numeric in numeric gt (>) at perlcritic_wrapper.pl line 339.
Argument " " isn't numeric in numeric gt (>) at perlcritic_wrapper.pl line 339.

Line 32 differs:
  Original: [print "=== Compression Commands ===\n";]
  Tidied:   [};]
  First diff at position 0:
    pos 0: orig='p' vs tidied='}'
Argument ";" isn't numeric in numeric gt (>) at perlcritic_wrapper.pl line 339.
    pos 1: orig='r' vs tidied=';'
Argument "p" isn't numeric in numeric gt (>) at perlcritic_wrapper.pl line 339.
Argument "}" isn't numeric in numeric gt (>) at perlcritic_wrapper.pl line 339.

Line 33 differs:
  Original: [print "=== Network Commands ===\n";]
  Tidied:   [do {]
  First diff at position 0:
    pos 0: orig='p' vs tidied='d'
Argument ";" isn't numeric in numeric gt (>) at perlcritic_wrapper.pl line 339.
    pos 1: orig='r' vs tidied='o'
Argument "p" isn't numeric in numeric gt (>) at perlcritic_wrapper.pl line 339.
Argument "d" isn't numeric in numeric gt (>) at perlcritic_wrapper.pl line 339.

Line 34 differs:
  Original: [print "=== Process Management Commands ===\n";]
  Tidied:   [    my $output = "Printf result: $printf_result";]
  First diff at position 0:
    pos 0: orig='p' vs tidied=' '
Argument ";" isn't numeric in numeric gt (>) at perlcritic_wrapper.pl line 339.
    pos 1: orig='r' vs tidied=' '
Argument "p" isn't numeric in numeric gt (>) at perlcritic_wrapper.pl line 339.
Argument " " isn't numeric in numeric gt (>) at perlcritic_wrapper.pl line 339.

Line 35 differs:
  Original: [print "=== Checksum Commands ===\n";]
  Tidied:   [    print $output;]
  First diff at position 0:
    pos 0: orig='p' vs tidied=' '
Argument ";" isn't numeric in numeric gt (>) at perlcritic_wrapper.pl line 339.
    pos 1: orig='r' vs tidied=' '
Argument "p" isn't numeric in numeric gt (>) at perlcritic_wrapper.pl line 339.
Argument " " isn't numeric in numeric gt (>) at perlcritic_wrapper.pl line 339.

Line 36 differs:
  Original: [{]
  Tidied:   [    if ( !( $output =~ m{\n$}msx ) ) {]
  First diff at position 0:
    pos 0: orig='{' vs tidied=' '
Argument "{" isn't numeric in numeric gt (>) at perlcritic_wrapper.pl line 339.
    pos 1: orig='[EOF]' vs tidied=' '
Argument " " isn't numeric in numeric gt (>) at perlcritic_wrapper.pl line 339.

Line 37 differs:
  Original: [    open my $original_stdout, '>&', STDOUT]
  Tidied:   [        print "\n";]
  First diff at position 4:
    pos 4: orig='o' vs tidied=' '
Argument " " isn't numeric in numeric gt (>) at perlcritic_wrapper.pl line 339.
Argument " " isn't numeric in numeric gt (>) at perlcritic_wrapper.pl line 339.

Line 38 differs:
  Original: [    or croak "Cannot save STDOUT: $ERRNO";]
  Tidied:   [    }]
  First diff at position 4:
    pos 4: orig='o' vs tidied='}'
Argument " " isn't numeric in numeric gt (>) at perlcritic_wrapper.pl line 339.
Argument " " isn't numeric in numeric gt (>) at perlcritic_wrapper.pl line 339.

Line 39 differs:
  Original: [    open STDOUT, '>', 'test_checksum.txt']
  Tidied:   [};]
  First diff at position 0:
    pos 0: orig=' ' vs tidied='}'
Argument "'" isn't numeric in numeric gt (>) at perlcritic_wrapper.pl line 339.
    pos 1: orig=' ' vs tidied=';'
Argument " " isn't numeric in numeric gt (>) at perlcritic_wrapper.pl line 339.
Argument "}" isn't numeric in numeric gt (>) at perlcritic_wrapper.pl line 339.

Line 40 differs:
  Original: [    or croak "Cannot open file: $ERRNO";]
  Tidied:   [print "=== Compression Commands ===\n";]
  First diff at position 0:
    pos 0: orig=' ' vs tidied='p'
Argument ";" isn't numeric in numeric gt (>) at perlcritic_wrapper.pl line 339.
    pos 1: orig=' ' vs tidied='r'
Argument " " isn't numeric in numeric gt (>) at perlcritic_wrapper.pl line 339.
Argument "p" isn't numeric in numeric gt (>) at perlcritic_wrapper.pl line 339.

Line 41 differs:
  Original: [    print "test content\n";]
  Tidied:   [print "=== Network Commands ===\n";]
  First diff at position 0:
    pos 0: orig=' ' vs tidied='p'
Argument ";" isn't numeric in numeric gt (>) at perlcritic_wrapper.pl line 339.
    pos 1: orig=' ' vs tidied='r'
Argument " " isn't numeric in numeric gt (>) at perlcritic_wrapper.pl line 339.
Argument "p" isn't numeric in numeric gt (>) at perlcritic_wrapper.pl line 339.

Line 42 differs:
  Original: [    open STDOUT, '>&', $original_stdout]
  Tidied:   [print "=== Process Management Commands ===\n";]
  First diff at position 0:
    pos 0: orig=' ' vs tidied='p'
Argument "t" isn't numeric in numeric gt (>) at perlcritic_wrapper.pl line 339.
    pos 1: orig=' ' vs tidied='r'
Argument " " isn't numeric in numeric gt (>) at perlcritic_wrapper.pl line 339.
Argument "p" isn't numeric in numeric gt (>) at perlcritic_wrapper.pl line 339.

Line 43 differs:
  Original: [    or croak "Cannot restore STDOUT: $ERRNO";]
  Tidied:   [print "=== Checksum Commands ===\n";]
  First diff at position 0:
    pos 0: orig=' ' vs tidied='p'
Argument ";" isn't numeric in numeric gt (>) at perlcritic_wrapper.pl line 339.
    pos 1: orig=' ' vs tidied='r'
Argument " " isn't numeric in numeric gt (>) at perlcritic_wrapper.pl line 339.
Argument "p" isn't numeric in numeric gt (>) at perlcritic_wrapper.pl line 339.

Line 44 differs:
  Original: [    close $original_stdout]
  Tidied:   [{]
  First diff at position 0:
    pos 0: orig=' ' vs tidied='{'
Argument "t" isn't numeric in numeric gt (>) at perlcritic_wrapper.pl line 339.
    pos 1: orig=' ' vs tidied='[EOF]'
Argument " " isn't numeric in numeric gt (>) at perlcritic_wrapper.pl line 339.
Argument "{" isn't numeric in numeric gt (>) at perlcritic_wrapper.pl line 339.


Line count differs: original has 229 lines, tidied has 255 lines
Additional lines in tidied version:
  Line 230: [        }]
  Line 231: [    }]
  Line 232: [}]
  Line 233: [else {]
  Line 234: [    local $CHILD_ERROR = 0;]
  Line 235: [    carp "rm: carping: ", "test_checksum.txt", ": No such file or directory\n";]
  Line 236: [}]
  Line 237: [if ( -e "test_tee.txt" ) {]
  Line 238: [    if ( -d "test_tee.txt" ) {]
  Line 239: [        carp "rm: carping: ", "test_tee.txt",]
  Line 240: [          " is a directory (use -r to remove recursively)\n";]
  Line 241: [    }]
  Line 242: [    else {]
  Line 243: [        if ( unlink "test_tee.txt" ) {]
  Line 244: [            $main_exit_code = 0;]
  Line 245: [        }]
  Line 246: [        else {]
  Line 247: [            carp "rm: carping: could not remove ", "test_tee.txt",]
  Line 248: [              ": $OS_ERROR\n";]
  Line 249: [        }]
  Line 250: [    }]
  Line 251: [}]
  Line 252: [else {]
  Line 253: [    local $CHILD_ERROR = 0;]
  Line 254: [    carp "rm: carping: ", "test_tee.txt", ": No such file or directory\n";]
  Line 255: [}]
perlcritic_wrapper: Perltidy check took 3.102744s
perlcritic_wrapper: Output generation took 3e-06s
perlcritic_wrapper: Cache write took 0.00049s
perlcritic_wrapper: Total time 3.955137s

FAILED: Code is not tidy

================================================================================

Exit Code Comparison (IGNORED):
Shell script exit code: 0
Translated code exit code: -1

================================================================================
ORIGINAL SHELL SCRIPT:
================================================================================
#!/bin/bash

# Output and formatting commands with backticks
# This file demonstrates using backticks with output and formatting commands

echo "=== Output and Formatting Commands ==="

# echo command with backticks
#PERL_MUST_NOT_CONTAIN `echo
echo_result=`echo "Hello from backticks"`
echo "Echo result: $echo_result"

# printf command with backticks
#PERL_MUST_NOT_CONTAIN `printf
printf_result=`printf "Number: %d, String: %s\n" 42 "test"`
echo "Printf result: $printf_result"

echo "=== Compression Commands ==="

# gzip command with backticks
#PERL_MUST_NOT_CONTAIN `gzip
#echo "test content for compression" > test_compress.txt
#gzip_result=`gzip test_compress.txt && echo "Compression successful"`
#echo "Gzip result: $gzip_result"

# zcat command with backticks
#PERL_MUST_NOT_CONTAIN `zcat
#zcat_result=`zcat test_compress.txt.gz`
#echo "Zcat result: $zcat_result"

echo "=== Network Commands ==="

# wget command with backticks
#PERL_MUST_NOT_CONTAIN `wget
# wget_result=`wget -qO- http://httpbin.org/get | head -1`
# echo "Wget result: $wget_result"

# curl command with backticks
#PERL_MUST_NOT_CONTAIN `curl
# curl_result=`curl -s http://httpbin.org/get | head -1`
# echo "Curl result: $curl_result"

echo "=== Process Management Commands ==="

# kill command with backticks (though it doesn't produce output)
#PERL_MUST_NOT_CONTAIN `kill
# kill_result=`kill -0 $$ && echo "Process exists"`
# echo "Kill result: $kill_result"

# nohup command with backticks
#PERL_MUST_NOT_CONTAIN `nohup
# nohup_result=`nohup echo "background process" 2>&1`
# echo "Nohup result: $nohup_result"

# nice command with backticks
#PERL_MUST_NOT_CONTAIN `nice
#nice_result=`nice echo "low priority process"`
#echo "Nice result: $nice_result"

echo "=== Checksum Commands ==="

# sha256sum command with backticks
#PERL_MUST_NOT_CONTAIN `sha256sum
echo "test content" > test_checksum.txt
sha256_result=`sha256sum test_checksum.txt`
echo "SHA256 result: $sha256_result"

# sha512sum command with backticks
#PERL_MUST_NOT_CONTAIN `sha512sum
sha512_result=`sha512sum test_checksum.txt`
echo "SHA512 result: $sha512_result"

# strings command with backticks
#PERL_MUST_NOT_CONTAIN `strings
strings_result=`strings test_binary.txt | head -3`
echo "Strings result:"
echo "$strings_result"

echo "=== I/O Redirection Commands ==="

# tee command with backticks
#PERL_MUST_NOT_CONTAIN `tee
tee_result=`echo "test output" | tee test_tee.txt`
echo "Tee result: $tee_result"

echo "=== Perl Command ==="

# perl command with backticks
#PERL_MUST_NOT_CONTAIN `perl
perl_result=`perl -e 'print "Hello from Perl\n"'`
echo "Perl result: $perl_result"

# Cleanup
rm -f test_checksum.txt test_tee.txt



================================================================================
TRANSLATED PERL CODE:
================================================================================
#!/usr/bin/env perl
use strict;
use warnings;
use Carp;
use English qw(-no_match_vars);
use locale;
use IPC::Open3;
use Digest::SHA qw(sha256_hex sha512_hex);
use File::Path qw(make_path remove_tree);

my $main_exit_code = 0;
my $ls_success     = 0;
our $CHILD_ERROR;

print "=== Output and Formatting Commands ===\n";
my $echo_result = do { my $_chomp_temp = ('Hello from backticks'); chomp $_chomp_temp; $_chomp_temp };
do {
    my $output = "Echo result: $echo_result";
    print $output;
    if ( !( $output =~ m{\n$}msx ) ) {
        print "\n";
    }
};
my $printf_result = do { my $result = sprintf "Number: %d, String: %s\n", "42", "test"; chomp $result; $result; };
do {
    my $output = "Printf result: $printf_result";
    print $output;
    if ( !( $output =~ m{\n$}msx ) ) {
        print "\n";
    }
};
print "=== Compression Commands ===\n";
print "=== Network Commands ===\n";
print "=== Process Management Commands ===\n";
print "=== Checksum Commands ===\n";
{
    open my $original_stdout, '>&', STDOUT
    or croak "Cannot save STDOUT: $ERRNO";
    open STDOUT, '>', 'test_checksum.txt'
    or croak "Cannot open file: $ERRNO";
    print "test content\n";
    open STDOUT, '>&', $original_stdout
    or croak "Cannot restore STDOUT: $ERRNO";
    close $original_stdout
    or croak "Close failed: $ERRNO";
}
my $sha256_result = do {
my @results;
if (-f 'test_checksum.txt') {
my $hash = sha256_hex(
    do {
        local $INPUT_RECORD_SEPARATOR = undef;
        open my $fh, '<', 'test_checksum.txt'
            or croak "Cannot open 'test_checksum.txt': $ERRNO";
        my $content = <$fh>;
        close $fh
            or croak "Close failed: $ERRNO";
        $content
    }
);
push @results, "$hash  test_checksum.txt";
} else {
push @results,
    "0000000000000000000000000000000000000000000000000000000000000000  test_checksum.txt  FAILED open or read";
}
join "\n", @results;
}
;
do {
    my $output = "SHA256 result: $sha256_result";
    print $output;
    if ( !( $output =~ m{\n$}msx ) ) {
        print "\n";
    }
};
my $sha512_result = do {
my @results;
if (-f 'test_checksum.txt') {
my $hash = sha512_hex(
    do {
        local $INPUT_RECORD_SEPARATOR = undef;
        open my $fh, '<', 'test_checksum.txt'
            or croak "Cannot open 'test_checksum.txt': $ERRNO";
        my $content = <$fh>;
        close $fh
            or croak "Close failed: $ERRNO";
        $content
    }
);
push @results, "$hash  test_checksum.txt";
} else {
push @results,
    "00000000000000000000000000000000000000000000000000000000000000000000000000000000000000000000000000000000000000000000000000000000  test_checksum.txt  FAILED open or read";
}
join "\n", @results;
}
;
do {
    my $output = "SHA512 result: $sha512_result";
    print $output;
    if ( !( $output =~ m{\n$}msx ) ) {
        print "\n";
    }
};
my $strings_result = do { my $_chomp_result = do { do {
    my $output_0;
    my $pipeline_success_0 = 1;
        my $input_data;
    if (open my $fh, '<', 'test_binary.txt') {
    local $INPUT_RECORD_SEPARATOR = undef;  # Read entire file at once
    $input_data = <$fh>;
    close $fh
        or croak "Close failed: $ERRNO";
    } else {
    print {*STDERR} "strings: 'test_binary.txt': No such file\n";
    $input_data = q{};
    }
    my @result;
    my @lines = split /\n/msx, $input_data;
    for my $line (@lines) {
    if (length $line >= 4) {
    push @result, $line;
    }
    }
    my $line = join "\n", @result;
    $output_0 = $line;
    my $num_lines = 3;
    my $head_line_count = 0;
    my $result = q{};
    my $input = $output_0;
    my $pos = 0;
    while ($pos < length $input && $head_line_count < $num_lines) {
        my $line_end = index $input, "\n", $pos;
        if ($line_end == -1) {
            $line_end = length $input;
        }
        my $head_line = substr $input, $pos, $line_end - $pos;
        $result .= $head_line . "\n";
        $pos = $line_end + 1;
        ++$head_line_count;
    }
    $output_0 = $result;
    if (!$pipeline_success_0) { $main_exit_code = 1; }
        $output_0;
}
 }; chomp $_chomp_result; $_chomp_result };
print "Strings result:\n";
print $strings_result;
if ( !( $strings_result =~ m{\n$}msx ) ) { print "\n"; }
print "=== I/O Redirection Commands ===\n";
my $tee_result = do { my $_chomp_result = do { do {
    my $output_1;
    my $pipeline_success_1 = 1;
        $output_1 .= "test output\n";
    my @lines = split /\n/msx, $output_1;
    if (open my $fh, '>', 'test_tee.txt') {
    foreach my $line (@lines) {
    print {$fh} "$line\n";
    }
    close $fh
        or croak "Close failed: $ERRNO";
    } else {
    carp "tee: Cannot open 'test_tee.txt': $ERRNO";
    }
    if (!$pipeline_success_1) { $main_exit_code = 1; }
        $output_1;
}
 }; chomp $_chomp_result; $_chomp_result };
do {
    my $output = "Tee result: $tee_result";
    print $output;
    if ( !( $output =~ m{\n$}msx ) ) {
        print "\n";
    }
};
print "=== Perl Command ===\n";
my $perl_result = do {
                                            use Capture::Tiny qw(capture_stdout);
                                            my $result;
                                            my $eval_success = eval {
                                                $result = capture_stdout(sub { print "Hello from Perl\n" });
                                                1;
                                            };
                                            if (!$eval_success) {
                                                $result = "Error executing Perl code: $EVAL_ERROR";
                                            }
                                            $result;
                                        };
do {
    my $output = "Perl result: $perl_result";
    print $output;
    if ( !( $output =~ m{\n$}msx ) ) {
        print "\n";
    }
};
if (-e "test_checksum.txt") {
if (-d "test_checksum.txt") {
carp "rm: carping: ", "test_checksum.txt",
    " is a directory (use -r to remove recursively)\n";
} else {
if (unlink "test_checksum.txt") {
$main_exit_code = 0;
} else {
carp "rm: carping: could not remove ", "test_checksum.txt",
    ": $OS_ERROR\n";
}
}
} else {
local $CHILD_ERROR = 0;
carp "rm: carping: ", "test_checksum.txt",
    ": No such file or directory\n";
}
if (-e "test_tee.txt") {
if (-d "test_tee.txt") {
carp "rm: carping: ", "test_tee.txt",
    " is a directory (use -r to remove recursively)\n";
} else {
if (unlink "test_tee.txt") {
$main_exit_code = 0;
} else {
carp "rm: carping: could not remove ", "test_tee.txt",
    ": $OS_ERROR\n";
}
}
} else {
local $CHILD_ERROR = 0;
carp "rm: carping: ", "test_tee.txt",
    ": No such file or directory\n";
}


================================================================================
PERL::CRITIC RESULTS:
================================================================================
Generated Perl code:
```perl
#!/usr/bin/env perl
use strict;
use warnings;
use Carp;
use English qw(-no_match_vars);
use locale;
use IPC::Open3;
use Digest::SHA qw(sha256_hex sha512_hex);
use File::Path qw(make_path remove_tree);

my $main_exit_code = 0;
my $ls_success     = 0;
our $CHILD_ERROR;

print "=== Output and Formatting Commands ===\n";
my $echo_result = do { my $_chomp_temp = ('Hello from backticks'); chomp $_chomp_temp; $_chomp_temp };
do {
    my $output = "Echo result: $echo_result";
    print $output;
    if ( !( $output =~ m{\n$}msx ) ) {
        print "\n";
    }
};
my $printf_result = do { my $result = sprintf "Number: %d, String: %s\n", "42", "test"; chomp $result; $result; };
do {
    my $output = "Printf result: $printf_result";
    print $output;
    if ( !( $output =~ m{\n$}msx ) ) {
        print "\n";
    }
};
print "=== Compression Commands ===\n";
print "=== Network Commands ===\n";
print "=== Process Management Commands ===\n";
print "=== Checksum Commands ===\n";
{
    open my $original_stdout, '>&', STDOUT
    or croak "Cannot save STDOUT: $ERRNO";
    open STDOUT, '>', 'test_checksum.txt'
    or croak "Cannot open file: $ERRNO";
    print "test content\n";
    open STDOUT, '>&', $original_stdout
    or croak "Cannot restore STDOUT: $ERRNO";
    close $original_stdout
    or croak "Close failed: $ERRNO";
}
my $sha256_result = do {
my @results;
if (-f 'test_checksum.txt') {
my $hash = sha256_hex(
    do {
        local $INPUT_RECORD_SEPARATOR = undef;
        open my $fh, '<', 'test_checksum.txt'
            or croak "Cannot open 'test_checksum.txt': $ERRNO";
        my $content = <$fh>;
        close $fh
            or croak "Close failed: $ERRNO";
        $content
    }
);
push @results, "$hash  test_checksum.txt";
} else {
push @results,
    "0000000000000000000000000000000000000000000000000000000000000000  test_checksum.txt  FAILED open or read";
}
join "\n", @results;
}
;
do {
    my $output = "SHA256 result: $sha256_result";
    print $output;
    if ( !( $output =~ m{\n$}msx ) ) {
        print "\n";
    }
};
my $sha512_result = do {
my @results;
if (-f 'test_checksum.txt') {
my $hash = sha512_hex(
    do {
        local $INPUT_RECORD_SEPARATOR = undef;
        open my $fh, '<', 'test_checksum.txt'
            or croak "Cannot open 'test_checksum.txt': $ERRNO";
        my $content = <$fh>;
        close $fh
            or croak "Close failed: $ERRNO";
        $content
    }
);
push @results, "$hash  test_checksum.txt";
} else {
push @results,
    "00000000000000000000000000000000000000000000000000000000000000000000000000000000000000000000000000000000000000000000000000000000  test_checksum.txt  FAILED open or read";
}
join "\n", @results;
}
;
do {
    my $output = "SHA512 result: $sha512_result";
    print $output;
    if ( !( $output =~ m{\n$}msx ) ) {
        print "\n";
    }
};
my $strings_result = do { my $_chomp_result = do { do {
    my $output_0;
    my $pipeline_success_0 = 1;
        my $input_data;
    if (open my $fh, '<', 'test_binary.txt') {
    local $INPUT_RECORD_SEPARATOR = undef;  # Read entire file at once
    $input_data = <$fh>;
    close $fh
        or croak "Close failed: $ERRNO";
    } else {
    print {*STDERR} "strings: 'test_binary.txt': No such file\n";
    $input_data = q{};
    }
    my @result;
    my @lines = split /\n/msx, $input_data;
    for my $line (@lines) {
    if (length $line >= 4) {
    push @result, $line;
    }
    }
    my $line = join "\n", @result;
    $output_0 = $line;
    my $num_lines = 3;
    my $head_line_count = 0;
    my $result = q{};
    my $input = $output_0;
    my $pos = 0;
    while ($pos < length $input && $head_line_count < $num_lines) {
        my $line_end = index $input, "\n", $pos;
        if ($line_end == -1) {
            $line_end = length $input;
        }
        my $head_line = substr $input, $pos, $line_end - $pos;
        $result .= $head_line . "\n";
        $pos = $line_end + 1;
        ++$head_line_count;
    }
    $output_0 = $result;
    if (!$pipeline_success_0) { $main_exit_code = 1; }
        $output_0;
}
 }; chomp $_chomp_result; $_chomp_result };
print "Strings result:\n";
print $strings_result;
if ( !( $strings_result =~ m{\n$}msx ) ) { print "\n"; }
print "=== I/O Redirection Commands ===\n";
my $tee_result = do { my $_chomp_result = do { do {
    my $output_1;
    my $pipeline_success_1 = 1;
        $output_1 .= "test output\n";
    my @lines = split /\n/msx, $output_1;
    if (open my $fh, '>', 'test_tee.txt') {
    foreach my $line (@lines) {
    print {$fh} "$line\n";
    }
    close $fh
        or croak "Close failed: $ERRNO";
    } else {
    carp "tee: Cannot open 'test_tee.txt': $ERRNO";
    }
    if (!$pipeline_success_1) { $main_exit_code = 1; }
        $output_1;
}
 }; chomp $_chomp_result; $_chomp_result };
do {
    my $output = "Tee result: $tee_result";
    print $output;
    if ( !( $output =~ m{\n$}msx ) ) {
        print "\n";
    }
};
print "=== Perl Command ===\n";
my $perl_result = do {
                                            use Capture::Tiny qw(capture_stdout);
                                            my $result;
                                            my $eval_success = eval {
                                                $result = capture_stdout(sub { print "Hello from Perl\n" });
                                                1;
                                            };
                                            if (!$eval_success) {
                                                $result = "Error executing Perl code: $EVAL_ERROR";
                                            }
                                            $result;
                                        };
do {
    my $output = "Perl result: $perl_result";
    print $output;
    if ( !( $output =~ m{\n$}msx ) ) {
        print "\n";
    }
};
if (-e "test_checksum.txt") {
if (-d "test_checksum.txt") {
carp "rm: carping: ", "test_checksum.txt",
    " is a directory (use -r to remove recursively)\n";
} else {
if (unlink "test_checksum.txt") {
$main_exit_code = 0;
} else {
carp "rm: carping: could not remove ", "test_checksum.txt",
    ": $OS_ERROR\n";
}
}
} else {
local $CHILD_ERROR = 0;
carp "rm: carping: ", "test_checksum.txt",
    ": No such file or directory\n";
}
if (-e "test_tee.txt") {
if (-d "test_tee.txt") {
carp "rm: carping: ", "test_tee.txt",
    " is a directory (use -r to remove recursively)\n";
} else {
if (unlink "test_tee.txt") {
$main_exit_code = 0;
} else {
carp "rm: carping: could not remove ", "test_tee.txt",
    ": $OS_ERROR\n";
}
}
} else {
local $CHILD_ERROR = 0;
carp "rm: carping: ", "test_tee.txt",
    ": No such file or directory\n";
}

```

perlcritic_wrapper: Started, parse args took 1.8e-05s
perlcritic_wrapper: File read took 0.000516s
perlcritic_wrapper: SHA1 hash took 6.7e-05s
perlcritic_wrapper: Cache hit, read took 0.001875s

FAILED: Code is not tidy


================================================================================
ABSTRACT SYNTAX TREE:
================================================================================
[Simple(SimpleCommand { name: Literal("echo", None), args: [StringInterpolation(StringInterpolation { parts: [Literal("=== Output and Formatting Commands ===")] }, None)], redirects: [], env_vars: {}, stdout_used: true, stderr_used: true }), Simple(SimpleCommand { name: Literal("echo", None), args: [StringInterpolation(StringInterpolation { parts: [Literal("Echo result: "), Variable("echo_result")] }, None)], redirects: [], env_vars: {"echo_result": CommandSubstitution(Simple(SimpleCommand { name: Literal("echo", None), args: [Literal("Hello from backticks", None)], redirects: [], env_vars: {}, stdout_used: true, stderr_used: true }), None)}, stdout_used: true, stderr_used: true }), Simple(SimpleCommand { name: Literal("echo", None), args: [StringInterpolation(StringInterpolation { parts: [Literal("Printf result: "), Variable("printf_result")] }, None)], redirects: [], env_vars: {"printf_result": CommandSubstitution(Simple(SimpleCommand { name: Literal("printf", None), args: [Literal("Number: %d, String: %s\\n", None), Literal("42", None), Literal("test", None)], redirects: [], env_vars: {}, stdout_used: true, stderr_used: true }), None)}, stdout_used: true, stderr_used: true }), Simple(SimpleCommand { name: Literal("echo", None), args: [StringInterpolation(StringInterpolation { parts: [Literal("=== Compression Commands ===")] }, None)], redirects: [], env_vars: {}, stdout_used: true, stderr_used: true }), Simple(SimpleCommand { name: Literal("echo", None), args: [StringInterpolation(StringInterpolation { parts: [Literal("=== Network Commands ===")] }, None)], redirects: [], env_vars: {}, stdout_used: true, stderr_used: true }), Simple(SimpleCommand { name: Literal("echo", None), args: [StringInterpolation(StringInterpolation { parts: [Literal("=== Process Management Commands ===")] }, None)], redirects: [], env_vars: {}, stdout_used: true, stderr_used: true }), Simple(SimpleCommand { name: Literal("echo", None), args: [StringInterpolation(StringInterpolation { parts: [Literal("=== Checksum Commands ===")] }, None)], redirects: [], env_vars: {}, stdout_used: true, stderr_used: true }), Redirect(RedirectCommand { command: Simple(SimpleCommand { name: Literal("echo", None), args: [StringInterpolation(StringInterpolation { parts: [Literal("test content")] }, None)], redirects: [], env_vars: {}, stdout_used: true, stderr_used: true }), redirects: [Redirect { fd: None, operator: Output, target: Literal("test_checksum.txt", None), heredoc_body: None }] }), Simple(SimpleCommand { name: Literal("echo", None), args: [StringInterpolation(StringInterpolation { parts: [Literal("SHA256 result: "), Variable("sha256_result")] }, None)], redirects: [], env_vars: {"sha256_result": CommandSubstitution(Simple(SimpleCommand { name: Literal("sha256sum", None), args: [Literal("test_checksum.txt", None)], redirects: [], env_vars: {}, stdout_used: true, stderr_used: true }), None)}, stdout_used: true, stderr_used: true }), Simple(SimpleCommand { name: Literal("echo", None), args: [StringInterpolation(StringInterpolation { parts: [Literal("SHA512 result: "), Variable("sha512_result")] }, None)], redirects: [], env_vars: {"sha512_result": CommandSubstitution(Simple(SimpleCommand { name: Literal("sha512sum", None), args: [Literal("test_checksum.txt", None)], redirects: [], env_vars: {}, stdout_used: true, stderr_used: true }), None)}, stdout_used: true, stderr_used: true }), Simple(SimpleCommand { name: Literal("echo", None), args: [StringInterpolation(StringInterpolation { parts: [Literal("Strings result:")] }, None)], redirects: [], env_vars: {"strings_result": CommandSubstitution(Pipeline(Pipeline { commands: [Simple(SimpleCommand { name: Literal("strings", None), args: [Literal("test_binary.txt", None)], redirects: [], env_vars: {}, stdout_used: true, stderr_used: true }), Simple(SimpleCommand { name: Literal("head", None), args: [Literal("-3", None)], redirects: [], env_vars: {}, stdout_used: true, stderr_used: true })], source_text: None, stdout_used: true, stderr_used: true }), None)}, stdout_used: true, stderr_used: true }), Simple(SimpleCommand { name: Literal("echo", None), args: [StringInterpolation(StringInterpolation { parts: [Variable("strings_result")] }, None)], redirects: [], env_vars: {}, stdout_used: true, stderr_used: true }), Simple(SimpleCommand { name: Literal("echo", None), args: [StringInterpolation(StringInterpolation { parts: [Literal("=== I/O Redirection Commands ===")] }, None)], redirects: [], env_vars: {}, stdout_used: true, stderr_used: true }), Simple(SimpleCommand { name: Literal("echo", None), args: [StringInterpolation(StringInterpolation { parts: [Literal("Tee result: "), Variable("tee_result")] }, None)], redirects: [], env_vars: {"tee_result": CommandSubstitution(Pipeline(Pipeline { commands: [Simple(SimpleCommand { name: Literal("echo", None), args: [StringInterpolation(StringInterpolation { parts: [Literal("test output")] }, None)], redirects: [], env_vars: {}, stdout_used: true, stderr_used: true }), Simple(SimpleCommand { name: Literal("tee", None), args: [Literal("test_tee.txt", None)], redirects: [], env_vars: {}, stdout_used: true, stderr_used: true })], source_text: None, stdout_used: true, stderr_used: true }), None)}, stdout_used: true, stderr_used: true }), Simple(SimpleCommand { name: Literal("echo", None), args: [StringInterpolation(StringInterpolation { parts: [Literal("=== Perl Command ===")] }, None)], redirects: [], env_vars: {}, stdout_used: true, stderr_used: true }), Simple(SimpleCommand { name: Literal("echo", None), args: [StringInterpolation(StringInterpolation { parts: [Literal("Perl result: "), Variable("perl_result")] }, None)], redirects: [], env_vars: {"perl_result": CommandSubstitution(Simple(SimpleCommand { name: Literal("perl", None), args: [Literal("-e", None), Literal("print \"Hello from Perl\\n\"", None)], redirects: [], env_vars: {}, stdout_used: true, stderr_used: true }), None)}, stdout_used: true, stderr_used: true }), Simple(SimpleCommand { name: Literal("rm", None), args: [Literal("-f", None), Literal("test_checksum.txt", None), Literal("test_tee.txt", None)], redirects: [], env_vars: {}, stdout_used: true, stderr_used: true })]

================================================================================
STDOUT COMPARISON (DIFF):
================================================================================
--- shell_stdout
+++ perl_stdout
-=== Output and Formatting Commands ===
-Echo result: Hello from backticks
-Printf result: Number: 42, String: test
-=== Compression Commands ===
-=== Network Commands ===
-=== Process Management Commands ===
-=== Checksum Commands ===
-SHA256 result: a1fff0ffefb9eace7230c24e50731f0a91c62f9cefdfe77121c2f607125dffae  test_checksum.txt
-SHA512 result: b22137a0e8969282b85e3f9375448307d14c5aabf41be66c4f6a0323bd03a3935972021e4c34aa30914e37b03c22594fe180eea9790e9ff147016c9dfae39d5a  test_checksum.txt
-Strings result:
-Hello World
-This is a test
-Binary content here
-=== I/O Redirection Commands ===
-Tee result: test output
-=== Perl Command ===
-Perl result: Hello from Perl


================================================================================
STDERR COMPARISON:
================================================================================
STDERR values are identical:
Shell stderr: ''
Perl stderr: ''

================================================================================
SUMMARY: 0 out of 146 tests passed before first failure
================================================================================

BRIEF FAILURE SUMMARY:
Perl::Critic violations found:
Generated Perl code:
```perl
#!/usr/bin/env perl
use strict;
use warnings;
use Carp;
use English qw(-no_match_vars);
use locale;
use IPC::Open3;
use Digest::SHA qw(sha256_hex sha512_hex);
use File::Path qw(make_path remove_tree);

my $main_exit_code = 0;
my $ls_success     = 0;
our $CHILD_ERROR;

print "=== Output and Formatting Commands ===\n";
my $echo_result = do { my $_chomp_temp = ('Hello from backticks'); chomp $_chomp_temp; $_chomp_temp };
do {
    my $output = "Echo result: $echo_result";
    print $output;
    if ( !( $output =~ m{\n$}msx ) ) {
        print "\n";
    }
};
my $printf_result = do { my $result = sprintf "Number: %d, String: %s\n", "42", "test"; chomp $result; $result; };
do {
    my $output = "Printf result: $printf_result";
    print $output;
    if ( !( $output =~ m{\n$}msx ) ) {
        print "\n";
    }
};
print "=== Compression Commands ===\n";
print "=== Network Commands ===\n";
print "=== Process Management Commands ===\n";
print "=== Checksum Commands ===\n";
{
    open my $original_stdout, '>&', STDOUT
    or croak "Cannot save STDOUT: $ERRNO";
    open STDOUT, '>', 'test_checksum.txt'
    or croak "Cannot open file: $ERRNO";
    print "test content\n";
    open STDOUT, '>&', $original_stdout
    or croak "Cannot restore STDOUT: $ERRNO";
    close $original_stdout
    or croak "Close failed: $ERRNO";
}
my $sha256_result = do {
my @results;
if (-f 'test_checksum.txt') {
my $hash = sha256_hex(
    do {
        local $INPUT_RECORD_SEPARATOR = undef;
        open my $fh, '<', 'test_checksum.txt'
            or croak "Cannot open 'test_checksum.txt': $ERRNO";
        my $content = <$fh>;
        close $fh
            or croak "Close failed: $ERRNO";
        $content
    }
);
push @results, "$hash  test_checksum.txt";
} else {
push @results,
    "0000000000000000000000000000000000000000000000000000000000000000  test_checksum.txt  FAILED open or read";
}
join "\n", @results;
}
;
do {
    my $output = "SHA256 result: $sha256_result";
    print $output;
    if ( !( $output =~ m{\n$}msx ) ) {
        print "\n";
    }
};
my $sha512_result = do {
my @results;
if (-f 'test_checksum.txt') {
my $hash = sha512_hex(
    do {
        local $INPUT_RECORD_SEPARATOR = undef;
        open my $fh, '<', 'test_checksum.txt'
            or croak "Cannot open 'test_checksum.txt': $ERRNO";
        my $content = <$fh>;
        close $fh
            or croak "Close failed: $ERRNO";
        $content
    }
);
push @results, "$hash  test_checksum.txt";
} else {
push @results,
    "00000000000000000000000000000000000000000000000000000000000000000000000000000000000000000000000000000000000000000000000000000000  test_checksum.txt  FAILED open or read";
}
join "\n", @results;
}
;
do {
    my $output = "SHA512 result: $sha512_result";
    print $output;
    if ( !( $output =~ m{\n$}msx ) ) {
        print "\n";
    }
};
my $strings_result = do { my $_chomp_result = do { do {
    my $output_0;
    my $pipeline_success_0 = 1;
        my $input_data;
    if (open my $fh, '<', 'test_binary.txt') {
    local $INPUT_RECORD_SEPARATOR = undef;  # Read entire file at once
    $input_data = <$fh>;
    close $fh
        or croak "Close failed: $ERRNO";
    } else {
    print {*STDERR} "strings: 'test_binary.txt': No such file\n";
    $input_data = q{};
    }
    my @result;
    my @lines = split /\n/msx, $input_data;
    for my $line (@lines) {
    if (length $line >= 4) {
    push @result, $line;
    }
    }
    my $line = join "\n", @result;
    $output_0 = $line;
    my $num_lines = 3;
    my $head_line_count = 0;
    my $result = q{};
    my $input = $output_0;
    my $pos = 0;
    while ($pos < length $input && $head_line_count < $num_lines) {
        my $line_end = index $input, "\n", $pos;
        if ($line_end == -1) {
            $line_end = length $input;
        }
        my $head_line = substr $input, $pos, $line_end - $pos;
        $result .= $head_line . "\n";
        $pos = $line_end + 1;
        ++$head_line_count;
    }
    $output_0 = $result;
    if (!$pipeline_success_0) { $main_exit_code = 1; }
        $output_0;
}
 }; chomp $_chomp_result; $_chomp_result };
print "Strings result:\n";
print $strings_result;
if ( !( $strings_result =~ m{\n$}msx ) ) { print "\n"; }
print "=== I/O Redirection Commands ===\n";
my $tee_result = do { my $_chomp_result = do { do {
    my $output_1;
    my $pipeline_success_1 = 1;
        $output_1 .= "test output\n";
    my @lines = split /\n/msx, $output_1;
    if (open my $fh, '>', 'test_tee.txt') {
    foreach my $line (@lines) {
    print {$fh} "$line\n";
    }
    close $fh
        or croak "Close failed: $ERRNO";
    } else {
    carp "tee: Cannot open 'test_tee.txt': $ERRNO";
    }
    if (!$pipeline_success_1) { $main_exit_code = 1; }
        $output_1;
}
 }; chomp $_chomp_result; $_chomp_result };
do {
    my $output = "Tee result: $tee_result";
    print $output;
    if ( !( $output =~ m{\n$}msx ) ) {
        print "\n";
    }
};
print "=== Perl Command ===\n";
my $perl_result = do {
                                            use Capture::Tiny qw(capture_stdout);
                                            my $result;
                                            my $eval_success = eval {
                                                $result = capture_stdout(sub { print "Hello from Perl\n" });
                                                1;
                                            };
                                            if (!$eval_success) {
                                                $result = "Error executing Perl code: $EVAL_ERROR";
                                            }
                                            $result;
                                        };
do {
    my $output = "Perl result: $perl_result";
    print $output;
    if ( !( $output =~ m{\n$}msx ) ) {
        print "\n";
    }
};
if (-e "test_checksum.txt") {
if (-d "test_checksum.txt") {
carp "rm: carping: ", "test_checksum.txt",
    " is a directory (use -r to remove recursively)\n";
} else {
if (unlink "test_checksum.txt") {
$main_exit_code = 0;
} else {
carp "rm: carping: could not remove ", "test_checksum.txt",
    ": $OS_ERROR\n";
}
}
} else {
local $CHILD_ERROR = 0;
carp "rm: carping: ", "test_checksum.txt",
    ": No such file or directory\n";
}
if (-e "test_tee.txt") {
if (-d "test_tee.txt") {
carp "rm: carping: ", "test_tee.txt",
    " is a directory (use -r to remove recursively)\n";
} else {
if (unlink "test_tee.txt") {
$main_exit_code = 0;
} else {
carp "rm: carping: could not remove ", "test_tee.txt",
    ": $OS_ERROR\n";
}
}
} else {
local $CHILD_ERROR = 0;
carp "rm: carping: ", "test_tee.txt",
    ": No such file or directory\n";
}

```

perlcritic_wrapper: Started, parse args took 1.4e-05s
perlcritic_wrapper: File read took 0.00049s
perlcritic_wrapper: SHA1 hash took 5.5e-05s
perlcritic_wrapper: No cache file found
perlcritic_wrapper: Perl::Critic init took 0.241678s
perlcritic_wrapper: Perl::Critic analysis took 0.60923s
perlcritic_wrapper: Perltidy subprocess took 3.100769s
Code formatting differences detected:
Original has 229 lines, Tidied has 255 lines

Line 9 differs:
  Original: [use File::Path qw(make_path remove_tree);]
  Tidied:   [use File::Path  qw(make_path remove_tree);]
  First diff at position 15:
    pos 15: orig='q' vs tidied=' '
Argument " " isn't numeric in numeric gt (>) at perlcritic_wrapper.pl line 339.
Argument " " isn't numeric in numeric gt (>) at perlcritic_wrapper.pl line 339.

Line 16 differs:
  Original: [my $echo_result = do { my $_chomp_temp = ('Hello from backticks'); chomp $_chomp_temp; $_chomp_temp };]
  Tidied:   [my $echo_result = do {]

Line 17 differs:
  Original: [do {]
  Tidied:   [    my $_chomp_temp = ('Hello from backticks');]
  First diff at position 0:
    pos 0: orig='d' vs tidied=' '
Argument "{" isn't numeric in numeric gt (>) at perlcritic_wrapper.pl line 339.
    pos 1: orig='o' vs tidied=' '
Argument "d" isn't numeric in numeric gt (>) at perlcritic_wrapper.pl line 339.
Argument " " isn't numeric in numeric gt (>) at perlcritic_wrapper.pl line 339.

Line 18 differs:
  Original: [    my $output = "Echo result: $echo_result";]
  Tidied:   [    chomp $_chomp_temp;]
  First diff at position 4:
    pos 4: orig='m' vs tidied='c'
Argument " " isn't numeric in numeric gt (>) at perlcritic_wrapper.pl line 339.
Argument " " isn't numeric in numeric gt (>) at perlcritic_wrapper.pl line 339.

Line 19 differs:
  Original: [    print $output;]
  Tidied:   [    $_chomp_temp;]
  First diff at position 4:
    pos 4: orig='p' vs tidied='$'
Argument " " isn't numeric in numeric gt (>) at perlcritic_wrapper.pl line 339.
Argument " " isn't numeric in numeric gt (>) at perlcritic_wrapper.pl line 339.

Line 20 differs:
  Original: [    if ( !( $output =~ m{\n$}msx ) ) {]
  Tidied:   [};]
  First diff at position 0:
    pos 0: orig=' ' vs tidied='}'
Argument "{" isn't numeric in numeric gt (>) at perlcritic_wrapper.pl line 339.
    pos 1: orig=' ' vs tidied=';'
Argument " " isn't numeric in numeric gt (>) at perlcritic_wrapper.pl line 339.
Argument "}" isn't numeric in numeric gt (>) at perlcritic_wrapper.pl line 339.

Line 21 differs:
  Original: [        print "\n";]
  Tidied:   [do {]
  First diff at position 0:
    pos 0: orig=' ' vs tidied='d'
Argument ";" isn't numeric in numeric gt (>) at perlcritic_wrapper.pl line 339.
    pos 1: orig=' ' vs tidied='o'
Argument " " isn't numeric in numeric gt (>) at perlcritic_wrapper.pl line 339.
Argument "d" isn't numeric in numeric gt (>) at perlcritic_wrapper.pl line 339.

Line 22 differs:
  Original: [    }]
  Tidied:   [    my $output = "Echo result: $echo_result";]
  First diff at position 4:
    pos 4: orig='}' vs tidied='m'
Argument " " isn't numeric in numeric gt (>) at perlcritic_wrapper.pl line 339.
Argument " " isn't numeric in numeric gt (>) at perlcritic_wrapper.pl line 339.

Line 23 differs:
  Original: [};]
  Tidied:   [    print $output;]
  First diff at position 0:
    pos 0: orig='}' vs tidied=' '
Argument ";" isn't numeric in numeric gt (>) at perlcritic_wrapper.pl line 339.
    pos 1: orig=';' vs tidied=' '
Argument "}" isn't numeric in numeric gt (>) at perlcritic_wrapper.pl line 339.
Argument " " isn't numeric in numeric gt (>) at perlcritic_wrapper.pl line 339.

Line 24 differs:
  Original: [my $printf_result = do { my $result = sprintf "Number: %d, String: %s\n", "42", "test"; chomp $result; $result; };]
  Tidied:   [    if ( !( $output =~ m{\n$}msx ) ) {]

Line 25 differs:
  Original: [do {]
  Tidied:   [        print "\n";]
  First diff at position 0:
    pos 0: orig='d' vs tidied=' '
Argument "{" isn't numeric in numeric gt (>) at perlcritic_wrapper.pl line 339.
    pos 1: orig='o' vs tidied=' '
Argument "d" isn't numeric in numeric gt (>) at perlcritic_wrapper.pl line 339.
Argument " " isn't numeric in numeric gt (>) at perlcritic_wrapper.pl line 339.

Line 26 differs:
  Original: [    my $output = "Printf result: $printf_result";]
  Tidied:   [    }]
  First diff at position 4:
    pos 4: orig='m' vs tidied='}'
Argument " " isn't numeric in numeric gt (>) at perlcritic_wrapper.pl line 339.
Argument " " isn't numeric in numeric gt (>) at perlcritic_wrapper.pl line 339.

Line 27 differs:
  Original: [    print $output;]
  Tidied:   [};]
  First diff at position 0:
    pos 0: orig=' ' vs tidied='}'
Argument ";" isn't numeric in numeric gt (>) at perlcritic_wrapper.pl line 339.
    pos 1: orig=' ' vs tidied=';'
Argument " " isn't numeric in numeric gt (>) at perlcritic_wrapper.pl line 339.
Argument "}" isn't numeric in numeric gt (>) at perlcritic_wrapper.pl line 339.

Line 28 differs:
  Original: [    if ( !( $output =~ m{\n$}msx ) ) {]
  Tidied:   [my $printf_result = do {]
  First diff at position 0:
    pos 0: orig=' ' vs tidied='m'
Argument "{" isn't numeric in numeric gt (>) at perlcritic_wrapper.pl line 339.
    pos 1: orig=' ' vs tidied='y'
Argument " " isn't numeric in numeric gt (>) at perlcritic_wrapper.pl line 339.
Argument "m" isn't numeric in numeric gt (>) at perlcritic_wrapper.pl line 339.

Line 29 differs:
  Original: [        print "\n";]
  Tidied:   [    my $result = sprintf "Number: %d, String: %s\n", "42", "test";]
  First diff at position 4:
    pos 4: orig=' ' vs tidied='m'
Argument " " isn't numeric in numeric gt (>) at perlcritic_wrapper.pl line 339.
Argument " " isn't numeric in numeric gt (>) at perlcritic_wrapper.pl line 339.

Line 30 differs:
  Original: [    }]
  Tidied:   [    chomp $result;]
  First diff at position 4:
    pos 4: orig='}' vs tidied='c'
Argument " " isn't numeric in numeric gt (>) at perlcritic_wrapper.pl line 339.
Argument " " isn't numeric in numeric gt (>) at perlcritic_wrapper.pl line 339.

Line 31 differs:
  Original: [};]
  Tidied:   [    $result;]
  First diff at position 0:
    pos 0: orig='}' vs tidied=' '
Argument ";" isn't numeric in numeric gt (>) at perlcritic_wrapper.pl line 339.
    pos 1: orig=';' vs tidied=' '
Argument "}" isn't numeric in numeric gt (>) at perlcritic_wrapper.pl line 339.
Argument " " isn't numeric in numeric gt (>) at perlcritic_wrapper.pl line 339.

Line 32 differs:
  Original: [print "=== Compression Commands ===\n";]
  Tidied:   [};]
  First diff at position 0:
    pos 0: orig='p' vs tidied='}'
Argument ";" isn't numeric in numeric gt (>) at perlcritic_wrapper.pl line 339.
    pos 1: orig='r' vs tidied=';'
Argument "p" isn't numeric in numeric gt (>) at perlcritic_wrapper.pl line 339.
Argument "}" isn't numeric in numeric gt (>) at perlcritic_wrapper.pl line 339.

Line 33 differs:
  Original: [print "=== Network Commands ===\n";]
  Tidied:   [do {]
  First diff at position 0:
    pos 0: orig='p' vs tidied='d'
Argument ";" isn't numeric in numeric gt (>) at perlcritic_wrapper.pl line 339.
    pos 1: orig='r' vs tidied='o'
Argument "p" isn't numeric in numeric gt (>) at perlcritic_wrapper.pl line 339.
Argument "d" isn't numeric in numeric gt (>) at perlcritic_wrapper.pl line 339.

Line 34 differs:
  Original: [print "=== Process Management Commands ===\n";]
  Tidied:   [    my $output = "Printf result: $printf_result";]
  First diff at position 0:
    pos 0: orig='p' vs tidied=' '
Argument ";" isn't numeric in numeric gt (>) at perlcritic_wrapper.pl line 339.
    pos 1: orig='r' vs tidied=' '
Argument "p" isn't numeric in numeric gt (>) at perlcritic_wrapper.pl line 339.
Argument " " isn't numeric in numeric gt (>) at perlcritic_wrapper.pl line 339.

Line 35 differs:
  Original: [print "=== Checksum Commands ===\n";]
  Tidied:   [    print $output;]
  First diff at position 0:
    pos 0: orig='p' vs tidied=' '
Argument ";" isn't numeric in numeric gt (>) at perlcritic_wrapper.pl line 339.
    pos 1: orig='r' vs tidied=' '
Argument "p" isn't numeric in numeric gt (>) at perlcritic_wrapper.pl line 339.
Argument " " isn't numeric in numeric gt (>) at perlcritic_wrapper.pl line 339.

Line 36 differs:
  Original: [{]
  Tidied:   [    if ( !( $output =~ m{\n$}msx ) ) {]
  First diff at position 0:
    pos 0: orig='{' vs tidied=' '
Argument "{" isn't numeric in numeric gt (>) at perlcritic_wrapper.pl line 339.
    pos 1: orig='[EOF]' vs tidied=' '
Argument " " isn't numeric in numeric gt (>) at perlcritic_wrapper.pl line 339.

Line 37 differs:
  Original: [    open my $original_stdout, '>&', STDOUT]
  Tidied:   [        print "\n";]
  First diff at position 4:
    pos 4: orig='o' vs tidied=' '
Argument " " isn't numeric in numeric gt (>) at perlcritic_wrapper.pl line 339.
Argument " " isn't numeric in numeric gt (>) at perlcritic_wrapper.pl line 339.

Line 38 differs:
  Original: [    or croak "Cannot save STDOUT: $ERRNO";]
  Tidied:   [    }]
  First diff at position 4:
    pos 4: orig='o' vs tidied='}'
Argument " " isn't numeric in numeric gt (>) at perlcritic_wrapper.pl line 339.
Argument " " isn't numeric in numeric gt (>) at perlcritic_wrapper.pl line 339.

Line 39 differs:
  Original: [    open STDOUT, '>', 'test_checksum.txt']
  Tidied:   [};]
  First diff at position 0:
    pos 0: orig=' ' vs tidied='}'
Argument "'" isn't numeric in numeric gt (>) at perlcritic_wrapper.pl line 339.
    pos 1: orig=' ' vs tidied=';'
Argument " " isn't numeric in numeric gt (>) at perlcritic_wrapper.pl line 339.
Argument "}" isn't numeric in numeric gt (>) at perlcritic_wrapper.pl line 339.

Line 40 differs:
  Original: [    or croak "Cannot open file: $ERRNO";]
  Tidied:   [print "=== Compression Commands ===\n";]
  First diff at position 0:
    pos 0: orig=' ' vs tidied='p'
Argument ";" isn't numeric in numeric gt (>) at perlcritic_wrapper.pl line 339.
    pos 1: orig=' ' vs tidied='r'
Argument " " isn't numeric in numeric gt (>) at perlcritic_wrapper.pl line 339.
Argument "p" isn't numeric in numeric gt (>) at perlcritic_wrapper.pl line 339.

Line 41 differs:
  Original: [    print "test content\n";]
  Tidied:   [print "=== Network Commands ===\n";]
  First diff at position 0:
    pos 0: orig=' ' vs tidied='p'
Argument ";" isn't numeric in numeric gt (>) at perlcritic_wrapper.pl line 339.
    pos 1: orig=' ' vs tidied='r'
Argument " " isn't numeric in numeric gt (>) at perlcritic_wrapper.pl line 339.
Argument "p" isn't numeric in numeric gt (>) at perlcritic_wrapper.pl line 339.

Line 42 differs:
  Original: [    open STDOUT, '>&', $original_stdout]
  Tidied:   [print "=== Process Management Commands ===\n";]
  First diff at position 0:
    pos 0: orig=' ' vs tidied='p'
Argument "t" isn't numeric in numeric gt (>) at perlcritic_wrapper.pl line 339.
    pos 1: orig=' ' vs tidied='r'
Argument " " isn't numeric in numeric gt (>) at perlcritic_wrapper.pl line 339.
Argument "p" isn't numeric in numeric gt (>) at perlcritic_wrapper.pl line 339.

Line 43 differs:
  Original: [    or croak "Cannot restore STDOUT: $ERRNO";]
  Tidied:   [print "=== Checksum Commands ===\n";]
  First diff at position 0:
    pos 0: orig=' ' vs tidied='p'
Argument ";" isn't numeric in numeric gt (>) at perlcritic_wrapper.pl line 339.
    pos 1: orig=' ' vs tidied='r'
Argument " " isn't numeric in numeric gt (>) at perlcritic_wrapper.pl line 339.
Argument "p" isn't numeric in numeric gt (>) at perlcritic_wrapper.pl line 339.

Line 44 differs:
  Original: [    close $original_stdout]
  Tidied:   [{]
  First diff at position 0:
    pos 0: orig=' ' vs tidied='{'
Argument "t" isn't numeric in numeric gt (>) at perlcritic_wrapper.pl line 339.
    pos 1: orig=' ' vs tidied='[EOF]'
Argument " " isn't numeric in numeric gt (>) at perlcritic_wrapper.pl line 339.
Argument "{" isn't numeric in numeric gt (>) at perlcritic_wrapper.pl line 339.


Line count differs: original has 229 lines, tidied has 255 lines
Additional lines in tidied version:
  Line 230: [        }]
  Line 231: [    }]
  Line 232: [}]
  Line 233: [else {]
  Line 234: [    local $CHILD_ERROR = 0;]
  Line 235: [    carp "rm: carping: ", "test_checksum.txt", ": No such file or directory\n";]
  Line 236: [}]
  Line 237: [if ( -e "test_tee.txt" ) {]
  Line 238: [    if ( -d "test_tee.txt" ) {]
  Line 239: [        carp "rm: carping: ", "test_tee.txt",]
  Line 240: [          " is a directory (use -r to remove recursively)\n";]
  Line 241: [    }]
  Line 242: [    else {]
  Line 243: [        if ( unlink "test_tee.txt" ) {]
  Line 244: [            $main_exit_code = 0;]
  Line 245: [        }]
  Line 246: [        else {]
  Line 247: [            carp "rm: carping: could not remove ", "test_tee.txt",]
  Line 248: [              ": $OS_ERROR\n";]
  Line 249: [        }]
  Line 250: [    }]
  Line 251: [}]
  Line 252: [else {]
  Line 253: [    local $CHILD_ERROR = 0;]
  Line 254: [    carp "rm: carping: ", "test_tee.txt", ": No such file or directory\n";]
  Line 255: [}]
perlcritic_wrapper: Perltidy check took 3.102744s
perlcritic_wrapper: Output generation took 3e-06s
perlcritic_wrapper: Cache write took 0.00049s
perlcritic_wrapper: Total time 3.955137s

FAILED: Code is not tidy

Writing test count 0 to first_n_tests_passed.txt
Current working directory: "D:\\GitHub\\sh2perl"
Successfully wrote test count 0 and matching stdout lines 0 to first_n_tests_passed.txt

To run test again: ./fail 000__02
Test run completed at Sun Nov  2 19:10:51 AWST 2025
