Starting test run at Mon Apr  6 07:37:59 AWST 2026
Logging to: logs/fail_run_20260406_073759.log
Test arguments: 000__03
----------------------------------------
Compiling debashc...
   Compiling unicode-ident v1.0.19
   Compiling proc-macro2 v1.0.101
   Compiling wasm-bindgen-shared v0.2.103
   Compiling bumpalo v3.19.0
   Compiling log v0.4.28
   Compiling version_check v0.9.5
   Compiling typenum v1.18.0
   Compiling cfg-if v1.0.3
   Compiling semver v1.0.27
   Compiling rustversion v1.0.22
   Compiling wasm-bindgen v0.2.103
   Compiling regex-syntax v0.8.6
   Compiling once_cell v1.21.3
   Compiling memchr v2.7.5
   Compiling serde_core v1.0.226
   Compiling fnv v1.0.7
sccache: encountered fatal error
sccache: error: failed to set permissions for file `/mnt/d/GitHub/sh2perl/target/debug/deps/libonce_cell-0f87c334ff04a934.rlib`
sccache: caused by: failed to set permissions for file `/mnt/d/GitHub/sh2perl/target/debug/deps/libonce_cell-0f87c334ff04a934.rlib`
sccache: caused by: No such file or directory (os error 2)
error: could not compile `once_cell` (lib)

Caused by:
  process didn't exit successfully: `/usr/bin/sccache /root/.rustup/toolchains/stable-x86_64-unknown-linux-gnu/bin/rustc --crate-name once_cell --edition=2021 /root/.cargo/registry/src/index.crates.io-1949cf8c6b5b557f/once_cell-1.21.3/src/lib.rs --error-format=json --json=diagnostic-rendered-ansi,artifacts,future-incompat --crate-type lib --emit=dep-info,metadata,link -C embed-bitcode=no -C debuginfo=2 --check-cfg 'cfg(docsrs,test)' --check-cfg 'cfg(feature, values("alloc", "atomic-polyfill", "critical-section", "default", "parking_lot", "portable-atomic", "race", "std", "unstable"))' -C metadata=7e528db8c9d728ef -C extra-filename=-0f87c334ff04a934 --out-dir /mnt/d/GitHub/sh2perl/target/debug/deps -L dependency=/mnt/d/GitHub/sh2perl/target/debug/deps --cap-lints allow` (exit status: 254)
warning: build failed, waiting for other jobs to finish...
Running test_purify.pl validation...
./fail: line 92: C:\Strawberry\perl\bin\perl.exe: command not found
test_purify.pl passed, continuing with other commands...
Running debashc with fine-grained per-test timeouts...
Running: debashc test generation and execution
Command: ./target/debug/debashc.exe fail --perl-critic "000__03"
Timeout: Per-test timeouts (30s shell, 10s parse, 5s generate)
----------------------------------------
./fail: line 123: ./target/debug/debashc.exe: No such file or directory
Test run completed at Mon Apr  6 07:38:01 AWST 2026
