Starting test run at Mon, Sep 29, 2025 11:24:26 PM
Logging to: logs/fail_run_20250929_232426.log
Test arguments: 000__04a./fail 000__04b
----------------------------------------
Compiling debashc...
warning: unused import: `Token`
    --> src\parser\commands.rs:1351:31
     |
1351 |     use crate::lexer::{Lexer, Token};
     |                               ^^^^^
     |
     = note: `#[warn(unused_imports)]` on by default

warning: unused import: `regex::Regex`
 --> src\generator\commands\pipeline_commands.rs:4:5
  |
4 | use regex::Regex;
  |     ^^^^^^^^^^^^

warning: unused import: `std::collections::HashMap`
 --> src\generator\redirects.rs:4:5
  |
4 | use std::collections::HashMap;
  |     ^^^^^^^^^^^^^^^^^^^^^^^^^

warning: unused doc comment
   --> src\timeout_manager.rs:282:1
    |
282 | /// Global timeout manager instance
    | ^^^^^^^^^^^^^^^^^^^^^^^^^^^^^^^^^^^ rustdoc does not generate documentation for macro invocations
    |
    = help: to document an item produced by a macro, the macro must produce the documentation as part of its expansion
    = note: `#[warn(unused_doc_comments)]` on by default

warning: variable does not need to be mutable
    --> src\parser\commands.rs:1354:9
     |
1354 |     let mut lexer = Lexer::new(text);
     |         ----^^^^^
     |         |
     |         help: remove this `mut`
     |
     = note: `#[warn(unused_mut)]` on by default

warning: unused variable: `cmd2`
   --> src\generator\commands\pipeline_commands.rs:469:66
    |
469 |         if let (Command::Redirect(redirect_cmd), Command::Simple(cmd2)) = (&pipeline.commands[0], &pipeline.commands[1]) {
    |                                                                  ^^^^ help: if this is intentional, prefix it with an underscore: `_cmd2`
    |
    = note: `#[warn(unused_variables)]` on by default

warning: variable `head_max` is assigned to, but never used
   --> src\generator\commands\pipeline_commands.rs:836:25
    |
836 |                 let mut head_max = 10; // Default value
    |                         ^^^^^^^^
    |
    = note: consider using `_head_max` instead

warning: value assigned to `head_max` is never read
   --> src\generator\commands\pipeline_commands.rs:847:53
    |
847 | ...                   head_max = num;
    |                       ^^^^^^^^
    |
    = help: maybe it is overwritten before being read?
    = note: `#[warn(unused_assignments)]` on by default

warning: value assigned to `head_max` is never read
   --> src\generator\commands\pipeline_commands.rs:854:53
    |
854 | ...                   head_max = num;
    |                       ^^^^^^^^
    |
    = help: maybe it is overwritten before being read?

warning: value assigned to `head_max` is never read
   --> src\generator\commands\pipeline_commands.rs:859:49
    |
859 | ...                   head_max = num;
    |                       ^^^^^^^^
    |
    = help: maybe it is overwritten before being read?

warning: unused variable: `i`
   --> src\generator\commands\pipeline_commands.rs:883:22
    |
883 |                 for (i, command) in pipeline.commands[start_index..].iter().enumerate() {
    |                      ^ help: if this is intentional, prefix it with an underscore: `_i`

warning: unused variable: `j`
   --> src\generator\commands\pipeline_commands.rs:897:34
    |
897 | ...                   for (j, nested_command) in nested_pipeline.commands.iter().enumerate() {
    |                            ^ help: if this is intentional, prefix it with an underscore: `_j`

warning: unused variable: `cmd`
  --> src\generator\commands\system_commands.rs:36:35
   |
36 |         Word::CommandSubstitution(cmd, _) => {
   |                                   ^^^ help: if this is intentional, prefix it with an underscore: `_cmd`

warning: unused variable: `output`
  --> src\generator\commands\find.rs:42:13
   |
42 |     let mut output = String::new();
   |             ^^^^^^ help: if this is intentional, prefix it with an underscore: `_output`

warning: variable does not need to be mutable
  --> src\generator\commands\find.rs:42:9
   |
42 |     let mut output = String::new();
   |         ----^^^^^^
   |         |
   |         help: remove this `mut`

warning: unused variable: `input_var`
 --> src\generator\commands\comm.rs:7:5
  |
7 |     input_var: &str,
  |     ^^^^^^^^^ help: if this is intentional, prefix it with an underscore: `_input_var`

warning: unused variable: `command_str`
   --> src\generator\words.rs:554:37
    |
554 | ...                   let command_str = generator.word_to_perl(command);
    |                           ^^^^^^^^^^^ help: if this is intentional, prefix it with an underscore: `_command_str`

warning: unused variable: `literal`
   --> src\generator\words.rs:385:59
    |
385 | ...                   Word::Literal(literal, _) => {
    |                                     ^^^^^^^ help: if this is intentional, prefix it with an underscore: `_literal`

warning: unused variable: `s`
   --> src\generator\words.rs:842:23
    |
842 |         Word::Literal(s, _) => generator.perl_string_literal(word),
    |                       ^ help: if this is intentional, prefix it with an underscore: `_s`

warning: unused variable: `literal`
   --> src\generator\utils.rs:151:59
    |
151 | ...                   Word::Literal(literal, _) => {
    |                                     ^^^^^^^ help: if this is intentional, prefix it with an underscore: `_literal`

warning: unused variable: `operation_handle`
   --> src\timeout_manager.rs:151:13
    |
151 |         let operation_handle = thread::spawn(move || {
    |             ^^^^^^^^^^^^^^^^ help: if this is intentional, prefix it with an underscore: `_operation_handle`

warning: unused variable: `operation_handle`
   --> src\timeout_manager.rs:194:13
    |
194 |         let operation_handle = thread::spawn(move || {
    |             ^^^^^^^^^^^^^^^^ help: if this is intentional, prefix it with an underscore: `_operation_handle`

warning: methods `parse_variable_expansion` and `parse_arithmetic_expression` are never used
    --> src\parser\commands.rs:1186:8
     |
  20 | impl Parser {
     | ----------- methods in this implementation
...
1186 |     fn parse_variable_expansion(&mut self) -> Result<Word, ParserError> {
     |        ^^^^^^^^^^^^^^^^^^^^^^^^
...
1255 |     fn parse_arithmetic_expression(&mut self) -> Result<Word, ParserError> {
     |        ^^^^^^^^^^^^^^^^^^^^^^^^^^^
     |
     = note: `#[warn(dead_code)]` on by default

warning: function `parse_command` is never used
    --> src\parser\control_flow.rs:1075:4
     |
1075 | fn parse_command(parser: &mut Parser) -> Result<Command, ParserError> {
     |    ^^^^^^^^^^^^^

warning: function `parse_assignment` is never used
    --> src\parser\control_flow.rs:1285:4
     |
1285 | fn parse_assignment(parser: &mut Parser) -> Result<Command, ParserError> {
     |    ^^^^^^^^^^^^^^^^

warning: function `parse_parameter_expansion` is never used
    --> src\parser\words.rs:1885:4
     |
1885 | fn parse_parameter_expansion(_lexer: &mut Lexer) -> Result<Word, ParserError> {
     |    ^^^^^^^^^^^^^^^^^^^^^^^^^

warning: function `escape_glob_pattern` is never used
 --> src\generator\commands\find.rs:4:4
  |
4 | fn escape_glob_pattern(pattern: &str) -> String {
  |    ^^^^^^^^^^^^^^^^^^^

warning: function `parse_size_to_bytes` is never used
   --> src\generator\commands\find.rs:195:4
    |
195 | fn parse_size_to_bytes(size_str: &str) -> u64 {
    |    ^^^^^^^^^^^^^^^^^^^

warning: function `generate_tr_linebyline_impl` is never used
  --> src\generator\commands\tr.rs:24:4
   |
24 | fn generate_tr_linebyline_impl(generator: &mut Generator, cmd: &SimpleCommand, input_var: &str, _command_index: &str) -> String {
   |    ^^^^^^^^^^^^^^^^^^^^^^^^^^^

warning: function `generate_tr_buffered_impl` is never used
  --> src\generator\commands\tr.rs:73:4
   |
73 | fn generate_tr_buffered_impl(generator: &mut Generator, cmd: &SimpleCommand, input_var: &str, command_index: &str) -> String {
   |    ^^^^^^^^^^^^^^^^^^^^^^^^^

warning: function `is_variable_used_after_for_loop` is never used
   --> src\generator\control_flow.rs:230:4
    |
230 | fn is_variable_used_after_for_loop(commands: &[Command], for_loop_var: &str, for_loop_index: usize) -> bool {
    |    ^^^^^^^^^^^^^^^^^^^^^^^^^^^^^^^

warning: fields `variable_usage` and `scope_depth` are never read
  --> src\variable_analysis.rs:8:5
   |
 6 | pub struct VariableUsageAnalyzer {
   |            --------------------- fields in this struct
 7 |     /// Maps variable names to their usage information
 8 |     variable_usage: HashMap<String, VariableUsageInfo>,
   |     ^^^^^^^^^^^^^^
 9 |     /// Current scope depth for tracking nested scopes
10 |     scope_depth: usize,
   |     ^^^^^^^^^^^
   |
   = note: `VariableUsageAnalyzer` has derived impls for the traits `Clone` and `Debug`, but these are intentionally ignored during dead code analysis

warning: `debashl` (lib) generated 32 warnings (run `cargo fix --lib -p debashl` to apply 5 suggestions)
warning: unused import: `execute_with_progress`
 --> src\testing.rs:9:67
  |
9 | use crate::timeout_manager::{OperationType, execute_with_timeout, execute_with_progress, 
  |                                                                   ^^^^^^^^^^^^^^^^^^^^^
  |
  = note: `#[warn(unused_imports)]` on by default

warning: unused import: `debashl::parser::errors::ParserError`
  --> src\testing.rs:16:5
   |
16 | use debashl::parser::errors::ParserError;
   |     ^^^^^^^^^^^^^^^^^^^^^^^^^^^^^^^^^^^^

warning: unused variable: `operation_handle`
  --> src\testing.rs:25:9
   |
25 |     let operation_handle = std::thread::spawn(move || {
   |         ^^^^^^^^^^^^^^^^ help: if this is intentional, prefix it with an underscore: `_operation_handle`
   |
   = note: `#[warn(unused_variables)]` on by default

warning: variable does not need to be mutable
    --> src\testing.rs:1188:9
     |
1188 |     let mut should_break = false;
     |         ----^^^^^^^^^^^^
     |         |
     |         help: remove this `mut`
     |
     = note: `#[warn(unused_mut)]` on by default

warning: unused variable: `overall_start`
    --> src\testing.rs:1397:9
     |
1397 |     let overall_start = std::time::Instant::now();
     |         ^^^^^^^^^^^^^ help: if this is intentional, prefix it with an underscore: `_overall_start`

warning: unused variable: `test_loop_start`
    --> src\testing.rs:1445:9
     |
1445 |     let test_loop_start = std::time::Instant::now();
     |         ^^^^^^^^^^^^^^^ help: if this is intentional, prefix it with an underscore: `_test_loop_start`

warning: unused variable: `should_break`
    --> src\testing.rs:1994:13
     |
1994 |     let mut should_break = false;
     |             ^^^^^^^^^^^^ help: if this is intentional, prefix it with an underscore: `_should_break`

warning: variable does not need to be mutable
    --> src\testing.rs:1994:9
     |
1994 |     let mut should_break = false;
     |         ----^^^^^^^^^^^^
     |         |
     |         help: remove this `mut`

warning: function `run_perl_script` is never used
  --> src\execution.rs:62:8
   |
62 | pub fn run_perl_script(script_path: &str) -> Result<std::process::Output, String> {
   |        ^^^^^^^^^^^^^^^
   |
   = note: `#[warn(dead_code)]` on by default

warning: function `extract_line_col` is never used
 --> src\utils.rs:4:8
  |
4 | pub fn extract_line_col(e: &dyn std::error::Error) -> Option<(usize, usize)> {
  |        ^^^^^^^^^^^^^^^^

warning: function `parse_line_col` is never used
  --> src\utils.rs:17:8
   |
17 | pub fn parse_line_col(s: &str) -> Option<(usize, usize)> {
   |        ^^^^^^^^^^^^^^

warning: function `caret_snippet` is never used
  --> src\utils.rs:25:8
   |
25 | pub fn caret_snippet(input: &str, line: usize, col: usize) -> Option<String> {
   |        ^^^^^^^^^^^^^

warning: function `with_timeout` is never used
  --> src\testing.rs:19:4
   |
19 | fn with_timeout<F, T>(timeout_secs: u64, operation: F) -> Result<T, String> 
   |    ^^^^^^^^^^^^

warning: fields `shell_duration` and `translated_duration` are never read
  --> src\testing.rs:52:9
   |
39 | pub struct TestResult {
   |            ---------- fields in this struct
...
52 |     pub shell_duration: std::time::Duration, // Shell execution time
   |         ^^^^^^^^^^^^^^
53 |     pub translated_duration: std::time::Duration, // Translated program execution time
   |         ^^^^^^^^^^^^^^^^^^^
   |
   = note: `TestResult` has a derived impl for the trait `Debug`, but this is intentionally ignored during dead code analysis

warning: function `test_file_equivalence_detailed` is never used
   --> src\testing.rs:552:8
    |
552 | pub fn test_file_equivalence_detailed(lang: &str, filename: &str, ast_options: Option<AstFormatOptions>) -> Result<TestResult, String> {
    |        ^^^^^^^^^^^^^^^^^^^^^^^^^^^^^^

warning: function `test_all_examples_next_fail` is never used
    --> src\testing.rs:1393:8
     |
1393 | pub fn test_all_examples_next_fail(generators: &[String], test_prefix: Option<String>, enable_perl_critic: bool) {
     |        ^^^^^^^^^^^^^^^^^^^^^^^^^^^

warning: function `extract_core_perl_logic` is never used
   --> src\cli_commands.rs:198:4
    |
198 | fn extract_core_perl_logic(perl_code: &str) -> String {
    |    ^^^^^^^^^^^^^^^^^^^^^^^

warning: function `export_mir_to_json` is never used
   --> src\cli_commands.rs:445:8
    |
445 | pub fn export_mir_to_json(input: &str, _optimize: bool) {
    |        ^^^^^^^^^^^^^^^^^^

warning: variants `Parsing`, `CodeGeneration`, `FileOperations`, `TestExecution`, and `DebugFreeze` are never constructed
  --> src\timeout_manager.rs:11:5
   |
 8 | pub enum OperationType {
   |          ------------- variants in this enum
...
11 |     Parsing,            // Parsing shell scripts
   |     ^^^^^^^
12 |     CodeGeneration,     // Generating Perl code
   |     ^^^^^^^^^^^^^^
13 |     FileOperations,     // File I/O operations
   |     ^^^^^^^^^^^^^^
14 |     TestExecution,      // Overall test execution
   |     ^^^^^^^^^^^^^
15 |     DebugFreeze,        // Debug freeze pause
   |     ^^^^^^^^^^^
   |
   = note: `OperationType` has derived impls for the traits `Clone` and `Debug`, but these are intentionally ignored during dead code analysis

warning: methods `set_freeze_duration` and `get_freeze_duration` are never used
  --> src\timeout_manager.rs:74:12
   |
51 | impl DebugFreezeManager {
   | ----------------------- methods in this implementation
...
74 |     pub fn set_freeze_duration(&mut self, duration: Duration) {
   |            ^^^^^^^^^^^^^^^^^^^
...
78 |     pub fn get_freeze_duration(&self) -> Duration {
   |            ^^^^^^^^^^^^^^^^^^^

warning: methods `set_timeout` and `execute_with_progress` are never used
   --> src\timeout_manager.rs:117:12
    |
 90 | impl TimeoutManager {
    | ------------------- methods in this implementation
...
117 |     pub fn set_timeout(&mut self, operation: OperationType, duration: Duration) {
    |            ^^^^^^^^^^^
...
178 |     pub fn execute_with_progress<F, T>(&self, operation: OperationType, operation_fn: F) -> Result<T, String>
    |            ^^^^^^^^^^^^^^^^^^^^^

warning: function `execute_with_progress` is never used
   --> src\timeout_manager.rs:302:8
    |
302 | pub fn execute_with_progress<F, T>(operation: OperationType, operation_fn: F) -> Result<T, String>
    |        ^^^^^^^^^^^^^^^^^^^^^

warning: `debashl` (bin "debashc") generated 25 warnings (3 duplicates) (run `cargo fix --bin "debashc"` to apply 4 suggestions)
    Finished `dev` profile [unoptimized + debuginfo] target(s) in 0.66s
Running test_purify.pl validation...
Running test_purify.pl with verbose output
Running test_purify.pl with next option
DEBUG[1759159469.833]: Found 54 .pl files in examples.impurl directory
DEBUG[1759159469.833]: Files to process: examples.impurl/000benchmark.pl, examples.impurl/001_echo_basic.pl, examples.impurl/002_printf_basic.pl, examples.impurl/003__ls_basic.pl, examples.impurl/003_ls_basic.pl, examples.impurl/004_cat_basic.pl, examples.impurl/005_wc_basic.pl, examples.impurl/006_head_basic.pl, examples.impurl/007_tail_basic.pl, examples.impurl/008_date_basic.pl, examples.impurl/009_sleep_basic.pl, examples.impurl/010_which_basic.pl, examples.impurl/011_grep_basic.pl, examples.impurl/012_sed_basic.pl, examples.impurl/013_awk_basic.pl, examples.impurl/014_tr_basic.pl, examples.impurl/015_cut_basic.pl, examples.impurl/016_sort_basic.pl, examples.impurl/017_uniq_basic.pl, examples.impurl/018_paste_basic.pl, examples.impurl/019_comm_basic.pl, examples.impurl/020_diff_basic.pl, examples.impurl/021_find_basic.pl, examples.impurl/022_cp_basic.pl, examples.impurl/023_mv_basic.pl, examples.impurl/024_rm_basic.pl, examples.impurl/025_mkdir_basic.pl, examples.impurl/026_touch_basic.pl, examples.impurl/027_basename_basic.pl, examples.impurl/028_dirname_basic.pl, examples.impurl/029_xargs_basic.pl, examples.impurl/030_tee_basic.pl, examples.impurl/031_time_basic.pl, examples.impurl/032_kill_basic.pl, examples.impurl/033_nice_basic.pl, examples.impurl/034_nohup_basic.pl, examples.impurl/035_pipeline_basic.pl, examples.impurl/036_control_flow_basic.pl, examples.impurl/037_complex_pipeline.pl, examples.impurl/038_advanced_control_flow.pl, examples.impurl/039_subshell_operations.pl, examples.impurl/040_most_complex_example.pl, examples.impurl/041_compression_network.pl, examples.impurl/042_checksum_verification.pl, examples.impurl/043_string_processing.pl, examples.impurl/044_yes_command.pl, examples.impurl/045_read_command.pl, examples.impurl/046_perl_command.pl, examples.impurl/047_advanced_pipelines.pl, examples.impurl/048_nested_control_flow.pl, examples.impurl/049_ultimate_complex_example.pl, examples.impurl/050_final_example.pl, examples.impurl/051_remaining_examples.pl, examples.impurl/052_complex_usage_examples.pl
DEBUG[1759159469.833]: Testing purify.pl --help...
DEBUG[1759159469.833]: Starting purify.pl help test (timeout: 5s, type: purify_help)
DEBUG[1759159471.074]: purify.pl help test completed in 1.2406599521637s (exit code: 0)
DEBUG[1759159471.074]: purify.pl --help test passed
DEBUG[1759159471.074]: Progress: [                    ] 1% (1/54) - Processing files
DEBUG[1759159471.074]: Testing purify.pl on examples.impurl/000benchmark.pl -> pure/000benchmark.pl
DEBUG[1759159471.074]: File 1 of 54
DEBUG[1759159471.074]: Running purify.pl on examples.impurl/000benchmark.pl
DEBUG[1759159471.074]: Starting purify.pl execution (timeout: 60s, type: purify_execution)
DEBUG[1759159472.538]: purify.pl execution completed in 1.46330904960632s (exit code: 0)
DEBUG[1759159472.538]: purify.pl result: 0
DEBUG[1759159472.538]: ✓ examples.impurl/000benchmark.pl: purify.pl processed successfully
DEBUG[1759159472.538]: Checking if pure/000benchmark.pl still contains system calls or backticks
DEBUG[1759159472.538]: Starting grep check (timeout: 5s, type: grep_check)
DEBUG[1759159472.616]: grep check completed in 0.0783030986785889s (exit code: 1)
DEBUG[1759159472.616]: ✓ Purification check passed - no system calls or backticks found
DEBUG[1759159472.616]: Running original file: examples.impurl/000benchmark.pl
DEBUG[1759159472.616]: Starting original file execution (timeout: 30s, type: perl_execution)
DEBUG[1759159472.971]: original file execution completed in 0.35523796081543s (exit code: 0)
DEBUG[1759159472.972]: Original file execution result: 0
DEBUG[1759159472.972]: Running purified file: pure/000benchmark.pl
DEBUG[1759159472.972]: Starting purified file execution (timeout: 30s, type: perl_execution)
DEBUG[1759159473.346]: purified file execution completed in 0.374308109283447s (exit code: 0)
DEBUG[1759159473.346]: Purified file execution result: 0
DEBUG[1759159473.346]: ✓ Output comparison passed - files produce identical output
DEBUG[1759159473.346]: Progress: [                    ] 3% (2/54) - Processing files
DEBUG[1759159473.346]: Testing purify.pl on examples.impurl/001_echo_basic.pl -> pure/001_echo_basic.pl
DEBUG[1759159473.346]: File 2 of 54
DEBUG[1759159473.346]: Running purify.pl on examples.impurl/001_echo_basic.pl
DEBUG[1759159473.346]: Starting purify.pl execution (timeout: 60s, type: purify_execution)
DEBUG[1759159474.381]: purify.pl execution completed in 1.03468203544617s (exit code: 0)
DEBUG[1759159474.381]: purify.pl result: 0
DEBUG[1759159474.381]: ✓ examples.impurl/001_echo_basic.pl: purify.pl processed successfully
DEBUG[1759159474.381]: Checking if pure/001_echo_basic.pl still contains system calls or backticks
DEBUG[1759159474.381]: Starting grep check (timeout: 5s, type: grep_check)
DEBUG[1759159474.436]: grep check completed in 0.0553879737854004s (exit code: 1)
DEBUG[1759159474.437]: ✓ Purification check passed - no system calls or backticks found
DEBUG[1759159474.437]: Running original file: examples.impurl/001_echo_basic.pl
DEBUG[1759159474.437]: Starting original file execution (timeout: 30s, type: perl_execution)
DEBUG[1759159475.238]: original file execution completed in 0.801488876342773s (exit code: 0)
DEBUG[1759159475.238]: Original file execution result: 0
DEBUG[1759159475.238]: Running purified file: pure/001_echo_basic.pl
DEBUG[1759159475.238]: Starting purified file execution (timeout: 30s, type: perl_execution)
DEBUG[1759159475.689]: purified file execution completed in 0.450648069381714s (exit code: 0)
DEBUG[1759159475.689]: Purified file execution result: 0
DEBUG[1759159475.689]: ✓ Output comparison passed - files produce identical output
DEBUG[1759159475.689]: Progress: [=                   ] 5% (3/54) - Processing files
DEBUG[1759159475.689]: Testing purify.pl on examples.impurl/002_printf_basic.pl -> pure/002_printf_basic.pl
DEBUG[1759159475.689]: File 3 of 54
DEBUG[1759159475.689]: Running purify.pl on examples.impurl/002_printf_basic.pl
DEBUG[1759159475.689]: Starting purify.pl execution (timeout: 60s, type: purify_execution)
DEBUG[1759159477.045]: purify.pl execution completed in 1.35542297363281s (exit code: 0)
DEBUG[1759159477.045]: purify.pl result: 0
DEBUG[1759159477.045]: ✓ examples.impurl/002_printf_basic.pl: purify.pl processed successfully
DEBUG[1759159477.045]: Checking if pure/002_printf_basic.pl still contains system calls or backticks
DEBUG[1759159477.045]: Starting grep check (timeout: 5s, type: grep_check)
DEBUG[1759159477.102]: grep check completed in 0.0576508045196533s (exit code: 1)
DEBUG[1759159477.102]: ✓ Purification check passed - no system calls or backticks found
DEBUG[1759159477.102]: Running original file: examples.impurl/002_printf_basic.pl
DEBUG[1759159477.102]: Starting original file execution (timeout: 30s, type: perl_execution)
DEBUG[1759159478.688]: original file execution completed in 1.58541798591614s (exit code: 0)
DEBUG[1759159478.688]: Original file execution result: 0
DEBUG[1759159478.688]: Running purified file: pure/002_printf_basic.pl
DEBUG[1759159478.688]: Starting purified file execution (timeout: 30s, type: perl_execution)
DEBUG[1759159479.467]: purified file execution completed in 0.779008150100708s (exit code: 0)
DEBUG[1759159479.467]: Purified file execution result: 0
DEBUG[1759159479.467]: ✓ Output comparison passed - files produce identical output
DEBUG[1759159479.468]: Progress: [=                   ] 7% (4/54) - Processing files
DEBUG[1759159479.468]: Testing purify.pl on examples.impurl/003__ls_basic.pl -> pure/003__ls_basic.pl
DEBUG[1759159479.468]: File 4 of 54
DEBUG[1759159479.468]: Running purify.pl on examples.impurl/003__ls_basic.pl
DEBUG[1759159479.468]: Starting purify.pl execution (timeout: 60s, type: purify_execution)
DEBUG[1759159480.404]: purify.pl execution completed in 0.935898065567017s (exit code: 0)
DEBUG[1759159480.404]: purify.pl result: 0
DEBUG[1759159480.404]: ✓ examples.impurl/003__ls_basic.pl: purify.pl processed successfully
DEBUG[1759159480.404]: Checking if pure/003__ls_basic.pl still contains system calls or backticks
DEBUG[1759159480.404]: Starting grep check (timeout: 5s, type: grep_check)
DEBUG[1759159480.457]: grep check completed in 0.0534520149230957s (exit code: 1)
DEBUG[1759159480.457]: ✓ Purification check passed - no system calls or backticks found
DEBUG[1759159480.457]: Running original file: examples.impurl/003__ls_basic.pl
DEBUG[1759159480.457]: Starting original file execution (timeout: 30s, type: perl_execution)
DEBUG[1759159480.788]: original file execution completed in 0.330796957015991s (exit code: 0)
DEBUG[1759159480.788]: Original file execution result: 0
DEBUG[1759159480.788]: Running purified file: pure/003__ls_basic.pl
DEBUG[1759159480.788]: Starting purified file execution (timeout: 30s, type: perl_execution)
DEBUG[1759159481.406]: purified file execution completed in 0.617410898208618s (exit code: 0)
DEBUG[1759159481.406]: Purified file execution result: 0
DEBUG[1759159481.406]: ✓ Output comparison passed - files produce identical output
DEBUG[1759159481.408]: Progress: [=                   ] 9% (5/54) - Processing files
DEBUG[1759159481.408]: Testing purify.pl on examples.impurl/003_ls_basic.pl -> pure/003_ls_basic.pl
DEBUG[1759159481.408]: File 5 of 54
DEBUG[1759159481.408]: Running purify.pl on examples.impurl/003_ls_basic.pl
DEBUG[1759159481.408]: Starting purify.pl execution (timeout: 60s, type: purify_execution)
DEBUG[1759159483.741]: purify.pl execution completed in 2.3326370716095s (exit code: 0)
DEBUG[1759159483.741]: purify.pl result: 0
DEBUG[1759159483.741]: ✓ examples.impurl/003_ls_basic.pl: purify.pl processed successfully
DEBUG[1759159483.741]: Checking if pure/003_ls_basic.pl still contains system calls or backticks
DEBUG[1759159483.741]: Starting grep check (timeout: 5s, type: grep_check)
DEBUG[1759159483.845]: grep check completed in 0.103715181350708s (exit code: 1)
DEBUG[1759159483.845]: ✓ Purification check passed - no system calls or backticks found
DEBUG[1759159483.845]: Running original file: examples.impurl/003_ls_basic.pl
DEBUG[1759159483.845]: Starting original file execution (timeout: 30s, type: perl_execution)
DEBUG[1759159484.800]: original file execution completed in 0.954726934432983s (exit code: 0)
DEBUG[1759159484.800]: Original file execution result: 0
DEBUG[1759159484.800]: Running purified file: pure/003_ls_basic.pl
DEBUG[1759159484.800]: Starting purified file execution (timeout: 30s, type: perl_execution)
DEBUG[1759159485.314]: purified file execution completed in 0.514527082443237s (exit code: 0)
DEBUG[1759159485.314]: Purified file execution result: 0
DEBUG[1759159485.314]: ✓ Output comparison passed - files produce identical output
DEBUG[1759159485.315]: Progress: [==                  ] 11% (6/54) - Processing files
DEBUG[1759159485.315]: Testing purify.pl on examples.impurl/004_cat_basic.pl -> pure/004_cat_basic.pl
DEBUG[1759159485.315]: File 6 of 54
DEBUG[1759159485.315]: Running purify.pl on examples.impurl/004_cat_basic.pl
DEBUG[1759159485.315]: Starting purify.pl execution (timeout: 60s, type: purify_execution)
DEBUG[1759159486.872]: purify.pl execution completed in 1.55710101127625s (exit code: 0)
DEBUG[1759159486.872]: purify.pl result: 0
DEBUG[1759159486.872]: ✓ examples.impurl/004_cat_basic.pl: purify.pl processed successfully
DEBUG[1759159486.872]: Checking if pure/004_cat_basic.pl still contains system calls or backticks
DEBUG[1759159486.872]: Starting grep check (timeout: 5s, type: grep_check)
DEBUG[1759159486.927]: grep check completed in 0.0546739101409912s (exit code: 1)
DEBUG[1759159486.927]: ✓ Purification check passed - no system calls or backticks found
DEBUG[1759159486.927]: Running original file: examples.impurl/004_cat_basic.pl
DEBUG[1759159486.927]: Starting original file execution (timeout: 30s, type: perl_execution)
DEBUG[1759159488.297]: original file execution completed in 1.369961977005s (exit code: 0)
DEBUG[1759159488.297]: Original file execution result: 0
DEBUG[1759159488.297]: Running purified file: pure/004_cat_basic.pl
DEBUG[1759159488.297]: Starting purified file execution (timeout: 30s, type: perl_execution)
DEBUG[1759159488.884]: purified file execution completed in 0.586689949035645s (exit code: 0)
DEBUG[1759159488.884]: Purified file execution result: 0
DEBUG[1759159488.884]: ✓ Output comparison passed - files produce identical output
DEBUG[1759159488.884]: Progress: [==                  ] 12% (7/54) - Processing files
DEBUG[1759159488.884]: Testing purify.pl on examples.impurl/005_wc_basic.pl -> pure/005_wc_basic.pl
DEBUG[1759159488.884]: File 7 of 54
DEBUG[1759159488.884]: Running purify.pl on examples.impurl/005_wc_basic.pl
DEBUG[1759159488.884]: Starting purify.pl execution (timeout: 60s, type: purify_execution)
DEBUG[1759159490.175]: purify.pl execution completed in 1.29077887535095s (exit code: 0)
DEBUG[1759159490.175]: purify.pl result: 0
DEBUG[1759159490.175]: ✓ examples.impurl/005_wc_basic.pl: purify.pl processed successfully
DEBUG[1759159490.175]: Checking if pure/005_wc_basic.pl still contains system calls or backticks
DEBUG[1759159490.175]: Starting grep check (timeout: 5s, type: grep_check)
DEBUG[1759159490.231]: grep check completed in 0.0559310913085938s (exit code: 1)
DEBUG[1759159490.231]: ✓ Purification check passed - no system calls or backticks found
DEBUG[1759159490.231]: Running original file: examples.impurl/005_wc_basic.pl
DEBUG[1759159490.231]: Starting original file execution (timeout: 30s, type: perl_execution)
DEBUG[1759159491.961]: original file execution completed in 1.73051404953003s (exit code: 0)
DEBUG[1759159491.961]: Original file execution result: 0
DEBUG[1759159491.961]: Running purified file: pure/005_wc_basic.pl
DEBUG[1759159491.961]: Starting purified file execution (timeout: 30s, type: perl_execution)
DEBUG[1759159493.398]: purified file execution completed in 1.43664383888245s (exit code: 0)
DEBUG[1759159493.398]: Purified file execution result: 0
DEBUG[1759159493.398]: ✓ Output comparison passed - files produce identical output
DEBUG[1759159493.399]: Progress: [==                  ] 14% (8/54) - Processing files
DEBUG[1759159493.399]: Testing purify.pl on examples.impurl/006_head_basic.pl -> pure/006_head_basic.pl
DEBUG[1759159493.399]: File 8 of 54
DEBUG[1759159493.399]: Running purify.pl on examples.impurl/006_head_basic.pl
DEBUG[1759159493.399]: Starting purify.pl execution (timeout: 60s, type: purify_execution)
DEBUG[1759159494.904]: purify.pl execution completed in 1.50509595870972s (exit code: 0)
DEBUG[1759159494.904]: purify.pl result: 0
DEBUG[1759159494.904]: ✓ examples.impurl/006_head_basic.pl: purify.pl processed successfully
DEBUG[1759159494.904]: Checking if pure/006_head_basic.pl still contains system calls or backticks
DEBUG[1759159494.904]: Starting grep check (timeout: 5s, type: grep_check)
DEBUG[1759159494.945]: grep check completed in 0.0413820743560791s (exit code: 1)
DEBUG[1759159494.946]: ✓ Purification check passed - no system calls or backticks found
DEBUG[1759159494.946]: Running original file: examples.impurl/006_head_basic.pl
DEBUG[1759159494.946]: Starting original file execution (timeout: 30s, type: perl_execution)
DEBUG[1759159495.911]: original file execution completed in 0.964989185333252s (exit code: 0)
DEBUG[1759159495.911]: Original file execution result: 0
DEBUG[1759159495.911]: Running purified file: pure/006_head_basic.pl
DEBUG[1759159495.911]: Starting purified file execution (timeout: 30s, type: perl_execution)
DEBUG[1759159496.437]: purified file execution completed in 0.52659797668457s (exit code: 0)
DEBUG[1759159496.437]: Purified file execution result: 0
DEBUG[1759159496.437]: ✓ Output comparison passed - files produce identical output
DEBUG[1759159496.438]: Progress: [===                 ] 16% (9/54) - Processing files
DEBUG[1759159496.438]: Testing purify.pl on examples.impurl/007_tail_basic.pl -> pure/007_tail_basic.pl
DEBUG[1759159496.438]: File 9 of 54
DEBUG[1759159496.438]: Running purify.pl on examples.impurl/007_tail_basic.pl
DEBUG[1759159496.438]: Starting purify.pl execution (timeout: 60s, type: purify_execution)
DEBUG[1759159497.850]: purify.pl execution completed in 1.41204690933228s (exit code: 0)
DEBUG[1759159497.850]: purify.pl result: 0
DEBUG[1759159497.850]: ✓ examples.impurl/007_tail_basic.pl: purify.pl processed successfully
DEBUG[1759159497.850]: Checking if pure/007_tail_basic.pl still contains system calls or backticks
DEBUG[1759159497.850]: Starting grep check (timeout: 5s, type: grep_check)
DEBUG[1759159497.903]: grep check completed in 0.0526790618896484s (exit code: 1)
DEBUG[1759159497.903]: ✓ Purification check passed - no system calls or backticks found
DEBUG[1759159497.903]: Running original file: examples.impurl/007_tail_basic.pl
DEBUG[1759159497.903]: Starting original file execution (timeout: 30s, type: perl_execution)
DEBUG[1759159499.194]: original file execution completed in 1.29171395301819s (exit code: 0)
DEBUG[1759159499.194]: Original file execution result: 0
DEBUG[1759159499.194]: Running purified file: pure/007_tail_basic.pl
DEBUG[1759159499.194]: Starting purified file execution (timeout: 30s, type: perl_execution)
DEBUG[1759159500.335]: purified file execution completed in 1.14050984382629s (exit code: 143)
DEBUG[1759159500.335]: Purified file execution result: 143
DEBUG[1759159500.335]: ✓ Output comparison passed - files produce identical output
DEBUG[1759159500.335]: Progress: [===                 ] 18% (10/54) - Processing files
DEBUG[1759159500.335]: Testing purify.pl on examples.impurl/008_date_basic.pl -> pure/008_date_basic.pl
DEBUG[1759159500.335]: File 10 of 54
DEBUG[1759159500.335]: Running purify.pl on examples.impurl/008_date_basic.pl
DEBUG[1759159500.335]: Starting purify.pl execution (timeout: 60s, type: purify_execution)
test_purify.pl passed, continuing with other commands...
Running debashc with fine-grained per-test timeouts...
Running: debashc test generation and execution
Command: ./target/debug/debashc.exe fail --perl-critic "000__04a./fail 000__04b"
Timeout: Per-test timeouts (30s shell, 10s parse, 5s generate)
----------------------------------------
Running ALL 146 examples (limited to 50 tests to prevent timeout)

DEBUG: Looking for prefix '000__04b'

Found example matching prefix '000__04b': 000__04b_file_directory_operations.sh

Running only the specified example
==================================================
DEBUG: Progress: 5/146 tests completed (3.4%)
Test 5/146: 000__04b_file_directory_operations.sh with perl     DEBUG: Starting test execution for examples\000__04b_file_directory_operations.sh with generator perl
DEBUG: Shell script execution completed, now starting Perl generation
DEBUG: Setting original script name to: 000__04b_file_directory_operations.sh
DEBUG: CommandSubstitution called with command: Simple(SimpleCommand { name: Literal("ls", None), args: [Literal("-a", None)], redirects: [], env_vars: {}, stdout_used: true, stderr_used: true })
DEBUG: CommandSubstitution called with command: Simple(SimpleCommand { name: Literal("find", None), args: [Literal(".", None), Literal("-name", None), Literal("*.sh", None), Literal("-type", None), Literal("f", None)], redirects: [], env_vars: {}, stdout_used: true, stderr_used: true })
DEBUG: generate_find_command called with generate_output: true, input_var: 'found_files'
DEBUG: Using generate_find_for_substitution with input_var: 'found_files'
DEBUG: Perl code generated, length: 1605 characters
DEBUG: check_perl_no_open3_builtins called with 1605 characters
DEBUG: check_perl_no_system_builtins called with 1605 characters
DEBUG: About to start translated program execution
DEBUG: About to execute Perl command: ["perl", "C:\\Users\\s_pam\\AppData\\Local\\Temp\\__tmp_test_output.pl"]
DEBUG: Perl code length: 1605 characters
DEBUG: First 200 characters of Perl code:
#!/usr/bin/env perl
use strict;
use warnings;
use Carp;
use English qw( -no_match_vars );
use locale;
use IPC::Open3;

my $main_exit_code = 0;
my $ls_success = 0;
our $CHILD_ERROR;

print "=== File an
DEBUG: Saved Perl code to debug_perl_code.pl
DEBUG: Starting Perl execution with timeout manager
DEBUG: Timeout manager starting PerlExecution with timeout of 30.0 seconds
DEBUG: Successfully spawned Perl process
DEBUG: Starting execution loop for Perl process
DEBUG: Execution loop iteration, elapsed: 6.5µs
DEBUG: Perl process completed with status: ExitStatus(ExitStatus(0))
DEBUG: Perl execution completed, duration: 366.9265ms, timed_out: false
DEBUG: Ending Perl execution with timeout manager
DEBUG: Timeout manager completed PerlExecution successfully
DEBUG: Test completed, comparing outputs
DEBUG: Shell stdout length: 9082, Translated stdout length: 9082
DEBUG: Shell stderr length: 0, Translated stderr length: 0
DEBUG: Shell exit: 0, Translated exit: 0
DEBUG: stdout_match: true, stderr_match: true, exit_code_match: true
DEBUG: timed_out: false
DEBUG: Test success: true
DEBUG: failure_reason: ''
DEBUG: Test execution completed in 18273ms
✓


================================================================================
                                    TEST PASSED
================================================================================
File: examples\000__04b_file_directory_operations.sh
Generator: perl
Test: 5/146
================================================================================

ORIGINAL SHELL SCRIPT:
#!/bin/bash

# File and directory operations using backticks
# This file demonstrates file and directory commands with backticks

echo "=== File and Directory Operations ==="

# ls command with backticks
#PERL_MUST_NOT_CONTAIN `ls
file_list=`ls -a`
echo "File listing:"
echo "$file_list"

# find command with backticks
#PERL_MUST_NOT_CONTAIN `find
found_files=`find . -name "*.sh" -type f`
echo "Found shell scripts:"
echo "$found_files"

# basename and dirname with backticks
#PERL_MUST_NOT_CONTAIN `basename
#PERL_MUST_NOT_CONTAIN `dirname
#script_name=`basename $0`
#script_dir=`dirname $0`
#echo "Script name: $script_name"
#echo "Script directory: $script_dir"

echo "=== File and Directory Operations Complete ==="



TRANSLATED PERL CODE:
#!/usr/bin/env perl
use strict;
use warnings;
use Carp;
use English qw( -no_match_vars );
use locale;
use IPC::Open3;

my $main_exit_code = 0;
my $ls_success = 0;
our $CHILD_ERROR;

print "=== File and Directory Operations ===\n";
my $file_list = do {
    my $cmd_result_1 = do { do {
    my @ls_files_0 = ();
    if (-f q{.}) {
        push @ls_files_0, q{.};
    } elsif (-d q{.}) {
        if (opendir my $dh, q{.}) {
            while (my $file = readdir $dh) {
                next if $file =~ /^__tmp_.*[.]pl$/msx;
                next if $file =~ /^(debug_|temp_|test_|file\d*[.]txt)$/msx;
                push @ls_files_0, $file;
            }
            closedir $dh;
            @ls_files_0 = sort { lc $a cmp lc $b } @ls_files_0;
        }
    }
    join "\n", @ls_files_0;
} };
    chomp $cmd_result_1;
    $cmd_result_1;
};
print "File listing:\n";
print $file_list;
if (!($file_list =~ /\n$/msx)) { print "\n"; }
my $found_files = do {
    my $cmd_result_3 = do { do {
    use File::Find;
    use File::Basename;
    my @files_2 = ();
    my $start_2 = q{.};
    sub find_files_2 {
        my $file_2 = $File::Find::name;
        if (!(-f $file_2)) {
            return;
        }
        if (!(basename($file_2) =~ m/^.*.sh$/xms)) {
            return;
        }
        push @files_2, $file_2;
        return;
    }
    find(\&find_files_2, $start_2);
    join "\n", @files_2;
} };
    chomp $cmd_result_3;
    $cmd_result_3;
};
print "Found shell scripts:\n";
print $found_files;
if (!($found_files =~ /\n$/msx)) { print "\n"; }
print "=== File and Directory Operations Complete ===\n";


ABSTRACT SYNTAX TREE:
[Simple(SimpleCommand { name: Literal("echo", None), args: [StringInterpolation(StringInterpolation { parts: [Literal("=== File and Directory Operations ===")] }, None)], redirects: [], env_vars: {}, stdout_used: true, stderr_used: true }), Simple(SimpleCommand { name: Literal("echo", None), args: [StringInterpolation(StringInterpolation { parts: [Literal("File listing:")] }, None)], redirects: [], env_vars: {"file_list": CommandSubstitution(Simple(SimpleCommand { name: Literal("ls", None), args: [Literal("-a", None)], redirects: [], env_vars: {}, stdout_used: true, stderr_used: true }), None)}, stdout_used: true, stderr_used: true }), Simple(SimpleCommand { name: Literal("echo", None), args: [StringInterpolation(StringInterpolation { parts: [Variable("file_list")] }, None)], redirects: [], env_vars: {}, stdout_used: true, stderr_used: true }), Simple(SimpleCommand { name: Literal("echo", None), args: [StringInterpolation(StringInterpolation { parts: [Literal("Found shell scripts:")] }, None)], redirects: [], env_vars: {"found_files": CommandSubstitution(Simple(SimpleCommand { name: Literal("find", None), args: [Literal(".", None), Literal("-name", None), Literal("*.sh", None), Literal("-type", None), Literal("f", None)], redirects: [], env_vars: {}, stdout_used: true, stderr_used: true }), None)}, stdout_used: true, stderr_used: true }), Simple(SimpleCommand { name: Literal("echo", None), args: [StringInterpolation(StringInterpolation { parts: [Variable("found_files")] }, None)], redirects: [], env_vars: {}, stdout_used: true, stderr_used: true }), Simple(SimpleCommand { name: Literal("echo", None), args: [StringInterpolation(StringInterpolation { parts: [Literal("=== File and Directory Operations Complete ===")] }, None)], redirects: [], env_vars: {}, stdout_used: true, stderr_used: true })]
Test run completed at Mon, Sep 29, 2025 11:25:22 PM
