Starting test run at Mon Apr  6 05:37:21 AWST 2026
Logging to: logs/fail_run_20260406_053721.log
Test arguments: 000__03
----------------------------------------
Compiling debashc...
   Compiling debashl v0.1.0 (/mnt/d/GitHub/sh2perl)
error: invalid format string: expected `}`, found `*`
  --> src/generator/commands/mkdir.rs:74:29
   |
74 |                     "print {*STDERR} \"mkdir: cannot create directory {}: File exists\\n\";\n",
   |                            -^ expected `}` in format string
   |                            |
   |                            because of this opening brace
   |
   = note: if you intended to print `{`, you can escape it using `{{`

warning: unused import: `Token`
    --> src/parser/commands.rs:1545:31
     |
1545 |     use crate::lexer::{Lexer, Token};
     |                               ^^^^^
     |
     = note: `#[warn(unused_imports)]` on by default

warning: unused import: `regex::Regex`
 --> src/generator/commands/pipeline_commands.rs:6:5
  |
6 | use regex::Regex;
  |     ^^^^^^^^^^^^

warning: unused import: `std::collections::HashMap`
 --> src/generator/redirects.rs:4:5
  |
4 | use std::collections::HashMap;
  |     ^^^^^^^^^^^^^^^^^^^^^^^^^

warning: unused doc comment
   --> src/timeout_manager.rs:282:1
    |
282 | /// Global timeout manager instance
    | ^^^^^^^^^^^^^^^^^^^^^^^^^^^^^^^^^^^ rustdoc does not generate documentation for macro invocations
    |
    = help: to document an item produced by a macro, the macro must produce the documentation as part of its expansion
    = note: `#[warn(unused_doc_comments)]` on by default

warning: variable does not need to be mutable
    --> src/parser/commands.rs:1548:9
     |
1548 |     let mut lexer = Lexer::new(text);
     |         ----^^^^^
     |         |
     |         help: remove this `mut`
     |
     = note: `#[warn(unused_mut)]` on by default

warning: unused variable: `cmd2`
   --> src/generator/commands/pipeline_commands.rs:605:66
    |
605 |         if let (Command::Redirect(redirect_cmd), Command::Simple(cmd2)) =
    |                                                                  ^^^^ help: if this is intentional, prefix it with an underscore: `_cmd2`
    |
    = note: `#[warn(unused_variables)]` on by default

warning: variable `head_max` is assigned to, but never used
    --> src/generator/commands/pipeline_commands.rs:1026:25
     |
1026 |                 let mut head_max = 10; // Default value
     |                         ^^^^^^^^
     |
     = note: consider using `_head_max` instead

warning: value assigned to `head_max` is never read
    --> src/generator/commands/pipeline_commands.rs:1038:53
     |
1038 | ...                   head_max = num;
     |                       ^^^^^^^^
     |
     = help: maybe it is overwritten before being read?
     = note: `#[warn(unused_assignments)]` on by default

warning: value assigned to `head_max` is never read
    --> src/generator/commands/pipeline_commands.rs:1045:53
     |
1045 | ...                   head_max = num;
     |                       ^^^^^^^^
     |
     = help: maybe it is overwritten before being read?

warning: value assigned to `head_max` is never read
    --> src/generator/commands/pipeline_commands.rs:1050:49
     |
1050 | ...                   head_max = num;
     |                       ^^^^^^^^
     |
     = help: maybe it is overwritten before being read?

warning: unused variable: `i`
    --> src/generator/commands/pipeline_commands.rs:1074:22
     |
1074 |                 for (i, command) in pipeline.commands[start_index..].iter().enumerate() {
     |                      ^ help: if this is intentional, prefix it with an underscore: `_i`

warning: unused variable: `j`
    --> src/generator/commands/pipeline_commands.rs:1089:34
     |
1089 | ...                   for (j, nested_command) in nested_pipeline.commands.iter().enumerate() {
     |                            ^ help: if this is intentional, prefix it with an underscore: `_j`

warning: unused variable: `cmd`
  --> src/generator/commands/system_commands.rs:48:35
   |
48 |         Word::CommandSubstitution(cmd, _) => {
   |                                   ^^^ help: if this is intentional, prefix it with an underscore: `_cmd`

warning: unused variable: `input_var`
 --> src/generator/commands/comm.rs:7:5
  |
7 |     input_var: &str,
  |     ^^^^^^^^^ help: if this is intentional, prefix it with an underscore: `_input_var`

warning: unused variable: `output`
  --> src/generator/commands/find.rs:47:13
   |
47 |     let mut output = String::new();
   |             ^^^^^^ help: if this is intentional, prefix it with an underscore: `_output`

warning: variable does not need to be mutable
  --> src/generator/commands/find.rs:47:9
   |
47 |     let mut output = String::new();
   |         ----^^^^^^
   |         |
   |         help: remove this `mut`

warning: unused variable: `all_found_var`
   --> src/generator/commands/ls.rs:473:13
    |
473 |         let all_found_var = format!("ls_all_found_{}", generator.get_unique_id());
    |             ^^^^^^^^^^^^^ help: if this is intentional, prefix it with an underscore: `_all_found_var`

warning: unused variable: `all_found_var`
   --> src/generator/commands/ls.rs:474:13
    |
474 |         let all_found_var = format!("ls_all_found_{}", generator.get_unique_id());
    |             ^^^^^^^^^^^^^ help: if this is intentional, prefix it with an underscore: `_all_found_var`

warning: unused variable: `all_found_var`
   --> src/generator/commands/ls.rs:475:13
    |
475 |         let all_found_var = format!("ls_all_found_{}", generator.get_unique_id());
    |             ^^^^^^^^^^^^^ help: if this is intentional, prefix it with an underscore: `_all_found_var`

warning: variable `sort_by_time` is assigned to, but never used
   --> src/generator/commands/ls.rs:763:13
    |
763 |     let mut sort_by_time = false; // -t flag: sort by modification time
    |             ^^^^^^^^^^^^
    |
    = note: consider using `_sort_by_time` instead

warning: value assigned to `sort_by_time` is never read
   --> src/generator/commands/ls.rs:777:32
    |
777 |                         't' => sort_by_time = true,   // -t flag: sort by modification time
    |                                ^^^^^^^^^^^^
    |
    = help: maybe it is overwritten before being read?

warning: unused variable: `literal`
   --> src/generator/utils.rs:162:59
    |
162 | ...                   Word::Literal(literal, _) => {
    |                                     ^^^^^^^ help: if this is intentional, prefix it with an underscore: `_literal`

warning: unused variable: `cmd_name`
  --> src/generator/words.rs:68:25
   |
68 |                     let cmd_name = generator.word_to_perl(&simple_cmd.name);
   |                         ^^^^^^^^ help: if this is intentional, prefix it with an underscore: `_cmd_name`

warning: unused variable: `command_str`
   --> src/generator/words.rs:621:37
    |
621 | ...                   let command_str = generator.word_to_perl(command);
    |                           ^^^^^^^^^^^ help: if this is intentional, prefix it with an underscore: `_command_str`

warning: unused variable: `indent1`
   --> src/generator/words.rs:759:33
    |
759 | ...                   let indent1 = "    ".to_string(); // 4 spaces for outer do block
    |                           ^^^^^^^ help: if this is intentional, prefix it with an underscore: `_indent1`

warning: unused variable: `indent1`
   --> src/generator/words.rs:796:33
    |
796 | ...                   let indent1 = "    ".to_string();
    |                           ^^^^^^^ help: if this is intentional, prefix it with an underscore: `_indent1`

warning: unused variable: `indent1`
   --> src/generator/words.rs:833:33
    |
833 | ...                   let indent1 = "    ".to_string();
    |                           ^^^^^^^ help: if this is intentional, prefix it with an underscore: `_indent1`

warning: unused variable: `indent1`
   --> src/generator/words.rs:872:33
    |
872 | ...                   let indent1 = "    ".to_string();
    |                           ^^^^^^^ help: if this is intentional, prefix it with an underscore: `_indent1`

warning: unused variable: `indent1`
   --> src/generator/words.rs:911:33
    |
911 | ...                   let indent1 = "    ".to_string();
    |                           ^^^^^^^ help: if this is intentional, prefix it with an underscore: `_indent1`

warning: unused variable: `literal`
   --> src/generator/words.rs:471:59
    |
471 | ...                   Word::Literal(literal, _) => {
    |                                     ^^^^^^^ help: if this is intentional, prefix it with an underscore: `_literal`

warning: unused variable: `s`
    --> src/generator/words.rs:1098:23
     |
1098 |         Word::Literal(s, _) => generator.perl_string_literal(word),
     |                       ^ help: if this is intentional, prefix it with an underscore: `_s`

warning: unused variable: `needs_exit_code`
   --> src/generator/mod.rs:128:13
    |
128 |         let needs_exit_code = self.needs_exit_code_tracking(ast);
    |             ^^^^^^^^^^^^^^^ help: if this is intentional, prefix it with an underscore: `_needs_exit_code`

warning: unused variable: `operation_handle`
   --> src/timeout_manager.rs:151:13
    |
151 |         let operation_handle = thread::spawn(move || {
    |             ^^^^^^^^^^^^^^^^ help: if this is intentional, prefix it with an underscore: `_operation_handle`

warning: unused variable: `operation_handle`
   --> src/timeout_manager.rs:194:13
    |
194 |         let operation_handle = thread::spawn(move || {
    |             ^^^^^^^^^^^^^^^^ help: if this is intentional, prefix it with an underscore: `_operation_handle`

warning: `debashl` (lib) generated 34 warnings
error: could not compile `debashl` (lib) due to 1 previous error; 34 warnings emitted
Running test_purify.pl validation...
./fail: line 92: C:\Strawberry\perl\bin\perl.exe: command not found
test_purify.pl passed, continuing with other commands...
Running debashc with fine-grained per-test timeouts...
Running: debashc test generation and execution
Command: ./target/debug/debashc.exe fail --perl-critic "000__03"
Timeout: Per-test timeouts (30s shell, 10s parse, 5s generate)
----------------------------------------
Running ALL 146 examples (limited to 50 tests to prevent timeout)

DEBUG: Looking for prefix '
000__03'
Found example matching prefix '000__03': 000__03_file_manipulation_commands.sh

Running only the specified example
==================================================
Test 3/146: 000__03_file_manipulation_commands.sh with perl     DEBUG: Starting test execution for examples\000__03_file_manipulation_commands.sh with generator perl
DEBUG: Shell script execution completed, now starting Perl generation
DEBUG: Setting original script name to: 000__03_file_manipulation_commands.sh
DEBUG: CommandSubstitution called with command: And(Simple(SimpleCommand { name: Literal("cp", None), args: [Literal("test_file.txt", None), Literal("test_file_copy.txt", None)], redirects: [], env_vars: {}, stdout_used: true, stderr_used: true }), Simple(SimpleCommand { name: Literal("echo", None), args: [StringInterpolation(StringInterpolation { parts: [Literal("Copy successful")] }, None)], redirects: [], env_vars: {}, stdout_used: true, stderr_used: true }))
DEBUG: CommandSubstitution called with command: Simple(SimpleCommand { name: Literal("cp", None), args: [Literal("test_file.txt", None), Literal("test_file_copy.txt", None)], redirects: [], env_vars: {}, stdout_used: true, stderr_used: true })
DEBUG: words.rs - Using native cp implementation for command substitution
DEBUG: CommandSubstitution called with command: Simple(SimpleCommand { name: Literal("echo", None), args: [StringInterpolation(StringInterpolation { parts: [Literal("Copy successful")] }, None)], redirects: [], env_vars: {}, stdout_used: true, stderr_used: true })
DEBUG: ls command file/directory argument: 'test_file.txt'
DEBUG: ls command file/directory argument: 'test_file_copy.txt'
DEBUG: ls command file/directory argument: 'test_file_moved.txt'
DEBUG: CommandSubstitution called with command: And(Simple(SimpleCommand { name: Literal("mv", None), args: [Literal("test_file_copy.txt", None), Literal("test_file_moved.txt", None)], redirects: [], env_vars: {}, stdout_used: true, stderr_used: true }), Simple(SimpleCommand { name: Literal("echo", None), args: [StringInterpolation(StringInterpolation { parts: [Literal("Move successful")] }, None)], redirects: [], env_vars: {}, stdout_used: true, stderr_used: true }))
DEBUG: CommandSubstitution called with command: Simple(SimpleCommand { name: Literal("mv", None), args: [Literal("test_file_copy.txt", None), Literal("test_file_moved.txt", None)], redirects: [], env_vars: {}, stdout_used: true, stderr_used: true })
DEBUG: words.rs - Using native mv implementation for command substitution
DEBUG: CommandSubstitution called with command: Simple(SimpleCommand { name: Literal("echo", None), args: [StringInterpolation(StringInterpolation { parts: [Literal("Move successful")] }, None)], redirects: [], env_vars: {}, stdout_used: true, stderr_used: true })
DEBUG: ls command file/directory argument: 'test_file.txt'
DEBUG: ls command file/directory argument: 'test_file_copy.txt'
DEBUG: ls command file/directory argument: 'test_file_moved.txt'
DEBUG: CommandSubstitution called with command: And(Simple(SimpleCommand { name: Literal("rm", None), args: [Literal("test_file.txt", None), Literal("test_file_moved.txt", None)], redirects: [], env_vars: {}, stdout_used: true, stderr_used: true }), Simple(SimpleCommand { name: Literal("echo", None), args: [StringInterpolation(StringInterpolation { parts: [Literal("Remove successful")] }, None)], redirects: [], env_vars: {}, stdout_used: true, stderr_used: true }))
DEBUG: CommandSubstitution called with command: Simple(SimpleCommand { name: Literal("rm", None), args: [Literal("test_file.txt", None), Literal("test_file_moved.txt", None)], redirects: [], env_vars: {}, stdout_used: true, stderr_used: true })
DEBUG: words.rs - Using native rm implementation for command substitution
DEBUG: CommandSubstitution called with command: Simple(SimpleCommand { name: Literal("echo", None), args: [StringInterpolation(StringInterpolation { parts: [Literal("Remove successful")] }, None)], redirects: [], env_vars: {}, stdout_used: true, stderr_used: true })
DEBUG: ls command file/directory argument: 'test_file.txt'
DEBUG: ls command file/directory argument: 'test_file_copy.txt'
DEBUG: ls command file/directory argument: 'test_file_moved.txt'
DEBUG: CommandSubstitution called with command: And(Simple(SimpleCommand { name: Literal("mkdir", None), args: [Literal("test_dir", None)], redirects: [], env_vars: {}, stdout_used: true, stderr_used: true }), Simple(SimpleCommand { name: Literal("echo", None), args: [StringInterpolation(StringInterpolation { parts: [Literal("Directory created")] }, None)], redirects: [], env_vars: {}, stdout_used: true, stderr_used: true }))
DEBUG: CommandSubstitution called with command: Simple(SimpleCommand { name: Literal("mkdir", None), args: [Literal("test_dir", None)], redirects: [], env_vars: {}, stdout_used: true, stderr_used: true })
DEBUG: words.rs - Using native mkdir implementation for command substitution
DEBUG: CommandSubstitution called with command: Simple(SimpleCommand { name: Literal("echo", None), args: [StringInterpolation(StringInterpolation { parts: [Literal("Directory created")] }, None)], redirects: [], env_vars: {}, stdout_used: true, stderr_used: true })
DEBUG: ls command file/directory argument: 'test_dir'
DEBUG: CommandSubstitution called with command: And(Simple(SimpleCommand { name: Literal("touch", None), args: [Literal("test_file.txt", None)], redirects: [], env_vars: {}, stdout_used: true, stderr_used: true }), Simple(SimpleCommand { name: Literal("echo", None), args: [StringInterpolation(StringInterpolation { parts: [Literal("File touched")] }, None)], redirects: [], env_vars: {}, stdout_used: true, stderr_used: true }))
DEBUG: CommandSubstitution called with command: Simple(SimpleCommand { name: Literal("touch", None), args: [Literal("test_file.txt", None)], redirects: [], env_vars: {}, stdout_used: true, stderr_used: true })
DEBUG: words.rs - Using native touch implementation for command substitution
DEBUG: CommandSubstitution called with command: Simple(SimpleCommand { name: Literal("echo", None), args: [StringInterpolation(StringInterpolation { parts: [Literal("File touched")] }, None)], redirects: [], env_vars: {}, stdout_used: true, stderr_used: true })
DEBUG: Perl code generated, length: 16714 characters
DEBUG: Test execution completed in 3337ms
[2J[1;1H================================================================================
                                    TEST FAILED
================================================================================
File: examples\000__03_file_manipulation_commands.sh
Generator: perl
Test: 3/146
Tests passed before failure: 0
Failure Reason: Perl::Critic violations found:
Generated Perl code:
```perl
#!/usr/bin/env perl
use strict;
use warnings;
use Carp;
use English qw(-no_match_vars);
use locale;
use IPC::Open3;
use File::Path qw(make_path remove_tree);
use File::Copy qw(copy move);
use POSIX      qw(time);

my $main_exit_code = 0;
my $ls_success     = 0;
our $CHILD_ERROR;

print "=== File Manipulation Commands ===\n";
print "=== cp command ===\n";
print "\n";
{
    open my $original_stdout, '>&', STDOUT
      or croak "Cannot save STDOUT: $ERRNO";
    open STDOUT, '>', 'test_file.txt'
      or croak "Cannot open file: $ERRNO";
    print "test content\n";
    open STDOUT, '>&', $original_stdout
      or croak "Cannot restore STDOUT: $ERRNO";
    close $original_stdout
      or croak "Close failed: $ERRNO";
}
my $cp_result = do {
    my $left_result_0 = do {
        local $CHILD_ERROR = 0;
        my $eval_result = eval {
            my $err;
            if ( -e 'test_file.txt' ) {
                my $dest = 'test_file_copy.txt';
                if ( -d $dest ) {
                    $dest = "$dest/'test_file.txt'";
                }
                if ( copy( 'test_file.txt', $dest ) ) {
                }
                else {
                    croak "cp: cannot copy 'test_file.txt' to $dest: $ERRNO\n";
                }
            }
            else {
                croak "cp: 'test_file.txt': No such file or directory\n";
            }
            local $CHILD_ERROR = 0;
            1;
        };
        if ( !$eval_result ) {
            local $CHILD_ERROR = 256;
        }
        q{};
    };
    if ( $CHILD_ERROR == 0 ) {
        my $right_result_0 = ("Copy successful");
        $left_result_0 . $right_result_0;
    }
    else {
        q{};
    }
};
do {
    my $output = "Copy result: $cp_result";
    print $output;
    if ( !( $output =~ m{\n$}msx ) ) {
        print "\n";
    }
};
open STDERR, '>', '/dev/null' or croak "Cannot open file: $OS_ERROR\n";
my @ls_files_1 = ();
if ( -f 'test_file.txt' ) {
    push @ls_files_1, 'test_file.txt';
}
elsif ( -d 'test_file.txt' ) {
    if ( opendir my $dh, 'test_file.txt' ) {
        while ( my $file = readdir $dh ) {
            next if $file eq q{.} || $file eq q{..} || $file =~ /^[.]/msx;
            next if $file =~ /^__tmp_.*[.]pl$/msx;
            next if $file =~ /^(debug_|temp_|test_|file\d*[.]txt)$/msx;
            push @ls_files_1, $file;
        }
        closedir $dh;
    }
}
if ( -f 'test_file_copy.txt' ) {
    push @ls_files_1, 'test_file_copy.txt';
}
elsif ( -d 'test_file_copy.txt' ) {
    if ( opendir my $dh, 'test_file_copy.txt' ) {
        while ( my $file = readdir $dh ) {
            next if $file eq q{.} || $file eq q{..} || $file =~ /^[.]/msx;
            next if $file =~ /^__tmp_.*[.]pl$/msx;
            next if $file =~ /^(debug_|temp_|test_|file\d*[.]txt)$/msx;
            push @ls_files_1, $file;
        }
        closedir $dh;
    }
}
if ( -f 'test_file_moved.txt' ) {
    push @ls_files_1, 'test_file_moved.txt';
}
elsif ( -d 'test_file_moved.txt' ) {
    if ( opendir my $dh, 'test_file_moved.txt' ) {
        while ( my $file = readdir $dh ) {
            next if $file eq q{.} || $file eq q{..} || $file =~ /^[.]/msx;
            next if $file =~ /^__tmp_.*[.]pl$/msx;
            next if $file =~ /^(debug_|temp_|test_|file\d*[.]txt)$/msx;
            push @ls_files_1, $file;
        }
        closedir $dh;
    }
}
if (@ls_files_1) {
    print join "\n", @ls_files_1;
    print "\n";
    my $expected_count = 3;
    if ( @ls_files_1 == $expected_count ) {
        local $CHILD_ERROR = 0;
        $ls_success = 1;
    }
    else {
        local $CHILD_ERROR = 2;
        $ls_success = 0;
    }
}
else {
    local $CHILD_ERROR = 1;
    $ls_success = 0;
}
if ( !defined $ls_success || $ls_success == 0 ) {
        print "No test files found\n";
}
print "\n";
print "=== mv command ===\n";
my $mv_result = do {
    my $left_result_2 = do {
    local $CHILD_ERROR = 0;
    my $eval_result = eval {
    my $force = 0;
if (-e 'test_file_copy.txt') {
    my $dest = 'test_file_moved.txt';
    if (-e $dest && -d $dest) {
        $dest = "$dest/'test_file_copy.txt'";
    }
    if (-e $dest && !$force) {
        croak "mv: $dest: File exists (use -f to force overwrite)\n";
    }
    my $dest_dir = $dest;
    $dest_dir =~ s/\/[^\/]*$//msx;
    if ($dest_dir eq $dest) {
        $dest_dir = q{};
    }
    if ($dest_dir ne q{} && !-d $dest_dir) {
        my $err;
        make_path($dest_dir, {error => \$err});
        if (@{$err}) {
            croak "mv: cannot create directory $dest_dir: $err->[0]\n";
        }
    }
    if (move('test_file_copy.txt', $dest)) {
        # print "mv: moved 'test_file_copy.txt' to $dest\n";
    } else {
        croak "mv: cannot move 'test_file_copy.txt' to $dest: $ERRNO\n";
    }
} else {
    croak "mv: 'test_file_copy.txt': No such file or directory\n";
};
            local $CHILD_ERROR = 0;
            1;
    };
    if ( !$eval_result ) {
        local $CHILD_ERROR = 256;
    }
    q{};
    };
    if ( $CHILD_ERROR == 0 ) {
        my $right_result_2 = ("Move successful");
        $left_result_2 . $right_result_2;
    }
    else {
        q{};
    }
};
do {
    my $output = "Move result: $mv_result";
    print $output;
    if ( !( $output =~ m{\n$}msx ) ) {
        print "\n";
    }
};
open STDERR, '>', '/dev/null' or croak "Cannot open file: $OS_ERROR\n";
my @ls_files_3 = ();
if ( -f 'test_file.txt' ) {
    push @ls_files_3, 'test_file.txt';
}
elsif ( -d 'test_file.txt' ) {
    if ( opendir my $dh, 'test_file.txt' ) {
        while ( my $file = readdir $dh ) {
            next if $file eq q{.} || $file eq q{..} || $file =~ /^[.]/msx;
            next if $file =~ /^__tmp_.*[.]pl$/msx;
            next if $file =~ /^(debug_|temp_|test_|file\d*[.]txt)$/msx;
            push @ls_files_3, $file;
        }
        closedir $dh;
    }
}
if ( -f 'test_file_copy.txt' ) {
    push @ls_files_3, 'test_file_copy.txt';
}
elsif ( -d 'test_file_copy.txt' ) {
    if ( opendir my $dh, 'test_file_copy.txt' ) {
        while ( my $file = readdir $dh ) {
            next if $file eq q{.} || $file eq q{..} || $file =~ /^[.]/msx;
            next if $file =~ /^__tmp_.*[.]pl$/msx;
            next if $file =~ /^(debug_|temp_|test_|file\d*[.]txt)$/msx;
            push @ls_files_3, $file;
        }
        closedir $dh;
    }
}
if ( -f 'test_file_moved.txt' ) {
    push @ls_files_3, 'test_file_moved.txt';
}
elsif ( -d 'test_file_moved.txt' ) {
    if ( opendir my $dh, 'test_file_moved.txt' ) {
        while ( my $file = readdir $dh ) {
            next if $file eq q{.} || $file eq q{..} || $file =~ /^[.]/msx;
            next if $file =~ /^__tmp_.*[.]pl$/msx;
            next if $file =~ /^(debug_|temp_|test_|file\d*[.]txt)$/msx;
            push @ls_files_3, $file;
        }
        closedir $dh;
    }
}
if (@ls_files_3) {
    print join "\n", @ls_files_3;
    print "\n";
    my $expected_count = 3;
    if ( @ls_files_3 == $expected_count ) {
        local $CHILD_ERROR = 0;
        $ls_success = 1;
    }
    else {
        local $CHILD_ERROR = 2;
        $ls_success = 0;
    }
}
else {
    local $CHILD_ERROR = 1;
    $ls_success = 0;
}
if ( !defined $ls_success || $ls_success == 0 ) {
        print "No test files found\n";
}
print "\n";
print "=== rm command ===\n";
my $rm_result = do {
    my $left_result_4 = do {
    local $CHILD_ERROR = 0;
    my $eval_result = eval {
    if ( -e "test_file.txt" ) {
    if ( -d "test_file.txt" ) {
        croak "rm: ", "test_file.txt",
          " is a directory (use -r to remove recursively)\n";
    }
    else {
        if ( unlink "test_file.txt" ) {
            $main_exit_code = 0;
        }
        else {
            croak "rm: cannot remove ", "test_file.txt",
              ": $OS_ERROR\n";
        }
    }
}
else {
    local $CHILD_ERROR = 1;
    croak "rm: ", "test_file.txt", ": No such file or directory\n";
}
if ( -e "test_file_moved.txt" ) {
    if ( -d "test_file_moved.txt" ) {
        croak "rm: ", "test_file_moved.txt",
          " is a directory (use -r to remove recursively)\n";
    }
    else {
        if ( unlink "test_file_moved.txt" ) {
            $main_exit_code = 0;
        }
        else {
            croak "rm: cannot remove ", "test_file_moved.txt",
              ": $OS_ERROR\n";
        }
    }
}
else {
    local $CHILD_ERROR = 1;
    croak "rm: ", "test_file_moved.txt", ": No such file or directory\n";
};
            local $CHILD_ERROR = 0;
            1;
    };
    if ( !$eval_result ) {
        local $CHILD_ERROR = 256;
    }
    q{};
    };
    if ( $CHILD_ERROR == 0 ) {
        my $right_result_4 = ("Remove successful");
        $left_result_4 . $right_result_4;
    }
    else {
        q{};
    }
};
do {
    my $output = "Remove result: $rm_result";
    print $output;
    if ( !( $output =~ m{\n$}msx ) ) {
        print "\n";
    }
};
open STDERR, '>', '/dev/null' or croak "Cannot open file: $OS_ERROR\n";
my @ls_files_5 = ();
if ( -f 'test_file.txt' ) {
    push @ls_files_5, 'test_file.txt';
}
elsif ( -d 'test_file.txt' ) {
    if ( opendir my $dh, 'test_file.txt' ) {
        while ( my $file = readdir $dh ) {
            next if $file eq q{.} || $file eq q{..} || $file =~ /^[.]/msx;
            next if $file =~ /^__tmp_.*[.]pl$/msx;
            next if $file =~ /^(debug_|temp_|test_|file\d*[.]txt)$/msx;
            push @ls_files_5, $file;
        }
        closedir $dh;
    }
}
if ( -f 'test_file_copy.txt' ) {
    push @ls_files_5, 'test_file_copy.txt';
}
elsif ( -d 'test_file_copy.txt' ) {
    if ( opendir my $dh, 'test_file_copy.txt' ) {
        while ( my $file = readdir $dh ) {
            next if $file eq q{.} || $file eq q{..} || $file =~ /^[.]/msx;
            next if $file =~ /^__tmp_.*[.]pl$/msx;
            next if $file =~ /^(debug_|temp_|test_|file\d*[.]txt)$/msx;
            push @ls_files_5, $file;
        }
        closedir $dh;
    }
}
if ( -f 'test_file_moved.txt' ) {
    push @ls_files_5, 'test_file_moved.txt';
}
elsif ( -d 'test_file_moved.txt' ) {
    if ( opendir my $dh, 'test_file_moved.txt' ) {
        while ( my $file = readdir $dh ) {
            next if $file eq q{.} || $file eq q{..} || $file =~ /^[.]/msx;
            next if $file =~ /^__tmp_.*[.]pl$/msx;
            next if $file =~ /^(debug_|temp_|test_|file\d*[.]txt)$/msx;
            push @ls_files_5, $file;
        }
        closedir $dh;
    }
}
if (@ls_files_5) {
    print join "\n", @ls_files_5;
    print "\n";
    my $expected_count = 3;
    if ( @ls_files_5 == $expected_count ) {
        local $CHILD_ERROR = 0;
        $ls_success = 1;
    }
    else {
        local $CHILD_ERROR = 2;
        $ls_success = 0;
    }
}
else {
    local $CHILD_ERROR = 1;
    $ls_success = 0;
}
if ( !defined $ls_success || $ls_success == 0 ) {
        print "No test files found\n";
}
print "\n";
print "=== mkdir command ===\n";
my $mkdir_result = do {
    my $left_result_6 = do {
    use File::Path qw(make_path);
    if (!-d 'test_dir') {
    if (mkdir 'test_dir') {
    # print "mkdir: created directory 'test_dir'\n";
    } else {
    croak "mkdir: cannot create directory 'test_dir': $ERRNO\n";
    }
    } else {
    print {\*STDERR} "mkdir: cannot create directory 'test_dir': File exists\n";
    local $CHILD_ERROR = 256;
    };
    q{};
    };
    if ( $CHILD_ERROR == 0 ) {
        my $right_result_6 = ("Directory created");
        $left_result_6 . $right_result_6;
    }
    else {
        q{};
    }
};
do {
    my $output = "Mkdir result: $mkdir_result";
    print $output;
    if ( !( $output =~ m{\n$}msx ) ) {
        print "\n";
    }
};
if (-e "test_dir/file") {
my $current_time = time;
utime $current_time, $current_time, "test_dir/file";
} else {
if (open my $fh, '>', "test_dir/file") {
close $fh
  or croak "Close failed: $ERRNO";
} else {
croak "touch: cannot create ", "test_dir/file", ": $ERRNO\n";
}
}
open STDERR, '>', '/dev/null' or croak "Cannot open file: $OS_ERROR\n";
my @ls_files_8 = ();
if ( -f 'test_dir' ) {
    push @ls_files_8, 'test_dir';
}
elsif ( -d 'test_dir' ) {
    if ( opendir my $dh, 'test_dir' ) {
        while ( my $file = readdir $dh ) {
            next if $file eq q{.} || $file eq q{..} || $file =~ /^[.]/msx;
            next if $file =~ /^__tmp_.*[.]pl$/msx;
            next if $file =~ /^(debug_|temp_|test_|file\d*[.]txt)$/msx;
            push @ls_files_8, $file;
        }
        closedir $dh;
    }
}
if (@ls_files_8) {
    print join "\n", @ls_files_8;
    print "\n";
    my $expected_count = 1;
    if ( @ls_files_8 == $expected_count ) {
        local $CHILD_ERROR = 0;
        $ls_success = 1;
    }
    else {
        local $CHILD_ERROR = 2;
        $ls_success = 0;
    }
}
else {
    local $CHILD_ERROR = 1;
    $ls_success = 0;
}
if ( !defined $ls_success || $ls_success == 0 ) {
        print "Directory not found\n";
}
if ( -e "test_dir/file" ) {
    if ( -d "test_dir/file" ) {
        croak "rm: ", "test_dir/file",
          " is a directory (use -r to remove recursively)\n";
    }
    else {
        if ( unlink "test_dir/file" ) {
            $main_exit_code = 0;
        }
        else {
            croak "rm: cannot remove ", "test_dir/file",
              ": $OS_ERROR\n";
        }
    }
}
else {
    local $CHILD_ERROR = 1;
    croak "rm: ", "test_dir/file", ": No such file or directory\n";
}
if (-d 'test_dir') {
if (rmdir 'test_dir') {
} else {
croak "rmdir: cannot remove directory 'test_dir': $ERRNO\n";
}
} else {
croak "rmdir: 'test_dir': No such file or directory\n";
}
print "\n";
print "=== touch command ===\n";
my $touch_result = do {
    my $left_result_9 = do {
    local $CHILD_ERROR = 0;
    my $eval_result = eval {
    if (-e "test_file.txt") {
my $current_time = time;
utime $current_time, $current_time, "test_file.txt";
} else {
if (open my $fh, '>', "test_file.txt") {
close $fh
  or croak "Close failed: $ERRNO";
} else {
croak "touch: cannot create ", "test_file.txt", ": $ERRNO\n";
}
};
            local $CHILD_ERROR = 0;
            1;
    };
    if ( !$eval_result ) {
        local $CHILD_ERROR = 256;
    }
    q{};
    };
    if ( $CHILD_ERROR == 0 ) {
        my $right_result_9 = ("File touched");
        $left_result_9 . $right_result_9;
    }
    else {
        q{};
    }
};
do {
    my $output = "Touch result: $touch_result";
    print $output;
    if ( !( $output =~ m{\n$}msx ) ) {
        print "\n";
    }
};
print "\n";
if ( -e "test_file.txt" ) {
    if ( -d "test_file.txt" ) {
        carp "rm: carping: ", "test_file.txt",
          " is a directory (use -r to remove recursively)\n";
    }
    else {
        if ( unlink "test_file.txt" ) {
            $main_exit_code = 0;
        }
        else {
            carp "rm: carping: could not remove ", "test_file.txt",
              ": $OS_ERROR\n";
        }
    }
}
else {
    local $CHILD_ERROR = 0;
    carp "rm: carping: ", "test_file.txt", ": No such file or directory\n";
}
if ( -e "test_file_copy.txt" ) {
    if ( -d "test_file_copy.txt" ) {
        carp "rm: carping: ", "test_file_copy.txt",
          " is a directory (use -r to remove recursively)\n";
    }
    else {
        if ( unlink "test_file_copy.txt" ) {
            $main_exit_code = 0;
        }
        else {
            carp "rm: carping: could not remove ", "test_file_copy.txt",
              ": $OS_ERROR\n";
        }
    }
}
else {
    local $CHILD_ERROR = 0;
    carp "rm: carping: ", "test_file_copy.txt", ": No such file or directory\n";
}
if ( -e "test_file_moved.txt" ) {
    if ( -d "test_file_moved.txt" ) {
        carp "rm: carping: ", "test_file_moved.txt",
          " is a directory (use -r to remove recursively)\n";
    }
    else {
        if ( unlink "test_file_moved.txt" ) {
            $main_exit_code = 0;
        }
        else {
            carp "rm: carping: could not remove ", "test_file_moved.txt",
              ": $OS_ERROR\n";
        }
    }
}
else {
    local $CHILD_ERROR = 0;
    carp "rm: carping: ", "test_file_moved.txt", ": No such file or directory\n";
}
open STDERR, '>', '/dev/null' or croak "Cannot open file: $OS_ERROR\n";
if ( -e "test_dir" ) {
    if ( -d "test_dir" ) {
        my $err;
        remove_tree("test_dir", {error => \$err});
        if (@{$err}) {
            carp "rm: carping: could not remove ", "test_dir", ": $err->[0]\n";
        }
        else {
            $main_exit_code = 0;
        }
    }
    else {
        if ( unlink "test_dir" ) {
            $main_exit_code = 0;
        }
        else {
            carp "rm: carping: could not remove ", "test_dir",
              ": $OS_ERROR\n";
        }
    }
}
else {
    local $CHILD_ERROR = 0;
    carp "rm: carping: ", "test_dir", ": No such file or directory\n";
}
if ($CHILD_ERROR != 0) {
    1;
}

exit $main_exit_code;

```

perlcritic_wrapper: Started, parse args took 1.2e-05s
perlcritic_wrapper: File read took 0.000509s
perlcritic_wrapper: SHA1 hash took 8.1e-05s
perlcritic_wrapper: Cache hit, read took 0.000507s

FAILED: Code is not tidy

================================================================================

Exit Code Comparison (IGNORED):
Shell script exit code: 0
Translated code exit code: -1

================================================================================
ORIGINAL SHELL SCRIPT:
================================================================================
#!/bin/bash

# File manipulation commands with backticks
# This file demonstrates using backticks with file manipulation commands

echo "=== File Manipulation Commands ==="

echo "=== cp command ==="
# cp command with backticks (though it doesn't produce output)
#PERL_MUST_NOT_CONTAIN `cp
echo
echo "test content" > test_file.txt
cp_result=`cp test_file.txt test_file_copy.txt && echo "Copy successful"`
echo "Copy result: $cp_result"
ls test_file.txt test_file_copy.txt test_file_moved.txt 2>/dev/null || echo "No test files found"

echo
echo "=== mv command ==="
# mv command with backticks (though it doesn't produce output)
#PERL_MUST_NOT_CONTAIN `mv
mv_result=`mv test_file_copy.txt test_file_moved.txt && echo "Move successful"`
echo "Move result: $mv_result"
ls test_file.txt test_file_copy.txt test_file_moved.txt 2>/dev/null || echo "No test files found"

echo
echo "=== rm command ==="
# rm command with backticks (though it doesn't produce output)
#PERL_MUST_NOT_CONTAIN `rm
rm_result=`rm test_file.txt test_file_moved.txt && echo "Remove successful"`
echo "Remove result: $rm_result"
ls test_file.txt test_file_copy.txt test_file_moved.txt 2>/dev/null || echo "No test files found"

echo
echo "=== mkdir command ==="
# mkdir command with backticks (though it doesn't produce output)
#PERL_MUST_NOT_CONTAIN `mkdir
mkdir_result=`mkdir test_dir && echo "Directory created"`
echo "Mkdir result: $mkdir_result"
touch test_dir/file
ls test_dir 2>/dev/null || echo "Directory not found"
rm test_dir/file
rmdir test_dir

echo
echo "=== touch command ==="
# touch command with backticks (though it doesn't produce output)
#PERL_MUST_NOT_CONTAIN `touch
touch_result=`touch test_file.txt && echo "File touched"`
echo "Touch result: $touch_result"

echo
# Cleanup
rm -f test_file.txt test_file_copy.txt test_file_moved.txt
rm -rf test_dir 2>/dev/null || true



================================================================================
TRANSLATED PERL CODE:
================================================================================
#!/usr/bin/env perl
use strict;
use warnings;
use Carp;
use English qw(-no_match_vars);
use locale;
use IPC::Open3;
use File::Path qw(make_path remove_tree);
use File::Copy qw(copy move);
use POSIX      qw(time);

my $main_exit_code = 0;
my $ls_success     = 0;
our $CHILD_ERROR;

print "=== File Manipulation Commands ===\n";
print "=== cp command ===\n";
print "\n";
{
    open my $original_stdout, '>&', STDOUT
      or croak "Cannot save STDOUT: $ERRNO";
    open STDOUT, '>', 'test_file.txt'
      or croak "Cannot open file: $ERRNO";
    print "test content\n";
    open STDOUT, '>&', $original_stdout
      or croak "Cannot restore STDOUT: $ERRNO";
    close $original_stdout
      or croak "Close failed: $ERRNO";
}
my $cp_result = do {
    my $left_result_0 = do {
        local $CHILD_ERROR = 0;
        my $eval_result = eval {
            my $err;
            if ( -e 'test_file.txt' ) {
                my $dest = 'test_file_copy.txt';
                if ( -d $dest ) {
                    $dest = "$dest/'test_file.txt'";
                }
                if ( copy( 'test_file.txt', $dest ) ) {
                }
                else {
                    croak "cp: cannot copy 'test_file.txt' to $dest: $ERRNO\n";
                }
            }
            else {
                croak "cp: 'test_file.txt': No such file or directory\n";
            }
            local $CHILD_ERROR = 0;
            1;
        };
        if ( !$eval_result ) {
            local $CHILD_ERROR = 256;
        }
        q{};
    };
    if ( $CHILD_ERROR == 0 ) {
        my $right_result_0 = ("Copy successful");
        $left_result_0 . $right_result_0;
    }
    else {
        q{};
    }
};
do {
    my $output = "Copy result: $cp_result";
    print $output;
    if ( !( $output =~ m{\n$}msx ) ) {
        print "\n";
    }
};
open STDERR, '>', '/dev/null' or croak "Cannot open file: $OS_ERROR\n";
my @ls_files_1 = ();
if ( -f 'test_file.txt' ) {
    push @ls_files_1, 'test_file.txt';
}
elsif ( -d 'test_file.txt' ) {
    if ( opendir my $dh, 'test_file.txt' ) {
        while ( my $file = readdir $dh ) {
            next if $file eq q{.} || $file eq q{..} || $file =~ /^[.]/msx;
            next if $file =~ /^__tmp_.*[.]pl$/msx;
            next if $file =~ /^(debug_|temp_|test_|file\d*[.]txt)$/msx;
            push @ls_files_1, $file;
        }
        closedir $dh;
    }
}
if ( -f 'test_file_copy.txt' ) {
    push @ls_files_1, 'test_file_copy.txt';
}
elsif ( -d 'test_file_copy.txt' ) {
    if ( opendir my $dh, 'test_file_copy.txt' ) {
        while ( my $file = readdir $dh ) {
            next if $file eq q{.} || $file eq q{..} || $file =~ /^[.]/msx;
            next if $file =~ /^__tmp_.*[.]pl$/msx;
            next if $file =~ /^(debug_|temp_|test_|file\d*[.]txt)$/msx;
            push @ls_files_1, $file;
        }
        closedir $dh;
    }
}
if ( -f 'test_file_moved.txt' ) {
    push @ls_files_1, 'test_file_moved.txt';
}
elsif ( -d 'test_file_moved.txt' ) {
    if ( opendir my $dh, 'test_file_moved.txt' ) {
        while ( my $file = readdir $dh ) {
            next if $file eq q{.} || $file eq q{..} || $file =~ /^[.]/msx;
            next if $file =~ /^__tmp_.*[.]pl$/msx;
            next if $file =~ /^(debug_|temp_|test_|file\d*[.]txt)$/msx;
            push @ls_files_1, $file;
        }
        closedir $dh;
    }
}
if (@ls_files_1) {
    print join "\n", @ls_files_1;
    print "\n";
    my $expected_count = 3;
    if ( @ls_files_1 == $expected_count ) {
        local $CHILD_ERROR = 0;
        $ls_success = 1;
    }
    else {
        local $CHILD_ERROR = 2;
        $ls_success = 0;
    }
}
else {
    local $CHILD_ERROR = 1;
    $ls_success = 0;
}
if ( !defined $ls_success || $ls_success == 0 ) {
        print "No test files found\n";
}
print "\n";
print "=== mv command ===\n";
my $mv_result = do {
    my $left_result_2 = do {
    local $CHILD_ERROR = 0;
    my $eval_result = eval {
    my $force = 0;
if (-e 'test_file_copy.txt') {
    my $dest = 'test_file_moved.txt';
    if (-e $dest && -d $dest) {
        $dest = "$dest/'test_file_copy.txt'";
    }
    if (-e $dest && !$force) {
        croak "mv: $dest: File exists (use -f to force overwrite)\n";
    }
    my $dest_dir = $dest;
    $dest_dir =~ s/\/[^\/]*$//msx;
    if ($dest_dir eq $dest) {
        $dest_dir = q{};
    }
    if ($dest_dir ne q{} && !-d $dest_dir) {
        my $err;
        make_path($dest_dir, {error => \$err});
        if (@{$err}) {
            croak "mv: cannot create directory $dest_dir: $err->[0]\n";
        }
    }
    if (move('test_file_copy.txt', $dest)) {
        # print "mv: moved 'test_file_copy.txt' to $dest\n";
    } else {
        croak "mv: cannot move 'test_file_copy.txt' to $dest: $ERRNO\n";
    }
} else {
    croak "mv: 'test_file_copy.txt': No such file or directory\n";
};
            local $CHILD_ERROR = 0;
            1;
    };
    if ( !$eval_result ) {
        local $CHILD_ERROR = 256;
    }
    q{};
    };
    if ( $CHILD_ERROR == 0 ) {
        my $right_result_2 = ("Move successful");
        $left_result_2 . $right_result_2;
    }
    else {
        q{};
    }
};
do {
    my $output = "Move result: $mv_result";
    print $output;
    if ( !( $output =~ m{\n$}msx ) ) {
        print "\n";
    }
};
open STDERR, '>', '/dev/null' or croak "Cannot open file: $OS_ERROR\n";
my @ls_files_3 = ();
if ( -f 'test_file.txt' ) {
    push @ls_files_3, 'test_file.txt';
}
elsif ( -d 'test_file.txt' ) {
    if ( opendir my $dh, 'test_file.txt' ) {
        while ( my $file = readdir $dh ) {
            next if $file eq q{.} || $file eq q{..} || $file =~ /^[.]/msx;
            next if $file =~ /^__tmp_.*[.]pl$/msx;
            next if $file =~ /^(debug_|temp_|test_|file\d*[.]txt)$/msx;
            push @ls_files_3, $file;
        }
        closedir $dh;
    }
}
if ( -f 'test_file_copy.txt' ) {
    push @ls_files_3, 'test_file_copy.txt';
}
elsif ( -d 'test_file_copy.txt' ) {
    if ( opendir my $dh, 'test_file_copy.txt' ) {
        while ( my $file = readdir $dh ) {
            next if $file eq q{.} || $file eq q{..} || $file =~ /^[.]/msx;
            next if $file =~ /^__tmp_.*[.]pl$/msx;
            next if $file =~ /^(debug_|temp_|test_|file\d*[.]txt)$/msx;
            push @ls_files_3, $file;
        }
        closedir $dh;
    }
}
if ( -f 'test_file_moved.txt' ) {
    push @ls_files_3, 'test_file_moved.txt';
}
elsif ( -d 'test_file_moved.txt' ) {
    if ( opendir my $dh, 'test_file_moved.txt' ) {
        while ( my $file = readdir $dh ) {
            next if $file eq q{.} || $file eq q{..} || $file =~ /^[.]/msx;
            next if $file =~ /^__tmp_.*[.]pl$/msx;
            next if $file =~ /^(debug_|temp_|test_|file\d*[.]txt)$/msx;
            push @ls_files_3, $file;
        }
        closedir $dh;
    }
}
if (@ls_files_3) {
    print join "\n", @ls_files_3;
    print "\n";
    my $expected_count = 3;
    if ( @ls_files_3 == $expected_count ) {
        local $CHILD_ERROR = 0;
        $ls_success = 1;
    }
    else {
        local $CHILD_ERROR = 2;
        $ls_success = 0;
    }
}
else {
    local $CHILD_ERROR = 1;
    $ls_success = 0;
}
if ( !defined $ls_success || $ls_success == 0 ) {
        print "No test files found\n";
}
print "\n";
print "=== rm command ===\n";
my $rm_result = do {
    my $left_result_4 = do {
    local $CHILD_ERROR = 0;
    my $eval_result = eval {
    if ( -e "test_file.txt" ) {
    if ( -d "test_file.txt" ) {
        croak "rm: ", "test_file.txt",
          " is a directory (use -r to remove recursively)\n";
    }
    else {
        if ( unlink "test_file.txt" ) {
            $main_exit_code = 0;
        }
        else {
            croak "rm: cannot remove ", "test_file.txt",
              ": $OS_ERROR\n";
        }
    }
}
else {
    local $CHILD_ERROR = 1;
    croak "rm: ", "test_file.txt", ": No such file or directory\n";
}
if ( -e "test_file_moved.txt" ) {
    if ( -d "test_file_moved.txt" ) {
        croak "rm: ", "test_file_moved.txt",
          " is a directory (use -r to remove recursively)\n";
    }
    else {
        if ( unlink "test_file_moved.txt" ) {
            $main_exit_code = 0;
        }
        else {
            croak "rm: cannot remove ", "test_file_moved.txt",
              ": $OS_ERROR\n";
        }
    }
}
else {
    local $CHILD_ERROR = 1;
    croak "rm: ", "test_file_moved.txt", ": No such file or directory\n";
};
            local $CHILD_ERROR = 0;
            1;
    };
    if ( !$eval_result ) {
        local $CHILD_ERROR = 256;
    }
    q{};
    };
    if ( $CHILD_ERROR == 0 ) {
        my $right_result_4 = ("Remove successful");
        $left_result_4 . $right_result_4;
    }
    else {
        q{};
    }
};
do {
    my $output = "Remove result: $rm_result";
    print $output;
    if ( !( $output =~ m{\n$}msx ) ) {
        print "\n";
    }
};
open STDERR, '>', '/dev/null' or croak "Cannot open file: $OS_ERROR\n";
my @ls_files_5 = ();
if ( -f 'test_file.txt' ) {
    push @ls_files_5, 'test_file.txt';
}
elsif ( -d 'test_file.txt' ) {
    if ( opendir my $dh, 'test_file.txt' ) {
        while ( my $file = readdir $dh ) {
            next if $file eq q{.} || $file eq q{..} || $file =~ /^[.]/msx;
            next if $file =~ /^__tmp_.*[.]pl$/msx;
            next if $file =~ /^(debug_|temp_|test_|file\d*[.]txt)$/msx;
            push @ls_files_5, $file;
        }
        closedir $dh;
    }
}
if ( -f 'test_file_copy.txt' ) {
    push @ls_files_5, 'test_file_copy.txt';
}
elsif ( -d 'test_file_copy.txt' ) {
    if ( opendir my $dh, 'test_file_copy.txt' ) {
        while ( my $file = readdir $dh ) {
            next if $file eq q{.} || $file eq q{..} || $file =~ /^[.]/msx;
            next if $file =~ /^__tmp_.*[.]pl$/msx;
            next if $file =~ /^(debug_|temp_|test_|file\d*[.]txt)$/msx;
            push @ls_files_5, $file;
        }
        closedir $dh;
    }
}
if ( -f 'test_file_moved.txt' ) {
    push @ls_files_5, 'test_file_moved.txt';
}
elsif ( -d 'test_file_moved.txt' ) {
    if ( opendir my $dh, 'test_file_moved.txt' ) {
        while ( my $file = readdir $dh ) {
            next if $file eq q{.} || $file eq q{..} || $file =~ /^[.]/msx;
            next if $file =~ /^__tmp_.*[.]pl$/msx;
            next if $file =~ /^(debug_|temp_|test_|file\d*[.]txt)$/msx;
            push @ls_files_5, $file;
        }
        closedir $dh;
    }
}
if (@ls_files_5) {
    print join "\n", @ls_files_5;
    print "\n";
    my $expected_count = 3;
    if ( @ls_files_5 == $expected_count ) {
        local $CHILD_ERROR = 0;
        $ls_success = 1;
    }
    else {
        local $CHILD_ERROR = 2;
        $ls_success = 0;
    }
}
else {
    local $CHILD_ERROR = 1;
    $ls_success = 0;
}
if ( !defined $ls_success || $ls_success == 0 ) {
        print "No test files found\n";
}
print "\n";
print "=== mkdir command ===\n";
my $mkdir_result = do {
    my $left_result_6 = do {
    use File::Path qw(make_path);
    if (!-d 'test_dir') {
    if (mkdir 'test_dir') {
    # print "mkdir: created directory 'test_dir'\n";
    } else {
    croak "mkdir: cannot create directory 'test_dir': $ERRNO\n";
    }
    } else {
    print {\*STDERR} "mkdir: cannot create directory 'test_dir': File exists\n";
    local $CHILD_ERROR = 256;
    };
    q{};
    };
    if ( $CHILD_ERROR == 0 ) {
        my $right_result_6 = ("Directory created");
        $left_result_6 . $right_result_6;
    }
    else {
        q{};
    }
};
do {
    my $output = "Mkdir result: $mkdir_result";
    print $output;
    if ( !( $output =~ m{\n$}msx ) ) {
        print "\n";
    }
};
if (-e "test_dir/file") {
my $current_time = time;
utime $current_time, $current_time, "test_dir/file";
} else {
if (open my $fh, '>', "test_dir/file") {
close $fh
  or croak "Close failed: $ERRNO";
} else {
croak "touch: cannot create ", "test_dir/file", ": $ERRNO\n";
}
}
open STDERR, '>', '/dev/null' or croak "Cannot open file: $OS_ERROR\n";
my @ls_files_8 = ();
if ( -f 'test_dir' ) {
    push @ls_files_8, 'test_dir';
}
elsif ( -d 'test_dir' ) {
    if ( opendir my $dh, 'test_dir' ) {
        while ( my $file = readdir $dh ) {
            next if $file eq q{.} || $file eq q{..} || $file =~ /^[.]/msx;
            next if $file =~ /^__tmp_.*[.]pl$/msx;
            next if $file =~ /^(debug_|temp_|test_|file\d*[.]txt)$/msx;
            push @ls_files_8, $file;
        }
        closedir $dh;
    }
}
if (@ls_files_8) {
    print join "\n", @ls_files_8;
    print "\n";
    my $expected_count = 1;
    if ( @ls_files_8 == $expected_count ) {
        local $CHILD_ERROR = 0;
        $ls_success = 1;
    }
    else {
        local $CHILD_ERROR = 2;
        $ls_success = 0;
    }
}
else {
    local $CHILD_ERROR = 1;
    $ls_success = 0;
}
if ( !defined $ls_success || $ls_success == 0 ) {
        print "Directory not found\n";
}
if ( -e "test_dir/file" ) {
    if ( -d "test_dir/file" ) {
        croak "rm: ", "test_dir/file",
          " is a directory (use -r to remove recursively)\n";
    }
    else {
        if ( unlink "test_dir/file" ) {
            $main_exit_code = 0;
        }
        else {
            croak "rm: cannot remove ", "test_dir/file",
              ": $OS_ERROR\n";
        }
    }
}
else {
    local $CHILD_ERROR = 1;
    croak "rm: ", "test_dir/file", ": No such file or directory\n";
}
if (-d 'test_dir') {
if (rmdir 'test_dir') {
} else {
croak "rmdir: cannot remove directory 'test_dir': $ERRNO\n";
}
} else {
croak "rmdir: 'test_dir': No such file or directory\n";
}
print "\n";
print "=== touch command ===\n";
my $touch_result = do {
    my $left_result_9 = do {
    local $CHILD_ERROR = 0;
    my $eval_result = eval {
    if (-e "test_file.txt") {
my $current_time = time;
utime $current_time, $current_time, "test_file.txt";
} else {
if (open my $fh, '>', "test_file.txt") {
close $fh
  or croak "Close failed: $ERRNO";
} else {
croak "touch: cannot create ", "test_file.txt", ": $ERRNO\n";
}
};
            local $CHILD_ERROR = 0;
            1;
    };
    if ( !$eval_result ) {
        local $CHILD_ERROR = 256;
    }
    q{};
    };
    if ( $CHILD_ERROR == 0 ) {
        my $right_result_9 = ("File touched");
        $left_result_9 . $right_result_9;
    }
    else {
        q{};
    }
};
do {
    my $output = "Touch result: $touch_result";
    print $output;
    if ( !( $output =~ m{\n$}msx ) ) {
        print "\n";
    }
};
print "\n";
if ( -e "test_file.txt" ) {
    if ( -d "test_file.txt" ) {
        carp "rm: carping: ", "test_file.txt",
          " is a directory (use -r to remove recursively)\n";
    }
    else {
        if ( unlink "test_file.txt" ) {
            $main_exit_code = 0;
        }
        else {
            carp "rm: carping: could not remove ", "test_file.txt",
              ": $OS_ERROR\n";
        }
    }
}
else {
    local $CHILD_ERROR = 0;
    carp "rm: carping: ", "test_file.txt", ": No such file or directory\n";
}
if ( -e "test_file_copy.txt" ) {
    if ( -d "test_file_copy.txt" ) {
        carp "rm: carping: ", "test_file_copy.txt",
          " is a directory (use -r to remove recursively)\n";
    }
    else {
        if ( unlink "test_file_copy.txt" ) {
            $main_exit_code = 0;
        }
        else {
            carp "rm: carping: could not remove ", "test_file_copy.txt",
              ": $OS_ERROR\n";
        }
    }
}
else {
    local $CHILD_ERROR = 0;
    carp "rm: carping: ", "test_file_copy.txt", ": No such file or directory\n";
}
if ( -e "test_file_moved.txt" ) {
    if ( -d "test_file_moved.txt" ) {
        carp "rm: carping: ", "test_file_moved.txt",
          " is a directory (use -r to remove recursively)\n";
    }
    else {
        if ( unlink "test_file_moved.txt" ) {
            $main_exit_code = 0;
        }
        else {
            carp "rm: carping: could not remove ", "test_file_moved.txt",
              ": $OS_ERROR\n";
        }
    }
}
else {
    local $CHILD_ERROR = 0;
    carp "rm: carping: ", "test_file_moved.txt", ": No such file or directory\n";
}
open STDERR, '>', '/dev/null' or croak "Cannot open file: $OS_ERROR\n";
if ( -e "test_dir" ) {
    if ( -d "test_dir" ) {
        my $err;
        remove_tree("test_dir", {error => \$err});
        if (@{$err}) {
            carp "rm: carping: could not remove ", "test_dir", ": $err->[0]\n";
        }
        else {
            $main_exit_code = 0;
        }
    }
    else {
        if ( unlink "test_dir" ) {
            $main_exit_code = 0;
        }
        else {
            carp "rm: carping: could not remove ", "test_dir",
              ": $OS_ERROR\n";
        }
    }
}
else {
    local $CHILD_ERROR = 0;
    carp "rm: carping: ", "test_dir", ": No such file or directory\n";
}
if ($CHILD_ERROR != 0) {
    1;
}

exit $main_exit_code;


================================================================================
PERL::CRITIC RESULTS:
================================================================================
Generated Perl code:
```perl
#!/usr/bin/env perl
use strict;
use warnings;
use Carp;
use English qw(-no_match_vars);
use locale;
use IPC::Open3;
use File::Path qw(make_path remove_tree);
use File::Copy qw(copy move);
use POSIX      qw(time);

my $main_exit_code = 0;
my $ls_success     = 0;
our $CHILD_ERROR;

print "=== File Manipulation Commands ===\n";
print "=== cp command ===\n";
print "\n";
{
    open my $original_stdout, '>&', STDOUT
      or croak "Cannot save STDOUT: $ERRNO";
    open STDOUT, '>', 'test_file.txt'
      or croak "Cannot open file: $ERRNO";
    print "test content\n";
    open STDOUT, '>&', $original_stdout
      or croak "Cannot restore STDOUT: $ERRNO";
    close $original_stdout
      or croak "Close failed: $ERRNO";
}
my $cp_result = do {
    my $left_result_0 = do {
        local $CHILD_ERROR = 0;
        my $eval_result = eval {
            my $err;
            if ( -e 'test_file.txt' ) {
                my $dest = 'test_file_copy.txt';
                if ( -d $dest ) {
                    $dest = "$dest/'test_file.txt'";
                }
                if ( copy( 'test_file.txt', $dest ) ) {
                }
                else {
                    croak "cp: cannot copy 'test_file.txt' to $dest: $ERRNO\n";
                }
            }
            else {
                croak "cp: 'test_file.txt': No such file or directory\n";
            }
            local $CHILD_ERROR = 0;
            1;
        };
        if ( !$eval_result ) {
            local $CHILD_ERROR = 256;
        }
        q{};
    };
    if ( $CHILD_ERROR == 0 ) {
        my $right_result_0 = ("Copy successful");
        $left_result_0 . $right_result_0;
    }
    else {
        q{};
    }
};
do {
    my $output = "Copy result: $cp_result";
    print $output;
    if ( !( $output =~ m{\n$}msx ) ) {
        print "\n";
    }
};
open STDERR, '>', '/dev/null' or croak "Cannot open file: $OS_ERROR\n";
my @ls_files_1 = ();
if ( -f 'test_file.txt' ) {
    push @ls_files_1, 'test_file.txt';
}
elsif ( -d 'test_file.txt' ) {
    if ( opendir my $dh, 'test_file.txt' ) {
        while ( my $file = readdir $dh ) {
            next if $file eq q{.} || $file eq q{..} || $file =~ /^[.]/msx;
            next if $file =~ /^__tmp_.*[.]pl$/msx;
            next if $file =~ /^(debug_|temp_|test_|file\d*[.]txt)$/msx;
            push @ls_files_1, $file;
        }
        closedir $dh;
    }
}
if ( -f 'test_file_copy.txt' ) {
    push @ls_files_1, 'test_file_copy.txt';
}
elsif ( -d 'test_file_copy.txt' ) {
    if ( opendir my $dh, 'test_file_copy.txt' ) {
        while ( my $file = readdir $dh ) {
            next if $file eq q{.} || $file eq q{..} || $file =~ /^[.]/msx;
            next if $file =~ /^__tmp_.*[.]pl$/msx;
            next if $file =~ /^(debug_|temp_|test_|file\d*[.]txt)$/msx;
            push @ls_files_1, $file;
        }
        closedir $dh;
    }
}
if ( -f 'test_file_moved.txt' ) {
    push @ls_files_1, 'test_file_moved.txt';
}
elsif ( -d 'test_file_moved.txt' ) {
    if ( opendir my $dh, 'test_file_moved.txt' ) {
        while ( my $file = readdir $dh ) {
            next if $file eq q{.} || $file eq q{..} || $file =~ /^[.]/msx;
            next if $file =~ /^__tmp_.*[.]pl$/msx;
            next if $file =~ /^(debug_|temp_|test_|file\d*[.]txt)$/msx;
            push @ls_files_1, $file;
        }
        closedir $dh;
    }
}
if (@ls_files_1) {
    print join "\n", @ls_files_1;
    print "\n";
    my $expected_count = 3;
    if ( @ls_files_1 == $expected_count ) {
        local $CHILD_ERROR = 0;
        $ls_success = 1;
    }
    else {
        local $CHILD_ERROR = 2;
        $ls_success = 0;
    }
}
else {
    local $CHILD_ERROR = 1;
    $ls_success = 0;
}
if ( !defined $ls_success || $ls_success == 0 ) {
        print "No test files found\n";
}
print "\n";
print "=== mv command ===\n";
my $mv_result = do {
    my $left_result_2 = do {
    local $CHILD_ERROR = 0;
    my $eval_result = eval {
    my $force = 0;
if (-e 'test_file_copy.txt') {
    my $dest = 'test_file_moved.txt';
    if (-e $dest && -d $dest) {
        $dest = "$dest/'test_file_copy.txt'";
    }
    if (-e $dest && !$force) {
        croak "mv: $dest: File exists (use -f to force overwrite)\n";
    }
    my $dest_dir = $dest;
    $dest_dir =~ s/\/[^\/]*$//msx;
    if ($dest_dir eq $dest) {
        $dest_dir = q{};
    }
    if ($dest_dir ne q{} && !-d $dest_dir) {
        my $err;
        make_path($dest_dir, {error => \$err});
        if (@{$err}) {
            croak "mv: cannot create directory $dest_dir: $err->[0]\n";
        }
    }
    if (move('test_file_copy.txt', $dest)) {
        # print "mv: moved 'test_file_copy.txt' to $dest\n";
    } else {
        croak "mv: cannot move 'test_file_copy.txt' to $dest: $ERRNO\n";
    }
} else {
    croak "mv: 'test_file_copy.txt': No such file or directory\n";
};
            local $CHILD_ERROR = 0;
            1;
    };
    if ( !$eval_result ) {
        local $CHILD_ERROR = 256;
    }
    q{};
    };
    if ( $CHILD_ERROR == 0 ) {
        my $right_result_2 = ("Move successful");
        $left_result_2 . $right_result_2;
    }
    else {
        q{};
    }
};
do {
    my $output = "Move result: $mv_result";
    print $output;
    if ( !( $output =~ m{\n$}msx ) ) {
        print "\n";
    }
};
open STDERR, '>', '/dev/null' or croak "Cannot open file: $OS_ERROR\n";
my @ls_files_3 = ();
if ( -f 'test_file.txt' ) {
    push @ls_files_3, 'test_file.txt';
}
elsif ( -d 'test_file.txt' ) {
    if ( opendir my $dh, 'test_file.txt' ) {
        while ( my $file = readdir $dh ) {
            next if $file eq q{.} || $file eq q{..} || $file =~ /^[.]/msx;
            next if $file =~ /^__tmp_.*[.]pl$/msx;
            next if $file =~ /^(debug_|temp_|test_|file\d*[.]txt)$/msx;
            push @ls_files_3, $file;
        }
        closedir $dh;
    }
}
if ( -f 'test_file_copy.txt' ) {
    push @ls_files_3, 'test_file_copy.txt';
}
elsif ( -d 'test_file_copy.txt' ) {
    if ( opendir my $dh, 'test_file_copy.txt' ) {
        while ( my $file = readdir $dh ) {
            next if $file eq q{.} || $file eq q{..} || $file =~ /^[.]/msx;
            next if $file =~ /^__tmp_.*[.]pl$/msx;
            next if $file =~ /^(debug_|temp_|test_|file\d*[.]txt)$/msx;
            push @ls_files_3, $file;
        }
        closedir $dh;
    }
}
if ( -f 'test_file_moved.txt' ) {
    push @ls_files_3, 'test_file_moved.txt';
}
elsif ( -d 'test_file_moved.txt' ) {
    if ( opendir my $dh, 'test_file_moved.txt' ) {
        while ( my $file = readdir $dh ) {
            next if $file eq q{.} || $file eq q{..} || $file =~ /^[.]/msx;
            next if $file =~ /^__tmp_.*[.]pl$/msx;
            next if $file =~ /^(debug_|temp_|test_|file\d*[.]txt)$/msx;
            push @ls_files_3, $file;
        }
        closedir $dh;
    }
}
if (@ls_files_3) {
    print join "\n", @ls_files_3;
    print "\n";
    my $expected_count = 3;
    if ( @ls_files_3 == $expected_count ) {
        local $CHILD_ERROR = 0;
        $ls_success = 1;
    }
    else {
        local $CHILD_ERROR = 2;
        $ls_success = 0;
    }
}
else {
    local $CHILD_ERROR = 1;
    $ls_success = 0;
}
if ( !defined $ls_success || $ls_success == 0 ) {
        print "No test files found\n";
}
print "\n";
print "=== rm command ===\n";
my $rm_result = do {
    my $left_result_4 = do {
    local $CHILD_ERROR = 0;
    my $eval_result = eval {
    if ( -e "test_file.txt" ) {
    if ( -d "test_file.txt" ) {
        croak "rm: ", "test_file.txt",
          " is a directory (use -r to remove recursively)\n";
    }
    else {
        if ( unlink "test_file.txt" ) {
            $main_exit_code = 0;
        }
        else {
            croak "rm: cannot remove ", "test_file.txt",
              ": $OS_ERROR\n";
        }
    }
}
else {
    local $CHILD_ERROR = 1;
    croak "rm: ", "test_file.txt", ": No such file or directory\n";
}
if ( -e "test_file_moved.txt" ) {
    if ( -d "test_file_moved.txt" ) {
        croak "rm: ", "test_file_moved.txt",
          " is a directory (use -r to remove recursively)\n";
    }
    else {
        if ( unlink "test_file_moved.txt" ) {
            $main_exit_code = 0;
        }
        else {
            croak "rm: cannot remove ", "test_file_moved.txt",
              ": $OS_ERROR\n";
        }
    }
}
else {
    local $CHILD_ERROR = 1;
    croak "rm: ", "test_file_moved.txt", ": No such file or directory\n";
};
            local $CHILD_ERROR = 0;
            1;
    };
    if ( !$eval_result ) {
        local $CHILD_ERROR = 256;
    }
    q{};
    };
    if ( $CHILD_ERROR == 0 ) {
        my $right_result_4 = ("Remove successful");
        $left_result_4 . $right_result_4;
    }
    else {
        q{};
    }
};
do {
    my $output = "Remove result: $rm_result";
    print $output;
    if ( !( $output =~ m{\n$}msx ) ) {
        print "\n";
    }
};
open STDERR, '>', '/dev/null' or croak "Cannot open file: $OS_ERROR\n";
my @ls_files_5 = ();
if ( -f 'test_file.txt' ) {
    push @ls_files_5, 'test_file.txt';
}
elsif ( -d 'test_file.txt' ) {
    if ( opendir my $dh, 'test_file.txt' ) {
        while ( my $file = readdir $dh ) {
            next if $file eq q{.} || $file eq q{..} || $file =~ /^[.]/msx;
            next if $file =~ /^__tmp_.*[.]pl$/msx;
            next if $file =~ /^(debug_|temp_|test_|file\d*[.]txt)$/msx;
            push @ls_files_5, $file;
        }
        closedir $dh;
    }
}
if ( -f 'test_file_copy.txt' ) {
    push @ls_files_5, 'test_file_copy.txt';
}
elsif ( -d 'test_file_copy.txt' ) {
    if ( opendir my $dh, 'test_file_copy.txt' ) {
        while ( my $file = readdir $dh ) {
            next if $file eq q{.} || $file eq q{..} || $file =~ /^[.]/msx;
            next if $file =~ /^__tmp_.*[.]pl$/msx;
            next if $file =~ /^(debug_|temp_|test_|file\d*[.]txt)$/msx;
            push @ls_files_5, $file;
        }
        closedir $dh;
    }
}
if ( -f 'test_file_moved.txt' ) {
    push @ls_files_5, 'test_file_moved.txt';
}
elsif ( -d 'test_file_moved.txt' ) {
    if ( opendir my $dh, 'test_file_moved.txt' ) {
        while ( my $file = readdir $dh ) {
            next if $file eq q{.} || $file eq q{..} || $file =~ /^[.]/msx;
            next if $file =~ /^__tmp_.*[.]pl$/msx;
            next if $file =~ /^(debug_|temp_|test_|file\d*[.]txt)$/msx;
            push @ls_files_5, $file;
        }
        closedir $dh;
    }
}
if (@ls_files_5) {
    print join "\n", @ls_files_5;
    print "\n";
    my $expected_count = 3;
    if ( @ls_files_5 == $expected_count ) {
        local $CHILD_ERROR = 0;
        $ls_success = 1;
    }
    else {
        local $CHILD_ERROR = 2;
        $ls_success = 0;
    }
}
else {
    local $CHILD_ERROR = 1;
    $ls_success = 0;
}
if ( !defined $ls_success || $ls_success == 0 ) {
        print "No test files found\n";
}
print "\n";
print "=== mkdir command ===\n";
my $mkdir_result = do {
    my $left_result_6 = do {
    use File::Path qw(make_path);
    if (!-d 'test_dir') {
    if (mkdir 'test_dir') {
    # print "mkdir: created directory 'test_dir'\n";
    } else {
    croak "mkdir: cannot create directory 'test_dir': $ERRNO\n";
    }
    } else {
    print {\*STDERR} "mkdir: cannot create directory 'test_dir': File exists\n";
    local $CHILD_ERROR = 256;
    };
    q{};
    };
    if ( $CHILD_ERROR == 0 ) {
        my $right_result_6 = ("Directory created");
        $left_result_6 . $right_result_6;
    }
    else {
        q{};
    }
};
do {
    my $output = "Mkdir result: $mkdir_result";
    print $output;
    if ( !( $output =~ m{\n$}msx ) ) {
        print "\n";
    }
};
if (-e "test_dir/file") {
my $current_time = time;
utime $current_time, $current_time, "test_dir/file";
} else {
if (open my $fh, '>', "test_dir/file") {
close $fh
  or croak "Close failed: $ERRNO";
} else {
croak "touch: cannot create ", "test_dir/file", ": $ERRNO\n";
}
}
open STDERR, '>', '/dev/null' or croak "Cannot open file: $OS_ERROR\n";
my @ls_files_8 = ();
if ( -f 'test_dir' ) {
    push @ls_files_8, 'test_dir';
}
elsif ( -d 'test_dir' ) {
    if ( opendir my $dh, 'test_dir' ) {
        while ( my $file = readdir $dh ) {
            next if $file eq q{.} || $file eq q{..} || $file =~ /^[.]/msx;
            next if $file =~ /^__tmp_.*[.]pl$/msx;
            next if $file =~ /^(debug_|temp_|test_|file\d*[.]txt)$/msx;
            push @ls_files_8, $file;
        }
        closedir $dh;
    }
}
if (@ls_files_8) {
    print join "\n", @ls_files_8;
    print "\n";
    my $expected_count = 1;
    if ( @ls_files_8 == $expected_count ) {
        local $CHILD_ERROR = 0;
        $ls_success = 1;
    }
    else {
        local $CHILD_ERROR = 2;
        $ls_success = 0;
    }
}
else {
    local $CHILD_ERROR = 1;
    $ls_success = 0;
}
if ( !defined $ls_success || $ls_success == 0 ) {
        print "Directory not found\n";
}
if ( -e "test_dir/file" ) {
    if ( -d "test_dir/file" ) {
        croak "rm: ", "test_dir/file",
          " is a directory (use -r to remove recursively)\n";
    }
    else {
        if ( unlink "test_dir/file" ) {
            $main_exit_code = 0;
        }
        else {
            croak "rm: cannot remove ", "test_dir/file",
              ": $OS_ERROR\n";
        }
    }
}
else {
    local $CHILD_ERROR = 1;
    croak "rm: ", "test_dir/file", ": No such file or directory\n";
}
if (-d 'test_dir') {
if (rmdir 'test_dir') {
} else {
croak "rmdir: cannot remove directory 'test_dir': $ERRNO\n";
}
} else {
croak "rmdir: 'test_dir': No such file or directory\n";
}
print "\n";
print "=== touch command ===\n";
my $touch_result = do {
    my $left_result_9 = do {
    local $CHILD_ERROR = 0;
    my $eval_result = eval {
    if (-e "test_file.txt") {
my $current_time = time;
utime $current_time, $current_time, "test_file.txt";
} else {
if (open my $fh, '>', "test_file.txt") {
close $fh
  or croak "Close failed: $ERRNO";
} else {
croak "touch: cannot create ", "test_file.txt", ": $ERRNO\n";
}
};
            local $CHILD_ERROR = 0;
            1;
    };
    if ( !$eval_result ) {
        local $CHILD_ERROR = 256;
    }
    q{};
    };
    if ( $CHILD_ERROR == 0 ) {
        my $right_result_9 = ("File touched");
        $left_result_9 . $right_result_9;
    }
    else {
        q{};
    }
};
do {
    my $output = "Touch result: $touch_result";
    print $output;
    if ( !( $output =~ m{\n$}msx ) ) {
        print "\n";
    }
};
print "\n";
if ( -e "test_file.txt" ) {
    if ( -d "test_file.txt" ) {
        carp "rm: carping: ", "test_file.txt",
          " is a directory (use -r to remove recursively)\n";
    }
    else {
        if ( unlink "test_file.txt" ) {
            $main_exit_code = 0;
        }
        else {
            carp "rm: carping: could not remove ", "test_file.txt",
              ": $OS_ERROR\n";
        }
    }
}
else {
    local $CHILD_ERROR = 0;
    carp "rm: carping: ", "test_file.txt", ": No such file or directory\n";
}
if ( -e "test_file_copy.txt" ) {
    if ( -d "test_file_copy.txt" ) {
        carp "rm: carping: ", "test_file_copy.txt",
          " is a directory (use -r to remove recursively)\n";
    }
    else {
        if ( unlink "test_file_copy.txt" ) {
            $main_exit_code = 0;
        }
        else {
            carp "rm: carping: could not remove ", "test_file_copy.txt",
              ": $OS_ERROR\n";
        }
    }
}
else {
    local $CHILD_ERROR = 0;
    carp "rm: carping: ", "test_file_copy.txt", ": No such file or directory\n";
}
if ( -e "test_file_moved.txt" ) {
    if ( -d "test_file_moved.txt" ) {
        carp "rm: carping: ", "test_file_moved.txt",
          " is a directory (use -r to remove recursively)\n";
    }
    else {
        if ( unlink "test_file_moved.txt" ) {
            $main_exit_code = 0;
        }
        else {
            carp "rm: carping: could not remove ", "test_file_moved.txt",
              ": $OS_ERROR\n";
        }
    }
}
else {
    local $CHILD_ERROR = 0;
    carp "rm: carping: ", "test_file_moved.txt", ": No such file or directory\n";
}
open STDERR, '>', '/dev/null' or croak "Cannot open file: $OS_ERROR\n";
if ( -e "test_dir" ) {
    if ( -d "test_dir" ) {
        my $err;
        remove_tree("test_dir", {error => \$err});
        if (@{$err}) {
            carp "rm: carping: could not remove ", "test_dir", ": $err->[0]\n";
        }
        else {
            $main_exit_code = 0;
        }
    }
    else {
        if ( unlink "test_dir" ) {
            $main_exit_code = 0;
        }
        else {
            carp "rm: carping: could not remove ", "test_dir",
              ": $OS_ERROR\n";
        }
    }
}
else {
    local $CHILD_ERROR = 0;
    carp "rm: carping: ", "test_dir", ": No such file or directory\n";
}
if ($CHILD_ERROR != 0) {
    1;
}

exit $main_exit_code;

```

perlcritic_wrapper: Started, parse args took 9e-06s
perlcritic_wrapper: File read took 0.000431s
perlcritic_wrapper: SHA1 hash took 6.9e-05s
perlcritic_wrapper: Cache hit, read took 0.000515s

FAILED: Code is not tidy


================================================================================
ABSTRACT SYNTAX TREE:
================================================================================
[Simple(SimpleCommand { name: Literal("echo", None), args: [StringInterpolation(StringInterpolation { parts: [Literal("=== File Manipulation Commands ===")] }, None)], redirects: [], env_vars: {}, stdout_used: true, stderr_used: true }), Simple(SimpleCommand { name: Literal("echo", None), args: [StringInterpolation(StringInterpolation { parts: [Literal("=== cp command ===")] }, None)], redirects: [], env_vars: {}, stdout_used: true, stderr_used: true }), Simple(SimpleCommand { name: Literal("echo", None), args: [], redirects: [], env_vars: {}, stdout_used: true, stderr_used: true }), Redirect(RedirectCommand { command: Simple(SimpleCommand { name: Literal("echo", None), args: [StringInterpolation(StringInterpolation { parts: [Literal("test content")] }, None)], redirects: [], env_vars: {}, stdout_used: true, stderr_used: true }), redirects: [Redirect { fd: None, operator: Output, target: Literal("test_file.txt", None), heredoc_body: None }] }), Simple(SimpleCommand { name: Literal("echo", None), args: [StringInterpolation(StringInterpolation { parts: [Literal("Copy result: "), Variable("cp_result")] }, None)], redirects: [], env_vars: {"cp_result": CommandSubstitution(And(Simple(SimpleCommand { name: Literal("cp", None), args: [Literal("test_file.txt", None), Literal("test_file_copy.txt", None)], redirects: [], env_vars: {}, stdout_used: true, stderr_used: true }), Simple(SimpleCommand { name: Literal("echo", None), args: [StringInterpolation(StringInterpolation { parts: [Literal("Copy successful")] }, None)], redirects: [], env_vars: {}, stdout_used: true, stderr_used: true })), None)}, stdout_used: true, stderr_used: true }), Or(Redirect(RedirectCommand { command: Simple(SimpleCommand { name: Literal("ls", None), args: [Literal("test_file.txt", None), Literal("test_file_copy.txt", None), Literal("test_file_moved.txt", None)], redirects: [], env_vars: {}, stdout_used: true, stderr_used: true }), redirects: [Redirect { fd: Some(2), operator: StderrOutput, target: Literal("/dev/null", None), heredoc_body: None }] }), Simple(SimpleCommand { name: Literal("echo", None), args: [StringInterpolation(StringInterpolation { parts: [Literal("No test files found")] }, None)], redirects: [], env_vars: {}, stdout_used: true, stderr_used: true })), Simple(SimpleCommand { name: Literal("echo", None), args: [], redirects: [], env_vars: {}, stdout_used: true, stderr_used: true }), Simple(SimpleCommand { name: Literal("echo", None), args: [StringInterpolation(StringInterpolation { parts: [Literal("=== mv command ===")] }, None)], redirects: [], env_vars: {}, stdout_used: true, stderr_used: true }), Simple(SimpleCommand { name: Literal("echo", None), args: [StringInterpolation(StringInterpolation { parts: [Literal("Move result: "), Variable("mv_result")] }, None)], redirects: [], env_vars: {"mv_result": CommandSubstitution(And(Simple(SimpleCommand { name: Literal("mv", None), args: [Literal("test_file_copy.txt", None), Literal("test_file_moved.txt", None)], redirects: [], env_vars: {}, stdout_used: true, stderr_used: true }), Simple(SimpleCommand { name: Literal("echo", None), args: [StringInterpolation(StringInterpolation { parts: [Literal("Move successful")] }, None)], redirects: [], env_vars: {}, stdout_used: true, stderr_used: true })), None)}, stdout_used: true, stderr_used: true }), Or(Redirect(RedirectCommand { command: Simple(SimpleCommand { name: Literal("ls", None), args: [Literal("test_file.txt", None), Literal("test_file_copy.txt", None), Literal("test_file_moved.txt", None)], redirects: [], env_vars: {}, stdout_used: true, stderr_used: true }), redirects: [Redirect { fd: Some(2), operator: StderrOutput, target: Literal("/dev/null", None), heredoc_body: None }] }), Simple(SimpleCommand { name: Literal("echo", None), args: [StringInterpolation(StringInterpolation { parts: [Literal("No test files found")] }, None)], redirects: [], env_vars: {}, stdout_used: true, stderr_used: true })), Simple(SimpleCommand { name: Literal("echo", None), args: [], redirects: [], env_vars: {}, stdout_used: true, stderr_used: true }), Simple(SimpleCommand { name: Literal("echo", None), args: [StringInterpolation(StringInterpolation { parts: [Literal("=== rm command ===")] }, None)], redirects: [], env_vars: {}, stdout_used: true, stderr_used: true }), Simple(SimpleCommand { name: Literal("echo", None), args: [StringInterpolation(StringInterpolation { parts: [Literal("Remove result: "), Variable("rm_result")] }, None)], redirects: [], env_vars: {"rm_result": CommandSubstitution(And(Simple(SimpleCommand { name: Literal("rm", None), args: [Literal("test_file.txt", None), Literal("test_file_moved.txt", None)], redirects: [], env_vars: {}, stdout_used: true, stderr_used: true }), Simple(SimpleCommand { name: Literal("echo", None), args: [StringInterpolation(StringInterpolation { parts: [Literal("Remove successful")] }, None)], redirects: [], env_vars: {}, stdout_used: true, stderr_used: true })), None)}, stdout_used: true, stderr_used: true }), Or(Redirect(RedirectCommand { command: Simple(SimpleCommand { name: Literal("ls", None), args: [Literal("test_file.txt", None), Literal("test_file_copy.txt", None), Literal("test_file_moved.txt", None)], redirects: [], env_vars: {}, stdout_used: true, stderr_used: true }), redirects: [Redirect { fd: Some(2), operator: StderrOutput, target: Literal("/dev/null", None), heredoc_body: None }] }), Simple(SimpleCommand { name: Literal("echo", None), args: [StringInterpolation(StringInterpolation { parts: [Literal("No test files found")] }, None)], redirects: [], env_vars: {}, stdout_used: true, stderr_used: true })), Simple(SimpleCommand { name: Literal("echo", None), args: [], redirects: [], env_vars: {}, stdout_used: true, stderr_used: true }), Simple(SimpleCommand { name: Literal("echo", None), args: [StringInterpolation(StringInterpolation { parts: [Literal("=== mkdir command ===")] }, None)], redirects: [], env_vars: {}, stdout_used: true, stderr_used: true }), Simple(SimpleCommand { name: Literal("echo", None), args: [StringInterpolation(StringInterpolation { parts: [Literal("Mkdir result: "), Variable("mkdir_result")] }, None)], redirects: [], env_vars: {"mkdir_result": CommandSubstitution(And(Simple(SimpleCommand { name: Literal("mkdir", None), args: [Literal("test_dir", None)], redirects: [], env_vars: {}, stdout_used: true, stderr_used: true }), Simple(SimpleCommand { name: Literal("echo", None), args: [StringInterpolation(StringInterpolation { parts: [Literal("Directory created")] }, None)], redirects: [], env_vars: {}, stdout_used: true, stderr_used: true })), None)}, stdout_used: true, stderr_used: true }), Simple(SimpleCommand { name: Literal("touch", None), args: [Literal("test_dir/file", None)], redirects: [], env_vars: {}, stdout_used: true, stderr_used: true }), Or(Redirect(RedirectCommand { command: Simple(SimpleCommand { name: Literal("ls", None), args: [Literal("test_dir", None)], redirects: [], env_vars: {}, stdout_used: true, stderr_used: true }), redirects: [Redirect { fd: Some(2), operator: StderrOutput, target: Literal("/dev/null", None), heredoc_body: None }] }), Simple(SimpleCommand { name: Literal("echo", None), args: [StringInterpolation(StringInterpolation { parts: [Literal("Directory not found")] }, None)], redirects: [], env_vars: {}, stdout_used: true, stderr_used: true })), Simple(SimpleCommand { name: Literal("rm", None), args: [Literal("test_dir/file", None)], redirects: [], env_vars: {}, stdout_used: true, stderr_used: true }), Simple(SimpleCommand { name: Literal("rmdir", None), args: [Literal("test_dir", None)], redirects: [], env_vars: {}, stdout_used: true, stderr_used: true }), Simple(SimpleCommand { name: Literal("echo", None), args: [], redirects: [], env_vars: {}, stdout_used: true, stderr_used: true }), Simple(SimpleCommand { name: Literal("echo", None), args: [StringInterpolation(StringInterpolation { parts: [Literal("=== touch command ===")] }, None)], redirects: [], env_vars: {}, stdout_used: true, stderr_used: true }), Simple(SimpleCommand { name: Literal("echo", None), args: [StringInterpolation(StringInterpolation { parts: [Literal("Touch result: "), Variable("touch_result")] }, None)], redirects: [], env_vars: {"touch_result": CommandSubstitution(And(Simple(SimpleCommand { name: Literal("touch", None), args: [Literal("test_file.txt", None)], redirects: [], env_vars: {}, stdout_used: true, stderr_used: true }), Simple(SimpleCommand { name: Literal("echo", None), args: [StringInterpolation(StringInterpolation { parts: [Literal("File touched")] }, None)], redirects: [], env_vars: {}, stdout_used: true, stderr_used: true })), None)}, stdout_used: true, stderr_used: true }), Simple(SimpleCommand { name: Literal("echo", None), args: [], redirects: [], env_vars: {}, stdout_used: true, stderr_used: true }), Simple(SimpleCommand { name: Literal("rm", None), args: [Literal("-f", None), Literal("test_file.txt", None), Literal("test_file_copy.txt", None), Literal("test_file_moved.txt", None)], redirects: [], env_vars: {}, stdout_used: true, stderr_used: true }), Or(Redirect(RedirectCommand { command: Simple(SimpleCommand { name: Literal("rm", None), args: [Literal("-r", None), Literal("f", None), Literal("test_dir", None)], redirects: [], env_vars: {}, stdout_used: true, stderr_used: true }), redirects: [Redirect { fd: Some(2), operator: StderrOutput, target: Literal("/dev/null", None), heredoc_body: None }] }), Simple(SimpleCommand { name: Literal("true", None), args: [], redirects: [], env_vars: {}, stdout_used: true, stderr_used: true }))]

================================================================================
STDOUT COMPARISON (DIFF):
================================================================================
--- shell_stdout
+++ perl_stdout
-=== File Manipulation Commands ===
-=== cp command ===
-
-Copy result: Copy successful
-test_file.txt
-test_file_copy.txt
-No test files found
-
-=== mv command ===
-Move result: Move successful
-test_file.txt
-test_file_moved.txt
-No test files found
-
-=== rm command ===
-Remove result: Remove successful
-No test files found
-
-=== mkdir command ===
-Mkdir result: Directory created
-file
-
-=== touch command ===
-Touch result: File touched


================================================================================
STDERR COMPARISON:
================================================================================
STDERR values are identical:
Shell stderr: ''
Perl stderr: ''

================================================================================
SUMMARY: 0 out of 146 tests passed before first failure
================================================================================

BRIEF FAILURE SUMMARY:
Perl::Critic violations found:
Generated Perl code:
```perl
#!/usr/bin/env perl
use strict;
use warnings;
use Carp;
use English qw(-no_match_vars);
use locale;
use IPC::Open3;
use File::Path qw(make_path remove_tree);
use File::Copy qw(copy move);
use POSIX      qw(time);

my $main_exit_code = 0;
my $ls_success     = 0;
our $CHILD_ERROR;

print "=== File Manipulation Commands ===\n";
print "=== cp command ===\n";
print "\n";
{
    open my $original_stdout, '>&', STDOUT
      or croak "Cannot save STDOUT: $ERRNO";
    open STDOUT, '>', 'test_file.txt'
      or croak "Cannot open file: $ERRNO";
    print "test content\n";
    open STDOUT, '>&', $original_stdout
      or croak "Cannot restore STDOUT: $ERRNO";
    close $original_stdout
      or croak "Close failed: $ERRNO";
}
my $cp_result = do {
    my $left_result_0 = do {
        local $CHILD_ERROR = 0;
        my $eval_result = eval {
            my $err;
            if ( -e 'test_file.txt' ) {
                my $dest = 'test_file_copy.txt';
                if ( -d $dest ) {
                    $dest = "$dest/'test_file.txt'";
                }
                if ( copy( 'test_file.txt', $dest ) ) {
                }
                else {
                    croak "cp: cannot copy 'test_file.txt' to $dest: $ERRNO\n";
                }
            }
            else {
                croak "cp: 'test_file.txt': No such file or directory\n";
            }
            local $CHILD_ERROR = 0;
            1;
        };
        if ( !$eval_result ) {
            local $CHILD_ERROR = 256;
        }
        q{};
    };
    if ( $CHILD_ERROR == 0 ) {
        my $right_result_0 = ("Copy successful");
        $left_result_0 . $right_result_0;
    }
    else {
        q{};
    }
};
do {
    my $output = "Copy result: $cp_result";
    print $output;
    if ( !( $output =~ m{\n$}msx ) ) {
        print "\n";
    }
};
open STDERR, '>', '/dev/null' or croak "Cannot open file: $OS_ERROR\n";
my @ls_files_1 = ();
if ( -f 'test_file.txt' ) {
    push @ls_files_1, 'test_file.txt';
}
elsif ( -d 'test_file.txt' ) {
    if ( opendir my $dh, 'test_file.txt' ) {
        while ( my $file = readdir $dh ) {
            next if $file eq q{.} || $file eq q{..} || $file =~ /^[.]/msx;
            next if $file =~ /^__tmp_.*[.]pl$/msx;
            next if $file =~ /^(debug_|temp_|test_|file\d*[.]txt)$/msx;
            push @ls_files_1, $file;
        }
        closedir $dh;
    }
}
if ( -f 'test_file_copy.txt' ) {
    push @ls_files_1, 'test_file_copy.txt';
}
elsif ( -d 'test_file_copy.txt' ) {
    if ( opendir my $dh, 'test_file_copy.txt' ) {
        while ( my $file = readdir $dh ) {
            next if $file eq q{.} || $file eq q{..} || $file =~ /^[.]/msx;
            next if $file =~ /^__tmp_.*[.]pl$/msx;
            next if $file =~ /^(debug_|temp_|test_|file\d*[.]txt)$/msx;
            push @ls_files_1, $file;
        }
        closedir $dh;
    }
}
if ( -f 'test_file_moved.txt' ) {
    push @ls_files_1, 'test_file_moved.txt';
}
elsif ( -d 'test_file_moved.txt' ) {
    if ( opendir my $dh, 'test_file_moved.txt' ) {
        while ( my $file = readdir $dh ) {
            next if $file eq q{.} || $file eq q{..} || $file =~ /^[.]/msx;
            next if $file =~ /^__tmp_.*[.]pl$/msx;
            next if $file =~ /^(debug_|temp_|test_|file\d*[.]txt)$/msx;
            push @ls_files_1, $file;
        }
        closedir $dh;
    }
}
if (@ls_files_1) {
    print join "\n", @ls_files_1;
    print "\n";
    my $expected_count = 3;
    if ( @ls_files_1 == $expected_count ) {
        local $CHILD_ERROR = 0;
        $ls_success = 1;
    }
    else {
        local $CHILD_ERROR = 2;
        $ls_success = 0;
    }
}
else {
    local $CHILD_ERROR = 1;
    $ls_success = 0;
}
if ( !defined $ls_success || $ls_success == 0 ) {
        print "No test files found\n";
}
print "\n";
print "=== mv command ===\n";
my $mv_result = do {
    my $left_result_2 = do {
    local $CHILD_ERROR = 0;
    my $eval_result = eval {
    my $force = 0;
if (-e 'test_file_copy.txt') {
    my $dest = 'test_file_moved.txt';
    if (-e $dest && -d $dest) {
        $dest = "$dest/'test_file_copy.txt'";
    }
    if (-e $dest && !$force) {
        croak "mv: $dest: File exists (use -f to force overwrite)\n";
    }
    my $dest_dir = $dest;
    $dest_dir =~ s/\/[^\/]*$//msx;
    if ($dest_dir eq $dest) {
        $dest_dir = q{};
    }
    if ($dest_dir ne q{} && !-d $dest_dir) {
        my $err;
        make_path($dest_dir, {error => \$err});
        if (@{$err}) {
            croak "mv: cannot create directory $dest_dir: $err->[0]\n";
        }
    }
    if (move('test_file_copy.txt', $dest)) {
        # print "mv: moved 'test_file_copy.txt' to $dest\n";
    } else {
        croak "mv: cannot move 'test_file_copy.txt' to $dest: $ERRNO\n";
    }
} else {
    croak "mv: 'test_file_copy.txt': No such file or directory\n";
};
            local $CHILD_ERROR = 0;
            1;
    };
    if ( !$eval_result ) {
        local $CHILD_ERROR = 256;
    }
    q{};
    };
    if ( $CHILD_ERROR == 0 ) {
        my $right_result_2 = ("Move successful");
        $left_result_2 . $right_result_2;
    }
    else {
        q{};
    }
};
do {
    my $output = "Move result: $mv_result";
    print $output;
    if ( !( $output =~ m{\n$}msx ) ) {
        print "\n";
    }
};
open STDERR, '>', '/dev/null' or croak "Cannot open file: $OS_ERROR\n";
my @ls_files_3 = ();
if ( -f 'test_file.txt' ) {
    push @ls_files_3, 'test_file.txt';
}
elsif ( -d 'test_file.txt' ) {
    if ( opendir my $dh, 'test_file.txt' ) {
        while ( my $file = readdir $dh ) {
            next if $file eq q{.} || $file eq q{..} || $file =~ /^[.]/msx;
            next if $file =~ /^__tmp_.*[.]pl$/msx;
            next if $file =~ /^(debug_|temp_|test_|file\d*[.]txt)$/msx;
            push @ls_files_3, $file;
        }
        closedir $dh;
    }
}
if ( -f 'test_file_copy.txt' ) {
    push @ls_files_3, 'test_file_copy.txt';
}
elsif ( -d 'test_file_copy.txt' ) {
    if ( opendir my $dh, 'test_file_copy.txt' ) {
        while ( my $file = readdir $dh ) {
            next if $file eq q{.} || $file eq q{..} || $file =~ /^[.]/msx;
            next if $file =~ /^__tmp_.*[.]pl$/msx;
            next if $file =~ /^(debug_|temp_|test_|file\d*[.]txt)$/msx;
            push @ls_files_3, $file;
        }
        closedir $dh;
    }
}
if ( -f 'test_file_moved.txt' ) {
    push @ls_files_3, 'test_file_moved.txt';
}
elsif ( -d 'test_file_moved.txt' ) {
    if ( opendir my $dh, 'test_file_moved.txt' ) {
        while ( my $file = readdir $dh ) {
            next if $file eq q{.} || $file eq q{..} || $file =~ /^[.]/msx;
            next if $file =~ /^__tmp_.*[.]pl$/msx;
            next if $file =~ /^(debug_|temp_|test_|file\d*[.]txt)$/msx;
            push @ls_files_3, $file;
        }
        closedir $dh;
    }
}
if (@ls_files_3) {
    print join "\n", @ls_files_3;
    print "\n";
    my $expected_count = 3;
    if ( @ls_files_3 == $expected_count ) {
        local $CHILD_ERROR = 0;
        $ls_success = 1;
    }
    else {
        local $CHILD_ERROR = 2;
        $ls_success = 0;
    }
}
else {
    local $CHILD_ERROR = 1;
    $ls_success = 0;
}
if ( !defined $ls_success || $ls_success == 0 ) {
        print "No test files found\n";
}
print "\n";
print "=== rm command ===\n";
my $rm_result = do {
    my $left_result_4 = do {
    local $CHILD_ERROR = 0;
    my $eval_result = eval {
    if ( -e "test_file.txt" ) {
    if ( -d "test_file.txt" ) {
        croak "rm: ", "test_file.txt",
          " is a directory (use -r to remove recursively)\n";
    }
    else {
        if ( unlink "test_file.txt" ) {
            $main_exit_code = 0;
        }
        else {
            croak "rm: cannot remove ", "test_file.txt",
              ": $OS_ERROR\n";
        }
    }
}
else {
    local $CHILD_ERROR = 1;
    croak "rm: ", "test_file.txt", ": No such file or directory\n";
}
if ( -e "test_file_moved.txt" ) {
    if ( -d "test_file_moved.txt" ) {
        croak "rm: ", "test_file_moved.txt",
          " is a directory (use -r to remove recursively)\n";
    }
    else {
        if ( unlink "test_file_moved.txt" ) {
            $main_exit_code = 0;
        }
        else {
            croak "rm: cannot remove ", "test_file_moved.txt",
              ": $OS_ERROR\n";
        }
    }
}
else {
    local $CHILD_ERROR = 1;
    croak "rm: ", "test_file_moved.txt", ": No such file or directory\n";
};
            local $CHILD_ERROR = 0;
            1;
    };
    if ( !$eval_result ) {
        local $CHILD_ERROR = 256;
    }
    q{};
    };
    if ( $CHILD_ERROR == 0 ) {
        my $right_result_4 = ("Remove successful");
        $left_result_4 . $right_result_4;
    }
    else {
        q{};
    }
};
do {
    my $output = "Remove result: $rm_result";
    print $output;
    if ( !( $output =~ m{\n$}msx ) ) {
        print "\n";
    }
};
open STDERR, '>', '/dev/null' or croak "Cannot open file: $OS_ERROR\n";
my @ls_files_5 = ();
if ( -f 'test_file.txt' ) {
    push @ls_files_5, 'test_file.txt';
}
elsif ( -d 'test_file.txt' ) {
    if ( opendir my $dh, 'test_file.txt' ) {
        while ( my $file = readdir $dh ) {
            next if $file eq q{.} || $file eq q{..} || $file =~ /^[.]/msx;
            next if $file =~ /^__tmp_.*[.]pl$/msx;
            next if $file =~ /^(debug_|temp_|test_|file\d*[.]txt)$/msx;
            push @ls_files_5, $file;
        }
        closedir $dh;
    }
}
if ( -f 'test_file_copy.txt' ) {
    push @ls_files_5, 'test_file_copy.txt';
}
elsif ( -d 'test_file_copy.txt' ) {
    if ( opendir my $dh, 'test_file_copy.txt' ) {
        while ( my $file = readdir $dh ) {
            next if $file eq q{.} || $file eq q{..} || $file =~ /^[.]/msx;
            next if $file =~ /^__tmp_.*[.]pl$/msx;
            next if $file =~ /^(debug_|temp_|test_|file\d*[.]txt)$/msx;
            push @ls_files_5, $file;
        }
        closedir $dh;
    }
}
if ( -f 'test_file_moved.txt' ) {
    push @ls_files_5, 'test_file_moved.txt';
}
elsif ( -d 'test_file_moved.txt' ) {
    if ( opendir my $dh, 'test_file_moved.txt' ) {
        while ( my $file = readdir $dh ) {
            next if $file eq q{.} || $file eq q{..} || $file =~ /^[.]/msx;
            next if $file =~ /^__tmp_.*[.]pl$/msx;
            next if $file =~ /^(debug_|temp_|test_|file\d*[.]txt)$/msx;
            push @ls_files_5, $file;
        }
        closedir $dh;
    }
}
if (@ls_files_5) {
    print join "\n", @ls_files_5;
    print "\n";
    my $expected_count = 3;
    if ( @ls_files_5 == $expected_count ) {
        local $CHILD_ERROR = 0;
        $ls_success = 1;
    }
    else {
        local $CHILD_ERROR = 2;
        $ls_success = 0;
    }
}
else {
    local $CHILD_ERROR = 1;
    $ls_success = 0;
}
if ( !defined $ls_success || $ls_success == 0 ) {
        print "No test files found\n";
}
print "\n";
print "=== mkdir command ===\n";
my $mkdir_result = do {
    my $left_result_6 = do {
    use File::Path qw(make_path);
    if (!-d 'test_dir') {
    if (mkdir 'test_dir') {
    # print "mkdir: created directory 'test_dir'\n";
    } else {
    croak "mkdir: cannot create directory 'test_dir': $ERRNO\n";
    }
    } else {
    print {\*STDERR} "mkdir: cannot create directory 'test_dir': File exists\n";
    local $CHILD_ERROR = 256;
    };
    q{};
    };
    if ( $CHILD_ERROR == 0 ) {
        my $right_result_6 = ("Directory created");
        $left_result_6 . $right_result_6;
    }
    else {
        q{};
    }
};
do {
    my $output = "Mkdir result: $mkdir_result";
    print $output;
    if ( !( $output =~ m{\n$}msx ) ) {
        print "\n";
    }
};
if (-e "test_dir/file") {
my $current_time = time;
utime $current_time, $current_time, "test_dir/file";
} else {
if (open my $fh, '>', "test_dir/file") {
close $fh
  or croak "Close failed: $ERRNO";
} else {
croak "touch: cannot create ", "test_dir/file", ": $ERRNO\n";
}
}
open STDERR, '>', '/dev/null' or croak "Cannot open file: $OS_ERROR\n";
my @ls_files_8 = ();
if ( -f 'test_dir' ) {
    push @ls_files_8, 'test_dir';
}
elsif ( -d 'test_dir' ) {
    if ( opendir my $dh, 'test_dir' ) {
        while ( my $file = readdir $dh ) {
            next if $file eq q{.} || $file eq q{..} || $file =~ /^[.]/msx;
            next if $file =~ /^__tmp_.*[.]pl$/msx;
            next if $file =~ /^(debug_|temp_|test_|file\d*[.]txt)$/msx;
            push @ls_files_8, $file;
        }
        closedir $dh;
    }
}
if (@ls_files_8) {
    print join "\n", @ls_files_8;
    print "\n";
    my $expected_count = 1;
    if ( @ls_files_8 == $expected_count ) {
        local $CHILD_ERROR = 0;
        $ls_success = 1;
    }
    else {
        local $CHILD_ERROR = 2;
        $ls_success = 0;
    }
}
else {
    local $CHILD_ERROR = 1;
    $ls_success = 0;
}
if ( !defined $ls_success || $ls_success == 0 ) {
        print "Directory not found\n";
}
if ( -e "test_dir/file" ) {
    if ( -d "test_dir/file" ) {
        croak "rm: ", "test_dir/file",
          " is a directory (use -r to remove recursively)\n";
    }
    else {
        if ( unlink "test_dir/file" ) {
            $main_exit_code = 0;
        }
        else {
            croak "rm: cannot remove ", "test_dir/file",
              ": $OS_ERROR\n";
        }
    }
}
else {
    local $CHILD_ERROR = 1;
    croak "rm: ", "test_dir/file", ": No such file or directory\n";
}
if (-d 'test_dir') {
if (rmdir 'test_dir') {
} else {
croak "rmdir: cannot remove directory 'test_dir': $ERRNO\n";
}
} else {
croak "rmdir: 'test_dir': No such file or directory\n";
}
print "\n";
print "=== touch command ===\n";
my $touch_result = do {
    my $left_result_9 = do {
    local $CHILD_ERROR = 0;
    my $eval_result = eval {
    if (-e "test_file.txt") {
my $current_time = time;
utime $current_time, $current_time, "test_file.txt";
} else {
if (open my $fh, '>', "test_file.txt") {
close $fh
  or croak "Close failed: $ERRNO";
} else {
croak "touch: cannot create ", "test_file.txt", ": $ERRNO\n";
}
};
            local $CHILD_ERROR = 0;
            1;
    };
    if ( !$eval_result ) {
        local $CHILD_ERROR = 256;
    }
    q{};
    };
    if ( $CHILD_ERROR == 0 ) {
        my $right_result_9 = ("File touched");
        $left_result_9 . $right_result_9;
    }
    else {
        q{};
    }
};
do {
    my $output = "Touch result: $touch_result";
    print $output;
    if ( !( $output =~ m{\n$}msx ) ) {
        print "\n";
    }
};
print "\n";
if ( -e "test_file.txt" ) {
    if ( -d "test_file.txt" ) {
        carp "rm: carping: ", "test_file.txt",
          " is a directory (use -r to remove recursively)\n";
    }
    else {
        if ( unlink "test_file.txt" ) {
            $main_exit_code = 0;
        }
        else {
            carp "rm: carping: could not remove ", "test_file.txt",
              ": $OS_ERROR\n";
        }
    }
}
else {
    local $CHILD_ERROR = 0;
    carp "rm: carping: ", "test_file.txt", ": No such file or directory\n";
}
if ( -e "test_file_copy.txt" ) {
    if ( -d "test_file_copy.txt" ) {
        carp "rm: carping: ", "test_file_copy.txt",
          " is a directory (use -r to remove recursively)\n";
    }
    else {
        if ( unlink "test_file_copy.txt" ) {
            $main_exit_code = 0;
        }
        else {
            carp "rm: carping: could not remove ", "test_file_copy.txt",
              ": $OS_ERROR\n";
        }
    }
}
else {
    local $CHILD_ERROR = 0;
    carp "rm: carping: ", "test_file_copy.txt", ": No such file or directory\n";
}
if ( -e "test_file_moved.txt" ) {
    if ( -d "test_file_moved.txt" ) {
        carp "rm: carping: ", "test_file_moved.txt",
          " is a directory (use -r to remove recursively)\n";
    }
    else {
        if ( unlink "test_file_moved.txt" ) {
            $main_exit_code = 0;
        }
        else {
            carp "rm: carping: could not remove ", "test_file_moved.txt",
              ": $OS_ERROR\n";
        }
    }
}
else {
    local $CHILD_ERROR = 0;
    carp "rm: carping: ", "test_file_moved.txt", ": No such file or directory\n";
}
open STDERR, '>', '/dev/null' or croak "Cannot open file: $OS_ERROR\n";
if ( -e "test_dir" ) {
    if ( -d "test_dir" ) {
        my $err;
        remove_tree("test_dir", {error => \$err});
        if (@{$err}) {
            carp "rm: carping: could not remove ", "test_dir", ": $err->[0]\n";
        }
        else {
            $main_exit_code = 0;
        }
    }
    else {
        if ( unlink "test_dir" ) {
            $main_exit_code = 0;
        }
        else {
            carp "rm: carping: could not remove ", "test_dir",
              ": $OS_ERROR\n";
        }
    }
}
else {
    local $CHILD_ERROR = 0;
    carp "rm: carping: ", "test_dir", ": No such file or directory\n";
}
if ($CHILD_ERROR != 0) {
    1;
}

exit $main_exit_code;

```

perlcritic_wrapper: Started, parse args took 1.2e-05s
perlcritic_wrapper: File read took 0.000509s
perlcritic_wrapper: SHA1 hash took 8.1e-05s
perlcritic_wrapper: Cache hit, read took 0.000507s

FAILED: Code is not tidy

Writing test count 0 to first_n_tests_passed.txt
Current working directory: "D:\\GitHub\\sh2perl"
Successfully wrote test count 0 and matching stdout lines 0 to first_n_tests_passed.txt

To run test again: ./fail 000__03
Test run completed at Mon Apr  6 05:37:33 AWST 2026
