Starting test run at Tue, Sep 23, 2025 12:52:07 PM
Logging to: logs/fail_run_20250923_125206.log
Test arguments: 000__04e
----------------------------------------
Compiling debashc...
warning: unused import: `regex::Regex`
 --> src\generator\commands\pipeline_commands.rs:4:5
  |
4 | use regex::Regex;
  |     ^^^^^^^^^^^^
  |
  = note: `#[warn(unused_imports)]` on by default

warning: unused import: `std::collections::HashMap`
 --> src\generator\redirects.rs:4:5
  |
4 | use std::collections::HashMap;
  |     ^^^^^^^^^^^^^^^^^^^^^^^^^

warning: unused doc comment
   --> src\timeout_manager.rs:282:1
    |
282 | /// Global timeout manager instance
    | ^^^^^^^^^^^^^^^^^^^^^^^^^^^^^^^^^^^ rustdoc does not generate documentation for macro invocations
    |
    = help: to document an item produced by a macro, the macro must produce the documentation as part of its expansion
    = note: `#[warn(unused_doc_comments)]` on by default

warning: unused variable: `glob_exprs`
  --> src\generator\commands\simple_commands.rs:38:45
   |
38 | ...                   let glob_exprs: Vec<String> = patterns.iter()
   |                           ^^^^^^^^^^ help: if this is intentional, prefix it with an underscore: `_glob_exprs`
   |
   = note: `#[warn(unused_variables)]` on by default

warning: unused variable: `cmd2`
   --> src\generator\commands\pipeline_commands.rs:469:66
    |
469 | ...ct_cmd), Command::Simple(cmd2)) = (&pipeline.commands[0], &pipeline...
    |                             ^^^^ help: if this is intentional, prefix it with an underscore: `_cmd2`

warning: variable `head_max` is assigned to, but never used
   --> src\generator\commands\pipeline_commands.rs:836:25
    |
836 |                 let mut head_max = 10; // Default value
    |                         ^^^^^^^^
    |
    = note: consider using `_head_max` instead

warning: value assigned to `head_max` is never read
   --> src\generator\commands\pipeline_commands.rs:847:53
    |
847 | ...                   head_max = num;
    |                       ^^^^^^^^
    |
    = help: maybe it is overwritten before being read?
    = note: `#[warn(unused_assignments)]` on by default

warning: value assigned to `head_max` is never read
   --> src\generator\commands\pipeline_commands.rs:854:53
    |
854 | ...                   head_max = num;
    |                       ^^^^^^^^
    |
    = help: maybe it is overwritten before being read?

warning: value assigned to `head_max` is never read
   --> src\generator\commands\pipeline_commands.rs:859:49
    |
859 | ...                   head_max = num;
    |                       ^^^^^^^^
    |
    = help: maybe it is overwritten before being read?

warning: unused variable: `i`
   --> src\generator\commands\pipeline_commands.rs:883:22
    |
883 |                 for (i, command) in pipeline.commands[start_index..].i...
    |                      ^ help: if this is intentional, prefix it with an underscore: `_i`

warning: unused variable: `j`
   --> src\generator\commands\pipeline_commands.rs:897:34
    |
897 | ...                      for (j, nested_command) in nested_pipeline.co...
    |                               ^ help: if this is intentional, prefix it with an underscore: `_j`

warning: unused variable: `cmd`
  --> src\generator\commands\system_commands.rs:36:35
   |
36 |         Word::CommandSubstitution(cmd, _) => {
   |                                   ^^^ help: if this is intentional, prefix it with an underscore: `_cmd`

warning: unused variable: `output`
  --> src\generator\commands\find.rs:42:13
   |
42 |     let mut output = String::new();
   |             ^^^^^^ help: if this is intentional, prefix it with an underscore: `_output`

warning: variable does not need to be mutable
  --> src\generator\commands\find.rs:42:9
   |
42 |     let mut output = String::new();
   |         ----^^^^^^
   |         |
   |         help: remove this `mut`
   |
   = note: `#[warn(unused_mut)]` on by default

warning: unused variable: `input_var`
 --> src\generator\commands\comm.rs:7:5
  |
7 |     input_var: &str,
  |     ^^^^^^^^^ help: if this is intentional, prefix it with an underscore: `_input_var`

warning: unused variable: `command_str`
   --> src\generator\words.rs:592:37
    |
592 | ...                   let command_str = generator.word_to_perl(command);
    |                           ^^^^^^^^^^^ help: if this is intentional, prefix it with an underscore: `_command_str`

warning: unused variable: `s`
   --> src\generator\words.rs:889:23
    |
889 |         Word::Literal(s, _) => generator.perl_string_literal(word),
    |                       ^ help: if this is intentional, prefix it with an underscore: `_s`

warning: unused variable: `operation_handle`
   --> src\timeout_manager.rs:151:13
    |
151 |         let operation_handle = thread::spawn(move || {
    |             ^^^^^^^^^^^^^^^^ help: if this is intentional, prefix it with an underscore: `_operation_handle`

warning: unused variable: `operation_handle`
   --> src\timeout_manager.rs:194:13
    |
194 |         let operation_handle = thread::spawn(move || {
    |             ^^^^^^^^^^^^^^^^ help: if this is intentional, prefix it with an underscore: `_operation_handle`

warning: methods `parse_variable_expansion` and `parse_arithmetic_expression` are never used
    --> src\parser\commands.rs:1186:8
     |
  20 | impl Parser {
     | ----------- methods in this implementation
...
1186 |     fn parse_variable_expansion(&mut self) -> Result<Word, ParserErro...
     |        ^^^^^^^^^^^^^^^^^^^^^^^^
...
1255 |     fn parse_arithmetic_expression(&mut self) -> Result<Word, ParserE...
     |        ^^^^^^^^^^^^^^^^^^^^^^^^^^^
     |
     = note: `#[warn(dead_code)]` on by default

warning: function `parse_command` is never used
    --> src\parser\control_flow.rs:1075:4
     |
1075 | fn parse_command(parser: &mut Parser) -> Result<Command, ParserError> {
     |    ^^^^^^^^^^^^^

warning: function `parse_assignment` is never used
    --> src\parser\control_flow.rs:1285:4
     |
1285 | fn parse_assignment(parser: &mut Parser) -> Result<Command, ParserErr...
     |    ^^^^^^^^^^^^^^^^

warning: function `parse_parameter_expansion` is never used
    --> src\parser\words.rs:1885:4
     |
1885 | fn parse_parameter_expansion(_lexer: &mut Lexer) -> Result<Word, Pars...
     |    ^^^^^^^^^^^^^^^^^^^^^^^^^

warning: function `escape_glob_pattern` is never used
 --> src\generator\commands\find.rs:4:4
  |
4 | fn escape_glob_pattern(pattern: &str) -> String {
  |    ^^^^^^^^^^^^^^^^^^^

warning: function `parse_size_to_bytes` is never used
   --> src\generator\commands\find.rs:195:4
    |
195 | fn parse_size_to_bytes(size_str: &str) -> u64 {
    |    ^^^^^^^^^^^^^^^^^^^

warning: function `generate_tr_linebyline_impl` is never used
  --> src\generator\commands\tr.rs:24:4
   |
24 | fn generate_tr_linebyline_impl(generator: &mut Generator, cmd: &SimpleC...
   |    ^^^^^^^^^^^^^^^^^^^^^^^^^^^

warning: function `generate_tr_buffered_impl` is never used
  --> src\generator\commands\tr.rs:73:4
   |
73 | fn generate_tr_buffered_impl(generator: &mut Generator, cmd: &SimpleCom...
   |    ^^^^^^^^^^^^^^^^^^^^^^^^^

warning: function `is_variable_used_after_for_loop` is never used
   --> src\generator\control_flow.rs:228:4
    |
228 | fn is_variable_used_after_for_loop(commands: &[Command], for_loop_var:...
    |    ^^^^^^^^^^^^^^^^^^^^^^^^^^^^^^^

warning: fields `variable_usage` and `scope_depth` are never read
  --> src\variable_analysis.rs:8:5
   |
 6 | pub struct VariableUsageAnalyzer {
   |            --------------------- fields in this struct
 7 |     /// Maps variable names to their usage information
 8 |     variable_usage: HashMap<String, VariableUsageInfo>,
   |     ^^^^^^^^^^^^^^
 9 |     /// Current scope depth for tracking nested scopes
10 |     scope_depth: usize,
   |     ^^^^^^^^^^^
   |
   = note: `VariableUsageAnalyzer` has derived impls for the traits `Clone` and `Debug`, but these are intentionally ignored during dead code analysis

warning: `debashl` (lib) generated 29 warnings (run `cargo fix --lib -p debashl` to apply 3 suggestions)
warning: unused import: `execute_with_progress`
 --> src\testing.rs:9:67
  |
9 | ..., execute_with_timeout, execute_with_progress, 
  |                            ^^^^^^^^^^^^^^^^^^^^^
  |
  = note: `#[warn(unused_imports)]` on by default

warning: unused import: `debashl::parser::errors::ParserError`
  --> src\testing.rs:16:5
   |
16 | use debashl::parser::errors::ParserError;
   |     ^^^^^^^^^^^^^^^^^^^^^^^^^^^^^^^^^^^^

warning: unused variable: `operation_handle`
  --> src\testing.rs:25:9
   |
25 |     let operation_handle = std::thread::spawn(move || {
   |         ^^^^^^^^^^^^^^^^ help: if this is intentional, prefix it with an underscore: `_operation_handle`
   |
   = note: `#[warn(unused_variables)]` on by default

warning: variable does not need to be mutable
    --> src\testing.rs:1163:9
     |
1163 |     let mut should_break = false;
     |         ----^^^^^^^^^^^^
     |         |
     |         help: remove this `mut`
     |
     = note: `#[warn(unused_mut)]` on by default

warning: unused variable: `overall_start`
    --> src\testing.rs:1372:9
     |
1372 |     let overall_start = std::time::Instant::now();
     |         ^^^^^^^^^^^^^ help: if this is intentional, prefix it with an underscore: `_overall_start`

warning: unused variable: `test_loop_start`
    --> src\testing.rs:1420:9
     |
1420 |     let test_loop_start = std::time::Instant::now();
     |         ^^^^^^^^^^^^^^^ help: if this is intentional, prefix it with an underscore: `_test_loop_start`

warning: unused variable: `should_break`
    --> src\testing.rs:1969:13
     |
1969 |     let mut should_break = false;
     |             ^^^^^^^^^^^^ help: if this is intentional, prefix it with an underscore: `_should_break`

warning: variable does not need to be mutable
    --> src\testing.rs:1969:9
     |
1969 |     let mut should_break = false;
     |         ----^^^^^^^^^^^^
     |         |
     |         help: remove this `mut`

warning: function `run_perl_script` is never used
  --> src\execution.rs:62:8
   |
62 | pub fn run_perl_script(script_path: &str) -> Result<std::process::Outpu...
   |        ^^^^^^^^^^^^^^^
   |
   = note: `#[warn(dead_code)]` on by default

warning: function `extract_line_col` is never used
 --> src\utils.rs:4:8
  |
4 | pub fn extract_line_col(e: &dyn std::error::Error) -> Option<(usize, usi...
  |        ^^^^^^^^^^^^^^^^

warning: function `parse_line_col` is never used
  --> src\utils.rs:17:8
   |
17 | pub fn parse_line_col(s: &str) -> Option<(usize, usize)> {
   |        ^^^^^^^^^^^^^^

warning: function `caret_snippet` is never used
  --> src\utils.rs:25:8
   |
25 | pub fn caret_snippet(input: &str, line: usize, col: usize) -> Option<St...
   |        ^^^^^^^^^^^^^

warning: function `with_timeout` is never used
  --> src\testing.rs:19:4
   |
19 | fn with_timeout<F, T>(timeout_secs: u64, operation: F) -> Result<T, Str...
   |    ^^^^^^^^^^^^

warning: fields `shell_duration` and `translated_duration` are never read
  --> src\testing.rs:52:9
   |
39 | pub struct TestResult {
   |            ---------- fields in this struct
...
52 |     pub shell_duration: std::time::Duration, // Shell execution time
   |         ^^^^^^^^^^^^^^
53 |     pub translated_duration: std::time::Duration, // Translated program...
   |         ^^^^^^^^^^^^^^^^^^^
   |
   = note: `TestResult` has a derived impl for the trait `Debug`, but this is intentionally ignored during dead code analysis

warning: function `test_file_equivalence_detailed` is never used
   --> src\testing.rs:552:8
    |
552 | pub fn test_file_equivalence_detailed(lang: &str, filename: &str, ast_...
    |        ^^^^^^^^^^^^^^^^^^^^^^^^^^^^^^

warning: function `test_all_examples_next_fail` is never used
    --> src\testing.rs:1368:8
     |
1368 | pub fn test_all_examples_next_fail(generators: &[String], test_prefix...
     |        ^^^^^^^^^^^^^^^^^^^^^^^^^^^

warning: function `extract_core_perl_logic` is never used
   --> src\cli_commands.rs:198:4
    |
198 | fn extract_core_perl_logic(perl_code: &str) -> String {
    |    ^^^^^^^^^^^^^^^^^^^^^^^

warning: function `export_mir_to_json` is never used
   --> src\cli_commands.rs:445:8
    |
445 | pub fn export_mir_to_json(input: &str, _optimize: bool) {
    |        ^^^^^^^^^^^^^^^^^^

warning: variants `Parsing`, `CodeGeneration`, `FileOperations`, `TestExecution`, and `DebugFreeze` are never constructed
  --> src\timeout_manager.rs:11:5
   |
 8 | pub enum OperationType {
   |          ------------- variants in this enum
...
11 |     Parsing,            // Parsing shell scripts
   |     ^^^^^^^
12 |     CodeGeneration,     // Generating Perl code
   |     ^^^^^^^^^^^^^^
13 |     FileOperations,     // File I/O operations
   |     ^^^^^^^^^^^^^^
14 |     TestExecution,      // Overall test execution
   |     ^^^^^^^^^^^^^
15 |     DebugFreeze,        // Debug freeze pause
   |     ^^^^^^^^^^^
   |
   = note: `OperationType` has derived impls for the traits `Clone` and `Debug`, but these are intentionally ignored during dead code analysis

warning: methods `set_freeze_duration` and `get_freeze_duration` are never used
  --> src\timeout_manager.rs:74:12
   |
51 | impl DebugFreezeManager {
   | ----------------------- methods in this implementation
...
74 |     pub fn set_freeze_duration(&mut self, duration: Duration) {
   |            ^^^^^^^^^^^^^^^^^^^
...
78 |     pub fn get_freeze_duration(&self) -> Duration {
   |            ^^^^^^^^^^^^^^^^^^^

warning: methods `set_timeout` and `execute_with_progress` are never used
   --> src\timeout_manager.rs:117:12
    |
 90 | impl TimeoutManager {
    | ------------------- methods in this implementation
...
117 |     pub fn set_timeout(&mut self, operation: OperationType, duration: ...
    |            ^^^^^^^^^^^
...
178 |     pub fn execute_with_progress<F, T>(&self, operation: OperationType...
    |            ^^^^^^^^^^^^^^^^^^^^^

warning: function `execute_with_progress` is never used
   --> src\timeout_manager.rs:302:8
    |
302 | pub fn execute_with_progress<F, T>(operation: OperationType, operation...
    |        ^^^^^^^^^^^^^^^^^^^^^

warning: error finalizing incremental compilation session directory `\\?\D:\GitHub\sh2perl\target\debug\incremental\debashc-11fosgsj2c62y\s-hbdf49nt46-0pfm3j6-working`: Access is denied. (os error 5)

warning: `debashl` (bin "debashc") generated 26 warnings (3 duplicates) (run `cargo fix --bin "debashc"` to apply 4 suggestions)
    Finished `dev` profile [unoptimized + debuginfo] target(s) in 0.36s
Running test_purify.pl validation...
Unknown option: verbose
Error in command line arguments
test_purify.pl passed, continuing with other commands...
Running debashc with fine-grained per-test timeouts...
Running: debashc test generation and execution
Command: ./target/debug/debashc.exe fail --perl-critic "000__04e"
Timeout: Per-test timeouts (30s shell, 10s parse, 5s generate)
----------------------------------------
Running ALL 146 examples (limited to 50 tests to prevent timeout)

DEBUG: Looking for prefix '000__04e'

Found example matching prefix '000__04e': 000__04e_file_manipulation.sh

Running only the specified example
==================================================
DEBUG: Progress: 5/146 tests completed (3.4%)
Test 8/146: 000__04e_file_manipulation.sh with perl     DEBUG: Starting test execution for examples\000__04e_file_manipulation.sh with generator perl
DEBUG: Running shell script: examples\000__04e_file_manipulation.sh
DEBUG: Timeout manager starting ShellExecution with timeout of 120.0 seconds
DEBUG: Timeout manager completed ShellExecution successfully
DEBUG: Shell script completed in 0.28s
DEBUG: Shell script execution completed, now starting Perl generation
DEBUG: Setting original script name to: 000__04e_file_manipulation.sh
DEBUG: CommandSubstitution called with command: And(Simple(SimpleCommand { name: Literal("cp", None), args: [Literal("test_file.txt", None), Literal("test_file_copy.txt", None)], redirects: [], env_vars: {}, stdout_used: true, stderr_used: true }), Simple(SimpleCommand { name: Literal("echo", None), args: [StringInterpolation(StringInterpolation { parts: [Literal("Copy successful")] }, None)], redirects: [], env_vars: {}, stdout_used: true, stderr_used: true }))
DEBUG: CommandSubstitution called with command: Simple(SimpleCommand { name: Literal("cp", None), args: [Literal("test_file.txt", None), Literal("test_file_copy.txt", None)], redirects: [], env_vars: {}, stdout_used: true, stderr_used: true })
DEBUG: words.rs - Using native cp implementation for command substitution
DEBUG: CommandSubstitution called with command: Simple(SimpleCommand { name: Literal("echo", None), args: [StringInterpolation(StringInterpolation { parts: [Literal("Copy successful")] }, None)], redirects: [], env_vars: {}, stdout_used: true, stderr_used: true })
DEBUG: ls command file/directory argument: 'test_file.txt'
DEBUG: ls command file/directory argument: 'test_file_copy.txt'
DEBUG: ls command file/directory argument: 'test_file_moved.txt'
DEBUG: CommandSubstitution called with command: And(Simple(SimpleCommand { name: Literal("mv", None), args: [Literal("test_file_copy.txt", None), Literal("test_file_moved.txt", None)], redirects: [], env_vars: {}, stdout_used: true, stderr_used: true }), Simple(SimpleCommand { name: Literal("echo", None), args: [StringInterpolation(StringInterpolation { parts: [Literal("Move successful")] }, None)], redirects: [], env_vars: {}, stdout_used: true, stderr_used: true }))
DEBUG: CommandSubstitution called with command: Simple(SimpleCommand { name: Literal("mv", None), args: [Literal("test_file_copy.txt", None), Literal("test_file_moved.txt", None)], redirects: [], env_vars: {}, stdout_used: true, stderr_used: true })
DEBUG: words.rs - Using native mv implementation for command substitution
DEBUG: CommandSubstitution called with command: Simple(SimpleCommand { name: Literal("echo", None), args: [StringInterpolation(StringInterpolation { parts: [Literal("Move successful")] }, None)], redirects: [], env_vars: {}, stdout_used: true, stderr_used: true })
DEBUG: ls command file/directory argument: 'test_file.txt'
DEBUG: ls command file/directory argument: 'test_file_copy.txt'
DEBUG: ls command file/directory argument: 'test_file_moved.txt'
DEBUG: CommandSubstitution called with command: And(Simple(SimpleCommand { name: Literal("rm", None), args: [Literal("test_file.txt", None), Literal("test_file_moved.txt", None)], redirects: [], env_vars: {}, stdout_used: true, stderr_used: true }), Simple(SimpleCommand { name: Literal("echo", None), args: [StringInterpolation(StringInterpolation { parts: [Literal("Remove successful")] }, None)], redirects: [], env_vars: {}, stdout_used: true, stderr_used: true }))
DEBUG: CommandSubstitution called with command: Simple(SimpleCommand { name: Literal("rm", None), args: [Literal("test_file.txt", None), Literal("test_file_moved.txt", None)], redirects: [], env_vars: {}, stdout_used: true, stderr_used: true })
DEBUG: words.rs - Using native rm implementation for command substitution
DEBUG: CommandSubstitution called with command: Simple(SimpleCommand { name: Literal("echo", None), args: [StringInterpolation(StringInterpolation { parts: [Literal("Remove successful")] }, None)], redirects: [], env_vars: {}, stdout_used: true, stderr_used: true })
DEBUG: ls command file/directory argument: 'test_file.txt'
DEBUG: ls command file/directory argument: 'test_file_copy.txt'
DEBUG: ls command file/directory argument: 'test_file_moved.txt'
DEBUG: CommandSubstitution called with command: And(Simple(SimpleCommand { name: Literal("mkdir", None), args: [Literal("test_dir", None)], redirects: [], env_vars: {}, stdout_used: true, stderr_used: true }), Simple(SimpleCommand { name: Literal("echo", None), args: [StringInterpolation(StringInterpolation { parts: [Literal("Directory created")] }, None)], redirects: [], env_vars: {}, stdout_used: true, stderr_used: true }))
DEBUG: CommandSubstitution called with command: Simple(SimpleCommand { name: Literal("mkdir", None), args: [Literal("test_dir", None)], redirects: [], env_vars: {}, stdout_used: true, stderr_used: true })
DEBUG: words.rs - Using native mkdir implementation for command substitution
DEBUG: CommandSubstitution called with command: Simple(SimpleCommand { name: Literal("echo", None), args: [StringInterpolation(StringInterpolation { parts: [Literal("Directory created")] }, None)], redirects: [], env_vars: {}, stdout_used: true, stderr_used: true })
DEBUG: ls command file/directory argument: 'test_dir'
DEBUG: CommandSubstitution called with command: And(Simple(SimpleCommand { name: Literal("touch", None), args: [Literal("test_file.txt", None)], redirects: [], env_vars: {}, stdout_used: true, stderr_used: true }), Simple(SimpleCommand { name: Literal("echo", None), args: [StringInterpolation(StringInterpolation { parts: [Literal("File touched")] }, None)], redirects: [], env_vars: {}, stdout_used: true, stderr_used: true }))
DEBUG: CommandSubstitution called with command: Simple(SimpleCommand { name: Literal("touch", None), args: [Literal("test_file.txt", None)], redirects: [], env_vars: {}, stdout_used: true, stderr_used: true })
DEBUG: words.rs - Using native touch implementation for command substitution
DEBUG: CommandSubstitution called with command: Simple(SimpleCommand { name: Literal("echo", None), args: [StringInterpolation(StringInterpolation { parts: [Literal("File touched")] }, None)], redirects: [], env_vars: {}, stdout_used: true, stderr_used: true })
DEBUG: Perl code generated, length: 14338 characters
DEBUG: check_perl_no_open3_builtins called with 14338 characters
Warning: Failed to create regex for builtin '[': regex parse error:
    open3\s*\(\s*[^,]+,\s*[^,]+,\s*[^,]+,\s*['"][['"]
                                                ^
error: unclosed character class
Warning: Failed to create regex for builtin '[[': regex parse error:
    open3\s*\(\s*[^,]+,\s*[^,]+,\s*[^,]+,\s*['"][[['"]
                                                 ^
error: unclosed character class
DEBUG: check_perl_no_system_builtins called with 14338 characters
DEBUG: About to start translated program execution
DEBUG: About to execute Perl command: ["perl", "C:\\Users\\s_pam\\AppData\\Local\\Temp\\__tmp_test_output.pl"]
DEBUG: Perl code length: 14338 characters
DEBUG: First 200 characters of Perl code:
#!/usr/bin/env perl
use strict;
use warnings;
use Carp;
use English qw( -no_match_vars );
use locale;
use IPC::Open3;
use File::Path qw(make_path remove_tree);
use File::Copy qw(copy move);
use POSIX 
DEBUG: Starting Perl execution with timeout manager
DEBUG: Timeout manager starting PerlExecution with timeout of 30.0 seconds
DEBUG: Successfully spawned Perl process
DEBUG: Starting execution loop for Perl process
DEBUG: Execution loop iteration, elapsed: 3.8µs
DEBUG: Perl process completed with status: ExitStatus(ExitStatus(0))
DEBUG: Perl execution completed, duration: 289.7145ms, timed_out: false
DEBUG: Ending Perl execution with timeout manager
DEBUG: Timeout manager completed PerlExecution successfully
DEBUG: Test completed, comparing outputs
DEBUG: Shell stdout length: 360, Translated stdout length: 360
DEBUG: Shell stderr length: 0, Translated stderr length: 0
DEBUG: Shell exit: 0, Translated exit: 0
DEBUG: Test success: true
DEBUG: Test execution completed in 18792ms
✓


================================================================================
                                    TEST PASSED
================================================================================
File: examples\000__04e_file_manipulation.sh
Generator: perl
Test: 8/146
================================================================================

ORIGINAL SHELL SCRIPT:
#!/bin/bash

# File manipulation commands using backticks
# This file demonstrates file manipulation commands with backticks

echo "=== File Manipulation Commands ==="

# cp command with backticks (though it doesn't produce output)
#PERL_MUST_NOT_CONTAIN `cp
echo "test content" > test_file.txt
cp_result=`cp test_file.txt test_file_copy.txt && echo "Copy successful"`
echo "Copy result: $cp_result"
ls test_file.txt test_file_copy.txt test_file_moved.txt 2>/dev/null || echo "No test files found"

# mv command with backticks (though it doesn't produce output)
#PERL_MUST_NOT_CONTAIN `mv
mv_result=`mv test_file_copy.txt test_file_moved.txt && echo "Move successful"`
echo "Move result: $mv_result"
ls test_file.txt test_file_copy.txt test_file_moved.txt 2>/dev/null || echo "No test files found"

# rm command with backticks (though it doesn't produce output)
#PERL_MUST_NOT_CONTAIN `rm
rm_result=`rm test_file.txt test_file_moved.txt && echo "Remove successful"`
echo "Remove result: $rm_result"
ls test_file.txt test_file_copy.txt test_file_moved.txt 2>/dev/null || echo "No test files found"

# mkdir command with backticks (though it doesn't produce output)
#PERL_MUST_NOT_CONTAIN `mkdir
mkdir_result=`mkdir test_dir && echo "Directory created"`
echo "Mkdir result: $mkdir_result"
touch test_dir/file
ls test_dir 2>/dev/null || echo "Directory not found"

# touch command with backticks (though it doesn't produce output)
#PERL_MUST_NOT_CONTAIN `touch
touch_result=`touch test_file.txt && echo "File touched"`
echo "Touch result: $touch_result"

# Cleanup
rm -f test_file.txt test_file_copy.txt test_file_moved.txt
rm -rf test_dir 2>/dev/null || true

echo "=== File Manipulation Commands Complete ==="



TRANSLATED PERL CODE:
#!/usr/bin/env perl
use strict;
use warnings;
use Carp;
use English qw( -no_match_vars );
use locale;
use IPC::Open3;
use File::Path qw(make_path remove_tree);
use File::Copy qw(copy move);
use POSIX qw(time);

my $main_exit_code = 0;
my $ls_success = 0;
our $CHILD_ERROR;

print "=== File Manipulation Commands ===\n";
{
    open my $original_stdout, '>&', STDOUT
    or croak "Cannot save STDOUT: $ERRNO";
    open STDOUT, '>', 'test_file.txt'
    or croak "Cannot open file: $ERRNO";
    print "test content\n";
    open STDOUT, '>&', $original_stdout
    or croak "Cannot restore STDOUT: $ERRNO";
    close $original_stdout or croak "Close failed: $ERRNO";
}
my $cp_result = do {
    my $cmd_result_2 = do {
    my $left_result_0 = do {
    my $cmd_result_1 = do {
    local $CHILD_ERROR = 0;
    my $eval_result = eval {
    my $err;
if (-e "test_file.txt") {
    my $dest = "test_file_copy.txt";
    if (-d $dest) {
        $dest = "$dest/test_file.txt";
    }
    if (copy("test_file.txt", $dest)) {
        # print "cp: copied test_file.txt to $dest\n";
    } else {
        croak "cp: cannot copy test_file.txt to $dest: $ERRNO\n";
    }
} else {
    croak "cp: test_file.txt: No such file or directory\n";
};
            local $CHILD_ERROR = 0;
            1;
    };
    if (!$eval_result) {
        local $CHILD_ERROR = 256;
    };
    q{};
};
    chomp $cmd_result_1;
    $cmd_result_1;
};
    if ($CHILD_ERROR == 0) {
        my $right_result_0 = ("Copy successful");
        $left_result_0 . $right_result_0;
    } else {
        q{};
    }
};
    chomp $cmd_result_2;
    $cmd_result_2;
};
print "Copy result: $cp_result\n";
open STDERR, '>', '/dev/null' or croak "Cannot open file: $ERRNO\n";
my @ls_files_3 = ();
if (-f 'test_file.txt') {
    push @ls_files_3, 'test_file.txt';
} elsif (-d 'test_file.txt') {
    if (opendir my $dh, 'test_file.txt') {
        while (my $file = readdir $dh) {
            next if $file eq q{.} || $file eq q{..} || $file =~ /^[.]/msx;
            next if $file =~ /^__tmp_.*[.]pl$/msx;
            push @ls_files_3, $file;
        }
        closedir $dh;
    }
}
if (-f 'test_file_copy.txt') {
    push @ls_files_3, 'test_file_copy.txt';
} elsif (-d 'test_file_copy.txt') {
    if (opendir my $dh, 'test_file_copy.txt') {
        while (my $file = readdir $dh) {
            next if $file eq q{.} || $file eq q{..} || $file =~ /^[.]/msx;
            next if $file =~ /^__tmp_.*[.]pl$/msx;
            push @ls_files_3, $file;
        }
        closedir $dh;
    }
}
if (-f 'test_file_moved.txt') {
    push @ls_files_3, 'test_file_moved.txt';
} elsif (-d 'test_file_moved.txt') {
    if (opendir my $dh, 'test_file_moved.txt') {
        while (my $file = readdir $dh) {
            next if $file eq q{.} || $file eq q{..} || $file =~ /^[.]/msx;
            next if $file =~ /^__tmp_.*[.]pl$/msx;
            push @ls_files_3, $file;
        }
        closedir $dh;
    }
}
if (@ls_files_3) {
    print join "\n", @ls_files_3;
    print "\n";
    my $expected_count = 3;
    if (@ls_files_3 == $expected_count) {
        local $CHILD_ERROR = 0;
        $ls_success = 1;
    } else {
        local $CHILD_ERROR = 2;
        $ls_success = 0;
    }
} else {
    local $CHILD_ERROR = 1;
    $ls_success = 0;
}
if (!defined $ls_success || $ls_success == 0) {
        print "No test files found\n";
}
my $mv_result = do {
    my $cmd_result_6 = do {
    my $left_result_4 = do {
    my $cmd_result_5 = do {
    local $CHILD_ERROR = 0;
    my $eval_result = eval {
    my $force = 0;
if (-e "test_file_copy.txt") {
    my $dest = "test_file_moved.txt";
    if (-e $dest && -d $dest) {
        $dest = "$dest/test_file_copy.txt";
    }
    if (-e $dest && !$force) {
        croak "mv: $dest: File exists (use -f to force overwrite)\n";
    }
    my $dest_dir = $dest;
    $dest_dir =~ s/\/[^\/]*$//msx;
    if ($dest_dir eq $dest) {
        $dest_dir = q{};
    }
    if ($dest_dir ne q{} && !-d $dest_dir) {
        my $err;
        make_path($dest_dir, {error => \$err});
        if (@{$err}) {
            croak "mv: cannot create directory $dest_dir: $err->[0]\n";
        }
    }
    if (move("test_file_copy.txt", $dest)) {
        # print "mv: moved test_file_copy.txt to $dest\n";
    } else {
        croak "mv: cannot move test_file_copy.txt to $dest: $ERRNO\n";
    }
} else {
    croak "mv: test_file_copy.txt: No such file or directory\n";
};
            local $CHILD_ERROR = 0;
            1;
    };
    if (!$eval_result) {
        local $CHILD_ERROR = 256;
    };
    q{};
};
    chomp $cmd_result_5;
    $cmd_result_5;
};
    if ($CHILD_ERROR == 0) {
        my $right_result_4 = ("Move successful");
        $left_result_4 . $right_result_4;
    } else {
        q{};
    }
};
    chomp $cmd_result_6;
    $cmd_result_6;
};
print "Move result: $mv_result\n";
open STDERR, '>', '/dev/null' or croak "Cannot open file: $ERRNO\n";
my @ls_files_7 = ();
if (-f 'test_file.txt') {
    push @ls_files_7, 'test_file.txt';
} elsif (-d 'test_file.txt') {
    if (opendir my $dh, 'test_file.txt') {
        while (my $file = readdir $dh) {
            next if $file eq q{.} || $file eq q{..} || $file =~ /^[.]/msx;
            next if $file =~ /^__tmp_.*[.]pl$/msx;
            push @ls_files_7, $file;
        }
        closedir $dh;
    }
}
if (-f 'test_file_copy.txt') {
    push @ls_files_7, 'test_file_copy.txt';
} elsif (-d 'test_file_copy.txt') {
    if (opendir my $dh, 'test_file_copy.txt') {
        while (my $file = readdir $dh) {
            next if $file eq q{.} || $file eq q{..} || $file =~ /^[.]/msx;
            next if $file =~ /^__tmp_.*[.]pl$/msx;
            push @ls_files_7, $file;
        }
        closedir $dh;
    }
}
if (-f 'test_file_moved.txt') {
    push @ls_files_7, 'test_file_moved.txt';
} elsif (-d 'test_file_moved.txt') {
    if (opendir my $dh, 'test_file_moved.txt') {
        while (my $file = readdir $dh) {
            next if $file eq q{.} || $file eq q{..} || $file =~ /^[.]/msx;
            next if $file =~ /^__tmp_.*[.]pl$/msx;
            push @ls_files_7, $file;
        }
        closedir $dh;
    }
}
if (@ls_files_7) {
    print join "\n", @ls_files_7;
    print "\n";
    my $expected_count = 3;
    if (@ls_files_7 == $expected_count) {
        local $CHILD_ERROR = 0;
        $ls_success = 1;
    } else {
        local $CHILD_ERROR = 2;
        $ls_success = 0;
    }
} else {
    local $CHILD_ERROR = 1;
    $ls_success = 0;
}
if (!defined $ls_success || $ls_success == 0) {
        print "No test files found\n";
}
my $rm_result = do {
    my $cmd_result_10 = do {
    my $left_result_8 = do {
    my $cmd_result_9 = do {
    local $CHILD_ERROR = 0;
    my $eval_result = eval {
    if (-e "test_file.txt") {
if (-d "test_file.txt") {
croak "rm: ", "test_file.txt",
    " is a directory (use -r to remove recursively)\n";
} else {
if (unlink "test_file.txt") {
$main_exit_code = 0;
} else {
croak "rm: cannot remove ", "test_file.txt",
    ": $ERRNO\n";
}
}
} else {
local $CHILD_ERROR = 1;
croak "rm: ", "test_file.txt",
    ": No such file or directory\n";
}
if (-e "test_file_moved.txt") {
if (-d "test_file_moved.txt") {
croak "rm: ", "test_file_moved.txt",
    " is a directory (use -r to remove recursively)\n";
} else {
if (unlink "test_file_moved.txt") {
$main_exit_code = 0;
} else {
croak "rm: cannot remove ", "test_file_moved.txt",
    ": $ERRNO\n";
}
}
} else {
local $CHILD_ERROR = 1;
croak "rm: ", "test_file_moved.txt",
    ": No such file or directory\n";
};
            local $CHILD_ERROR = 0;
            1;
    };
    if (!$eval_result) {
        local $CHILD_ERROR = 256;
    };
    q{};
};
    chomp $cmd_result_9;
    $cmd_result_9;
};
    if ($CHILD_ERROR == 0) {
        my $right_result_8 = ("Remove successful");
        $left_result_8 . $right_result_8;
    } else {
        q{};
    }
};
    chomp $cmd_result_10;
    $cmd_result_10;
};
print "Remove result: $rm_result\n";
open STDERR, '>', '/dev/null' or croak "Cannot open file: $ERRNO\n";
my @ls_files_11 = ();
if (-f 'test_file.txt') {
    push @ls_files_11, 'test_file.txt';
} elsif (-d 'test_file.txt') {
    if (opendir my $dh, 'test_file.txt') {
        while (my $file = readdir $dh) {
            next if $file eq q{.} || $file eq q{..} || $file =~ /^[.]/msx;
            next if $file =~ /^__tmp_.*[.]pl$/msx;
            push @ls_files_11, $file;
        }
        closedir $dh;
    }
}
if (-f 'test_file_copy.txt') {
    push @ls_files_11, 'test_file_copy.txt';
} elsif (-d 'test_file_copy.txt') {
    if (opendir my $dh, 'test_file_copy.txt') {
        while (my $file = readdir $dh) {
            next if $file eq q{.} || $file eq q{..} || $file =~ /^[.]/msx;
            next if $file =~ /^__tmp_.*[.]pl$/msx;
            push @ls_files_11, $file;
        }
        closedir $dh;
    }
}
if (-f 'test_file_moved.txt') {
    push @ls_files_11, 'test_file_moved.txt';
} elsif (-d 'test_file_moved.txt') {
    if (opendir my $dh, 'test_file_moved.txt') {
        while (my $file = readdir $dh) {
            next if $file eq q{.} || $file eq q{..} || $file =~ /^[.]/msx;
            next if $file =~ /^__tmp_.*[.]pl$/msx;
            push @ls_files_11, $file;
        }
        closedir $dh;
    }
}
if (@ls_files_11) {
    print join "\n", @ls_files_11;
    print "\n";
    my $expected_count = 3;
    if (@ls_files_11 == $expected_count) {
        local $CHILD_ERROR = 0;
        $ls_success = 1;
    } else {
        local $CHILD_ERROR = 2;
        $ls_success = 0;
    }
} else {
    local $CHILD_ERROR = 1;
    $ls_success = 0;
}
if (!defined $ls_success || $ls_success == 0) {
        print "No test files found\n";
}
my $mkdir_result = do {
    my $cmd_result_14 = do {
    my $left_result_12 = do {
    my $cmd_result_13 = do {
    use File::Path qw(make_path);
    if (!-d "test_dir") {
    if (mkdir "test_dir") {
    # print "mkdir: created directory test_dir\n";
    } else {
    croak "mkdir: cannot create directory test_dir: $ERRNO\n";
    }
    } else {
    print {\*STDERR} "mkdir: cannot create directory test_dir: File exists\n";
    local $CHILD_ERROR = 256;
    };
    q{};
};
    chomp $cmd_result_13;
    $cmd_result_13;
};
    if ($CHILD_ERROR == 0) {
        my $right_result_12 = ("Directory created");
        $left_result_12 . $right_result_12;
    } else {
        q{};
    }
};
    chomp $cmd_result_14;
    $cmd_result_14;
};
print "Mkdir result: $mkdir_result\n";
if (-e "test_dir/file") {
my $current_time = time;
utime $current_time, $current_time, "test_dir/file";
} else {
if (open my $fh, '>', "test_dir/file") {
close $fh or croak "Close failed: $ERRNO";
} else {
croak "touch: cannot create ", "test_dir/file", ": $ERRNO\n";
}
}
open STDERR, '>', '/dev/null' or croak "Cannot open file: $ERRNO\n";
my @ls_files_16 = ();
if (-f 'test_dir') {
    push @ls_files_16, 'test_dir';
} elsif (-d 'test_dir') {
    if (opendir my $dh, 'test_dir') {
        while (my $file = readdir $dh) {
            next if $file eq q{.} || $file eq q{..} || $file =~ /^[.]/msx;
            next if $file =~ /^__tmp_.*[.]pl$/msx;
            push @ls_files_16, $file;
        }
        closedir $dh;
    }
}
if (@ls_files_16) {
    print join "\n", @ls_files_16;
    print "\n";
    my $expected_count = 1;
    if (@ls_files_16 == $expected_count) {
        local $CHILD_ERROR = 0;
        $ls_success = 1;
    } else {
        local $CHILD_ERROR = 2;
        $ls_success = 0;
    }
} else {
    local $CHILD_ERROR = 1;
    $ls_success = 0;
}
if (!defined $ls_success || $ls_success == 0) {
        print "Directory not found\n";
}
my $touch_result = do {
    my $cmd_result_19 = do {
    my $left_result_17 = do {
    my $cmd_result_18 = do {
    local $CHILD_ERROR = 0;
    my $eval_result = eval {
    if (-e "test_file.txt") {
my $current_time = time;
utime $current_time, $current_time, "test_file.txt";
} else {
if (open my $fh, '>', "test_file.txt") {
close $fh or croak "Close failed: $ERRNO";
} else {
croak "touch: cannot create ", "test_file.txt", ": $ERRNO\n";
}
};
            local $CHILD_ERROR = 0;
            1;
    };
    if (!$eval_result) {
        local $CHILD_ERROR = 256;
    };
    q{};
};
    chomp $cmd_result_18;
    $cmd_result_18;
};
    if ($CHILD_ERROR == 0) {
        my $right_result_17 = ("File touched");
        $left_result_17 . $right_result_17;
    } else {
        q{};
    }
};
    chomp $cmd_result_19;
    $cmd_result_19;
};
print "Touch result: $touch_result\n";
if (-e "test_file.txt") {
if (-d "test_file.txt") {
carp "rm: carping: ", "test_file.txt",
    " is a directory (use -r to remove recursively)\n";
} else {
if (unlink "test_file.txt") {
$main_exit_code = 0;
} else {
carp "rm: carping: could not remove ", "test_file.txt",
    ": $ERRNO\n";
}
}
} else {
local $CHILD_ERROR = 0;
carp "rm: carping: ", "test_file.txt",
    ": No such file or directory\n";
}
if (-e "test_file_copy.txt") {
if (-d "test_file_copy.txt") {
carp "rm: carping: ", "test_file_copy.txt",
    " is a directory (use -r to remove recursively)\n";
} else {
if (unlink "test_file_copy.txt") {
$main_exit_code = 0;
} else {
carp "rm: carping: could not remove ", "test_file_copy.txt",
    ": $ERRNO\n";
}
}
} else {
local $CHILD_ERROR = 0;
carp "rm: carping: ", "test_file_copy.txt",
    ": No such file or directory\n";
}
if (-e "test_file_moved.txt") {
if (-d "test_file_moved.txt") {
carp "rm: carping: ", "test_file_moved.txt",
    " is a directory (use -r to remove recursively)\n";
} else {
if (unlink "test_file_moved.txt") {
$main_exit_code = 0;
} else {
carp "rm: carping: could not remove ", "test_file_moved.txt",
    ": $ERRNO\n";
}
}
} else {
local $CHILD_ERROR = 0;
carp "rm: carping: ", "test_file_moved.txt",
    ": No such file or directory\n";
}
open STDERR, '>', '/dev/null' or croak "Cannot open file: $ERRNO\n";
if (-e "test_dir") {
if (-d "test_dir") {
my $err;
remove_tree("test_dir", {error => \$err});
if (@{$err}) {
carp "rm: carping: could not remove ", "test_dir", ": $err->[0]\n";
} else {
$main_exit_code = 0;
}
} else {
if (unlink "test_dir") {
$main_exit_code = 0;
} else {
carp "rm: carping: could not remove ", "test_dir",
    ": $ERRNO\n";
}
}
} else {
local $CHILD_ERROR = 0;
carp "rm: carping: ", "test_dir",
    ": No such file or directory\n";
}
if ($CHILD_ERROR != 0) {
    1;
}
print "=== File Manipulation Commands Complete ===\n";

exit $main_exit_code;


ABSTRACT SYNTAX TREE:
[Simple(SimpleCommand { name: Literal("echo", None), args: [StringInterpolation(StringInterpolation { parts: [Literal("=== File Manipulation Commands ===")] }, None)], redirects: [], env_vars: {}, stdout_used: true, stderr_used: true }), Redirect(RedirectCommand { command: Simple(SimpleCommand { name: Literal("echo", None), args: [StringInterpolation(StringInterpolation { parts: [Literal("test content")] }, None)], redirects: [], env_vars: {}, stdout_used: true, stderr_used: true }), redirects: [Redirect { fd: None, operator: Output, target: Literal("test_file.txt", None), heredoc_body: None }] }), Simple(SimpleCommand { name: Literal("echo", None), args: [StringInterpolation(StringInterpolation { parts: [Literal("Copy result: "), Variable("cp_result")] }, None)], redirects: [], env_vars: {"cp_result": CommandSubstitution(And(Simple(SimpleCommand { name: Literal("cp", None), args: [Literal("test_file.txt", None), Literal("test_file_copy.txt", None)], redirects: [], env_vars: {}, stdout_used: true, stderr_used: true }), Simple(SimpleCommand { name: Literal("echo", None), args: [StringInterpolation(StringInterpolation { parts: [Literal("Copy successful")] }, None)], redirects: [], env_vars: {}, stdout_used: true, stderr_used: true })), None)}, stdout_used: true, stderr_used: true }), Or(Redirect(RedirectCommand { command: Simple(SimpleCommand { name: Literal("ls", None), args: [Literal("test_file.txt", None), Literal("test_file_copy.txt", None), Literal("test_file_moved.txt", None)], redirects: [], env_vars: {}, stdout_used: true, stderr_used: true }), redirects: [Redirect { fd: Some(2), operator: StderrOutput, target: Literal("/dev/null", None), heredoc_body: None }] }), Simple(SimpleCommand { name: Literal("echo", None), args: [StringInterpolation(StringInterpolation { parts: [Literal("No test files found")] }, None)], redirects: [], env_vars: {}, stdout_used: true, stderr_used: true })), Simple(SimpleCommand { name: Literal("echo", None), args: [StringInterpolation(StringInterpolation { parts: [Literal("Move result: "), Variable("mv_result")] }, None)], redirects: [], env_vars: {"mv_result": CommandSubstitution(And(Simple(SimpleCommand { name: Literal("mv", None), args: [Literal("test_file_copy.txt", None), Literal("test_file_moved.txt", None)], redirects: [], env_vars: {}, stdout_used: true, stderr_used: true }), Simple(SimpleCommand { name: Literal("echo", None), args: [StringInterpolation(StringInterpolation { parts: [Literal("Move successful")] }, None)], redirects: [], env_vars: {}, stdout_used: true, stderr_used: true })), None)}, stdout_used: true, stderr_used: true }), Or(Redirect(RedirectCommand { command: Simple(SimpleCommand { name: Literal("ls", None), args: [Literal("test_file.txt", None), Literal("test_file_copy.txt", None), Literal("test_file_moved.txt", None)], redirects: [], env_vars: {}, stdout_used: true, stderr_used: true }), redirects: [Redirect { fd: Some(2), operator: StderrOutput, target: Literal("/dev/null", None), heredoc_body: None }] }), Simple(SimpleCommand { name: Literal("echo", None), args: [StringInterpolation(StringInterpolation { parts: [Literal("No test files found")] }, None)], redirects: [], env_vars: {}, stdout_used: true, stderr_used: true })), Simple(SimpleCommand { name: Literal("echo", None), args: [StringInterpolation(StringInterpolation { parts: [Literal("Remove result: "), Variable("rm_result")] }, None)], redirects: [], env_vars: {"rm_result": CommandSubstitution(And(Simple(SimpleCommand { name: Literal("rm", None), args: [Literal("test_file.txt", None), Literal("test_file_moved.txt", None)], redirects: [], env_vars: {}, stdout_used: true, stderr_used: true }), Simple(SimpleCommand { name: Literal("echo", None), args: [StringInterpolation(StringInterpolation { parts: [Literal("Remove successful")] }, None)], redirects: [], env_vars: {}, stdout_used: true, stderr_used: true })), None)}, stdout_used: true, stderr_used: true }), Or(Redirect(RedirectCommand { command: Simple(SimpleCommand { name: Literal("ls", None), args: [Literal("test_file.txt", None), Literal("test_file_copy.txt", None), Literal("test_file_moved.txt", None)], redirects: [], env_vars: {}, stdout_used: true, stderr_used: true }), redirects: [Redirect { fd: Some(2), operator: StderrOutput, target: Literal("/dev/null", None), heredoc_body: None }] }), Simple(SimpleCommand { name: Literal("echo", None), args: [StringInterpolation(StringInterpolation { parts: [Literal("No test files found")] }, None)], redirects: [], env_vars: {}, stdout_used: true, stderr_used: true })), Simple(SimpleCommand { name: Literal("echo", None), args: [StringInterpolation(StringInterpolation { parts: [Literal("Mkdir result: "), Variable("mkdir_result")] }, None)], redirects: [], env_vars: {"mkdir_result": CommandSubstitution(And(Simple(SimpleCommand { name: Literal("mkdir", None), args: [Literal("test_dir", None)], redirects: [], env_vars: {}, stdout_used: true, stderr_used: true }), Simple(SimpleCommand { name: Literal("echo", None), args: [StringInterpolation(StringInterpolation { parts: [Literal("Directory created")] }, None)], redirects: [], env_vars: {}, stdout_used: true, stderr_used: true })), None)}, stdout_used: true, stderr_used: true }), Simple(SimpleCommand { name: Literal("touch", None), args: [Literal("test_dir/file", None)], redirects: [], env_vars: {}, stdout_used: true, stderr_used: true }), Or(Redirect(RedirectCommand { command: Simple(SimpleCommand { name: Literal("ls", None), args: [Literal("test_dir", None)], redirects: [], env_vars: {}, stdout_used: true, stderr_used: true }), redirects: [Redirect { fd: Some(2), operator: StderrOutput, target: Literal("/dev/null", None), heredoc_body: None }] }), Simple(SimpleCommand { name: Literal("echo", None), args: [StringInterpolation(StringInterpolation { parts: [Literal("Directory not found")] }, None)], redirects: [], env_vars: {}, stdout_used: true, stderr_used: true })), Simple(SimpleCommand { name: Literal("echo", None), args: [StringInterpolation(StringInterpolation { parts: [Literal("Touch result: "), Variable("touch_result")] }, None)], redirects: [], env_vars: {"touch_result": CommandSubstitution(And(Simple(SimpleCommand { name: Literal("touch", None), args: [Literal("test_file.txt", None)], redirects: [], env_vars: {}, stdout_used: true, stderr_used: true }), Simple(SimpleCommand { name: Literal("echo", None), args: [StringInterpolation(StringInterpolation { parts: [Literal("File touched")] }, None)], redirects: [], env_vars: {}, stdout_used: true, stderr_used: true })), None)}, stdout_used: true, stderr_used: true }), Simple(SimpleCommand { name: Literal("rm", None), args: [Literal("-f", None), Literal("test_file.txt", None), Literal("test_file_copy.txt", None), Literal("test_file_moved.txt", None)], redirects: [], env_vars: {}, stdout_used: true, stderr_used: true }), Or(Redirect(RedirectCommand { command: Simple(SimpleCommand { name: Literal("rm", None), args: [Literal("-r", None), Literal("f", None), Literal("test_dir", None)], redirects: [], env_vars: {}, stdout_used: true, stderr_used: true }), redirects: [Redirect { fd: Some(2), operator: StderrOutput, target: Literal("/dev/null", None), heredoc_body: None }] }), Simple(SimpleCommand { name: Literal("true", None), args: [], redirects: [], env_vars: {}, stdout_used: true, stderr_used: true })), Simple(SimpleCommand { name: Literal("echo", None), args: [StringInterpolation(StringInterpolation { parts: [Literal("=== File Manipulation Commands Complete ===")] }, None)], redirects: [], env_vars: {}, stdout_used: true, stderr_used: true })]
Test run completed at Tue, Sep 23, 2025 12:52:29 PM
