Starting test run at Mon Sep 22 09:15:16 AWST 2025
Logging to: logs/fail_run_20250922_091516.log
Test arguments: 
----------------------------------------
Compiling debashc...
error: failed to parse lock file at: /mnt/d/GitHub/sh2perl/Cargo.lock

Caused by:
  lock file version 4 requires `-Znext-lockfile-bump`
Running debashc with fine-grained per-test timeouts...
Running: debashc test generation and execution
Command: ./target/debug/debashc.exe fail
Timeout: Per-test timeouts (30s shell, 10s parse, 5s generate)
----------------------------------------
Running ALL 146 examples (limited to 50 tests to prevent timeout)
DEBUG: Starting test execution for 
Running 146 tests across 146 examples with perl generator
==================================================
examples\000__01_file_directory_operations.sh with generator perl
Test 1/146: 000__01_file_directory_operations.sh with perl     DEBUG: Running shell script: examples\000__01_file_directory_operations.sh
DEBUG: Timeout manager starting ShellExecution with timeout of 120.0 seconds
DEBUG: Timeout manager completed ShellExecution successfully
DEBUG: Shell script completed in 0.16s
DEBUG: Shell script execution completed, now starting Perl generation
DEBUG: Setting original script name to: 000__01_file_directory_operations.sh
DEBUG: CommandSubstitution called with command: Simple(SimpleCommand { name: Literal("ls", None), args: [Literal("-a", None)], redirects: [], env_vars: {}, stdout_used: true, stderr_used: true })
DEBUG: CommandSubstitution called with command: Simple(SimpleCommand { name: Literal("find", None), args: [Literal(".", None), Literal("-maxdepth", None), Literal("1", None), Literal("-name", None), Literal("*.sh", None), Literal("-type", None), Literal("f", None)], redirects: [], env_vars: {}, stdout_used: true, stderr_used: true })
DEBUG: generate_find_command called with generate_output: true, input_var: 'found_files'
DEBUG: Using generate_find_for_substitution with input_var: 'found_files'
DEBUG: Perl code generated, length: 1391 characters
DEBUG: About to start translated program execution
DEBUG: About to execute Perl command: ["perl", "C:\\Users\\s_pam\\AppData\\Local\\Temp\\__tmp_test_output.pl"]
DEBUG: Perl code length: 1391 characters
DEBUG: First 200 characters of Perl code:
#!/usr/bin/env perl
use strict;
use warnings;
use Carp;
use English qw( -no_match_vars );
use locale;
use IPC::Open3;

my $main_exit_code = 0;
my $ls_success = 0;
our $CHILD_ERROR;

print "=== File an
DEBUG: Starting Perl execution with timeout manager
DEBUG: Timeout manager starting PerlExecution with timeout of 30.0 seconds
DEBUG: Successfully spawned Perl process
DEBUG: Starting execution loop for Perl process
DEBUG: Execution loop iteration, elapsed: 5.7µs
DEBUG: Perl process completed with status: ExitStatus(ExitStatus(0))
DEBUG: Perl execution completed, duration: 280.8725ms, timed_out: false
DEBUG: Ending Perl execution with timeout manager
DEBUG: Timeout manager completed PerlExecution successfully
✓DEBUG: Test completed, comparing outputs
Test 2/146: 000__02_output_formatting_commands.sh with perl     DEBUG: Shell stdout length: 9058, Translated stdout length: 9058
DEBUG: Shell stderr length: 0, Translated stderr length: 0
DEBUG: Shell exit: 0, Translated exit: 0
DEBUG: Test success: true
DEBUG: Test execution completed in 458ms
DEBUG: Starting test execution for examples\000__02_output_formatting_commands.sh with generator perl
DEBUG: Shell script execution completed, now starting Perl generation
DEBUG: Setting original script name to: 000__02_output_formatting_commands.sh
DEBUG: CommandSubstitution called with command: Simple(SimpleCommand { name: Literal("echo", None), args: [Literal("Hello from backticks", None)], redirects: [], env_vars: {}, stdout_used: true, stderr_used: true })
DEBUG: CommandSubstitution called with command: Simple(SimpleCommand { name: Literal("printf", None), args: [Literal("Number: %d, String: %s\\n", None), Literal("42", None), Literal("test", None)], redirects: [], env_vars: {}, stdout_used: true, stderr_used: true })
DEBUG: CommandSubstitution called with command: Simple(SimpleCommand { name: Literal("sha256sum", None), args: [Literal("test_checksum.txt", None)], redirects: [], env_vars: {}, stdout_used: true, stderr_used: true })
DEBUG: words.rs - Using native sha256sum implementation for command substitution
DEBUG: CommandSubstitution called with command: Simple(SimpleCommand { name: Literal("sha512sum", None), args: [Literal("test_checksum.txt", None)], redirects: [], env_vars: {}, stdout_used: true, stderr_used: true })
DEBUG: words.rs - Using native sha512sum implementation for command substitution
DEBUG: CommandSubstitution called with command: Pipeline(Pipeline { commands: [Simple(SimpleCommand { name: Literal("strings", None), args: [Literal("test_binary.txt", None)], redirects: [], env_vars: {}, stdout_used: true, stderr_used: true }), Simple(SimpleCommand { name: Literal("head", None), args: [Literal("-3", None)], redirects: [], env_vars: {}, stdout_used: true, stderr_used: true })], source_text: None, stdout_used: true, stderr_used: true })
DEBUG: generate_pipeline_for_substitution called
DEBUG: Pipeline has 2 commands
DEBUG: Processing 2-command pipeline
DEBUG: CommandSubstitution called with command: Pipeline(Pipeline { commands: [Simple(SimpleCommand { name: Literal("echo", None), args: [StringInterpolation(StringInterpolation { parts: [Literal("test output")] }, None)], redirects: [], env_vars: {}, stdout_used: true, stderr_used: true }), Simple(SimpleCommand { name: Literal("tee", None), args: [Literal("test_tee.txt", None)], redirects: [], env_vars: {}, stdout_used: true, stderr_used: true })], source_text: None, stdout_used: true, stderr_used: true })
DEBUG: generate_pipeline_for_substitution called
DEBUG: Pipeline has 2 commands
DEBUG: Processing 2-command pipeline
DEBUG: CommandSubstitution called with command: Simple(SimpleCommand { name: Literal("perl", None), args: [Literal("-e", None), Literal("print \"Hello from Perl\\n\"", None)], redirects: [], env_vars: {}, stdout_used: true, stderr_used: true })
DEBUG: Processing perl command in command substitution with args: [Literal("-e", None), Literal("print \"Hello from Perl\\n\"", None)]
DEBUG: Perl code generated, length: 5553 characters
DEBUG: About to start translated program execution
DEBUG: About to execute Perl command: ["perl", "C:\\Users\\s_pam\\AppData\\Local\\Temp\\__tmp_test_output.pl"]
DEBUG: Perl code length: 5553 characters
DEBUG: First 200 characters of Perl code:
#!/usr/bin/env perl
use strict;
use warnings;
use Carp;
use English qw( -no_match_vars );
use locale;
use IPC::Open3;
use Digest::SHA qw(sha256_hex sha512_hex);
use File::Path qw(make_path remove_tree
DEBUG: Starting Perl execution with timeout manager
DEBUG: Timeout manager starting PerlExecution with timeout of 30.0 seconds
DEBUG: Successfully spawned Perl process
DEBUG: Starting execution loop for Perl process
DEBUG: Execution loop iteration, elapsed: 4.3µs
DEBUG: Perl process completed with status: ExitStatus(ExitStatus(0))
DEBUG: Perl execution completed, duration: 258.5855ms, timed_out: false
DEBUG: Ending Perl execution with timeout manager
DEBUG: Timeout manager completed PerlExecution successfully
✓DEBUG: Test completed, comparing outputs
Test 3/146: 000__03_file_manipulation_commands.sh with perl     DEBUG: Shell stdout length: 660, Translated stdout length: 660
DEBUG: Shell stderr length: 0, Translated stderr length: 0
DEBUG: Shell exit: 0, Translated exit: 0
DEBUG: Test success: true
DEBUG: Test execution completed in 296ms
DEBUG: Starting test execution for examples\000__03_file_manipulation_commands.sh with generator perl
DEBUG: Shell script execution completed, now starting Perl generation
DEBUG: Setting original script name to: 000__03_file_manipulation_commands.sh
DEBUG: CommandSubstitution called with command: And(Simple(SimpleCommand { name: Literal("cp", None), args: [Literal("test_file.txt", None), Literal("test_file_copy.txt", None)], redirects: [], env_vars: {}, stdout_used: true, stderr_used: true }), Simple(SimpleCommand { name: Literal("echo", None), args: [StringInterpolation(StringInterpolation { parts: [Literal("Copy successful")] }, None)], redirects: [], env_vars: {}, stdout_used: true, stderr_used: true }))
DEBUG: CommandSubstitution called with command: Simple(SimpleCommand { name: Literal("cp", None), args: [Literal("test_file.txt", None), Literal("test_file_copy.txt", None)], redirects: [], env_vars: {}, stdout_used: true, stderr_used: true })
DEBUG: words.rs - Using native cp implementation for command substitution
DEBUG: CommandSubstitution called with command: Simple(SimpleCommand { name: Literal("echo", None), args: [StringInterpolation(StringInterpolation { parts: [Literal("Copy successful")] }, None)], redirects: [], env_vars: {}, stdout_used: true, stderr_used: true })
DEBUG: ls command file/directory argument: 'test_file.txt'
DEBUG: ls command file/directory argument: 'test_file_copy.txt'
DEBUG: ls command file/directory argument: 'test_file_moved.txt'
DEBUG: CommandSubstitution called with command: And(Simple(SimpleCommand { name: Literal("mv", None), args: [Literal("test_file_copy.txt", None), Literal("test_file_moved.txt", None)], redirects: [], env_vars: {}, stdout_used: true, stderr_used: true }), Simple(SimpleCommand { name: Literal("echo", None), args: [StringInterpolation(StringInterpolation { parts: [Literal("Move successful")] }, None)], redirects: [], env_vars: {}, stdout_used: true, stderr_used: true }))
DEBUG: CommandSubstitution called with command: Simple(SimpleCommand { name: Literal("mv", None), args: [Literal("test_file_copy.txt", None), Literal("test_file_moved.txt", None)], redirects: [], env_vars: {}, stdout_used: true, stderr_used: true })
DEBUG: words.rs - Using native mv implementation for command substitution
DEBUG: CommandSubstitution called with command: Simple(SimpleCommand { name: Literal("echo", None), args: [StringInterpolation(StringInterpolation { parts: [Literal("Move successful")] }, None)], redirects: [], env_vars: {}, stdout_used: true, stderr_used: true })
DEBUG: ls command file/directory argument: 'test_file.txt'
DEBUG: ls command file/directory argument: 'test_file_copy.txt'
DEBUG: ls command file/directory argument: 'test_file_moved.txt'
DEBUG: CommandSubstitution called with command: And(Simple(SimpleCommand { name: Literal("rm", None), args: [Literal("test_file.txt", None), Literal("test_file_moved.txt", None)], redirects: [], env_vars: {}, stdout_used: true, stderr_used: true }), Simple(SimpleCommand { name: Literal("echo", None), args: [StringInterpolation(StringInterpolation { parts: [Literal("Remove successful")] }, None)], redirects: [], env_vars: {}, stdout_used: true, stderr_used: true }))
DEBUG: CommandSubstitution called with command: Simple(SimpleCommand { name: Literal("rm", None), args: [Literal("test_file.txt", None), Literal("test_file_moved.txt", None)], redirects: [], env_vars: {}, stdout_used: true, stderr_used: true })
DEBUG: words.rs - Using native rm implementation for command substitution
DEBUG: CommandSubstitution called with command: Simple(SimpleCommand { name: Literal("echo", None), args: [StringInterpolation(StringInterpolation { parts: [Literal("Remove successful")] }, None)], redirects: [], env_vars: {}, stdout_used: true, stderr_used: true })
DEBUG: ls command file/directory argument: 'test_file.txt'
DEBUG: ls command file/directory argument: 'test_file_copy.txt'
DEBUG: ls command file/directory argument: 'test_file_moved.txt'
DEBUG: CommandSubstitution called with command: And(Simple(SimpleCommand { name: Literal("mkdir", None), args: [Literal("test_dir", None)], redirects: [], env_vars: {}, stdout_used: true, stderr_used: true }), Simple(SimpleCommand { name: Literal("echo", None), args: [StringInterpolation(StringInterpolation { parts: [Literal("Directory created")] }, None)], redirects: [], env_vars: {}, stdout_used: true, stderr_used: true }))
DEBUG: CommandSubstitution called with command: Simple(SimpleCommand { name: Literal("mkdir", None), args: [Literal("test_dir", None)], redirects: [], env_vars: {}, stdout_used: true, stderr_used: true })
DEBUG: words.rs - Using native mkdir implementation for command substitution
DEBUG: CommandSubstitution called with command: Simple(SimpleCommand { name: Literal("echo", None), args: [StringInterpolation(StringInterpolation { parts: [Literal("Directory created")] }, None)], redirects: [], env_vars: {}, stdout_used: true, stderr_used: true })
DEBUG: ls command file/directory argument: 'test_dir'
DEBUG: CommandSubstitution called with command: And(Simple(SimpleCommand { name: Literal("touch", None), args: [Literal("test_file.txt", None)], redirects: [], env_vars: {}, stdout_used: true, stderr_used: true }), Simple(SimpleCommand { name: Literal("echo", None), args: [StringInterpolation(StringInterpolation { parts: [Literal("File touched")] }, None)], redirects: [], env_vars: {}, stdout_used: true, stderr_used: true }))
DEBUG: CommandSubstitution called with command: Simple(SimpleCommand { name: Literal("touch", None), args: [Literal("test_file.txt", None)], redirects: [], env_vars: {}, stdout_used: true, stderr_used: true })
DEBUG: words.rs - Using native touch implementation for command substitution
DEBUG: CommandSubstitution called with command: Simple(SimpleCommand { name: Literal("echo", None), args: [StringInterpolation(StringInterpolation { parts: [Literal("File touched")] }, None)], redirects: [], env_vars: {}, stdout_used: true, stderr_used: true })
DEBUG: Perl code generated, length: 15418 characters
DEBUG: About to start translated program execution
DEBUG: About to execute Perl command: ["perl", "C:\\Users\\s_pam\\AppData\\Local\\Temp\\__tmp_test_output.pl"]
DEBUG: Perl code length: 15418 characters
DEBUG: First 200 characters of Perl code:
#!/usr/bin/env perl
use strict;
use warnings;
use Carp;
use English qw( -no_match_vars );
use locale;
use IPC::Open3;
use File::Path qw(make_path remove_tree);
use File::Copy qw(copy move);
use POSIX 
DEBUG: Starting Perl execution with timeout manager
DEBUG: Timeout manager starting PerlExecution with timeout of 30.0 seconds
DEBUG: Successfully spawned Perl process
DEBUG: Starting execution loop for Perl process
DEBUG: Execution loop iteration, elapsed: 4.6µs
DEBUG: Execution loop iteration, elapsed: 300.8752ms
DEBUG: Perl process completed with status: ExitStatus(ExitStatus(0))
DEBUG: Perl execution completed, duration: 301.0653ms, timed_out: false
DEBUG: Ending Perl execution with timeout manager
DEBUG: Timeout manager completed PerlExecution successfully
DEBUG: Test completed, comparing outputs
✓DEBUG: Shell stdout length: 422, Translated stdout length: 422
DEBUG: Shell stderr length: 0, Translated stderr length: 0
DEBUG: Shell exit: 0, Translated exit: 0
DEBUG: Test success: true
DEBUG: Test execution completed in 340ms
Test 4/146: 000__04a_basic_command_substitution.sh with perl     DEBUG: Starting test execution for examples\000__04a_basic_command_substitution.sh with generator perl
DEBUG: Shell script execution completed, now starting Perl generation
DEBUG: String interpolation parsed command 'date +%Y' as 1 commands
DEBUG: String interpolation parsed command 'basename $(pwd)' as 1 commands
DEBUG: Setting original script name to: 000__04a_basic_command_substitution.sh
DEBUG: CommandSubstitution called with command: Simple(SimpleCommand { name: Literal("date", None), args: [Literal("+%Y", None)], redirects: [], env_vars: {}, stdout_used: true, stderr_used: true })
DEBUG: CommandSubstitution called with command: Simple(SimpleCommand { name: Literal("basename", None), args: [CommandSubstitution(Simple(SimpleCommand { name: Literal("pwd", None), args: [], redirects: [], env_vars: {}, stdout_used: true, stderr_used: true }), None)], redirects: [], env_vars: {}, stdout_used: true, stderr_used: true })
DEBUG: CommandSubstitution called with command: Simple(SimpleCommand { name: Literal("pwd", None), args: [], redirects: [], env_vars: {}, stdout_used: true, stderr_used: true })
DEBUG: CommandSubstitution called with command: Simple(SimpleCommand { name: Literal("basename", None), args: [CommandSubstitution(Simple(SimpleCommand { name: Literal("pwd", None), args: [], redirects: [], env_vars: {}, stdout_used: true, stderr_used: true }), None)], redirects: [], env_vars: {}, stdout_used: true, stderr_used: true })
DEBUG: CommandSubstitution called with command: Simple(SimpleCommand { name: Literal("pwd", None), args: [], redirects: [], env_vars: {}, stdout_used: true, stderr_used: true })
DEBUG: CommandSubstitution called with command: Simple(SimpleCommand { name: Literal("date", None), args: [Literal("+%Y%m", None)], redirects: [], env_vars: {}, stdout_used: true, stderr_used: true })
DEBUG: Perl code generated, length: 1143 characters
DEBUG: About to start translated program execution
DEBUG: About to execute Perl command: ["perl", "C:\\Users\\s_pam\\AppData\\Local\\Temp\\__tmp_test_output.pl"]
DEBUG: Perl code length: 1143 characters
DEBUG: First 200 characters of Perl code:
#!/usr/bin/env perl
use strict;
use warnings;
use Carp;
use English qw( -no_match_vars );
use locale;
use IPC::Open3;

my $main_exit_code = 0;
my $ls_success = 0;
our $CHILD_ERROR;

print "=== Basic C
DEBUG: Starting Perl execution with timeout manager
DEBUG: Timeout manager starting PerlExecution with timeout of 30.0 seconds
DEBUG: Successfully spawned Perl process
DEBUG: Starting execution loop for Perl process
DEBUG: Execution loop iteration, elapsed: 4.2µs
DEBUG: Perl process completed with status: ExitStatus(ExitStatus(0))
DEBUG: Perl execution completed, duration: 124.0897ms, timed_out: false
DEBUG: Ending Perl execution with timeout manager
DEBUG: Timeout manager completed PerlExecution successfully
✓DEBUG: Test completed, comparing outputs
Test 5/146: 000__04b_file_directory_operations.sh with perl     DEBUG: Shell stdout length: 172, Translated stdout length: 172
DEBUG: Shell stderr length: 0, Translated stderr length: 0
DEBUG: Shell exit: 0, Translated exit: 0
DEBUG: Test success: true
DEBUG: Test execution completed in 158ms
DEBUG: Progress: 5/146 tests completed (3.4%)
DEBUG: Starting test execution for examples\000__04b_file_directory_operations.sh with generator perl
DEBUG: Shell script execution completed, now starting Perl generation
DEBUG: Setting original script name to: 000__04b_file_directory_operations.sh
DEBUG: CommandSubstitution called with command: Simple(SimpleCommand { name: Literal("ls", None), args: [Literal("-a", None)], redirects: [], env_vars: {}, stdout_used: true, stderr_used: true })
DEBUG: CommandSubstitution called with command: Simple(SimpleCommand { name: Literal("find", None), args: [Literal(".", None), Literal("-name", None), Literal("*.sh", None), Literal("-type", None), Literal("f", None)], redirects: [], env_vars: {}, stdout_used: true, stderr_used: true })
DEBUG: generate_find_command called with generate_output: true, input_var: 'found_files'
DEBUG: Using generate_find_for_substitution with input_var: 'found_files'
DEBUG: Perl code generated, length: 1472 characters
DEBUG: About to start translated program execution
DEBUG: About to execute Perl command: ["perl", "C:\\Users\\s_pam\\AppData\\Local\\Temp\\__tmp_test_output.pl"]
DEBUG: Perl code length: 1472 characters
DEBUG: First 200 characters of Perl code:
#!/usr/bin/env perl
use strict;
use warnings;
use Carp;
use English qw( -no_match_vars );
use locale;
use IPC::Open3;

my $main_exit_code = 0;
my $ls_success = 0;
our $CHILD_ERROR;

print "=== File an
DEBUG: Starting Perl execution with timeout manager
DEBUG: Timeout manager starting PerlExecution with timeout of 30.0 seconds
DEBUG: Successfully spawned Perl process
DEBUG: Starting execution loop for Perl process
DEBUG: Execution loop iteration, elapsed: 4.2µs
DEBUG: Perl process completed with status: ExitStatus(ExitStatus(0))
DEBUG: Perl execution completed, duration: 177.9392ms, timed_out: false
DEBUG: Ending Perl execution with timeout manager
DEBUG: Timeout manager completed PerlExecution successfully
DEBUG: Test completed, comparing outputs
DEBUG: Shell stdout length: 9105, Translated stdout length: 9105
DEBUG: Shell stderr length: 0, Translated stderr length: 0
DEBUG: Shell exit: 0, Translated exit: 0
DEBUG: Test success: true
✓DEBUG: Test execution completed in Test 6/146: 000__04c_text_processing_commands.sh with perl     212ms
DEBUG: Starting test execution for examples\000__04c_text_processing_commands.sh with generator perl
DEBUG: Running shell script: examples\000__04c_text_processing_commands.sh
DEBUG: Timeout manager starting ShellExecution with timeout of 120.0 seconds
DEBUG: Timeout manager completed ShellExecution successfully
DEBUG: Shell script completed in 0.23s
DEBUG: Shell script execution completed, now starting Perl generation
DEBUG: Setting original script name to: 000__04c_text_processing_commands.sh
DEBUG: CommandSubstitution called with command: Pipeline(Pipeline { commands: [Simple(SimpleCommand { name: Literal("cat", None), args: [Literal("000__04c_text_processing_commands.sh", None)], redirects: [], env_vars: {}, stdout_used: true, stderr_used: true }), Simple(SimpleCommand { name: Literal("head", None), args: [Literal("-5", None)], redirects: [], env_vars: {}, stdout_used: true, stderr_used: true })], source_text: None, stdout_used: true, stderr_used: true })
DEBUG: generate_pipeline_for_substitution called
DEBUG: Pipeline has 2 commands
DEBUG: Processing 2-command pipeline
DEBUG: CommandSubstitution called with command: Simple(SimpleCommand { name: Literal("grep", None), args: [Literal("-n", None), Literal("echo", None), Literal("000__04c_text_processing_commands.sh", None)], redirects: [], env_vars: {}, stdout_used: true, stderr_used: true })
DEBUG: words.rs - Using native grep implementation for command substitution
DEBUG: CommandSubstitution called with command: Pipeline(Pipeline { commands: [Simple(SimpleCommand { name: Literal("echo", None), args: [StringInterpolation(StringInterpolation { parts: [Literal("Hello World")] }, None)], redirects: [], env_vars: {}, stdout_used: true, stderr_used: true }), Simple(SimpleCommand { name: Literal("sed", None), args: [Literal("s/World/Universe/", None)], redirects: [], env_vars: {}, stdout_used: true, stderr_used: true })], source_text: None, stdout_used: true, stderr_used: true })
DEBUG: generate_pipeline_for_substitution called
DEBUG: Pipeline has 2 commands
DEBUG: Processing 2-command pipeline
DEBUG: CommandSubstitution called with command: Pipeline(Pipeline { commands: [Simple(SimpleCommand { name: Literal("echo", None), args: [StringInterpolation(StringInterpolation { parts: [Literal("1 2 3 4 5")] }, None)], redirects: [], env_vars: {}, stdout_used: true, stderr_used: true }), Simple(SimpleCommand { name: Literal("awk", None), args: [Literal("{print $1 + $2}", None)], redirects: [], env_vars: {}, stdout_used: true, stderr_used: true })], source_text: None, stdout_used: true, stderr_used: true })
DEBUG: generate_pipeline_for_substitution called
DEBUG: Pipeline has 2 commands
DEBUG: Processing 2-command pipeline
DEBUG: CommandSubstitution called with command: Pipeline(Pipeline { commands: [Simple(SimpleCommand { name: Literal("echo", None), args: [Literal("-e", None), StringInterpolation(StringInterpolation { parts: [Literal("zebra\\napple\\nbanana")] }, None)], redirects: [], env_vars: {}, stdout_used: true, stderr_used: true }), Simple(SimpleCommand { name: Literal("sort", None), args: [], redirects: [], env_vars: {}, stdout_used: true, stderr_used: true })], source_text: None, stdout_used: true, stderr_used: true })
DEBUG: generate_pipeline_for_substitution called
DEBUG: Pipeline has 2 commands
DEBUG: Processing 2-command pipeline
DEBUG: CommandSubstitution called with command: Pipeline(Pipeline { commands: [Simple(SimpleCommand { name: Literal("echo", None), args: [Literal("-e", None), StringInterpolation(StringInterpolation { parts: [Literal("apple\\napple\\nbanana\\nbanana\\ncherry")] }, None)], redirects: [], env_vars: {}, stdout_used: true, stderr_used: true }), Simple(SimpleCommand { name: Literal("uniq", None), args: [], redirects: [], env_vars: {}, stdout_used: true, stderr_used: true })], source_text: None, stdout_used: true, stderr_used: true })
DEBUG: generate_pipeline_for_substitution called
DEBUG: Pipeline has 2 commands
DEBUG: Processing 2-command pipeline
DEBUG: CommandSubstitution called with command: Pipeline(Pipeline { commands: [Simple(SimpleCommand { name: Literal("echo", None), args: [Literal("-e", None), StringInterpolation(StringInterpolation { parts: [Literal("line1\\nline2\\nline3")] }, None)], redirects: [], env_vars: {}, stdout_used: true, stderr_used: true }), Simple(SimpleCommand { name: Literal("wc", None), args: [Literal("-l", None)], redirects: [], env_vars: {}, stdout_used: true, stderr_used: true })], source_text: None, stdout_used: true, stderr_used: true })
DEBUG: generate_pipeline_for_substitution called
DEBUG: Pipeline has 2 commands
DEBUG: Processing 2-command pipeline
DEBUG: CommandSubstitution called with command: Pipeline(Pipeline { commands: [Simple(SimpleCommand { name: Literal("echo", None), args: [StringInterpolation(StringInterpolation { parts: [Literal("Hello World")] }, None)], redirects: [], env_vars: {}, stdout_used: true, stderr_used: true }), Simple(SimpleCommand { name: Literal("wc", None), args: [Literal("-w", None)], redirects: [], env_vars: {}, stdout_used: true, stderr_used: true })], source_text: None, stdout_used: true, stderr_used: true })
DEBUG: generate_pipeline_for_substitution called
DEBUG: Pipeline has 2 commands
DEBUG: Processing 2-command pipeline
DEBUG: CommandSubstitution called with command: Pipeline(Pipeline { commands: [Simple(SimpleCommand { name: Literal("seq", None), args: [Literal("1", None), Literal("10", None)], redirects: [], env_vars: {}, stdout_used: true, stderr_used: true }), Simple(SimpleCommand { name: Literal("head", None), args: [Literal("-3", None)], redirects: [], env_vars: {}, stdout_used: true, stderr_used: true })], source_text: None, stdout_used: true, stderr_used: true })
DEBUG: generate_pipeline_for_substitution called
DEBUG: Pipeline has 2 commands
DEBUG: Processing 2-command pipeline
DEBUG: CommandSubstitution called with command: Pipeline(Pipeline { commands: [Simple(SimpleCommand { name: Literal("seq", None), args: [Literal("1", None), Literal("10", None)], redirects: [], env_vars: {}, stdout_used: true, stderr_used: true }), Simple(SimpleCommand { name: Literal("tail", None), args: [Literal("-3", None)], redirects: [], env_vars: {}, stdout_used: true, stderr_used: true })], source_text: None, stdout_used: true, stderr_used: true })
DEBUG: generate_pipeline_for_substitution called
DEBUG: Pipeline has 2 commands
DEBUG: Processing 2-command pipeline
DEBUG: CommandSubstitution called with command: Pipeline(Pipeline { commands: [Simple(SimpleCommand { name: Literal("echo", None), args: [StringInterpolation(StringInterpolation { parts: [Literal("apple:banana:cherry")] }, None)], redirects: [], env_vars: {}, stdout_used: true, stderr_used: true }), Simple(SimpleCommand { name: Literal("cut", None), args: [Literal("-d", None), Literal(":", None), Literal("-f", None), Literal("2", None)], redirects: [], env_vars: {}, stdout_used: true, stderr_used: true })], source_text: None, stdout_used: true, stderr_used: true })
DEBUG: generate_pipeline_for_substitution called
DEBUG: Pipeline has 2 commands
DEBUG: Processing 2-command pipeline
DEBUG: CommandSubstitution called with command: Simple(SimpleCommand { name: Literal("paste", None), args: [Literal("temp1.txt", None), Literal("temp2.txt", None)], redirects: [], env_vars: {}, stdout_used: true, stderr_used: true })
DEBUG: CommandSubstitution called with command: Simple(SimpleCommand { name: Literal("comm", None), args: [Literal("-12", None), Literal("file1.txt", None), Literal("file2.txt", None)], redirects: [], env_vars: {}, stdout_used: true, stderr_used: true })
DEBUG: comm command detected, checking for process substitution
DEBUG: comm command has no process substitution, using dedicated implementation
DEBUG: CommandSubstitution called with command: Simple(SimpleCommand { name: Literal("diff", None), args: [Literal("file1.txt", None), Literal("file2.txt", None)], redirects: [], env_vars: {}, stdout_used: true, stderr_used: true })
DEBUG: Processing diff command in command substitution with args: [Literal("file1.txt", None), Literal("file2.txt", None)]
DEBUG: CommandSubstitution called with command: Pipeline(Pipeline { commands: [Simple(SimpleCommand { name: Literal("echo", None), args: [StringInterpolation(StringInterpolation { parts: [Literal("HELLO WORLD")] }, None)], redirects: [], env_vars: {}, stdout_used: true, stderr_used: true }), Simple(SimpleCommand { name: Literal("tr", None), args: [Literal("A-Z", None), Literal("a-z", None)], redirects: [], env_vars: {}, stdout_used: true, stderr_used: true })], source_text: None, stdout_used: true, stderr_used: true })
DEBUG: generate_pipeline_for_substitution called
DEBUG: Pipeline has 2 commands
DEBUG: Processing 2-command pipeline
DEBUG: CommandSubstitution called with command: Pipeline(Pipeline { commands: [Simple(SimpleCommand { name: Literal("echo", None), args: [StringInterpolation(StringInterpolation { parts: [Literal("1 2 3")] }, None)], redirects: [], env_vars: {}, stdout_used: true, stderr_used: true }), Simple(SimpleCommand { name: Literal("xargs", None), args: [Literal("-n", None), Literal("1", None), Literal("echo", None), StringInterpolation(StringInterpolation { parts: [Literal("Number:")] }, None)], redirects: [], env_vars: {}, stdout_used: true, stderr_used: true })], source_text: None, stdout_used: true, stderr_used: true })
DEBUG: generate_pipeline_for_substitution called
DEBUG: Pipeline has 2 commands
DEBUG: Processing 2-command pipeline
DEBUG: Perl code generated, length: 15082 characters
DEBUG: About to start translated program execution
DEBUG: About to execute Perl command: ["perl", "C:\\Users\\s_pam\\AppData\\Local\\Temp\\__tmp_test_output.pl"]
DEBUG: Perl code length: 15082 characters
DEBUG: First 200 characters of Perl code:
#!/usr/bin/env perl
use strict;
use warnings;
use Carp;
use English qw( -no_match_vars );
use locale;
use IPC::Open3;
use File::Path qw(make_path remove_tree);

my $main_exit_code = 0;
my $ls_success 
DEBUG: Starting Perl execution with timeout manager
DEBUG: Timeout manager starting PerlExecution with timeout of 30.0 seconds
DEBUG: Successfully spawned Perl process
DEBUG: Starting execution loop for Perl process
DEBUG: Execution loop iteration, elapsed: 3.1µs
DEBUG: Perl process completed with status: ExitStatus(ExitStatus(0))
DEBUG: Perl execution completed, duration: 302.6602ms, timed_out: false
DEBUG: Ending Perl execution with timeout manager
DEBUG: Timeout manager completed PerlExecution successfully
✓DEBUG: Test completed, comparing outputs
Test 7/146: 000__04d_system_utilities.sh with perl     DEBUG: Shell stdout length: 2154, Translated stdout length: 2154
DEBUG: Shell stderr length: 0, Translated stderr length: 0
DEBUG: Shell exit: 0, Translated exit: 0
DEBUG: Test success: true
DEBUG: Test execution completed in 587ms
DEBUG: Starting test execution for examples\000__04d_system_utilities.sh with generator perl
DEBUG: Running shell script: examples\000__04d_system_utilities.sh
DEBUG: Timeout manager starting ShellExecution with timeout of 120.0 seconds
DEBUG: Timeout manager completed ShellExecution successfully
DEBUG: Shell script completed in 3.12s
DEBUG: Shell script execution completed, now starting Perl generation
DEBUG: Setting original script name to: 000__04d_system_utilities.sh
DEBUG: CommandSubstitution called with command: Simple(SimpleCommand { name: Literal("date", None), args: [Literal("+%Y-%m-%d %H", None)], redirects: [], env_vars: {}, stdout_used: true, stderr_used: true })
DEBUG: CommandSubstitution called with command: Simple(SimpleCommand { name: Literal("date", None), args: [Literal("+%rms", None)], redirects: [], env_vars: {}, stdout_used: true, stderr_used: true })
DEBUG: CommandSubstitution called with command: Pipeline(Pipeline { commands: [Redirect(RedirectCommand { command: Simple(SimpleCommand { name: Literal("time", None), args: [Literal("sleep", None), Literal("1", None)], redirects: [], env_vars: {}, stdout_used: true, stderr_used: true }), redirects: [Redirect { fd: Some(2), operator: StderrOutput, target: Literal("1", None), heredoc_body: None }] }), Simple(SimpleCommand { name: Literal("sed", None), args: [Literal("s/...$//", None)], redirects: [], env_vars: {}, stdout_used: true, stderr_used: true })], source_text: None, stdout_used: true, stderr_used: true })
DEBUG: generate_pipeline_for_substitution called
DEBUG: Pipeline has 2 commands
DEBUG: Processing 2-command pipeline
DEBUG: Found RedirectCommand + SimpleCommand pipeline
DEBUG: CommandSubstitution called with command: Simple(SimpleCommand { name: Literal("echo", None), args: [Literal("2", None)], redirects: [], env_vars: {}, stdout_used: true, stderr_used: true })
DEBUG: CommandSubstitution called with command: Pipeline(Pipeline { commands: [Simple(SimpleCommand { name: Literal("yes", None), args: [StringInterpolation(StringInterpolation { parts: [Literal("Hello")] }, None)], redirects: [], env_vars: {}, stdout_used: true, stderr_used: true }), Simple(SimpleCommand { name: Literal("head", None), args: [Literal("-3", None)], redirects: [], env_vars: {}, stdout_used: true, stderr_used: true })], source_text: None, stdout_used: true, stderr_used: true })
DEBUG: generate_pipeline_for_substitution called
DEBUG: Pipeline has 2 commands
DEBUG: Processing 2-command pipeline
DEBUG: Perl code generated, length: 1727 characters
DEBUG: About to start translated program execution
DEBUG: About to execute Perl command: ["perl", "C:\\Users\\s_pam\\AppData\\Local\\Temp\\__tmp_test_output.pl"]
DEBUG: Perl code length: 1727 characters
DEBUG: First 200 characters of Perl code:
#!/usr/bin/env perl
use strict;
use warnings;
use Carp;
use English qw( -no_match_vars );
use locale;
use IPC::Open3;

my $main_exit_code = 0;
my $ls_success = 0;
our $CHILD_ERROR;

print "=== System 
DEBUG: Starting Perl execution with timeout manager
DEBUG: Timeout manager starting PerlExecution with timeout of 30.0 seconds
DEBUG: Successfully spawned Perl process
DEBUG: Starting execution loop for Perl process
DEBUG: Execution loop iteration, elapsed: 8.2µs
DEBUG: Execution loop iteration, elapsed: 2.1003997s
DEBUG: Execution loop iteration, elapsed: 3.2002611s
DEBUG: Perl process completed with status: ExitStatus(ExitStatus(0))
DEBUG: Perl execution completed, duration: 3.2004924s, timed_out: false
DEBUG: Ending Perl execution with timeout manager
DEBUG: Timeout manager completed PerlExecution successfully
DEBUG: Test completed, comparing outputs
DEBUG: Shell stdout length: 191, Translated stdout length: 191
DEBUG: Shell stderr length: 40, Translated stderr length: 40
DEBUG: Shell exit: 0, Translated exit: 0
DEBUG: Test success: false
DEBUG: Test execution completed in 6363ms
[2J[1;1H================================================================================
                                    TEST FAILED
================================================================================
File: examples\000__04d_system_utilities.sh
Generator: perl
Test: 7/146
Tests passed before failure: 6
Failure Reason: Failed due to: stdout mismatch, stderr mismatch
================================================================================

Exit Code Comparison (IGNORED):
Shell script exit code: 0
Translated code exit code: 0

================================================================================
ORIGINAL SHELL SCRIPT:
================================================================================
#!/bin/bash

# System utilities using backticks
# This file demonstrates system utility commands with backticks

echo "=== System Utilities ==="

# date command with backticks
#PERL_MUST_NOT_CONTAIN `date
timestamp=`date +%rms`
formatted_date=`date '+%Y-%m-%d %H'`
echo "Timestamp: $timestamp"
echo "Formatted date: $formatted_date"

# time command with backticks
#PERL_MUST_NOT_CONTAIN `time
time_result=`time sleep 1 2>&1 | sed 's/...$//'`
echo "Time result: $time_result"

# sleep command with backticks (though it doesn't produce output)
#PERL_MUST_NOT_CONTAIN `sleep
sleep_duration=`echo "2"`
echo "Sleeping for $sleep_duration seconds..."
sleep $sleep_duration

# which command with backticks
#PERL_MUST_NOT_CONTAIN `which
#bash_path=`which bash`
#echo "Bash path: $bash_path"

# yes command with backticks
#PERL_MUST_NOT_CONTAIN `yes
yes_result=`yes "Hello" | head -3`
echo "Yes command result:"
echo "$yes_result"

echo "=== System Utilities Complete ==="



================================================================================
TRANSLATED PERL CODE:
================================================================================
#!/usr/bin/env perl
use strict;
use warnings;
use Carp;
use English qw( -no_match_vars );
use locale;
use IPC::Open3;

my $main_exit_code = 0;
my $ls_success = 0;
our $CHILD_ERROR;

print "=== System Utilities ===\n";
my $formatted_date = do { use POSIX qw(strftime); strftime('%Y-%m-%d %H', localtime); };
my $timestamp = do { my ($sec, $min, $hour, $mday, $mon, $year, $wday, $yday, $isdst) = localtime(); my $ampm = $hour >= 12 ? 'PM' : 'AM'; $hour = $hour % 12; $hour = 12 if $hour == 0; sprintf "%02d:%02d:%02d %sms", $hour, $min, $sec, $ampm };
print "Timestamp: $timestamp\n";
print "Formatted date: $formatted_date\n";
my $time_result = do {
    my $cmd_result_68 = do {
    use Time::HiRes qw(gettimeofday tv_interval);
    my $start_time = [gettimeofday];
    system "sleep 1";
    my $end_time = [gettimeofday];
    my $elapsed = tv_interval($start_time, $end_time);
    my $time_output = sprintf "real\t0m%.3fs\nuser\t0m0.000s\nsys\t0m0.000s\n", $elapsed;
    print STDERR $time_output;
    q{};
};
    chomp $cmd_result_68;
    $cmd_result_68;
};
print "Time result: $time_result\n";
my $sleep_duration = (q{2});
print "Sleeping for $sleep_duration seconds...\n";
use Time::HiRes qw(sleep);
sleep $sleep_duration;
my $yes_result = do {
my $head_line_count = 0;
my $output_0 = q{};
for (my $i = 0; $i < 3; $i++) {
    my $line = "Hello";
    # yes doesn't support line-by-line processing
    if ($head_line_count < 3) {
        $output_0 .= $line . "\n";
        ++$head_line_count;
    } else {
        $line = q{}; # Clear line to prevent printing
    }
}
$output_0

};
print "Yes command result:\n";
print $yes_result;
if (!($yes_result =~ /\n$/msx)) { print "\n"; }
print "=== System Utilities Complete ===\n";


================================================================================
ABSTRACT SYNTAX TREE:
================================================================================
[Simple(SimpleCommand { name: Literal("echo", None), args: [StringInterpolation(StringInterpolation { parts: [Literal("=== System Utilities ===")] }, None)], redirects: [], env_vars: {}, stdout_used: true, stderr_used: true }), Simple(SimpleCommand { name: Literal("echo", None), args: [StringInterpolation(StringInterpolation { parts: [Literal("Timestamp: "), Variable("timestamp")] }, None)], redirects: [], env_vars: {"formatted_date": CommandSubstitution(Simple(SimpleCommand { name: Literal("date", None), args: [Literal("+%Y-%m-%d %H", None)], redirects: [], env_vars: {}, stdout_used: true, stderr_used: true }), None), "timestamp": CommandSubstitution(Simple(SimpleCommand { name: Literal("date", None), args: [Literal("+%rms", None)], redirects: [], env_vars: {}, stdout_used: true, stderr_used: true }), None)}, stdout_used: true, stderr_used: true }), Simple(SimpleCommand { name: Literal("echo", None), args: [StringInterpolation(StringInterpolation { parts: [Literal("Formatted date: "), Variable("formatted_date")] }, None)], redirects: [], env_vars: {}, stdout_used: true, stderr_used: true }), Simple(SimpleCommand { name: Literal("echo", None), args: [StringInterpolation(StringInterpolation { parts: [Literal("Time result: "), Variable("time_result")] }, None)], redirects: [], env_vars: {"time_result": CommandSubstitution(Pipeline(Pipeline { commands: [Redirect(RedirectCommand { command: Simple(SimpleCommand { name: Literal("time", None), args: [Literal("sleep", None), Literal("1", None)], redirects: [], env_vars: {}, stdout_used: true, stderr_used: true }), redirects: [Redirect { fd: Some(2), operator: StderrOutput, target: Literal("1", None), heredoc_body: None }] }), Simple(SimpleCommand { name: Literal("sed", None), args: [Literal("s/...$//", None)], redirects: [], env_vars: {}, stdout_used: true, stderr_used: true })], source_text: None, stdout_used: true, stderr_used: true }), None)}, stdout_used: true, stderr_used: true }), Simple(SimpleCommand { name: Literal("echo", None), args: [StringInterpolation(StringInterpolation { parts: [Literal("Sleeping for "), Variable("sleep_duration"), Literal(" seconds...")] }, None)], redirects: [], env_vars: {"sleep_duration": CommandSubstitution(Simple(SimpleCommand { name: Literal("echo", None), args: [Literal("2", None)], redirects: [], env_vars: {}, stdout_used: true, stderr_used: true }), None)}, stdout_used: true, stderr_used: true }), Simple(SimpleCommand { name: Literal("sleep", None), args: [Variable("sleep_duration", false, None)], redirects: [], env_vars: {}, stdout_used: true, stderr_used: true }), Simple(SimpleCommand { name: Literal("echo", None), args: [StringInterpolation(StringInterpolation { parts: [Literal("Yes command result:")] }, None)], redirects: [], env_vars: {"yes_result": CommandSubstitution(Pipeline(Pipeline { commands: [Simple(SimpleCommand { name: Literal("yes", None), args: [StringInterpolation(StringInterpolation { parts: [Literal("Hello")] }, None)], redirects: [], env_vars: {}, stdout_used: true, stderr_used: true }), Simple(SimpleCommand { name: Literal("head", None), args: [Literal("-3", None)], redirects: [], env_vars: {}, stdout_used: true, stderr_used: true })], source_text: None, stdout_used: true, stderr_used: true }), None)}, stdout_used: true, stderr_used: true }), Simple(SimpleCommand { name: Literal("echo", None), args: [StringInterpolation(StringInterpolation { parts: [Variable("yes_result")] }, None)], redirects: [], env_vars: {}, stdout_used: true, stderr_used: true }), Simple(SimpleCommand { name: Literal("echo", None), args: [StringInterpolation(StringInterpolation { parts: [Literal("=== System Utilities Complete ===")] }, None)], redirects: [], env_vars: {}, stdout_used: true, stderr_used: true })]

================================================================================
STDOUT COMPARISON (DIFF):
================================================================================
--- shell_stdout
+++ perl_stdout
 === System Utilities ===
-Timestamp: 09:15:19 AMms
+Timestamp: 09:15:22 AMms
 Formatted date: 2025-09-22 09
 Time result: 
 Sleeping for 2 seconds...
 Yes command result:
 Hello
 Hello
 Hello
 === System Utilities Complete ===


================================================================================
STDERR COMPARISON:
================================================================================
STDERR DIFFERENCES FOUND:
--- shell_stderr
+++ perl_stderr
-real\x090m1.003s
+real\x090m1.053s
-user\x090m0.003s
+user\x090m0.000s
 sys\x090m0.000s


================================================================================
SUMMARY: 6 out of 146 tests passed before first failure
================================================================================

BRIEF FAILURE SUMMARY:
Failed due to: stdout mismatch, stderr mismatch
Writing test count 6 to first_n_tests_passed.txt
Current working directory: "D:\\GitHub\\sh2perl"
Successfully wrote test count 6 and matching stdout lines 1 to first_n_tests_passed.txt

To run test again: ./fail 000__04d
Running test_purify.pl validation...
Running test_purify.pl with verbose output
Running test_purify.pl with next option
Testing purify.pl exists...
Testing debashc exists...
Testing examples.impurl directory exists...
Found 54 .pl files in examples.impurl directory
Testing purify.pl on examples.impurl/000benchmark.pl...
  ✗ examples.impurl/000benchmark.pl: purify.pl failed (exit code: 512) - skipping
Testing purify.pl on examples.impurl/001_echo_basic.pl...
  ✗ examples.impurl/001_echo_basic.pl: purify.pl failed (exit code: 512) - skipping
Testing purify.pl on examples.impurl/002_printf_basic.pl...
  ✗ examples.impurl/002_printf_basic.pl: purify.pl failed (exit code: 512) - skipping
Testing purify.pl on examples.impurl/003__ls_basic.pl...
  ✗ examples.impurl/003__ls_basic.pl: purify.pl failed (exit code: 512) - skipping
Testing purify.pl on examples.impurl/003_ls_basic.pl...
  ✗ examples.impurl/003_ls_basic.pl: purify.pl failed (exit code: 512) - skipping
Testing purify.pl on examples.impurl/004_cat_basic.pl...
  ✗ examples.impurl/004_cat_basic.pl: purify.pl failed (exit code: 512) - skipping
Testing purify.pl on examples.impurl/005_wc_basic.pl...
  ✗ examples.impurl/005_wc_basic.pl: purify.pl failed (exit code: 512) - skipping
Testing purify.pl on examples.impurl/006_head_basic.pl...
  ✗ examples.impurl/006_head_basic.pl: purify.pl failed (exit code: 512) - skipping
Testing purify.pl on examples.impurl/007_tail_basic.pl...
  ✗ examples.impurl/007_tail_basic.pl: purify.pl failed (exit code: 512) - skipping
Testing purify.pl on examples.impurl/008_date_basic.pl...
  ✗ examples.impurl/008_date_basic.pl: purify.pl failed (exit code: 512) - skipping
Testing purify.pl on examples.impurl/009_sleep_basic.pl...
  ✗ examples.impurl/009_sleep_basic.pl: purify.pl failed (exit code: 512) - skipping
Testing purify.pl on examples.impurl/010_which_basic.pl...
  ✗ examples.impurl/010_which_basic.pl: purify.pl failed (exit code: 512) - skipping
Testing purify.pl on examples.impurl/011_grep_basic.pl...
  ✗ examples.impurl/011_grep_basic.pl: purify.pl failed (exit code: 512) - skipping
Testing purify.pl on examples.impurl/012_sed_basic.pl...
  ✗ examples.impurl/012_sed_basic.pl: purify.pl failed (exit code: 512) - skipping
Testing purify.pl on examples.impurl/013_awk_basic.pl...
  ✗ examples.impurl/013_awk_basic.pl: purify.pl failed (exit code: 512) - skipping
Testing purify.pl on examples.impurl/014_tr_basic.pl...
  ✗ examples.impurl/014_tr_basic.pl: purify.pl failed (exit code: 512) - skipping
Testing purify.pl on examples.impurl/015_cut_basic.pl...
  ✗ examples.impurl/015_cut_basic.pl: purify.pl failed (exit code: 512) - skipping
Testing purify.pl on examples.impurl/016_sort_basic.pl...
  ✗ examples.impurl/016_sort_basic.pl: purify.pl failed (exit code: 512) - skipping
Testing purify.pl on examples.impurl/017_uniq_basic.pl...
  ✗ examples.impurl/017_uniq_basic.pl: purify.pl failed (exit code: 512) - skipping
Testing purify.pl on examples.impurl/018_paste_basic.pl...
  ✗ examples.impurl/018_paste_basic.pl: purify.pl failed (exit code: 512) - skipping
Testing purify.pl on examples.impurl/019_comm_basic.pl...
  ✗ examples.impurl/019_comm_basic.pl: purify.pl failed (exit code: 512) - skipping
Testing purify.pl on examples.impurl/020_diff_basic.pl...
  ✗ examples.impurl/020_diff_basic.pl: purify.pl failed (exit code: 512) - skipping
Testing purify.pl on examples.impurl/021_find_basic.pl...
  ✗ examples.impurl/021_find_basic.pl: purify.pl failed (exit code: 512) - skipping
Testing purify.pl on examples.impurl/022_cp_basic.pl...
  ✗ examples.impurl/022_cp_basic.pl: purify.pl failed (exit code: 512) - skipping
Testing purify.pl on examples.impurl/023_mv_basic.pl...
  ✗ examples.impurl/023_mv_basic.pl: purify.pl failed (exit code: 512) - skipping
Testing purify.pl on examples.impurl/024_rm_basic.pl...
  ✗ examples.impurl/024_rm_basic.pl: purify.pl failed (exit code: 512) - skipping
Testing purify.pl on examples.impurl/025_mkdir_basic.pl...
  ✗ examples.impurl/025_mkdir_basic.pl: purify.pl failed (exit code: 512) - skipping
Testing purify.pl on examples.impurl/026_touch_basic.pl...
  ✗ examples.impurl/026_touch_basic.pl: purify.pl failed (exit code: 512) - skipping
Testing purify.pl on examples.impurl/027_basename_basic.pl...
  ✗ examples.impurl/027_basename_basic.pl: purify.pl failed (exit code: 512) - skipping
Testing purify.pl on examples.impurl/028_dirname_basic.pl...
  ✗ examples.impurl/028_dirname_basic.pl: purify.pl failed (exit code: 512) - skipping
Testing purify.pl on examples.impurl/029_xargs_basic.pl...
  ✗ examples.impurl/029_xargs_basic.pl: purify.pl failed (exit code: 512) - skipping
Testing purify.pl on examples.impurl/030_tee_basic.pl...
  ✗ examples.impurl/030_tee_basic.pl: purify.pl failed (exit code: 512) - skipping
Testing purify.pl on examples.impurl/031_time_basic.pl...
  ✗ examples.impurl/031_time_basic.pl: purify.pl failed (exit code: 512) - skipping
Testing purify.pl on examples.impurl/032_kill_basic.pl...
  ✗ examples.impurl/032_kill_basic.pl: purify.pl failed (exit code: 512) - skipping
Testing purify.pl on examples.impurl/033_nice_basic.pl...
  ✗ examples.impurl/033_nice_basic.pl: purify.pl failed (exit code: 512) - skipping
Testing purify.pl on examples.impurl/034_nohup_basic.pl...
  ✗ examples.impurl/034_nohup_basic.pl: purify.pl failed (exit code: 512) - skipping
Testing purify.pl on examples.impurl/035_pipeline_basic.pl...
  ✗ examples.impurl/035_pipeline_basic.pl: purify.pl failed (exit code: 512) - skipping
Testing purify.pl on examples.impurl/036_control_flow_basic.pl...
  ✗ examples.impurl/036_control_flow_basic.pl: purify.pl failed (exit code: 512) - skipping
Testing purify.pl on examples.impurl/037_complex_pipeline.pl...
  ✗ examples.impurl/037_complex_pipeline.pl: purify.pl failed (exit code: 512) - skipping
Testing purify.pl on examples.impurl/038_advanced_control_flow.pl...
  ✗ examples.impurl/038_advanced_control_flow.pl: purify.pl failed (exit code: 512) - skipping
Testing purify.pl on examples.impurl/039_subshell_operations.pl...
  ✗ examples.impurl/039_subshell_operations.pl: purify.pl failed (exit code: 512) - skipping
Testing purify.pl on examples.impurl/040_most_complex_example.pl...
  ✗ examples.impurl/040_most_complex_example.pl: purify.pl failed (exit code: 512) - skipping
Testing purify.pl on examples.impurl/041_compression_network.pl...
  ✗ examples.impurl/041_compression_network.pl: purify.pl failed (exit code: 512) - skipping
Testing purify.pl on examples.impurl/042_checksum_verification.pl...
  ✗ examples.impurl/042_checksum_verification.pl: purify.pl failed (exit code: 512) - skipping
Testing purify.pl on examples.impurl/043_string_processing.pl...
  ✗ examples.impurl/043_string_processing.pl: purify.pl failed (exit code: 512) - skipping
Testing purify.pl on examples.impurl/044_yes_command.pl...
  ✗ examples.impurl/044_yes_command.pl: purify.pl failed (exit code: 512) - skipping
Testing purify.pl on examples.impurl/045_read_command.pl...
  ✗ examples.impurl/045_read_command.pl: purify.pl failed (exit code: 512) - skipping
Testing purify.pl on examples.impurl/046_perl_command.pl...
  ✗ examples.impurl/046_perl_command.pl: purify.pl failed (exit code: 512) - skipping
Testing purify.pl on examples.impurl/047_advanced_pipelines.pl...
  ✗ examples.impurl/047_advanced_pipelines.pl: purify.pl failed (exit code: 512) - skipping
Testing purify.pl on examples.impurl/048_nested_control_flow.pl...
  ✗ examples.impurl/048_nested_control_flow.pl: purify.pl failed (exit code: 512) - skipping
Testing purify.pl on examples.impurl/049_ultimate_complex_example.pl...
  ✗ examples.impurl/049_ultimate_complex_example.pl: purify.pl failed (exit code: 512) - skipping
Testing purify.pl on examples.impurl/050_final_example.pl...
  ✗ examples.impurl/050_final_example.pl: purify.pl failed (exit code: 512) - skipping
Testing purify.pl on examples.impurl/051_remaining_examples.pl...
  ✗ examples.impurl/051_remaining_examples.pl: purify.pl failed (exit code: 512) - skipping
Testing purify.pl on examples.impurl/052_complex_usage_examples.pl...
  ✗ examples.impurl/052_complex_usage_examples.pl: purify.pl failed (exit code: 512) - skipping
Testing purify.pl --help...
Error: purify.pl --help failed (exit code: 512)
test_purify.pl passed, continuing with other commands...
Test run completed at Mon Sep 22 09:15:34 AWST 2025
