Starting test run at Mon Apr  6 15:38:17 AWST 2026
Logging to: logs/fail_run_20260406_153817.log
Test arguments: 012
----------------------------------------
Compiling debashc...
   Compiling debashl v0.1.0 (/mnt/d/GitHub/sh2perl)
warning: unused import: `Token`
    --> src/parser/commands.rs:1545:31
     |
1545 |     use crate::lexer::{Lexer, Token};
     |                               ^^^^^
     |
     = note: `#[warn(unused_imports)]` on by default

warning: unused import: `regex::Regex`
 --> src/generator/commands/pipeline_commands.rs:6:5
  |
6 | use regex::Regex;
  |     ^^^^^^^^^^^^

warning: unused import: `std::collections::HashMap`
 --> src/generator/redirects.rs:4:5
  |
4 | use std::collections::HashMap;
  |     ^^^^^^^^^^^^^^^^^^^^^^^^^

warning: unused doc comment
   --> src/timeout_manager.rs:282:1
    |
282 | /// Global timeout manager instance
    | ^^^^^^^^^^^^^^^^^^^^^^^^^^^^^^^^^^^ rustdoc does not generate documentation for macro invocations
    |
    = help: to document an item produced by a macro, the macro must produce the documentation as part of its expansion
    = note: `#[warn(unused_doc_comments)]` on by default

warning: variable does not need to be mutable
    --> src/parser/commands.rs:1548:9
     |
1548 |     let mut lexer = Lexer::new(text);
     |         ----^^^^^
     |         |
     |         help: remove this `mut`
     |
     = note: `#[warn(unused_mut)]` on by default

warning: unused variable: `cmd2`
   --> src/generator/commands/pipeline_commands.rs:605:66
    |
605 |         if let (Command::Redirect(redirect_cmd), Command::Simple(cmd2)) =
    |                                                                  ^^^^ help: if this is intentional, prefix it with an underscore: `_cmd2`
    |
    = note: `#[warn(unused_variables)]` on by default

warning: variable `head_max` is assigned to, but never used
    --> src/generator/commands/pipeline_commands.rs:1028:25
     |
1028 |                 let mut head_max = 10; // Default value
     |                         ^^^^^^^^
     |
     = note: consider using `_head_max` instead

warning: value assigned to `head_max` is never read
    --> src/generator/commands/pipeline_commands.rs:1040:53
     |
1040 | ...                   head_max = num;
     |                       ^^^^^^^^
     |
     = help: maybe it is overwritten before being read?
     = note: `#[warn(unused_assignments)]` on by default

warning: value assigned to `head_max` is never read
    --> src/generator/commands/pipeline_commands.rs:1047:53
     |
1047 | ...                   head_max = num;
     |                       ^^^^^^^^
     |
     = help: maybe it is overwritten before being read?

warning: value assigned to `head_max` is never read
    --> src/generator/commands/pipeline_commands.rs:1052:49
     |
1052 | ...                   head_max = num;
     |                       ^^^^^^^^
     |
     = help: maybe it is overwritten before being read?

warning: unused variable: `i`
    --> src/generator/commands/pipeline_commands.rs:1077:22
     |
1077 |                 for (i, command) in pipeline.commands[start_index..].iter().enumerate() {
     |                      ^ help: if this is intentional, prefix it with an underscore: `_i`

warning: unused variable: `j`
    --> src/generator/commands/pipeline_commands.rs:1092:34
     |
1092 | ...                   for (j, nested_command) in nested_pipeline.commands.iter().enumerate() {
     |                            ^ help: if this is intentional, prefix it with an underscore: `_j`

warning: unused variable: `cmd`
  --> src/generator/commands/system_commands.rs:48:35
   |
48 |         Word::CommandSubstitution(cmd, _) => {
   |                                   ^^^ help: if this is intentional, prefix it with an underscore: `_cmd`

warning: unused variable: `input_var`
 --> src/generator/commands/comm.rs:7:5
  |
7 |     input_var: &str,
  |     ^^^^^^^^^ help: if this is intentional, prefix it with an underscore: `_input_var`

warning: unused variable: `output`
  --> src/generator/commands/find.rs:47:13
   |
47 |     let mut output = String::new();
   |             ^^^^^^ help: if this is intentional, prefix it with an underscore: `_output`

warning: variable does not need to be mutable
  --> src/generator/commands/find.rs:47:9
   |
47 |     let mut output = String::new();
   |         ----^^^^^^
   |         |
   |         help: remove this `mut`

warning: unused variable: `all_found_var`
   --> src/generator/commands/ls.rs:473:13
    |
473 |         let all_found_var = format!("ls_all_found_{}", generator.get_unique_id());
    |             ^^^^^^^^^^^^^ help: if this is intentional, prefix it with an underscore: `_all_found_var`

warning: unused variable: `all_found_var`
   --> src/generator/commands/ls.rs:474:13
    |
474 |         let all_found_var = format!("ls_all_found_{}", generator.get_unique_id());
    |             ^^^^^^^^^^^^^ help: if this is intentional, prefix it with an underscore: `_all_found_var`

warning: unused variable: `all_found_var`
   --> src/generator/commands/ls.rs:475:13
    |
475 |         let all_found_var = format!("ls_all_found_{}", generator.get_unique_id());
    |             ^^^^^^^^^^^^^ help: if this is intentional, prefix it with an underscore: `_all_found_var`

warning: variable `sort_by_time` is assigned to, but never used
   --> src/generator/commands/ls.rs:763:13
    |
763 |     let mut sort_by_time = false; // -t flag: sort by modification time
    |             ^^^^^^^^^^^^
    |
    = note: consider using `_sort_by_time` instead

warning: value assigned to `sort_by_time` is never read
   --> src/generator/commands/ls.rs:777:32
    |
777 |                         't' => sort_by_time = true,   // -t flag: sort by modification time
    |                                ^^^^^^^^^^^^
    |
    = help: maybe it is overwritten before being read?

warning: unused variable: `literal`
   --> src/generator/utils.rs:162:59
    |
162 | ...                   Word::Literal(literal, _) => {
    |                                     ^^^^^^^ help: if this is intentional, prefix it with an underscore: `_literal`

warning: unused variable: `cmd_name`
  --> src/generator/words.rs:68:25
   |
68 |                     let cmd_name = generator.word_to_perl(&simple_cmd.name);
   |                         ^^^^^^^^ help: if this is intentional, prefix it with an underscore: `_cmd_name`

warning: unused variable: `command_str`
   --> src/generator/words.rs:654:37
    |
654 | ...                   let command_str = generator.word_to_perl(command);
    |                           ^^^^^^^^^^^ help: if this is intentional, prefix it with an underscore: `_command_str`

warning: unused variable: `indent1`
   --> src/generator/words.rs:796:33
    |
796 | ...                   let indent1 = "    ".to_string(); // 4 spaces for outer do block
    |                           ^^^^^^^ help: if this is intentional, prefix it with an underscore: `_indent1`

warning: unused variable: `indent1`
   --> src/generator/words.rs:837:33
    |
837 | ...                   let indent1 = "    ".to_string();
    |                           ^^^^^^^ help: if this is intentional, prefix it with an underscore: `_indent1`

warning: unused variable: `indent1`
   --> src/generator/words.rs:878:33
    |
878 | ...                   let indent1 = "    ".to_string();
    |                           ^^^^^^^ help: if this is intentional, prefix it with an underscore: `_indent1`

warning: unused variable: `indent1`
   --> src/generator/words.rs:915:33
    |
915 | ...                   let indent1 = "    ".to_string();
    |                           ^^^^^^^ help: if this is intentional, prefix it with an underscore: `_indent1`

warning: unused variable: `indent1`
   --> src/generator/words.rs:954:33
    |
954 | ...                   let indent1 = "    ".to_string();
    |                           ^^^^^^^ help: if this is intentional, prefix it with an underscore: `_indent1`

warning: unused variable: `literal`
   --> src/generator/words.rs:504:59
    |
504 | ...                   Word::Literal(literal, _) => {
    |                                     ^^^^^^^ help: if this is intentional, prefix it with an underscore: `_literal`

warning: unused variable: `s`
    --> src/generator/words.rs:1149:23
     |
1149 |         Word::Literal(s, _) => generator.perl_string_literal(word),
     |                       ^ help: if this is intentional, prefix it with an underscore: `_s`

warning: unused variable: `needs_exit_code`
   --> src/generator/mod.rs:128:13
    |
128 |         let needs_exit_code = self.needs_exit_code_tracking(ast);
    |             ^^^^^^^^^^^^^^^ help: if this is intentional, prefix it with an underscore: `_needs_exit_code`

warning: unused variable: `operation_handle`
   --> src/timeout_manager.rs:151:13
    |
151 |         let operation_handle = thread::spawn(move || {
    |             ^^^^^^^^^^^^^^^^ help: if this is intentional, prefix it with an underscore: `_operation_handle`

warning: unused variable: `operation_handle`
   --> src/timeout_manager.rs:194:13
    |
194 |         let operation_handle = thread::spawn(move || {
    |             ^^^^^^^^^^^^^^^^ help: if this is intentional, prefix it with an underscore: `_operation_handle`

warning: methods `parse_variable_expansion` and `parse_arithmetic_expression` are never used
    --> src/parser/commands.rs:1356:8
     |
  20 | impl Parser {
     | ----------- methods in this implementation
...
1356 |     fn parse_variable_expansion(&mut self) -> Result<Word, ParserError> {
     |        ^^^^^^^^^^^^^^^^^^^^^^^^
...
1431 |     fn parse_arithmetic_expression(&mut self) -> Result<Word, ParserError> {
     |        ^^^^^^^^^^^^^^^^^^^^^^^^^^^
     |
     = note: `#[warn(dead_code)]` on by default

warning: function `parse_command` is never used
    --> src/parser/control_flow.rs:1075:4
     |
1075 | fn parse_command(parser: &mut Parser) -> Result<Command, ParserError> {
     |    ^^^^^^^^^^^^^

warning: function `parse_assignment` is never used
    --> src/parser/control_flow.rs:1285:4
     |
1285 | fn parse_assignment(parser: &mut Parser) -> Result<Command, ParserError> {
     |    ^^^^^^^^^^^^^^^^

warning: function `parse_parameter_expansion` is never used
    --> src/parser/words.rs:2191:4
     |
2191 | fn parse_parameter_expansion(_lexer: &mut Lexer) -> Result<Word, ParserError> {
     |    ^^^^^^^^^^^^^^^^^^^^^^^^^

warning: function `escape_glob_pattern` is never used
 --> src/generator/commands/find.rs:4:4
  |
4 | fn escape_glob_pattern(pattern: &str) -> String {
  |    ^^^^^^^^^^^^^^^^^^^

warning: function `parse_size_to_bytes` is never used
   --> src/generator/commands/find.rs:248:4
    |
248 | fn parse_size_to_bytes(size_str: &str) -> u64 {
    |    ^^^^^^^^^^^^^^^^^^^

warning: function `generate_tr_linebyline_impl` is never used
  --> src/generator/commands/tr.rs:73:4
   |
73 | fn generate_tr_linebyline_impl(
   |    ^^^^^^^^^^^^^^^^^^^^^^^^^^^

warning: function `generate_tr_buffered_impl` is never used
   --> src/generator/commands/tr.rs:133:4
    |
133 | fn generate_tr_buffered_impl(
    |    ^^^^^^^^^^^^^^^^^^^^^^^^^

warning: function `is_variable_used_after_for_loop` is never used
   --> src/generator/control_flow.rs:241:4
    |
241 | fn is_variable_used_after_for_loop(
    |    ^^^^^^^^^^^^^^^^^^^^^^^^^^^^^^^

warning: fields `variable_usage` and `scope_depth` are never read
  --> src/variable_analysis.rs:8:5
   |
 6 | pub struct VariableUsageAnalyzer {
   |            --------------------- fields in this struct
 7 |     /// Maps variable names to their usage information
 8 |     variable_usage: HashMap<String, VariableUsageInfo>,
   |     ^^^^^^^^^^^^^^
 9 |     /// Current scope depth for tracking nested scopes
10 |     scope_depth: usize,
   |     ^^^^^^^^^^^
   |
   = note: `VariableUsageAnalyzer` has derived impls for the traits `Clone` and `Debug`, but these are intentionally ignored during dead code analysis

warning: `debashl` (lib) generated 44 warnings (run `cargo fix --lib -p debashl` to apply 5 suggestions)
warning: unused import: `execute_with_progress`
  --> src/testing.rs:10:5
   |
10 |     execute_with_progress, execute_with_timeout, is_execution_frozen, OperationType,
   |     ^^^^^^^^^^^^^^^^^^^^^
   |
   = note: `#[warn(unused_imports)]` on by default

warning: unused import: `debashl::parser::errors::ParserError`
  --> src/testing.rs:17:5
   |
17 | use debashl::parser::errors::ParserError;
   |     ^^^^^^^^^^^^^^^^^^^^^^^^^^^^^^^^^^^^

warning: unused variable: `operation_handle`
  --> src/testing.rs:28:9
   |
28 |     let operation_handle = std::thread::spawn(move || {
   |         ^^^^^^^^^^^^^^^^ help: if this is intentional, prefix it with an underscore: `_operation_handle`
   |
   = note: `#[warn(unused_variables)]` on by default

warning: variable does not need to be mutable
    --> src/testing.rs:1428:9
     |
1428 |     let mut should_break = false;
     |         ----^^^^^^^^^^^^
     |         |
     |         help: remove this `mut`
     |
     = note: `#[warn(unused_mut)]` on by default

warning: unused variable: `overall_start`
    --> src/testing.rs:1678:9
     |
1678 |     let overall_start = std::time::Instant::now();
     |         ^^^^^^^^^^^^^ help: if this is intentional, prefix it with an underscore: `_overall_start`

warning: unused variable: `test_loop_start`
    --> src/testing.rs:1737:9
     |
1737 |     let test_loop_start = std::time::Instant::now();
     |         ^^^^^^^^^^^^^^^ help: if this is intentional, prefix it with an underscore: `_test_loop_start`

warning: unused variable: `should_break`
    --> src/testing.rs:2419:13
     |
2419 |     let mut should_break = false;
     |             ^^^^^^^^^^^^ help: if this is intentional, prefix it with an underscore: `_should_break`

warning: variable does not need to be mutable
    --> src/testing.rs:2419:9
     |
2419 |     let mut should_break = false;
     |         ----^^^^^^^^^^^^
     |         |
     |         help: remove this `mut`

warning: function `run_perl_script` is never used
  --> src/execution.rs:64:8
   |
64 | pub fn run_perl_script(script_path: &str) -> Result<std::process::Output, String> {
   |        ^^^^^^^^^^^^^^^
   |
   = note: `#[warn(dead_code)]` on by default

warning: function `extract_line_col` is never used
 --> src/utils.rs:4:8
  |
4 | pub fn extract_line_col(e: &dyn std::error::Error) -> Option<(usize, usize)> {
  |        ^^^^^^^^^^^^^^^^

warning: function `parse_line_col` is never used
  --> src/utils.rs:19:8
   |
19 | pub fn parse_line_col(s: &str) -> Option<(usize, usize)> {
   |        ^^^^^^^^^^^^^^

warning: function `caret_snippet` is never used
  --> src/utils.rs:27:8
   |
27 | pub fn caret_snippet(input: &str, line: usize, col: usize) -> Option<String> {
   |        ^^^^^^^^^^^^^

warning: function `with_timeout` is never used
  --> src/testing.rs:22:4
   |
22 | fn with_timeout<F, T>(timeout_secs: u64, operation: F) -> Result<T, String>
   |    ^^^^^^^^^^^^

warning: fields `shell_duration` and `translated_duration` are never read
  --> src/testing.rs:64:9
   |
51 | pub struct TestResult {
   |            ---------- fields in this struct
...
64 |     pub shell_duration: std::time::Duration, // Shell execution time
   |         ^^^^^^^^^^^^^^
65 |     pub translated_duration: std::time::Duration, // Translated program execution time
   |         ^^^^^^^^^^^^^^^^^^^
   |
   = note: `TestResult` has a derived impl for the trait `Debug`, but this is intentionally ignored during dead code analysis

warning: function `test_file_equivalence_detailed` is never used
   --> src/testing.rs:645:8
    |
645 | pub fn test_file_equivalence_detailed(
    |        ^^^^^^^^^^^^^^^^^^^^^^^^^^^^^^

warning: function `test_all_examples_next_fail` is never used
    --> src/testing.rs:1667:8
     |
1667 | pub fn test_all_examples_next_fail(
     |        ^^^^^^^^^^^^^^^^^^^^^^^^^^^

warning: function `extract_core_perl_logic` is never used
   --> src/cli_commands.rs:215:4
    |
215 | fn extract_core_perl_logic(perl_code: &str) -> String {
    |    ^^^^^^^^^^^^^^^^^^^^^^^

warning: function `export_mir_to_json` is never used
   --> src/cli_commands.rs:485:8
    |
485 | pub fn export_mir_to_json(input: &str, _optimize: bool) {
    |        ^^^^^^^^^^^^^^^^^^

warning: variants `Parsing`, `CodeGeneration`, `FileOperations`, `TestExecution`, and `DebugFreeze` are never constructed
  --> src/timeout_manager.rs:11:5
   |
 8 | pub enum OperationType {
   |          ------------- variants in this enum
...
11 |     Parsing,            // Parsing shell scripts
   |     ^^^^^^^
12 |     CodeGeneration,     // Generating Perl code
   |     ^^^^^^^^^^^^^^
13 |     FileOperations,     // File I/O operations
   |     ^^^^^^^^^^^^^^
14 |     TestExecution,      // Overall test execution
   |     ^^^^^^^^^^^^^
15 |     DebugFreeze,        // Debug freeze pause
   |     ^^^^^^^^^^^
   |
   = note: `OperationType` has derived impls for the traits `Clone` and `Debug`, but these are intentionally ignored during dead code analysis

warning: methods `set_freeze_duration` and `get_freeze_duration` are never used
  --> src/timeout_manager.rs:74:12
   |
51 | impl DebugFreezeManager {
   | ----------------------- methods in this implementation
...
74 |     pub fn set_freeze_duration(&mut self, duration: Duration) {
   |            ^^^^^^^^^^^^^^^^^^^
...
78 |     pub fn get_freeze_duration(&self) -> Duration {
   |            ^^^^^^^^^^^^^^^^^^^

warning: methods `set_timeout` and `execute_with_progress` are never used
   --> src/timeout_manager.rs:117:12
    |
 90 | impl TimeoutManager {
    | ------------------- methods in this implementation
...
117 |     pub fn set_timeout(&mut self, operation: OperationType, duration: Duration) {
    |            ^^^^^^^^^^^
...
178 |     pub fn execute_with_progress<F, T>(&self, operation: OperationType, operation_fn: F) -> Result<T, String>
    |            ^^^^^^^^^^^^^^^^^^^^^

warning: function `execute_with_progress` is never used
   --> src/timeout_manager.rs:302:8
    |
302 | pub fn execute_with_progress<F, T>(operation: OperationType, operation_fn: F) -> Result<T, String>
    |        ^^^^^^^^^^^^^^^^^^^^^

warning: `debashl` (bin "debashc") generated 25 warnings (3 duplicates) (run `cargo fix --bin "debashc"` to apply 4 suggestions)
    Finished `dev` profile [unoptimized + debuginfo] target(s) in 24.43s
Running debashc with fine-grained per-test timeouts...
Running: debashc test generation and execution
Command: ./target/debug/debashc.exe fail --perl-critic "012"
Timeout: Per-test timeouts (30s shell, 10s parse, 5s generate)
----------------------------------------
Running ALL 146 examples (limited to 50 tests to prevent timeout)

DEBUG: Looking for prefix '012'

Found example matching prefix '012': 012_process_substitution.sh

Running only the specified example
==================================================
DEBUG: Progress: 5/146 tests completed (3.4%)
DEBUG: Progress: 10/146 tests completed (6.8%)
DEBUG: Progress: 15/146 tests completed (10.3%)
DEBUG: Progress: 20/146 tests completed (13.7%)
DEBUG: Progress: 25/146 tests completed (17.1%)
Test 26/146: 012_process_substitution.sh with perl     DEBUG: Starting test execution for examples/012_process_substitution.sh with generator perl
DEBUG: Shell script execution completed, now starting Perl generation
DEBUG: Setting original script name to: 012_process_substitution.sh
DEBUG: echo.rs - Processing literal word: '"a\nc\nb"'
DEBUG: echo.rs - Processing literal word: '"a\nb\nd"'
DEBUG: Perl code generated, length: 8704 characters
DEBUG: check_perl_no_open3_builtins called with 8704 characters
DEBUG: check_perl_no_system_builtins called with 8704 characters
DEBUG: About to start translated program execution
DEBUG: About to execute Perl command: ["perl", "/tmp/__tmp_test_output.pl"]
DEBUG: Perl code length: 8704 characters
DEBUG: First 200 characters of Perl code:
#!/usr/bin/env perl
use strict;
use warnings;
use Carp;
use English qw(-no_match_vars);
use locale;
select((select(STDOUT), $| = 1)[0]);
use IPC::Open3;

my $main_exit_code = 0;
my $ls_success     = 0
DEBUG: Saved Perl code to debug_perl_code.pl
DEBUG: Starting Perl execution with timeout manager
DEBUG: Timeout manager starting PerlExecution with timeout of 30.0 seconds
DEBUG: Successfully spawned Perl process
DEBUG: Starting execution loop for Perl process
DEBUG: Execution loop iteration, elapsed: 1.524µs
DEBUG: Perl process completed with status: ExitStatus(unix_wait_status(256))
DEBUG: Perl execution completed, duration: 40.478755ms, timed_out: false
DEBUG: Ending Perl execution with timeout manager
DEBUG: Timeout manager completed PerlExecution successfully
DEBUG: Test completed, comparing outputs
DEBUG: Shell stdout length: 202, Translated stdout length: 75
DEBUG: Shell stderr length: 0, Translated stderr length: 1729
DEBUG: Shell exit: 0, Translated exit: 1
DEBUG: stdout_match: false, stderr_match: false, exit_code_match: false
DEBUG: timed_out: false
DEBUG: Test success: false
DEBUG: failure_reason: 'Failed due to: exit code mismatch, stdout mismatch, stderr mismatch'
DEBUG: Test execution completed in 554ms
[2J[1;1H================================================================================
                                    TEST FAILED
================================================================================
File: examples/012_process_substitution.sh
Generator: perl
Test: 26/146
Tests passed before failure: 0
Failure Reason: Failed due to: exit code mismatch, stdout mismatch, stderr mismatch
================================================================================

Exit Code Comparison (IGNORED):
Shell script exit code: 0
Translated code exit code: 1

================================================================================
ORIGINAL SHELL SCRIPT:
================================================================================
#!/usr/bin/env bash

# Process substitution and here-strings
# Demonstrates advanced input/output redirection in Bash

set -euo pipefail

echo "== Here-string with grep -o =="
grep -o pattern <<< "some pattern here"

echo "== Process substitution with comm =="
comm -12 <(printf 'a\nb\n') <(printf 'b\nc\n')

echo "== readarray/mapfile =="
mapfile -t lines < <(printf 'x\ny\n')
printf '%s ' "${lines[@]}"; echo

echo "== More process substitution examples =="
# Compare sorted outputs
diff <(echo -e "a\nc\nb" | sort) <(echo -e "a\nb\nd" | sort) || echo "Files differ"

# Use paste with process substitution
paste <(echo -e "name1\nname2") <(echo -e "value1\nvalue2")


================================================================================
TRANSLATED PERL CODE:
================================================================================
#!/usr/bin/env perl
use strict;
use warnings;
use Carp;
use English qw(-no_match_vars);
use locale;
select((select(STDOUT), $| = 1)[0]);
use IPC::Open3;

my $main_exit_code = 0;
my $ls_success     = 0;
our $CHILD_ERROR;

$SIG{__DIE__} = sub { exit 1 };
# set uo not implemented
# set pipefail not implemented
print "== Here-string with grep -o ==\n";
my $here_string_content_fh_1 = "some pattern here";
my $grep_result_0;
my @grep_lines_0 = split /\n/msx, $here_string_content_fh_1;
my @grep_filtered_0 = grep { /pattern/msx } @grep_lines_0;
my @grep_matches_0;
foreach my $line (@grep_filtered_0) {
    if ($line =~ /(pattern)/msx) {
        push @grep_matches_0, $1;
    }
}
$grep_result_0 = join "\n", @grep_matches_0;
print $grep_result_0;
print "\n";
$CHILD_ERROR = scalar @grep_filtered_0 > 0 ? 0 : 1;
print "== Process substitution with comm ==\n";
my $temp_file_ps_fh_2 = q{/tmp} . '/process_sub_fh_2.tmp';

my ($in, $out, $err);
my $pid = open3($in, $out, $err, 'bash', '-c', "printf 'a\\nb\\n'");
close $in or croak 'Close failed: $OS_ERROR';
my $output_ps_fh_2 = do { local $INPUT_RECORD_SEPARATOR = undef; <$out> };
close $out or croak 'Close failed: $OS_ERROR';
waitpid $pid, 0;
use File::Path qw(make_path);
my $temp_dir_fh_2 = dirname($temp_file_ps_fh_2);
if (!-d $temp_dir_fh_2) { make_path($temp_dir_fh_2); }
open my $fh_ps_fh_2, '>', $temp_file_ps_fh_2 or croak "Cannot create temp file: $ERRNO\n";
print $fh_ps_fh_2 $output_ps_fh_2;
close $fh_ps_fh_2 or croak "Close failed: $ERRNO\n";
my $temp_file_ps_fh_3 = q{/tmp} . '/process_sub_fh_3.tmp';

my ($in, $out, $err);
my $pid = open3($in, $out, $err, 'bash', '-c', "printf 'b\\nc\\n'");
close $in or croak 'Close failed: $OS_ERROR';
my $output_ps_fh_3 = do { local $INPUT_RECORD_SEPARATOR = undef; <$out> };
close $out or croak 'Close failed: $OS_ERROR';
waitpid $pid, 0;
use File::Path qw(make_path);
my $temp_dir_fh_3 = dirname($temp_file_ps_fh_3);
if (!-d $temp_dir_fh_3) { make_path($temp_dir_fh_3); }
open my $fh_ps_fh_3, '>', $temp_file_ps_fh_3 or croak "Cannot create temp file: $ERRNO\n";
print $fh_ps_fh_3 $output_ps_fh_3;
close $fh_ps_fh_3 or croak "Close failed: $ERRNO\n";
my @file1_lines;
my @file2_lines;
if (open(my $fh1, '<', $temp_file_ps_fh_2)) {
    while (my $line = <$fh1>) {
        chomp $line;
        push @file1_lines, $line;
    }
    close($fh1);
}
if (open(my $fh2, '<', $temp_file_ps_fh_3)) {
    while (my $line = <$fh2>) {
        chomp $line;
        push @file2_lines, $line;
    }
    close($fh2);
}
my %file1_set = map { $_ => 1 } @file1_lines;
my %file2_set = map { $_ => 1 } @file2_lines;
my @common_lines;
foreach my $line (@file1_lines) {
    if (exists($file2_set{$line})) {
        push @common_lines, $line;
    }
}
my $result = "";
$result .= join("\n", @common_lines) . "\n";
chomp $result;
print $result;
print "\n";
print "== readarray/mapfile ==\n";
my $temp_file_ps_fh_4 = q{/tmp} . '/process_sub_fh_4.tmp';

my ($in, $out, $err);
my $pid = open3($in, $out, $err, 'bash', '-c', "printf 'x\\ny\\n'");
close $in or croak 'Close failed: $OS_ERROR';
my $output_ps_fh_4 = do { local $INPUT_RECORD_SEPARATOR = undef; <$out> };
close $out or croak 'Close failed: $OS_ERROR';
waitpid $pid, 0;
use File::Path qw(make_path);
my $temp_dir_fh_4 = dirname($temp_file_ps_fh_4);
if (!-d $temp_dir_fh_4) { make_path($temp_dir_fh_4); }
open my $fh_ps_fh_4, '>', $temp_file_ps_fh_4 or croak "Cannot create temp file: $ERRNO\n";
print $fh_ps_fh_4 $output_ps_fh_4;
close $fh_ps_fh_4 or croak "Close failed: $ERRNO\n";
my @lines = ();
if (open(my $mapfile_fh, '<', $temp_file_ps_fh_4)) {
    while (my $line = <$mapfile_fh>) {
        chomp $line;
        push @lines, $line;
    }
    close($mapfile_fh);
}
foreach my $item (@lines) {
    printf("%s ", $item);
}
print "\n";
print "== More process substitution examples ==\n";
my $temp_file_ps_fh_5 = q{/tmp} . '/process_sub_fh_5.tmp';
my $output_ps_fh_5;
{
    local *STDOUT;
    open STDOUT, '>', \$output_ps_fh_5 or croak "Cannot redirect STDOUT";
    {
    my $output_1;
    my $output_printed_1;
    my $pipeline_success_1 = 1;
    $output_1 .= "a\nc\nb";
if ( !($output_1 =~ m{\n\z}msx) ) { $output_1 .= "\n"; }

        my @sort_lines_1_1 = split /\n/msx, $output_1;
    my @sort_sorted_1_1 = sort @sort_lines_1_1;
    my $output_1_1 = join "\n", @sort_sorted_1_1;
    if ($output_1_1 ne q{} && !($output_1_1 =~ m{\n\z}msx)) {
    $output_1_1 .= "\n";
    }
    $output_1 = $output_1_1;
    $output_1 = $output_1_1;
    if ($output_1 ne q{} && !defined $output_printed_1) {
        print $output_1;
        if (!($output_1 =~ m{\n\z}msx)) {
            print "\n";
        }
    }
    if ( !$pipeline_success_1 ) { $main_exit_code = 1; }
    }

}
use File::Path qw(make_path);
my $temp_dir_fh_5 = dirname($temp_file_ps_fh_5);
if (!-d $temp_dir_fh_5) { make_path($temp_dir_fh_5); }
open my $fh_ps_fh_5, '>', $temp_file_ps_fh_5 or croak "Cannot create temp file: $ERRNO\n";
print $fh_ps_fh_5 $output_ps_fh_5;
close $fh_ps_fh_5 or croak "Close failed: $ERRNO\n";
my $temp_file_ps_fh_6 = q{/tmp} . '/process_sub_fh_6.tmp';
my $output_ps_fh_6;
{
    local *STDOUT;
    open STDOUT, '>', \$output_ps_fh_6 or croak "Cannot redirect STDOUT";
    {
    my $output_2;
    my $output_printed_2;
    my $pipeline_success_2 = 1;
    $output_2 .= "a\nb\nd";
if ( !($output_2 =~ m{\n\z}msx) ) { $output_2 .= "\n"; }

        my @sort_lines_2_1 = split /\n/msx, $output_2;
    my @sort_sorted_2_1 = sort @sort_lines_2_1;
    my $output_2_1 = join "\n", @sort_sorted_2_1;
    if ($output_2_1 ne q{} && !($output_2_1 =~ m{\n\z}msx)) {
    $output_2_1 .= "\n";
    }
    $output_2 = $output_2_1;
    $output_2 = $output_2_1;
    if ($output_2 ne q{} && !defined $output_printed_2) {
        print $output_2;
        if (!($output_2 =~ m{\n\z}msx)) {
            print "\n";
        }
    }
    if ( !$pipeline_success_2 ) { $main_exit_code = 1; }
    }

}
use File::Path qw(make_path);
my $temp_dir_fh_6 = dirname($temp_file_ps_fh_6);
if (!-d $temp_dir_fh_6) { make_path($temp_dir_fh_6); }
open my $fh_ps_fh_6, '>', $temp_file_ps_fh_6 or croak "Cannot create temp file: $ERRNO\n";
print $fh_ps_fh_6 $output_ps_fh_6;
close $fh_ps_fh_6 or croak "Close failed: $ERRNO\n";
$ENV{DIFF_TEMP_FILE1} = q{/tmp} . '/process_sub_fh_5.tmp';
$ENV{DIFF_TEMP_FILE2} = q{/tmp} . '/process_sub_fh_6.tmp';
my $diff_exit_code = 0;
my $diff_output = q{};
$diff_output = q{};
$diff_output;
if ($diff_exit_code != 0) {
        print "Files differ\n";
}
my $temp_file_ps_fh_7 = q{/tmp} . '/process_sub_fh_7.tmp';

my ($in, $out, $err);
my $pid = open3($in, $out, $err, 'bash', '-c', "echo -e \"name1\\nname2\"");
close $in or croak 'Close failed: $OS_ERROR';
my $output_ps_fh_7 = do { local $INPUT_RECORD_SEPARATOR = undef; <$out> };
close $out or croak 'Close failed: $OS_ERROR';
waitpid $pid, 0;
use File::Path qw(make_path);
my $temp_dir_fh_7 = dirname($temp_file_ps_fh_7);
if (!-d $temp_dir_fh_7) { make_path($temp_dir_fh_7); }
open my $fh_ps_fh_7, '>', $temp_file_ps_fh_7 or croak "Cannot create temp file: $ERRNO\n";
print $fh_ps_fh_7 $output_ps_fh_7;
close $fh_ps_fh_7 or croak "Close failed: $ERRNO\n";
my $temp_file_ps_fh_8 = q{/tmp} . '/process_sub_fh_8.tmp';

my ($in, $out, $err);
my $pid = open3($in, $out, $err, 'bash', '-c', "echo -e \"value1\\nvalue2\"");
close $in or croak 'Close failed: $OS_ERROR';
my $output_ps_fh_8 = do { local $INPUT_RECORD_SEPARATOR = undef; <$out> };
close $out or croak 'Close failed: $OS_ERROR';
waitpid $pid, 0;
use File::Path qw(make_path);
my $temp_dir_fh_8 = dirname($temp_file_ps_fh_8);
if (!-d $temp_dir_fh_8) { make_path($temp_dir_fh_8); }
open my $fh_ps_fh_8, '>', $temp_file_ps_fh_8 or croak "Cannot create temp file: $ERRNO\n";
print $fh_ps_fh_8 $output_ps_fh_8;
close $fh_ps_fh_8 or croak "Close failed: $ERRNO\n";
my @paste_file1_lines_fh_9;
my @paste_file2_lines_fh_9;
if (open my $fh1, '<', 'temp_file_ps_fh_7') {
    while (my $line = <$fh1>) {
        chomp $line;
        push @paste_file1_lines_fh_9, $line;
    }
    close $fh1 or croak "Close failed: $OS_ERROR";
}
if (open my $fh2, '<', 'temp_file_ps_fh_8') {
    while (my $line = <$fh2>) {
        chomp $line;
        push @paste_file2_lines_fh_9, $line;
    }
    close $fh2 or croak "Close failed: $OS_ERROR";
}
my $max_lines = scalar @paste_file1_lines_fh_9 > scalar @paste_file2_lines_fh_9 ? scalar @paste_file1_lines_fh_9 : scalar @paste_file2_lines_fh_9;
my $paste_output = q{};
for my $i (0..$max_lines-1) {
    my $line1 = $i < scalar @paste_file1_lines_fh_9 ? $paste_file1_lines_fh_9[$i] : q{};
    my $line2 = $i < scalar @paste_file2_lines_fh_9 ? $paste_file2_lines_fh_9[$i] : q{};
    $paste_output .= "$line1\t$line2\n";
}
$paste_output;

exit $main_exit_code;


================================================================================
PERL::CRITIC RESULTS:
================================================================================
Perl::Critic not found in PATH. Skipping Perl::Critic checks.

================================================================================
ABSTRACT SYNTAX TREE:
================================================================================
[BuiltinCommand(BuiltinCommand { name: "set", args: [Literal("-e", None), Literal("uo", None), Literal("pipefail", None)], redirects: [], env_vars: {}, stdout_used: true, stderr_used: true }), Simple(SimpleCommand { name: Literal("echo", None), args: [StringInterpolation(StringInterpolation { parts: [Literal("== Here-string with grep -o ==")] }, None)], redirects: [], env_vars: {}, stdout_used: true, stderr_used: true }), Redirect(RedirectCommand { command: Simple(SimpleCommand { name: Literal("grep", None), args: [Literal("-o", None), Literal("pattern", None)], redirects: [], env_vars: {}, stdout_used: true, stderr_used: true }), redirects: [Redirect { fd: None, operator: HereString, target: StringInterpolation(StringInterpolation { parts: [Literal("some pattern here")] }, None), heredoc_body: Some("some pattern here") }] }), Simple(SimpleCommand { name: Literal("echo", None), args: [StringInterpolation(StringInterpolation { parts: [Literal("== Process substitution with comm ==")] }, None)], redirects: [], env_vars: {}, stdout_used: true, stderr_used: true }), Redirect(RedirectCommand { command: Redirect(RedirectCommand { command: Simple(SimpleCommand { name: Literal("comm", None), args: [Literal("-12", None)], redirects: [], env_vars: {}, stdout_used: true, stderr_used: true }), redirects: [Redirect { fd: None, operator: ProcessSubstitutionInput(Simple(SimpleCommand { name: Literal("printf", None), args: [Literal("'a\\nb\\n'", None)], redirects: [], env_vars: {}, stdout_used: true, stderr_used: true })), target: Literal("", None), heredoc_body: None }] }), redirects: [Redirect { fd: None, operator: ProcessSubstitutionInput(Simple(SimpleCommand { name: Literal("printf", None), args: [Literal("'b\\nc\\n'", None)], redirects: [], env_vars: {}, stdout_used: true, stderr_used: true })), target: Literal("", None), heredoc_body: None }] }), Simple(SimpleCommand { name: Literal("echo", None), args: [StringInterpolation(StringInterpolation { parts: [Literal("== readarray/mapfile ==")] }, None)], redirects: [], env_vars: {}, stdout_used: true, stderr_used: true }), Redirect(RedirectCommand { command: Simple(SimpleCommand { name: Literal("mapfile", None), args: [Literal("-t", None), Literal("lines", None)], redirects: [], env_vars: {}, stdout_used: true, stderr_used: true }), redirects: [Redirect { fd: None, operator: ProcessSubstitutionInput(Simple(SimpleCommand { name: Literal("printf", None), args: [Literal("'x\\ny\\n'", None)], redirects: [], env_vars: {}, stdout_used: true, stderr_used: true })), target: Literal("", None), heredoc_body: None }] }), Simple(SimpleCommand { name: Literal("printf", None), args: [Literal("%s ", None), StringInterpolation(StringInterpolation { parts: [ParameterExpansion(ParameterExpansion { variable: "lines", operator: ArraySlice("@", None), is_mutable: true })] }, None)], redirects: [], env_vars: {}, stdout_used: true, stderr_used: true }), Simple(SimpleCommand { name: Literal("echo", None), args: [], redirects: [], env_vars: {}, stdout_used: true, stderr_used: true }), Simple(SimpleCommand { name: Literal("echo", None), args: [StringInterpolation(StringInterpolation { parts: [Literal("== More process substitution examples ==")] }, None)], redirects: [], env_vars: {}, stdout_used: true, stderr_used: true }), Or(Redirect(RedirectCommand { command: Redirect(RedirectCommand { command: Simple(SimpleCommand { name: Literal("diff", None), args: [], redirects: [], env_vars: {}, stdout_used: true, stderr_used: true }), redirects: [Redirect { fd: None, operator: ProcessSubstitutionInput(Pipeline(Pipeline { commands: [Simple(SimpleCommand { name: Literal("echo", None), args: [Literal("-e", None), Literal("\"a\\nc\\nb\"", None)], redirects: [], env_vars: {}, stdout_used: true, stderr_used: true }), Simple(SimpleCommand { name: Literal("sort", None), args: [], redirects: [], env_vars: {}, stdout_used: true, stderr_used: true })], source_text: None, stdout_used: true, stderr_used: true })), target: Literal("", None), heredoc_body: None }] }), redirects: [Redirect { fd: None, operator: ProcessSubstitutionInput(Pipeline(Pipeline { commands: [Simple(SimpleCommand { name: Literal("echo", None), args: [Literal("-e", None), Literal("\"a\\nb\\nd\"", None)], redirects: [], env_vars: {}, stdout_used: true, stderr_used: true }), Simple(SimpleCommand { name: Literal("sort", None), args: [], redirects: [], env_vars: {}, stdout_used: true, stderr_used: true })], source_text: None, stdout_used: true, stderr_used: true })), target: Literal("", None), heredoc_body: None }] }), Simple(SimpleCommand { name: Literal("echo", None), args: [StringInterpolation(StringInterpolation { parts: [Literal("Files differ")] }, None)], redirects: [], env_vars: {}, stdout_used: true, stderr_used: true })), Redirect(RedirectCommand { command: Redirect(RedirectCommand { command: Simple(SimpleCommand { name: Literal("paste", None), args: [], redirects: [], env_vars: {}, stdout_used: true, stderr_used: true }), redirects: [Redirect { fd: None, operator: ProcessSubstitutionInput(Simple(SimpleCommand { name: Literal("echo", None), args: [Literal("-e", None), Literal("\"name1\\nname2\"", None)], redirects: [], env_vars: {}, stdout_used: true, stderr_used: true })), target: Literal("", None), heredoc_body: None }] }), redirects: [Redirect { fd: None, operator: ProcessSubstitutionInput(Simple(SimpleCommand { name: Literal("echo", None), args: [Literal("-e", None), Literal("\"value1\\nvalue2\"", None)], redirects: [], env_vars: {}, stdout_used: true, stderr_used: true })), target: Literal("", None), heredoc_body: None }] })]

================================================================================
STDOUT COMPARISON (DIFF):
================================================================================
--- shell_stdout
+++ perl_stdout
 == Here-string with grep -o ==
 pattern
 == Process substitution with comm ==
-b
-== readarray/mapfile ==
-x y 
-== More process substitution examples ==
-3c3
-< c
----
-> d
-Files differ
-name1\x09value1
-name2\x09value2


================================================================================
STDERR COMPARISON:
================================================================================
STDERR DIFFERENCES FOUND:
--- shell_stderr
+++ perl_stderr
+"my" variable $in masks earlier declaration in same scope at /tmp/__tmp_test_output.pl line 49.
+"my" variable $out masks earlier declaration in same scope at /tmp/__tmp_test_output.pl line 49.
+"my" variable $err masks earlier declaration in same scope at /tmp/__tmp_test_output.pl line 49.
+"my" variable $pid masks earlier declaration in same scope at /tmp/__tmp_test_output.pl line 50.
+"my" variable $in masks earlier declaration in same scope at /tmp/__tmp_test_output.pl line 93.
+"my" variable $out masks earlier declaration in same scope at /tmp/__tmp_test_output.pl line 93.
+"my" variable $err masks earlier declaration in same scope at /tmp/__tmp_test_output.pl line 93.
+"my" variable $pid masks earlier declaration in same scope at /tmp/__tmp_test_output.pl line 94.
+"my" variable $in masks earlier declaration in same scope at /tmp/__tmp_test_output.pl line 201.
+"my" variable $out masks earlier declaration in same scope at /tmp/__tmp_test_output.pl line 201.
+"my" variable $err masks earlier declaration in same scope at /tmp/__tmp_test_output.pl line 201.
+"my" variable $pid masks earlier declaration in same scope at /tmp/__tmp_test_output.pl line 202.
+"my" variable $in masks earlier declaration in same scope at /tmp/__tmp_test_output.pl line 215.
+"my" variable $out masks earlier declaration in same scope at /tmp/__tmp_test_output.pl line 215.
+"my" variable $err masks earlier declaration in same scope at /tmp/__tmp_test_output.pl line 215.
+"my" variable $pid masks earlier declaration in same scope at /tmp/__tmp_test_output.pl line 216.
+Useless use of private variable in void context at /tmp/__tmp_test_output.pl line 195.
+Useless use of private variable in void context at /tmp/__tmp_test_output.pl line 250.


================================================================================
SUMMARY: 0 out of 146 tests passed before first failure
================================================================================

BRIEF FAILURE SUMMARY:
Failed due to: exit code mismatch, stdout mismatch, stderr mismatch
Writing test count 0 to first_n_tests_passed.txt
Current working directory: "/mnt/d/GitHub/sh2perl"
Successfully wrote test count 0 and matching stdout lines 3 to first_n_tests_passed.txt

To run test again: ./fail 012
Test run completed at Mon Apr  6 15:38:43 AWST 2026
